6 command-line variables
M_LoadDefaults: Load system defaults.
M_Random: Using DelegateRandom.
-iwad specified. Will be used with priority

ITicker: Using nanosecond accuracy timer.
                            FreeDoom: Phase 1          v1.9                           
W_Init: Init WADfiles.
	added freedoom1.wad (zipped: false network: true)
VI_Init: set palettes.
Palette: 3584 colors
VI_Init: set colormaps.
Colormaps: 35
V_Init: allocate screens.
AM_Init: Init Automap colors - 
===========================================================================
       Copyright © 2001-2017 Contributors to the Freedoom project.
                            All rights reserved.
     See: https://github.com/freedoom/freedoom/blob/master/COPYING.adoc
===========================================================================
Tables.InitTables: Init trigonometric LUTs.
M_Init: Init miscellaneous info.
R_Init: Init DOOM refresh daemon - 
P_Init: Init Playloop state.
false NUKAGE1 NUKAGE3 8
false FWATER1 FWATER4 8
false SWATER1 SWATER4 8
false LAVA1 LAVA4 8
false BLOOD1 BLOOD3 8
false RROCK05 RROCK08 8
false SLIME01 SLIME04 8
false SLIME05 SLIME08 8
false SLIME09 SLIME12 8
I_Init: Setting up machine state.
D_CheckNetGame: Checking network game status.
startskill sk_medium  deathmatch: false  startmap: 1  startepisode: 1
player 1 of 1 (1 nodes)
S_Init: Setting up sound.
M_Random: Switching to DoomRandom (new instance)
P_GetNodesVersion: using normal BSP nodes
PMLE_NODE_COMMAND_STREAM|PASS|mode=DEATHMATCH|tics=5250|p50_ms=0.051|p95_ms=0.254|p99_ms=0.448|max_ms=4.921|throughput_tps=12285.463
PMLE_NODE_COMMAND_WINDOW|through_tic=100|tics=100|wall_ms=45.618|tps=2192.125|iwadBytes=28795076|frameBytes=64000|thinkers=247|mobjs=238|killMonsters=29|livingMonsters=29|awakeMonsters=9|movingMonsters=0|vertexes=1196|segs=2057|sectors=182|subsectors=682|nodes=681|lines=1175|sides=1829|blockmapInts=3764|blocklinks=864|rejectBytes=4141
PMLE_NODE_COMMAND_WINDOW|through_tic=200|tics=100|wall_ms=36.311|tps=2753.971|iwadBytes=28795076|frameBytes=64000|thinkers=254|mobjs=243|killMonsters=29|livingMonsters=28|awakeMonsters=20|movingMonsters=2|vertexes=1196|segs=2057|sectors=182|subsectors=682|nodes=681|lines=1175|sides=1829|blockmapInts=3764|blocklinks=864|rejectBytes=4141
PMLE_NODE_COMMAND_WINDOW|through_tic=300|tics=100|wall_ms=25.270|tps=3957.244|iwadBytes=28795076|frameBytes=64000|thinkers=253|mobjs=243|killMonsters=29|livingMonsters=28|awakeMonsters=20|movingMonsters=1|vertexes=1196|segs=2057|sectors=182|subsectors=682|nodes=681|lines=1175|sides=1829|blockmapInts=3764|blocklinks=864|rejectBytes=4141
PMLE_NODE_COMMAND_WINDOW|through_tic=400|tics=100|wall_ms=27.805|tps=3596.460|iwadBytes=28795076|frameBytes=64000|thinkers=250|mobjs=240|killMonsters=29|livingMonsters=28|awakeMonsters=20|movingMonsters=0|vertexes=1196|segs=2057|sectors=182|subsectors=682|nodes=681|lines=1175|sides=1829|blockmapInts=3764|blocklinks=864|rejectBytes=4141
PMLE_NODE_COMMAND_WINDOW|through_tic=500|tics=100|wall_ms=20.195|tps=4951.683|iwadBytes=28795076|frameBytes=64000|thinkers=248|mobjs=239|killMonsters=29|livingMonsters=28|awakeMonsters=20|movingMonsters=0|vertexes=1196|segs=2057|sectors=182|subsectors=682|nodes=681|lines=1175|sides=1829|blockmapInts=3764|blocklinks=864|rejectBytes=4141
PMLE_NODE_COMMAND_WINDOW|through_tic=600|tics=100|wall_ms=15.340|tps=6519.033|iwadBytes=28795076|frameBytes=64000|thinkers=247|mobjs=238|killMonsters=29|livingMonsters=28|awakeMonsters=20|movingMonsters=0|vertexes=1196|segs=2057|sectors=182|subsectors=682|nodes=681|lines=1175|sides=1829|blockmapInts=3764|blocklinks=864|rejectBytes=4141
PMLE_NODE_COMMAND_WINDOW|through_tic=700|tics=100|wall_ms=20.452|tps=4889.423|iwadBytes=28795076|frameBytes=64000|thinkers=249|mobjs=239|killMonsters=29|livingMonsters=28|awakeMonsters=20|movingMonsters=0|vertexes=1196|segs=2057|sectors=182|subsectors=682|nodes=681|lines=1175|sides=1829|blockmapInts=3764|blocklinks=864|rejectBytes=4141
PMLE_NODE_COMMAND_WINDOW|through_tic=800|tics=100|wall_ms=11.541|tps=8664.988|iwadBytes=28795076|frameBytes=64000|thinkers=240|mobjs=231|killMonsters=29|livingMonsters=28|awakeMonsters=20|movingMonsters=2|vertexes=1196|segs=2057|sectors=182|subsectors=682|nodes=681|lines=1175|sides=1829|blockmapInts=3764|blocklinks=864|rejectBytes=4141
PMLE_NODE_COMMAND_WINDOW|through_tic=900|tics=100|wall_ms=10.051|tps=9948.845|iwadBytes=28795076|frameBytes=64000|thinkers=241|mobjs=232|killMonsters=29|livingMonsters=27|awakeMonsters=19|movingMonsters=0|vertexes=1196|segs=2057|sectors=182|subsectors=682|nodes=681|lines=1175|sides=1829|blockmapInts=3764|blocklinks=864|rejectBytes=4141
PMLE_NODE_COMMAND_WINDOW|through_tic=1000|tics=100|wall_ms=10.498|tps=9525.511|iwadBytes=28795076|frameBytes=64000|thinkers=241|mobjs=231|killMonsters=29|livingMonsters=26|awakeMonsters=18|movingMonsters=0|vertexes=1196|segs=2057|sectors=182|subsectors=682|nodes=681|lines=1175|sides=1829|blockmapInts=3764|blocklinks=864|rejectBytes=4141
PMLE_NODE_COMMAND_WINDOW|through_tic=1100|tics=100|wall_ms=9.045|tps=11056.087|iwadBytes=28795076|frameBytes=64000|thinkers=238|mobjs=228|killMonsters=29|livingMonsters=24|awakeMonsters=18|movingMonsters=0|vertexes=1196|segs=2057|sectors=182|subsectors=682|nodes=681|lines=1175|sides=1829|blockmapInts=3764|blocklinks=864|rejectBytes=4141
PMLE_NODE_COMMAND_WINDOW|through_tic=1200|tics=100|wall_ms=7.910|tps=12641.747|iwadBytes=28795076|frameBytes=64000|thinkers=244|mobjs=234|killMonsters=29|livingMonsters=21|awakeMonsters=15|movingMonsters=0|vertexes=1196|segs=2057|sectors=182|subsectors=682|nodes=681|lines=1175|sides=1829|blockmapInts=3764|blocklinks=864|rejectBytes=4141
PMLE_NODE_COMMAND_WINDOW|through_tic=1300|tics=100|wall_ms=5.091|tps=19641.669|iwadBytes=28795076|frameBytes=64000|thinkers=237|mobjs=227|killMonsters=29|livingMonsters=21|awakeMonsters=15|movingMonsters=0|vertexes=1196|segs=2057|sectors=182|subsectors=682|nodes=681|lines=1175|sides=1829|blockmapInts=3764|blocklinks=864|rejectBytes=4141
PMLE_NODE_COMMAND_WINDOW|through_tic=1400|tics=100|wall_ms=3.812|tps=26230.905|iwadBytes=28795076|frameBytes=64000|thinkers=237|mobjs=227|killMonsters=29|livingMonsters=21|awakeMonsters=15|movingMonsters=0|vertexes=1196|segs=2057|sectors=182|subsectors=682|nodes=681|lines=1175|sides=1829|blockmapInts=3764|blocklinks=864|rejectBytes=4141
PMLE_NODE_COMMAND_WINDOW|through_tic=1500|tics=100|wall_ms=5.939|tps=16837.375|iwadBytes=28795076|frameBytes=64000|thinkers=235|mobjs=226|killMonsters=29|livingMonsters=21|awakeMonsters=15|movingMonsters=0|vertexes=1196|segs=2057|sectors=182|subsectors=682|nodes=681|lines=1175|sides=1829|blockmapInts=3764|blocklinks=864|rejectBytes=4141
PMLE_NODE_COMMAND_WINDOW|through_tic=1600|tics=100|wall_ms=6.053|tps=16519.590|iwadBytes=28795076|frameBytes=64000|thinkers=239|mobjs=229|killMonsters=29|livingMonsters=21|awakeMonsters=15|movingMonsters=0|vertexes=1196|segs=2057|sectors=182|subsectors=682|nodes=681|lines=1175|sides=1829|blockmapInts=3764|blocklinks=864|rejectBytes=4141
PMLE_NODE_COMMAND_WINDOW|through_tic=1700|tics=100|wall_ms=9.590|tps=10427.993|iwadBytes=28795076|frameBytes=64000|thinkers=239|mobjs=229|killMonsters=29|livingMonsters=19|awakeMonsters=17|movingMonsters=0|vertexes=1196|segs=2057|sectors=182|subsectors=682|nodes=681|lines=1175|sides=1829|blockmapInts=3764|blocklinks=864|rejectBytes=4141
PMLE_NODE_COMMAND_WINDOW|through_tic=1800|tics=100|wall_ms=6.955|tps=14377.651|iwadBytes=28795076|frameBytes=64000|thinkers=242|mobjs=232|killMonsters=29|livingMonsters=18|awakeMonsters=16|movingMonsters=1|vertexes=1196|segs=2057|sectors=182|subsectors=682|nodes=681|lines=1175|sides=1829|blockmapInts=3764|blocklinks=864|rejectBytes=4141
PMLE_NODE_COMMAND_WINDOW|through_tic=1900|tics=100|wall_ms=7.536|tps=13269.461|iwadBytes=28795076|frameBytes=64000|thinkers=235|mobjs=226|killMonsters=29|livingMonsters=18|awakeMonsters=16|movingMonsters=1|vertexes=1196|segs=2057|sectors=182|subsectors=682|nodes=681|lines=1175|sides=1829|blockmapInts=3764|blocklinks=864|rejectBytes=4141
PMLE_NODE_COMMAND_WINDOW|through_tic=2000|tics=100|wall_ms=6.407|tps=15606.728|iwadBytes=28795076|frameBytes=64000|thinkers=234|mobjs=225|killMonsters=29|livingMonsters=17|awakeMonsters=15|movingMonsters=0|vertexes=1196|segs=2057|sectors=182|subsectors=682|nodes=681|lines=1175|sides=1829|blockmapInts=3764|blocklinks=864|rejectBytes=4141
PMLE_NODE_COMMAND_WINDOW|through_tic=2100|tics=100|wall_ms=5.164|tps=19363.517|iwadBytes=28795076|frameBytes=64000|thinkers=234|mobjs=225|killMonsters=29|livingMonsters=17|awakeMonsters=15|movingMonsters=0|vertexes=1196|segs=2057|sectors=182|subsectors=682|nodes=681|lines=1175|sides=1829|blockmapInts=3764|blocklinks=864|rejectBytes=4141
PMLE_NODE_COMMAND_WINDOW|through_tic=2200|tics=100|wall_ms=5.340|tps=18726.992|iwadBytes=28795076|frameBytes=64000|thinkers=234|mobjs=225|killMonsters=29|livingMonsters=17|awakeMonsters=15|movingMonsters=0|vertexes=1196|segs=2057|sectors=182|subsectors=682|nodes=681|lines=1175|sides=1829|blockmapInts=3764|blocklinks=864|rejectBytes=4141
PMLE_NODE_COMMAND_WINDOW|through_tic=2300|tics=100|wall_ms=4.950|tps=20202.885|iwadBytes=28795076|frameBytes=64000|thinkers=234|mobjs=225|killMonsters=29|livingMonsters=17|awakeMonsters=15|movingMonsters=0|vertexes=1196|segs=2057|sectors=182|subsectors=682|nodes=681|lines=1175|sides=1829|blockmapInts=3764|blocklinks=864|rejectBytes=4141
PMLE_NODE_COMMAND_WINDOW|through_tic=2400|tics=100|wall_ms=6.141|tps=16284.995|iwadBytes=28795076|frameBytes=64000|thinkers=235|mobjs=225|killMonsters=29|livingMonsters=17|awakeMonsters=15|movingMonsters=0|vertexes=1196|segs=2057|sectors=182|subsectors=682|nodes=681|lines=1175|sides=1829|blockmapInts=3764|blocklinks=864|rejectBytes=4141
PMLE_NODE_COMMAND_WINDOW|through_tic=2500|tics=100|wall_ms=6.014|tps=16626.956|iwadBytes=28795076|frameBytes=64000|thinkers=237|mobjs=227|killMonsters=29|livingMonsters=17|awakeMonsters=15|movingMonsters=0|vertexes=1196|segs=2057|sectors=182|subsectors=682|nodes=681|lines=1175|sides=1829|blockmapInts=3764|blocklinks=864|rejectBytes=4141
PMLE_NODE_COMMAND_WINDOW|through_tic=2600|tics=100|wall_ms=5.642|tps=17722.776|iwadBytes=28795076|frameBytes=64000|thinkers=238|mobjs=228|killMonsters=29|livingMonsters=17|awakeMonsters=15|movingMonsters=0|vertexes=1196|segs=2057|sectors=182|subsectors=682|nodes=681|lines=1175|sides=1829|blockmapInts=3764|blocklinks=864|rejectBytes=4141
PMLE_NODE_COMMAND_WINDOW|through_tic=2700|tics=100|wall_ms=7.362|tps=13583.695|iwadBytes=28795076|frameBytes=64000|thinkers=236|mobjs=227|killMonsters=29|livingMonsters=17|awakeMonsters=15|movingMonsters=0|vertexes=1196|segs=2057|sectors=182|subsectors=682|nodes=681|lines=1175|sides=1829|blockmapInts=3764|blocklinks=864|rejectBytes=4141
PMLE_NODE_COMMAND_WINDOW|through_tic=2800|tics=100|wall_ms=7.262|tps=13769.445|iwadBytes=28795076|frameBytes=64000|thinkers=234|mobjs=225|killMonsters=29|livingMonsters=17|awakeMonsters=15|movingMonsters=0|vertexes=1196|segs=2057|sectors=182|subsectors=682|nodes=681|lines=1175|sides=1829|blockmapInts=3764|blocklinks=864|rejectBytes=4141
PMLE_NODE_COMMAND_WINDOW|through_tic=2900|tics=100|wall_ms=5.932|tps=16857.502|iwadBytes=28795076|frameBytes=64000|thinkers=234|mobjs=225|killMonsters=29|livingMonsters=17|awakeMonsters=15|movingMonsters=0|vertexes=1196|segs=2057|sectors=182|subsectors=682|nodes=681|lines=1175|sides=1829|blockmapInts=3764|blocklinks=864|rejectBytes=4141
PMLE_NODE_COMMAND_WINDOW|through_tic=3000|tics=100|wall_ms=5.728|tps=17459.152|iwadBytes=28795076|frameBytes=64000|thinkers=234|mobjs=225|killMonsters=29|livingMonsters=17|awakeMonsters=15|movingMonsters=0|vertexes=1196|segs=2057|sectors=182|subsectors=682|nodes=681|lines=1175|sides=1829|blockmapInts=3764|blocklinks=864|rejectBytes=4141
PMLE_NODE_COMMAND_WINDOW|through_tic=3100|tics=100|wall_ms=5.801|tps=17236.969|iwadBytes=28795076|frameBytes=64000|thinkers=234|mobjs=225|killMonsters=29|livingMonsters=17|awakeMonsters=15|movingMonsters=0|vertexes=1196|segs=2057|sectors=182|subsectors=682|nodes=681|lines=1175|sides=1829|blockmapInts=3764|blocklinks=864|rejectBytes=4141
PMLE_NODE_COMMAND_WINDOW|through_tic=3200|tics=100|wall_ms=5.601|tps=17854.076|iwadBytes=28795076|frameBytes=64000|thinkers=236|mobjs=226|killMonsters=29|livingMonsters=17|awakeMonsters=15|movingMonsters=0|vertexes=1196|segs=2057|sectors=182|subsectors=682|nodes=681|lines=1175|sides=1829|blockmapInts=3764|blocklinks=864|rejectBytes=4141
PMLE_NODE_COMMAND_WINDOW|through_tic=3300|tics=100|wall_ms=6.088|tps=16424.571|iwadBytes=28795076|frameBytes=64000|thinkers=236|mobjs=226|killMonsters=29|livingMonsters=17|awakeMonsters=15|movingMonsters=0|vertexes=1196|segs=2057|sectors=182|subsectors=682|nodes=681|lines=1175|sides=1829|blockmapInts=3764|blocklinks=864|rejectBytes=4141
PMLE_NODE_COMMAND_WINDOW|through_tic=3400|tics=100|wall_ms=4.178|tps=23936.994|iwadBytes=28795076|frameBytes=64000|thinkers=235|mobjs=225|killMonsters=29|livingMonsters=17|awakeMonsters=15|movingMonsters=0|vertexes=1196|segs=2057|sectors=182|subsectors=682|nodes=681|lines=1175|sides=1829|blockmapInts=3764|blocklinks=864|rejectBytes=4141
PMLE_NODE_COMMAND_WINDOW|through_tic=3500|tics=100|wall_ms=7.816|tps=12793.509|iwadBytes=28795076|frameBytes=64000|thinkers=240|mobjs=231|killMonsters=29|livingMonsters=17|awakeMonsters=15|movingMonsters=0|vertexes=1196|segs=2057|sectors=182|subsectors=682|nodes=681|lines=1175|sides=1829|blockmapInts=3764|blocklinks=864|rejectBytes=4141
PMLE_NODE_COMMAND_WINDOW|through_tic=3600|tics=100|wall_ms=5.547|tps=18028.364|iwadBytes=28795076|frameBytes=64000|thinkers=234|mobjs=225|killMonsters=29|livingMonsters=17|awakeMonsters=15|movingMonsters=0|vertexes=1196|segs=2057|sectors=182|subsectors=682|nodes=681|lines=1175|sides=1829|blockmapInts=3764|blocklinks=864|rejectBytes=4141
PMLE_NODE_COMMAND_WINDOW|through_tic=3700|tics=100|wall_ms=4.419|tps=22628.223|iwadBytes=28795076|frameBytes=64000|thinkers=234|mobjs=225|killMonsters=29|livingMonsters=17|awakeMonsters=15|movingMonsters=0|vertexes=1196|segs=2057|sectors=182|subsectors=682|nodes=681|lines=1175|sides=1829|blockmapInts=3764|blocklinks=864|rejectBytes=4141
PMLE_NODE_COMMAND_WINDOW|through_tic=3800|tics=100|wall_ms=4.450|tps=22471.733|iwadBytes=28795076|frameBytes=64000|thinkers=234|mobjs=225|killMonsters=29|livingMonsters=17|awakeMonsters=15|movingMonsters=0|vertexes=1196|segs=2057|sectors=182|subsectors=682|nodes=681|lines=1175|sides=1829|blockmapInts=3764|blocklinks=864|rejectBytes=4141
PMLE_NODE_COMMAND_WINDOW|through_tic=3900|tics=100|wall_ms=4.666|tps=21431.270|iwadBytes=28795076|frameBytes=64000|thinkers=235|mobjs=226|killMonsters=29|livingMonsters=17|awakeMonsters=15|movingMonsters=0|vertexes=1196|segs=2057|sectors=182|subsectors=682|nodes=681|lines=1175|sides=1829|blockmapInts=3764|blocklinks=864|rejectBytes=4141
PMLE_NODE_COMMAND_WINDOW|through_tic=4000|tics=100|wall_ms=4.769|tps=20969.258|iwadBytes=28795076|frameBytes=64000|thinkers=236|mobjs=227|killMonsters=29|livingMonsters=17|awakeMonsters=15|movingMonsters=0|vertexes=1196|segs=2057|sectors=182|subsectors=682|nodes=681|lines=1175|sides=1829|blockmapInts=3764|blocklinks=864|rejectBytes=4141
PMLE_NODE_COMMAND_WINDOW|through_tic=4100|tics=100|wall_ms=4.153|tps=24078.353|iwadBytes=28795076|frameBytes=64000|thinkers=236|mobjs=227|killMonsters=29|livingMonsters=17|awakeMonsters=15|movingMonsters=0|vertexes=1196|segs=2057|sectors=182|subsectors=682|nodes=681|lines=1175|sides=1829|blockmapInts=3764|blocklinks=864|rejectBytes=4141
PMLE_NODE_COMMAND_WINDOW|through_tic=4200|tics=100|wall_ms=2.500|tps=40000.144|iwadBytes=28795076|frameBytes=64000|thinkers=234|mobjs=225|killMonsters=29|livingMonsters=17|awakeMonsters=15|movingMonsters=0|vertexes=1196|segs=2057|sectors=182|subsectors=682|nodes=681|lines=1175|sides=1829|blockmapInts=3764|blocklinks=864|rejectBytes=4141
PMLE_NODE_COMMAND_WINDOW|through_tic=4300|tics=100|wall_ms=2.021|tps=49478.913|iwadBytes=28795076|frameBytes=64000|thinkers=234|mobjs=225|killMonsters=29|livingMonsters=17|awakeMonsters=15|movingMonsters=0|vertexes=1196|segs=2057|sectors=182|subsectors=682|nodes=681|lines=1175|sides=1829|blockmapInts=3764|blocklinks=864|rejectBytes=4141
PMLE_NODE_COMMAND_WINDOW|through_tic=4400|tics=100|wall_ms=2.046|tps=48873.944|iwadBytes=28795076|frameBytes=64000|thinkers=234|mobjs=225|killMonsters=29|livingMonsters=17|awakeMonsters=15|movingMonsters=0|vertexes=1196|segs=2057|sectors=182|subsectors=682|nodes=681|lines=1175|sides=1829|blockmapInts=3764|blocklinks=864|rejectBytes=4141
PMLE_NODE_COMMAND_WINDOW|through_tic=4500|tics=100|wall_ms=1.938|tps=51602.250|iwadBytes=28795076|frameBytes=64000|thinkers=234|mobjs=225|killMonsters=29|livingMonsters=17|awakeMonsters=15|movingMonsters=0|vertexes=1196|segs=2057|sectors=182|subsectors=682|nodes=681|lines=1175|sides=1829|blockmapInts=3764|blocklinks=864|rejectBytes=4141
PMLE_NODE_COMMAND_WINDOW|through_tic=4600|tics=100|wall_ms=1.915|tps=52231.731|iwadBytes=28795076|frameBytes=64000|thinkers=234|mobjs=225|killMonsters=29|livingMonsters=17|awakeMonsters=15|movingMonsters=0|vertexes=1196|segs=2057|sectors=182|subsectors=682|nodes=681|lines=1175|sides=1829|blockmapInts=3764|blocklinks=864|rejectBytes=4141
PMLE_NODE_COMMAND_WINDOW|through_tic=4700|tics=100|wall_ms=1.927|tps=51887.700|iwadBytes=28795076|frameBytes=64000|thinkers=234|mobjs=225|killMonsters=29|livingMonsters=17|awakeMonsters=15|movingMonsters=0|vertexes=1196|segs=2057|sectors=182|subsectors=682|nodes=681|lines=1175|sides=1829|blockmapInts=3764|blocklinks=864|rejectBytes=4141
PMLE_NODE_COMMAND_WINDOW|through_tic=4800|tics=100|wall_ms=1.890|tps=52920.441|iwadBytes=28795076|frameBytes=64000|thinkers=234|mobjs=225|killMonsters=29|livingMonsters=17|awakeMonsters=15|movingMonsters=0|vertexes=1196|segs=2057|sectors=182|subsectors=682|nodes=681|lines=1175|sides=1829|blockmapInts=3764|blocklinks=864|rejectBytes=4141
PMLE_NODE_COMMAND_WINDOW|through_tic=4900|tics=100|wall_ms=1.896|tps=52741.030|iwadBytes=28795076|frameBytes=64000|thinkers=234|mobjs=225|killMonsters=29|livingMonsters=17|awakeMonsters=15|movingMonsters=0|vertexes=1196|segs=2057|sectors=182|subsectors=682|nodes=681|lines=1175|sides=1829|blockmapInts=3764|blocklinks=864|rejectBytes=4141
PMLE_NODE_COMMAND_WINDOW|through_tic=5000|tics=100|wall_ms=1.896|tps=52739.695|iwadBytes=28795076|frameBytes=64000|thinkers=234|mobjs=225|killMonsters=29|livingMonsters=17|awakeMonsters=15|movingMonsters=0|vertexes=1196|segs=2057|sectors=182|subsectors=682|nodes=681|lines=1175|sides=1829|blockmapInts=3764|blocklinks=864|rejectBytes=4141
PMLE_NODE_COMMAND_WINDOW|through_tic=5100|tics=100|wall_ms=1.899|tps=52653.305|iwadBytes=28795076|frameBytes=64000|thinkers=234|mobjs=225|killMonsters=29|livingMonsters=17|awakeMonsters=15|movingMonsters=0|vertexes=1196|segs=2057|sectors=182|subsectors=682|nodes=681|lines=1175|sides=1829|blockmapInts=3764|blocklinks=864|rejectBytes=4141
PMLE_NODE_COMMAND_WINDOW|through_tic=5200|tics=100|wall_ms=1.946|tps=51377.772|iwadBytes=28795076|frameBytes=64000|thinkers=234|mobjs=225|killMonsters=29|livingMonsters=17|awakeMonsters=15|movingMonsters=0|vertexes=1196|segs=2057|sectors=182|subsectors=682|nodes=681|lines=1175|sides=1829|blockmapInts=3764|blocklinks=864|rejectBytes=4141
PMLE_NODE_COMMAND_WINDOW|through_tic=5250|tics=50|wall_ms=0.956|tps=52282.388|iwadBytes=28795076|frameBytes=64000|thinkers=234|mobjs=225|killMonsters=29|livingMonsters=17|awakeMonsters=15|movingMonsters=0|vertexes=1196|segs=2057|sectors=182|subsectors=682|nodes=681|lines=1175|sides=1829|blockmapInts=3764|blocklinks=864|rejectBytes=4141
PMLE_NODE_COMMAND_MEMORY|iwadBytes=28795076|frameBytes=64000|thinkers=234|mobjs=225|killMonsters=29|livingMonsters=17|awakeMonsters=15|movingMonsters=0|vertexes=1196|segs=2057|sectors=182|subsectors=682|nodes=681|lines=1175|sides=1829|blockmapInts=3764|blocklinks=864|rejectBytes=4141
