PMLE_LIVE_REPLAY_EVIDENCE|date=2026-07-23|classification=PRODUCTION_SHAPED_BASELINE|host_quiescent=YES
PMLE_ENVIRONMENT|database=Oracle_AI_Database_26ai_Free|image=23.26.2|cpu_count=2|resource_plan=DEFAULT_PLAN|pdb_plan=DEFAULT_CDB_PLAN|pdb_utilization_limit=50|pdb_running_sessions_limit=2
PMLE_ARTIFACT|authority_sha256=a942cd2dcbdc8fa523a51af27aefc778ea9fbbebfe93f0a03fe4856c6df6c8e2|table_pack_sha256=058cd0df9444131b356762a096fd422d5131ac3aea91163aee056e8ad4965b44
PMLE_COMMAND_STREAM|name=live-dm-2026-07-23|captured_tics=5250|replayed_tics=2000|rle_runs=2710|expanded_sha256=fa7637570c30d3a33cbf8456e98268890e9f5bd82f5ba39fd7f69b139ddc4085
PMLE_LIVE_REPLAY_INIT|stream=live-dm-2026-07-23|wall_ms=64113.065
PMLE_LIVE_REPLAY_TICKER|stream=live-dm-2026-07-23|tics=2000|p50_ms=182.968|p95_ms=348.227|p99_ms=443.394|max_ms=918.826|throughput_tps=4.959
PMLE_LIVE_REPLAY_WINDOW|through_tic=100|tics=100|wall_ms=20804.588
PMLE_LIVE_REPLAY_WINDOW|through_tic=200|tics=100|wall_ms=28844.808
PMLE_LIVE_REPLAY_WINDOW|through_tic=300|tics=100|wall_ms=30295.049
PMLE_LIVE_REPLAY_WINDOW|through_tic=400|tics=100|wall_ms=28319.188
PMLE_LIVE_REPLAY_WINDOW|through_tic=500|tics=100|wall_ms=27215.804
PMLE_LIVE_REPLAY_WINDOW|through_tic=600|tics=100|wall_ms=25731.907
PMLE_LIVE_REPLAY_WINDOW|through_tic=700|tics=100|wall_ms=26047.383
PMLE_LIVE_REPLAY_WINDOW|through_tic=800|tics=100|wall_ms=18393.909
PMLE_LIVE_REPLAY_WINDOW|through_tic=900|tics=100|wall_ms=17458.730
PMLE_LIVE_REPLAY_WINDOW|through_tic=1000|tics=100|wall_ms=18492.482
PMLE_LIVE_REPLAY_WINDOW|through_tic=1100|tics=100|wall_ms=17295.068
PMLE_LIVE_REPLAY_WINDOW|through_tic=1200|tics=100|wall_ms=15884.961
PMLE_LIVE_REPLAY_WINDOW|through_tic=1300|tics=100|wall_ms=13771.460
PMLE_LIVE_REPLAY_WINDOW|through_tic=1400|tics=100|wall_ms=12355.007
PMLE_LIVE_REPLAY_WINDOW|through_tic=1500|tics=100|wall_ms=15022.857
PMLE_LIVE_REPLAY_WINDOW|through_tic=1600|tics=100|wall_ms=15263.469
PMLE_LIVE_REPLAY_WINDOW|through_tic=1700|tics=100|wall_ms=22703.767
PMLE_LIVE_REPLAY_WINDOW|through_tic=1800|tics=100|wall_ms=15576.324
PMLE_LIVE_REPLAY_WINDOW|through_tic=1900|tics=100|wall_ms=17269.304
PMLE_LIVE_REPLAY_WINDOW|through_tic=2000|tics=100|wall_ms=16582.581
PMLE_LIVE_REPLAY_MEMORY|iwadBytes=28795076|frameBytes=64000|thinkers=234|vertexes=1196|segs=2057|sectors=182|subsectors=682|nodes=681|lines=1175|sides=1829|blockmapInts=3764|blocklinks=864|rejectBytes=4141
PMLE_LIVE_REPLAY_VERDICT|FAIL|required_tps=35|measured_tps=4.959|required_p95_ms_max=28.571|measured_p95_ms=348.227
PMLE_LIVE_REPLAY_NOTE|This is a direct MLE call-spec replay with no ORDS, HTTP polling, DMD1 persistence, or browser rendering. The retained warm-slot environment remained present and the replay session accumulated resmgr:cpu quantum waits, so this is the production-shaped Free-edition baseline. Optimization A/B measurements require an isolated quiet-host run under the same frozen resource plan.
