PMLE_LIVE_REPLAY_EVIDENCE|date=2026-07-24|classification=GATE_RECONCILIATION|warm_slots=PARKED|host_quiescent=YES
PMLE_ENVIRONMENT|database=Oracle_AI_Database_26ai_Free|image=23.26.2|cpu_count=2|resource_plan=DEFAULT_PLAN|pdb_plan=DEFAULT_CDB_PLAN|pdb_utilization_limit=50|pdb_running_sessions_limit=2
PMLE_ARTIFACT|authority_sha256=a942cd2dcbdc8fa523a51af27aefc778ea9fbbebfe93f0a03fe4856c6df6c8e2|table_pack_sha256=058cd0df9444131b356762a096fd422d5131ac3aea91163aee056e8ad4965b44
PMLE_COMMAND_STREAM|name=live-dm-2026-07-23|tics=5250|expanded_sha256=fa7637570c30d3a33cbf8456e98268890e9f5bd82f5ba39fd7f69b139ddc4085
PMLE_HOST_CONTEXT|phase=BEFORE|utc=2026-07-24T00:20:50Z|model=MacBookPro15,1|logical_cpu=12|thermal_warning=NO|performance_warning=NO|cpu_scheduler_limit=100|cpu_available=12|cpu_speed_limit=100
PMLE_LIVE_REPLAY_INIT|wall_ms=40784.187
PMLE_LIVE_REPLAY_TICKER|tics=5250|p50_ms=149.017|p95_ms=300.417|p99_ms=383.653|max_ms=897.274|throughput_tps=5.913
PMLE_WINDOW|through_tic=100|tics=100|wall_ms=19207.674|thinkers=247
PMLE_WINDOW|through_tic=200|tics=100|wall_ms=25134.148|thinkers=254
PMLE_WINDOW|through_tic=300|tics=100|wall_ms=29012.366|thinkers=253
PMLE_WINDOW|through_tic=400|tics=100|wall_ms=28599.517|thinkers=250
PMLE_WINDOW|through_tic=500|tics=100|wall_ms=27577.240|thinkers=248
PMLE_WINDOW|through_tic=600|tics=100|wall_ms=25264.951|thinkers=247
PMLE_WINDOW|through_tic=700|tics=100|wall_ms=26649.000|thinkers=249
PMLE_WINDOW|through_tic=800|tics=100|wall_ms=19226.192|thinkers=240
PMLE_WINDOW|through_tic=900|tics=100|wall_ms=17967.700|thinkers=241
PMLE_WINDOW|through_tic=1000|tics=100|wall_ms=17977.928|thinkers=241
PMLE_WINDOW|through_tic=1100|tics=100|wall_ms=17620.769|thinkers=238
PMLE_WINDOW|through_tic=1200|tics=100|wall_ms=16199.642|thinkers=244
PMLE_WINDOW|through_tic=1300|tics=100|wall_ms=13821.818|thinkers=237
PMLE_WINDOW|through_tic=1400|tics=100|wall_ms=12487.742|thinkers=237
PMLE_WINDOW|through_tic=1500|tics=100|wall_ms=14748.301|thinkers=235
PMLE_WINDOW|through_tic=1600|tics=100|wall_ms=15672.051|thinkers=239
PMLE_WINDOW|through_tic=1700|tics=100|wall_ms=20785.378|thinkers=239
PMLE_WINDOW|through_tic=1800|tics=100|wall_ms=17693.593|thinkers=242
PMLE_WINDOW|through_tic=1900|tics=100|wall_ms=21470.688|thinkers=235
PMLE_WINDOW|through_tic=2000|tics=100|wall_ms=20418.005|thinkers=234
PMLE_WINDOW|through_tic=2100|tics=100|wall_ms=18795.013|thinkers=234
PMLE_WINDOW|through_tic=2200|tics=100|wall_ms=18924.051|thinkers=234
PMLE_WINDOW|through_tic=2300|tics=100|wall_ms=16402.604|thinkers=234
PMLE_WINDOW|through_tic=2400|tics=100|wall_ms=16920.166|thinkers=235
PMLE_WINDOW|through_tic=2500|tics=100|wall_ms=16553.051|thinkers=237
PMLE_WINDOW|through_tic=2600|tics=100|wall_ms=23124.598|thinkers=238
PMLE_WINDOW|through_tic=2700|tics=100|wall_ms=21052.504|thinkers=236
PMLE_WINDOW|through_tic=2800|tics=100|wall_ms=18959.521|thinkers=234
PMLE_WINDOW|through_tic=2900|tics=100|wall_ms=17324.831|thinkers=234
PMLE_WINDOW|through_tic=3000|tics=100|wall_ms=16346.896|thinkers=234
PMLE_WINDOW|through_tic=3100|tics=100|wall_ms=16640.024|thinkers=234
PMLE_WINDOW|through_tic=3200|tics=100|wall_ms=14902.254|thinkers=236
PMLE_WINDOW|through_tic=3300|tics=100|wall_ms=17380.249|thinkers=236
PMLE_WINDOW|through_tic=3400|tics=100|wall_ms=13909.768|thinkers=235
PMLE_WINDOW|through_tic=3500|tics=100|wall_ms=20297.558|thinkers=240
PMLE_WINDOW|through_tic=3600|tics=100|wall_ms=15983.807|thinkers=234
PMLE_WINDOW|through_tic=3700|tics=100|wall_ms=13900.109|thinkers=234
PMLE_WINDOW|through_tic=3800|tics=100|wall_ms=14207.784|thinkers=234
PMLE_WINDOW|through_tic=3900|tics=100|wall_ms=13383.458|thinkers=235
PMLE_WINDOW|through_tic=4000|tics=100|wall_ms=13270.758|thinkers=236
PMLE_WINDOW|through_tic=4100|tics=100|wall_ms=13407.030|thinkers=236
PMLE_WINDOW|through_tic=4200|tics=100|wall_ms=11289.859|thinkers=234
PMLE_WINDOW|through_tic=4300|tics=100|wall_ms=10642.568|thinkers=234
PMLE_WINDOW|through_tic=4400|tics=100|wall_ms=10787.650|thinkers=234
PMLE_WINDOW|through_tic=4500|tics=100|wall_ms=10697.677|thinkers=234
PMLE_WINDOW|through_tic=4600|tics=100|wall_ms=10812.210|thinkers=234
PMLE_WINDOW|through_tic=4700|tics=100|wall_ms=10649.782|thinkers=234
PMLE_WINDOW|through_tic=4800|tics=100|wall_ms=10871.917|thinkers=234
PMLE_WINDOW|through_tic=4900|tics=100|wall_ms=10598.952|thinkers=234
PMLE_WINDOW|through_tic=5000|tics=100|wall_ms=10650.130|thinkers=234
PMLE_WINDOW|through_tic=5100|tics=100|wall_ms=10663.967|thinkers=234
PMLE_WINDOW|through_tic=5200|tics=100|wall_ms=13409.657|thinkers=234
PMLE_WINDOW|through_tic=5250|tics=50|wall_ms=6760.812|thinkers=234
PMLE_HOST_CONTEXT|phase=AFTER|utc=2026-07-24T00:36:48Z|thermal_warning=NO|performance_warning=NO|cpu_scheduler_limit=100|cpu_available=12|cpu_speed_limit=100
PMLE_RECONCILIATION_FINDING|thermal_throttling=REFUTED|total_thinker_scaling=REFUTED|first_300_avg_ms_per_tic=244.514|steady_4201_5100_avg_ms_per_tic=107.220|cost_ratio=2.280|thinker_ratio_300_to_4300=1.081
PMLE_RECONCILIATION_NOTE|The exact replay does reproduce a high-cost early region and a much cheaper late plateau, but total thinker count changes only about 8% while window cost changes over 2x. The live/replay prefix discrepancy is therefore not explained by host thermal state or total thinker cardinality. Retained-context/runtime warmup and awake/activity state remain open; the next gate replays the prefix after a complete warm traversal in the identical MLE context.
