PMLE_EVIDENCE|kind=live_replay_reconciliation|date=2026-07-24
PMLE_EVIDENCE|stream=live-dm-2026-07-23|stream_sha256=fa7637570c30d3a33cbf8456e98268890e9f5bd82f5ba39fd7f69b139ddc4085
PMLE_EVIDENCE|host_quiet=YES|warm_slots=STOPPED|active_matches=0
PMLE_EVIDENCE|resource_plan=DEFAULT_CDB_PLAN|pdb_utilization_limit=50|pdb_running_sessions_limit=2
PMLE_HOST_CONTEXT|phase=BEFORE|model=MacBookPro15,1|logical_cpu=12
PMLE_HOST_THERMAL|phase=BEFORE|thermal_warning=NONE|performance_warning=NONE|CPU_Scheduler_Limit=100|CPU_Speed_Limit=100
PMLE_LIVE_REPLAY_INIT|stream=live-dm-2026-07-23|wall_ms=43800.991
PMLE_LIVE_REPLAY_TICKER|stream=live-dm-2026-07-23|tics=5250|p50_ms=148.208|p95_ms=296.126|p99_ms=391.336|max_ms=591.380|throughput_tps=6.002
PMLE_LIVE_REPLAY_COLD_PREFIX|through_tic=100|window_ms=19633.734|avg_ms_per_tic=196.337|thinkers=247
PMLE_LIVE_REPLAY_COLD_PREFIX|through_tic=200|window_ms=26450.156|avg_ms_per_tic=264.502|thinkers=254
PMLE_LIVE_REPLAY_COLD_PREFIX|through_tic=300|window_ms=30063.073|avg_ms_per_tic=300.631|thinkers=253
PMLE_LIVE_REPLAY_COLD_PREFIX|through_tic=400|window_ms=29755.004|avg_ms_per_tic=297.550|thinkers=250
PMLE_LIVE_REPLAY_COLD_PREFIX|through_tic=500|window_ms=28876.120|avg_ms_per_tic=288.761|thinkers=248
PMLE_LIVE_REPLAY_STEADY_WINDOW|through_tic=4200|window_ms=11692.689|avg_ms_per_tic=116.927|thinkers=234
PMLE_LIVE_REPLAY_STEADY_WINDOW|through_tic=4300|window_ms=10687.680|avg_ms_per_tic=106.877|thinkers=234
PMLE_LIVE_REPLAY_STEADY_WINDOW|through_tic=4400|window_ms=10851.417|avg_ms_per_tic=108.514|thinkers=234
PMLE_LIVE_REPLAY_STEADY_WINDOW|through_tic=4500|window_ms=10889.146|avg_ms_per_tic=108.891|thinkers=234
PMLE_LIVE_REPLAY_STEADY_WINDOW|through_tic=4600|window_ms=10816.603|avg_ms_per_tic=108.166|thinkers=234
PMLE_LIVE_REPLAY_STEADY_WINDOW|through_tic=4700|window_ms=10830.637|avg_ms_per_tic=108.306|thinkers=234
PMLE_LIVE_REPLAY_STEADY_WINDOW|through_tic=4800|window_ms=11153.924|avg_ms_per_tic=111.539|thinkers=234
PMLE_LIVE_REPLAY_STEADY_WINDOW|through_tic=4900|window_ms=10771.919|avg_ms_per_tic=107.719|thinkers=234
PMLE_LIVE_REPLAY_STEADY_WINDOW|through_tic=5000|window_ms=10923.906|avg_ms_per_tic=109.239|thinkers=234
PMLE_LIVE_REPLAY_STEADY_WINDOW|through_tic=5100|window_ms=10833.985|avg_ms_per_tic=108.340|thinkers=234
PMLE_LIVE_REPLAY_STEADY_WINDOW|through_tic=5200|window_ms=11067.267|avg_ms_per_tic=110.673|thinkers=234
PMLE_LIVE_REPLAY_WARM_PREFIX|after_full_tics=5250|tics=500|p50_ms=264.913|p95_ms=391.255|p99_ms=448.789|max_ms=483.042|throughput_tps=3.715
PMLE_HOST_THERMAL|phase=AFTER|thermal_warning=NONE|performance_warning=NONE|CPU_Scheduler_Limit=100|CPU_Speed_Limit=100
PMLE_VERDICT|same_context_warmup=REFUTED
PMLE_VERDICT|host_thermal_throttling=REFUTED
PMLE_VERDICT|total_thinker_count_scaling=REFUTED|reason=thinkers_decline_only_254_to_234_while_window_cost_declines_more_than_2x
PMLE_VERDICT|live_under_100ms_baseline=UNRECONCILED|next=deployed_pre_mle_mle_post_commit_capture
PMLE_NOTE|The repeated first 500 tics were restored from the captured tic-zero checkpoint and executed after the full 5250-tic stream in the same retained MLE context. They were slower, not faster. Execution-history/JIT-style context warmup therefore cannot explain the earlier live telemetry claim.
