
Session altered.


Session altered.


Session altered.


Session altered.

PMLE_LIVE_STAGE|tic=1|total_ms=1371.749|pre_ms=2.193|mle_ms=505.593|post_ms=861.72|commit_ms=2.243|checkpoint_save_ms=NULL|checkpoint_publish_ms=NULL
PMLE_LIVE_STAGE|tic=2|total_ms=885.252|pre_ms=7.238|mle_ms=832.694|post_ms=36.268|commit_ms=9.052|checkpoint_save_ms=NULL|checkpoint_publish_ms=NULL
PMLE_LIVE_STAGE|tic=3|total_ms=632.184|pre_ms=15.133|mle_ms=602.98|post_ms=9.199|commit_ms=4.872|checkpoint_save_ms=NULL|checkpoint_publish_ms=NULL
PMLE_LIVE_STAGE|tic=4|total_ms=439.417|pre_ms=3.441|mle_ms=417.846|post_ms=17.059|commit_ms=1.071|checkpoint_save_ms=NULL|checkpoint_publish_ms=NULL
PMLE_LIVE_STAGE|tic=5|total_ms=608.937|pre_ms=1.236|mle_ms=590.107|post_ms=10.846|commit_ms=6.748|checkpoint_save_ms=NULL|checkpoint_publish_ms=NULL
PMLE_LIVE_STAGE|tic=6|total_ms=556.448|pre_ms=6.572|mle_ms=534.014|post_ms=15.378|commit_ms=.484|checkpoint_save_ms=NULL|checkpoint_publish_ms=NULL
PMLE_LIVE_STAGE|tic=7|total_ms=663.973|pre_ms=1.023|mle_ms=654.323|post_ms=8.259|commit_ms=.368|checkpoint_save_ms=NULL|checkpoint_publish_ms=NULL
PMLE_LIVE_STAGE|tic=8|total_ms=449.707|pre_ms=1.18|mle_ms=442.243|post_ms=5.774|commit_ms=.51|checkpoint_save_ms=NULL|checkpoint_publish_ms=NULL
PMLE_LIVE_STAGE|tic=9|total_ms=450.067|pre_ms=7.128|mle_ms=434.642|post_ms=5.003|commit_ms=3.294|checkpoint_save_ms=NULL|checkpoint_publish_ms=NULL
PMLE_LIVE_STAGE|tic=10|total_ms=238.483|pre_ms=2.973|mle_ms=230.626|post_ms=3.905|commit_ms=.979|checkpoint_save_ms=NULL|checkpoint_publish_ms=NULL
PMLE_LIVE_STAGE|tic=11|total_ms=220.996|pre_ms=1.379|mle_ms=214.851|post_ms=4.104|commit_ms=.662|checkpoint_save_ms=NULL|checkpoint_publish_ms=NULL
PMLE_LIVE_STAGE|tic=12|total_ms=183.677|pre_ms=1.967|mle_ms=177.885|post_ms=3.395|commit_ms=.43|checkpoint_save_ms=NULL|checkpoint_publish_ms=NULL
PMLE_LIVE_STAGE|tic=13|total_ms=153.465|pre_ms=1.001|mle_ms=146.614|post_ms=4.572|commit_ms=1.278|checkpoint_save_ms=NULL|checkpoint_publish_ms=NULL
PMLE_LIVE_STAGE|tic=14|total_ms=176.412|pre_ms=1.501|mle_ms=168.106|post_ms=6.071|commit_ms=.734|checkpoint_save_ms=NULL|checkpoint_publish_ms=NULL
PMLE_LIVE_STAGE|tic=15|total_ms=200.361|pre_ms=2.054|mle_ms=192.957|post_ms=3.622|commit_ms=1.728|checkpoint_save_ms=NULL|checkpoint_publish_ms=NULL
PMLE_LIVE_STAGE|tic=16|total_ms=243.393|pre_ms=1.493|mle_ms=231.208|post_ms=9.092|commit_ms=1.6|checkpoint_save_ms=NULL|checkpoint_publish_ms=NULL
PMLE_LIVE_STAGE|tic=17|total_ms=382.575|pre_ms=1.99|mle_ms=368.832|post_ms=7.911|commit_ms=3.842|checkpoint_save_ms=NULL|checkpoint_publish_ms=NULL
PMLE_LIVE_STAGE|tic=18|total_ms=294.025|pre_ms=1.277|mle_ms=288.403|post_ms=3.78|commit_ms=.565|checkpoint_save_ms=NULL|checkpoint_publish_ms=NULL
PMLE_LIVE_STAGE|tic=19|total_ms=308.463|pre_ms=1.208|mle_ms=301.723|post_ms=4.52|commit_ms=1.012|checkpoint_save_ms=NULL|checkpoint_publish_ms=NULL
PMLE_LIVE_STAGE|tic=20|total_ms=256.337|pre_ms=4.265|mle_ms=243.902|post_ms=6.849|commit_ms=1.321|checkpoint_save_ms=NULL|checkpoint_publish_ms=NULL
PMLE_LIVE_STAGE|tic=21|total_ms=280.834|pre_ms=1.83|mle_ms=273.175|post_ms=3.534|commit_ms=2.295|checkpoint_save_ms=NULL|checkpoint_publish_ms=NULL
PMLE_LIVE_STAGE|tic=22|total_ms=337.008|pre_ms=1.152|mle_ms=331.863|post_ms=3.157|commit_ms=.836|checkpoint_save_ms=NULL|checkpoint_publish_ms=NULL
PMLE_LIVE_STAGE|tic=23|total_ms=241.646|pre_ms=4.374|mle_ms=232.878|post_ms=3.791|commit_ms=.603|checkpoint_save_ms=NULL|checkpoint_publish_ms=NULL
PMLE_LIVE_STAGE|tic=24|total_ms=318.629|pre_ms=1.586|mle_ms=311.598|post_ms=4.905|commit_ms=.54|checkpoint_save_ms=NULL|checkpoint_publish_ms=NULL
PMLE_LIVE_STAGE|tic=25|total_ms=341.393|pre_ms=1.32|mle_ms=334.163|post_ms=4.713|commit_ms=1.197|checkpoint_save_ms=NULL|checkpoint_publish_ms=NULL
PMLE_LIVE_STAGE|tic=26|total_ms=419.295|pre_ms=1.168|mle_ms=413.812|post_ms=3.936|commit_ms=.379|checkpoint_save_ms=NULL|checkpoint_publish_ms=NULL
PMLE_LIVE_STAGE|tic=27|total_ms=354.255|pre_ms=2.825|mle_ms=335.747|post_ms=8.456|commit_ms=7.227|checkpoint_save_ms=NULL|checkpoint_publish_ms=NULL
PMLE_LIVE_STAGE|tic=28|total_ms=290.065|pre_ms=1.457|mle_ms=283.104|post_ms=5.011|commit_ms=.493|checkpoint_save_ms=NULL|checkpoint_publish_ms=NULL
PMLE_LIVE_STAGE|tic=29|total_ms=263.272|pre_ms=1.909|mle_ms=250.467|post_ms=5.168|commit_ms=5.728|checkpoint_save_ms=NULL|checkpoint_publish_ms=NULL
PMLE_LIVE_STAGE|tic=30|total_ms=256.775|pre_ms=1.009|mle_ms=251.61|post_ms=3.6|commit_ms=.556|checkpoint_save_ms=NULL|checkpoint_publish_ms=NULL
PMLE_LIVE_STAGE|tic=31|total_ms=220.105|pre_ms=.975|mle_ms=210.871|post_ms=7.476|commit_ms=.783|checkpoint_save_ms=NULL|checkpoint_publish_ms=NULL
PMLE_LIVE_STAGE|tic=32|total_ms=10503.96|pre_ms=2.642|mle_ms=242.363|post_ms=10258.088|commit_ms=.867|checkpoint_save_ms=10202.288|checkpoint_publish_ms=43.179
PMLE_LIVE_STAGE|tic=33|total_ms=179.125|pre_ms=1.786|mle_ms=173.976|post_ms=2.956|commit_ms=.407|checkpoint_save_ms=NULL|checkpoint_publish_ms=NULL
PMLE_LIVE_STAGE|tic=34|total_ms=363.437|pre_ms=1.234|mle_ms=352.03|post_ms=6.535|commit_ms=3.638|checkpoint_save_ms=NULL|checkpoint_publish_ms=NULL
PMLE_LIVE_STAGE|tic=35|total_ms=274.181|pre_ms=4.795|mle_ms=256.507|post_ms=12.295|commit_ms=.584|checkpoint_save_ms=NULL|checkpoint_publish_ms=NULL
PMLE_LIVE_STAGE|tic=36|total_ms=342.896|pre_ms=4.888|mle_ms=332.469|post_ms=4.61|commit_ms=.929|checkpoint_save_ms=NULL|checkpoint_publish_ms=NULL
PMLE_LIVE_STAGE|tic=37|total_ms=287.474|pre_ms=2.679|mle_ms=280.946|post_ms=3.05|commit_ms=.799|checkpoint_save_ms=NULL|checkpoint_publish_ms=NULL
PMLE_LIVE_STAGE|tic=38|total_ms=251.585|pre_ms=1.382|mle_ms=245.75|post_ms=3.678|commit_ms=.775|checkpoint_save_ms=NULL|checkpoint_publish_ms=NULL
PMLE_LIVE_STAGE|tic=39|total_ms=328.007|pre_ms=1.983|mle_ms=305.159|post_ms=18.066|commit_ms=2.799|checkpoint_save_ms=NULL|checkpoint_publish_ms=NULL
PMLE_LIVE_STAGE|tic=40|total_ms=416.203|pre_ms=6.087|mle_ms=400.812|post_ms=8.203|commit_ms=1.101|checkpoint_save_ms=NULL|checkpoint_publish_ms=NULL
PMLE_LIVE_STAGE|tic=41|total_ms=568.281|pre_ms=4.837|mle_ms=555.409|post_ms=7.305|commit_ms=.73|checkpoint_save_ms=NULL|checkpoint_publish_ms=NULL
PMLE_LIVE_STAGE|tic=42|total_ms=179.566|pre_ms=2.159|mle_ms=163.556|post_ms=13.046|commit_ms=.805|checkpoint_save_ms=NULL|checkpoint_publish_ms=NULL
PMLE_LIVE_STAGE|tic=43|total_ms=312.316|pre_ms=1.058|mle_ms=300.244|post_ms=10.253|commit_ms=.761|checkpoint_save_ms=NULL|checkpoint_publish_ms=NULL
PMLE_LIVE_STAGE|tic=44|total_ms=517.024|pre_ms=1.818|mle_ms=506.531|post_ms=7.397|commit_ms=1.278|checkpoint_save_ms=NULL|checkpoint_publish_ms=NULL
PMLE_LIVE_STAGE|tic=45|total_ms=537.648|pre_ms=1.484|mle_ms=531.004|post_ms=4.419|commit_ms=.741|checkpoint_save_ms=NULL|checkpoint_publish_ms=NULL
PMLE_LIVE_STAGE|tic=46|total_ms=177.884|pre_ms=3.208|mle_ms=169.39|post_ms=4.238|commit_ms=1.048|checkpoint_save_ms=NULL|checkpoint_publish_ms=NULL
PMLE_LIVE_STAGE|tic=47|total_ms=165.332|pre_ms=1.749|mle_ms=159.469|post_ms=3.203|commit_ms=.911|checkpoint_save_ms=NULL|checkpoint_publish_ms=NULL
PMLE_LIVE_STAGE|tic=48|total_ms=158.776|pre_ms=1.424|mle_ms=152.661|post_ms=3.843|commit_ms=.848|checkpoint_save_ms=NULL|checkpoint_publish_ms=NULL
PMLE_LIVE_STAGE|tic=49|total_ms=127.712|pre_ms=1.606|mle_ms=122.93|post_ms=2.864|commit_ms=.312|checkpoint_save_ms=NULL|checkpoint_publish_ms=NULL
PMLE_LIVE_STAGE|tic=50|total_ms=114.073|pre_ms=1.554|mle_ms=109.238|post_ms=2.539|commit_ms=.742|checkpoint_save_ms=NULL|checkpoint_publish_ms=NULL
PMLE_LIVE_STAGE|tic=51|total_ms=129.565|pre_ms=1.296|mle_ms=125.326|post_ms=2.585|commit_ms=.358|checkpoint_save_ms=NULL|checkpoint_publish_ms=NULL
PMLE_LIVE_STAGE|tic=52|total_ms=186.109|pre_ms=1.724|mle_ms=180.283|post_ms=3.314|commit_ms=.788|checkpoint_save_ms=NULL|checkpoint_publish_ms=NULL
PMLE_LIVE_STAGE|tic=53|total_ms=147.405|pre_ms=.884|mle_ms=142.872|post_ms=2.893|commit_ms=.756|checkpoint_save_ms=NULL|checkpoint_publish_ms=NULL
PMLE_LIVE_STAGE|tic=54|total_ms=149.745|pre_ms=1.748|mle_ms=144.037|post_ms=3.51|commit_ms=.45|checkpoint_save_ms=NULL|checkpoint_publish_ms=NULL
PMLE_LIVE_STAGE|tic=55|total_ms=148.296|pre_ms=2.185|mle_ms=142.489|post_ms=2.889|commit_ms=.733|checkpoint_save_ms=NULL|checkpoint_publish_ms=NULL
PMLE_LIVE_STAGE|tic=56|total_ms=154.944|pre_ms=1.596|mle_ms=150.059|post_ms=2.891|commit_ms=.398|checkpoint_save_ms=NULL|checkpoint_publish_ms=NULL
PMLE_LIVE_STAGE|tic=57|total_ms=169.598|pre_ms=1.86|mle_ms=162.602|post_ms=4.287|commit_ms=.849|checkpoint_save_ms=NULL|checkpoint_publish_ms=NULL
PMLE_LIVE_STAGE|tic=58|total_ms=161.382|pre_ms=1.696|mle_ms=155.818|post_ms=3.502|commit_ms=.366|checkpoint_save_ms=NULL|checkpoint_publish_ms=NULL
PMLE_LIVE_STAGE|tic=59|total_ms=161.467|pre_ms=1.942|mle_ms=155.7|post_ms=3.056|commit_ms=.769|checkpoint_save_ms=NULL|checkpoint_publish_ms=NULL
PMLE_LIVE_STAGE|tic=60|total_ms=158.072|pre_ms=1.69|mle_ms=149.298|post_ms=5.738|commit_ms=1.346|checkpoint_save_ms=NULL|checkpoint_publish_ms=NULL
PMLE_LIVE_STAGE|tic=61|total_ms=204.739|pre_ms=1.532|mle_ms=197.746|post_ms=3.918|commit_ms=1.543|checkpoint_save_ms=NULL|checkpoint_publish_ms=NULL
PMLE_LIVE_STAGE|tic=62|total_ms=225.302|pre_ms=1.937|mle_ms=217.403|post_ms=5.038|commit_ms=.924|checkpoint_save_ms=NULL|checkpoint_publish_ms=NULL
PMLE_LIVE_STAGE|tic=63|total_ms=192.051|pre_ms=2.409|mle_ms=184.871|post_ms=3.75|commit_ms=1.021|checkpoint_save_ms=NULL|checkpoint_publish_ms=NULL
PMLE_LIVE_STAGE|tic=64|total_ms=5670.98|pre_ms=2.12|mle_ms=161.303|post_ms=5507.104|commit_ms=.453|checkpoint_save_ms=5494.509|checkpoint_publish_ms=3.407
PMLE_LIVE_STAGE|tic=65|total_ms=138.427|pre_ms=1.119|mle_ms=132.423|post_ms=3.974|commit_ms=.911|checkpoint_save_ms=NULL|checkpoint_publish_ms=NULL
PMLE_LIVE_STAGE|tic=66|total_ms=150.436|pre_ms=1.867|mle_ms=143.723|post_ms=3.444|commit_ms=1.402|checkpoint_save_ms=NULL|checkpoint_publish_ms=NULL
PMLE_LIVE_STAGE|tic=67|total_ms=215.47|pre_ms=1.418|mle_ms=208.756|post_ms=4.619|commit_ms=.677|checkpoint_save_ms=NULL|checkpoint_publish_ms=NULL
PMLE_LIVE_STAGE|tic=68|total_ms=216.045|pre_ms=1.741|mle_ms=209.066|post_ms=4.532|commit_ms=.706|checkpoint_save_ms=NULL|checkpoint_publish_ms=NULL
PMLE_LIVE_STAGE|tic=69|total_ms=212.75|pre_ms=2.037|mle_ms=205.419|post_ms=4.733|commit_ms=.561|checkpoint_save_ms=NULL|checkpoint_publish_ms=NULL
PMLE_LIVE_STAGE|tic=70|total_ms=170.695|pre_ms=1.636|mle_ms=164.825|post_ms=3.553|commit_ms=.681|checkpoint_save_ms=NULL|checkpoint_publish_ms=NULL
PMLE_LIVE_STAGE|tic=71|total_ms=166.519|pre_ms=1.24|mle_ms=160.611|post_ms=4.099|commit_ms=.569|checkpoint_save_ms=NULL|checkpoint_publish_ms=NULL
PMLE_LIVE_STAGE|tic=72|total_ms=171.101|pre_ms=1.433|mle_ms=164.264|post_ms=4.838|commit_ms=.566|checkpoint_save_ms=NULL|checkpoint_publish_ms=NULL
PMLE_LIVE_STAGE|tic=73|total_ms=165.548|pre_ms=1.241|mle_ms=159.294|post_ms=4.412|commit_ms=.601|checkpoint_save_ms=NULL|checkpoint_publish_ms=NULL
PMLE_LIVE_STAGE|tic=74|total_ms=172.783|pre_ms=1.108|mle_ms=167.347|post_ms=3.77|commit_ms=.558|checkpoint_save_ms=NULL|checkpoint_publish_ms=NULL
PMLE_LIVE_STAGE|tic=75|total_ms=153.606|pre_ms=1.112|mle_ms=149.007|post_ms=3.02|commit_ms=.467|checkpoint_save_ms=NULL|checkpoint_publish_ms=NULL
PMLE_LIVE_STAGE|tic=76|total_ms=140.761|pre_ms=1.07|mle_ms=133.14|post_ms=5.956|commit_ms=.595|checkpoint_save_ms=NULL|checkpoint_publish_ms=NULL
PMLE_LIVE_STAGE|tic=77|total_ms=236.289|pre_ms=1.524|mle_ms=226.337|post_ms=7.694|commit_ms=.734|checkpoint_save_ms=NULL|checkpoint_publish_ms=NULL
PMLE_LIVE_STAGE|tic=78|total_ms=233.458|pre_ms=1.999|mle_ms=226.081|post_ms=4.648|commit_ms=.73|checkpoint_save_ms=NULL|checkpoint_publish_ms=NULL
PMLE_LIVE_STAGE|tic=79|total_ms=215.965|pre_ms=1.7|mle_ms=209.621|post_ms=3.998|commit_ms=.646|checkpoint_save_ms=NULL|checkpoint_publish_ms=NULL
PMLE_LIVE_STAGE|tic=80|total_ms=190.33|pre_ms=3.324|mle_ms=183.099|post_ms=3.298|commit_ms=.609|checkpoint_save_ms=NULL|checkpoint_publish_ms=NULL
PMLE_LIVE_STAGE|tic=81|total_ms=179.331|pre_ms=1.193|mle_ms=172.379|post_ms=5.259|commit_ms=.5|checkpoint_save_ms=NULL|checkpoint_publish_ms=NULL
PMLE_LIVE_STAGE|tic=82|total_ms=168.251|pre_ms=1.923|mle_ms=161.116|post_ms=4.697|commit_ms=.515|checkpoint_save_ms=NULL|checkpoint_publish_ms=NULL
PMLE_LIVE_STAGE|tic=83|total_ms=181.605|pre_ms=1.155|mle_ms=176.033|post_ms=3.814|commit_ms=.603|checkpoint_save_ms=NULL|checkpoint_publish_ms=NULL
PMLE_LIVE_STAGE|tic=84|total_ms=169.809|pre_ms=1.258|mle_ms=164.659|post_ms=3.456|commit_ms=.436|checkpoint_save_ms=NULL|checkpoint_publish_ms=NULL
PMLE_LIVE_STAGE|tic=85|total_ms=152.122|pre_ms=1.135|mle_ms=148.069|post_ms=2.477|commit_ms=.441|checkpoint_save_ms=NULL|checkpoint_publish_ms=NULL
PMLE_LIVE_STAGE|tic=86|total_ms=125.67|pre_ms=.83|mle_ms=121.605|post_ms=2.887|commit_ms=.348|checkpoint_save_ms=NULL|checkpoint_publish_ms=NULL
PMLE_LIVE_STAGE|tic=87|total_ms=155.973|pre_ms=.841|mle_ms=151.129|post_ms=3.434|commit_ms=.569|checkpoint_save_ms=NULL|checkpoint_publish_ms=NULL
PMLE_LIVE_STAGE|tic=88|total_ms=156.615|pre_ms=1.36|mle_ms=151.768|post_ms=3.032|commit_ms=.455|checkpoint_save_ms=NULL|checkpoint_publish_ms=NULL
PMLE_LIVE_STAGE|tic=89|total_ms=164.061|pre_ms=1.06|mle_ms=158.778|post_ms=3.619|commit_ms=.604|checkpoint_save_ms=NULL|checkpoint_publish_ms=NULL
PMLE_LIVE_STAGE|tic=90|total_ms=157.159|pre_ms=1.211|mle_ms=152.15|post_ms=3.224|commit_ms=.574|checkpoint_save_ms=NULL|checkpoint_publish_ms=NULL
PMLE_LIVE_STAGE|tic=91|total_ms=152.046|pre_ms=1.075|mle_ms=147.151|post_ms=3.276|commit_ms=.544|checkpoint_save_ms=NULL|checkpoint_publish_ms=NULL
PMLE_LIVE_STAGE|tic=92|total_ms=124.439|pre_ms=1.288|mle_ms=119.045|post_ms=3.571|commit_ms=.535|checkpoint_save_ms=NULL|checkpoint_publish_ms=NULL
PMLE_LIVE_STAGE|tic=93|total_ms=120.656|pre_ms=1.189|mle_ms=116.343|post_ms=2.755|commit_ms=.369|checkpoint_save_ms=NULL|checkpoint_publish_ms=NULL
PMLE_LIVE_STAGE|tic=94|total_ms=147.567|pre_ms=.862|mle_ms=143.052|post_ms=3.189|commit_ms=.464|checkpoint_save_ms=NULL|checkpoint_publish_ms=NULL
PMLE_LIVE_STAGE|tic=95|total_ms=145.27|pre_ms=1.17|mle_ms=139.95|post_ms=3.731|commit_ms=.419|checkpoint_save_ms=NULL|checkpoint_publish_ms=NULL
PMLE_LIVE_STAGE|tic=96|total_ms=149.394|pre_ms=1.413|mle_ms=143.477|post_ms=3.957|commit_ms=.547|checkpoint_save_ms=NULL|checkpoint_publish_ms=NULL
PMLE_LIVE_STAGE|tic=97|total_ms=158.681|pre_ms=1.198|mle_ms=153.89|post_ms=3.059|commit_ms=.534|checkpoint_save_ms=NULL|checkpoint_publish_ms=NULL
PMLE_LIVE_STAGE|tic=98|total_ms=150.206|pre_ms=1.047|mle_ms=144.887|post_ms=3.798|commit_ms=.474|checkpoint_save_ms=NULL|checkpoint_publish_ms=NULL
PMLE_LIVE_STAGE|tic=99|total_ms=137.932|pre_ms=1.1|mle_ms=133.534|post_ms=2.858|commit_ms=.44|checkpoint_save_ms=NULL|checkpoint_publish_ms=NULL
PMLE_LIVE_STAGE|tic=100|total_ms=127.708|pre_ms=.958|mle_ms=122.601|post_ms=3.712|commit_ms=.437|checkpoint_save_ms=NULL|checkpoint_publish_ms=NULL
PMLE_LIVE_STAGE|tic=101|total_ms=168.852|pre_ms=1.543|mle_ms=162.521|post_ms=4.159|commit_ms=.629|checkpoint_save_ms=NULL|checkpoint_publish_ms=NULL
PMLE_LIVE_STAGE|tic=102|total_ms=162.5|pre_ms=1.423|mle_ms=156.87|post_ms=3.675|commit_ms=.532|checkpoint_save_ms=NULL|checkpoint_publish_ms=NULL
PMLE_LIVE_STAGE|tic=103|total_ms=148.807|pre_ms=1.149|mle_ms=144.05|post_ms=3.118|commit_ms=.49|checkpoint_save_ms=NULL|checkpoint_publish_ms=NULL
PMLE_LIVE_STAGE|tic=104|total_ms=152.097|pre_ms=1.086|mle_ms=146.798|post_ms=3.706|commit_ms=.507|checkpoint_save_ms=NULL|checkpoint_publish_ms=NULL
PMLE_LIVE_STAGE|tic=105|total_ms=137.166|pre_ms=1.086|mle_ms=132.631|post_ms=3.024|commit_ms=.425|checkpoint_save_ms=NULL|checkpoint_publish_ms=NULL
PMLE_LIVE_STAGE|tic=106|total_ms=115.583|pre_ms=1.037|mle_ms=111.447|post_ms=2.7|commit_ms=.399|checkpoint_save_ms=NULL|checkpoint_publish_ms=NULL
PMLE_LIVE_STAGE|tic=107|total_ms=132.373|pre_ms=.872|mle_ms=127.781|post_ms=3.153|commit_ms=.567|checkpoint_save_ms=NULL|checkpoint_publish_ms=NULL
PMLE_LIVE_STAGE|tic=108|total_ms=149.911|pre_ms=1.385|mle_ms=144.542|post_ms=3.424|commit_ms=.56|checkpoint_save_ms=NULL|checkpoint_publish_ms=NULL
PMLE_LIVE_STAGE|tic=109|total_ms=166.137|pre_ms=1.327|mle_ms=160.891|post_ms=3.291|commit_ms=.628|checkpoint_save_ms=NULL|checkpoint_publish_ms=NULL
PMLE_LIVE_STAGE|tic=110|total_ms=147.252|pre_ms=1.271|mle_ms=142.267|post_ms=3.235|commit_ms=.479|checkpoint_save_ms=NULL|checkpoint_publish_ms=NULL
PMLE_LIVE_STAGE|tic=111|total_ms=147.297|pre_ms=1.064|mle_ms=142.308|post_ms=3.467|commit_ms=.458|checkpoint_save_ms=NULL|checkpoint_publish_ms=NULL
PMLE_LIVE_STAGE|tic=112|total_ms=130.506|pre_ms=1.171|mle_ms=126.76|post_ms=2.267|commit_ms=.308|checkpoint_save_ms=NULL|checkpoint_publish_ms=NULL
PMLE_LIVE_STAGE|tic=113|total_ms=120.249|pre_ms=1.056|mle_ms=115.458|post_ms=3.279|commit_ms=.456|checkpoint_save_ms=NULL|checkpoint_publish_ms=NULL
PMLE_LIVE_STAGE|tic=114|total_ms=151.683|pre_ms=1.236|mle_ms=145.792|post_ms=4.193|commit_ms=.462|checkpoint_save_ms=NULL|checkpoint_publish_ms=NULL
PMLE_LIVE_STAGE|tic=115|total_ms=204.924|pre_ms=1.16|mle_ms=199.583|post_ms=3.669|commit_ms=.512|checkpoint_save_ms=NULL|checkpoint_publish_ms=NULL
PMLE_LIVE_STAGE|tic=116|total_ms=160.737|pre_ms=1.274|mle_ms=155.344|post_ms=3.421|commit_ms=.698|checkpoint_save_ms=NULL|checkpoint_publish_ms=NULL
PMLE_LIVE_STAGE|tic=117|total_ms=163.849|pre_ms=1.348|mle_ms=158.81|post_ms=3.146|commit_ms=.545|checkpoint_save_ms=NULL|checkpoint_publish_ms=NULL
PMLE_LIVE_STAGE|tic=118|total_ms=144.919|pre_ms=1.11|mle_ms=140.24|post_ms=3.025|commit_ms=.544|checkpoint_save_ms=NULL|checkpoint_publish_ms=NULL
PMLE_LIVE_STAGE|tic=119|total_ms=134.099|pre_ms=1.301|mle_ms=129.255|post_ms=3.197|commit_ms=.346|checkpoint_save_ms=NULL|checkpoint_publish_ms=NULL
PMLE_LIVE_STAGE|tic=120|total_ms=119.487|pre_ms=.873|mle_ms=114.455|post_ms=3.629|commit_ms=.53|checkpoint_save_ms=NULL|checkpoint_publish_ms=NULL
PMLE_LIVE_STAGE|tic=121|total_ms=144.168|pre_ms=1.118|mle_ms=139.057|post_ms=3.516|commit_ms=.477|checkpoint_save_ms=NULL|checkpoint_publish_ms=NULL
PMLE_LIVE_STAGE|tic=122|total_ms=142.515|pre_ms=1.04|mle_ms=137.354|post_ms=3.649|commit_ms=.472|checkpoint_save_ms=NULL|checkpoint_publish_ms=NULL
PMLE_LIVE_STAGE|tic=123|total_ms=153.426|pre_ms=1.141|mle_ms=148.092|post_ms=3.467|commit_ms=.726|checkpoint_save_ms=NULL|checkpoint_publish_ms=NULL
PMLE_LIVE_STAGE|tic=124|total_ms=148.893|pre_ms=1.126|mle_ms=143.575|post_ms=3.75|commit_ms=.442|checkpoint_save_ms=NULL|checkpoint_publish_ms=NULL
PMLE_LIVE_STAGE|tic=126|total_ms=118.474|pre_ms=.831|mle_ms=114.902|post_ms=2.381|commit_ms=.36|checkpoint_save_ms=NULL|checkpoint_publish_ms=NULL
PMLE_LIVE_STAGE|tic=127|total_ms=125.936|pre_ms=.788|mle_ms=121.335|post_ms=3.217|commit_ms=.596|checkpoint_save_ms=NULL|checkpoint_publish_ms=NULL
PMLE_LIVE_STAGE|tic=128|total_ms=144.152|pre_ms=.984|mle_ms=139.63|post_ms=2.989|commit_ms=.549|checkpoint_save_ms=NULL|checkpoint_publish_ms=NULL
PMLE_LIVE_STAGE|tic=129|total_ms=160.823|pre_ms=1.197|mle_ms=154.943|post_ms=4.026|commit_ms=.657|checkpoint_save_ms=NULL|checkpoint_publish_ms=NULL
PMLE_LIVE_STAGE|tic=130|total_ms=152.684|pre_ms=1.374|mle_ms=146.957|post_ms=3.873|commit_ms=.48|checkpoint_save_ms=NULL|checkpoint_publish_ms=NULL
PMLE_LIVE_STAGE|tic=131|total_ms=150.15|pre_ms=1.319|mle_ms=144.87|post_ms=3.471|commit_ms=.49|checkpoint_save_ms=NULL|checkpoint_publish_ms=NULL
PMLE_LIVE_STAGE|tic=132|total_ms=142.256|pre_ms=1.053|mle_ms=137.863|post_ms=2.914|commit_ms=.426|checkpoint_save_ms=NULL|checkpoint_publish_ms=NULL
PMLE_LIVE_STAGE|tic=133|total_ms=132.554|pre_ms=1.08|mle_ms=128.218|post_ms=2.914|commit_ms=.342|checkpoint_save_ms=NULL|checkpoint_publish_ms=NULL
PMLE_LIVE_STAGE|tic=134|total_ms=131.384|pre_ms=1.098|mle_ms=126.158|post_ms=3.6|commit_ms=.528|checkpoint_save_ms=NULL|checkpoint_publish_ms=NULL
PMLE_LIVE_STAGE|tic=135|total_ms=146.736|pre_ms=1.315|mle_ms=141.601|post_ms=3.374|commit_ms=.446|checkpoint_save_ms=NULL|checkpoint_publish_ms=NULL
PMLE_LIVE_STAGE|tic=136|total_ms=150.681|pre_ms=1.206|mle_ms=144.785|post_ms=4.101|commit_ms=.589|checkpoint_save_ms=NULL|checkpoint_publish_ms=NULL
PMLE_LIVE_STAGE|tic=137|total_ms=186.272|pre_ms=1.33|mle_ms=180.533|post_ms=3.87|commit_ms=.539|checkpoint_save_ms=NULL|checkpoint_publish_ms=NULL
PMLE_LIVE_STAGE|tic=138|total_ms=171.53|pre_ms=1.39|mle_ms=164.189|post_ms=5.189|commit_ms=.762|checkpoint_save_ms=NULL|checkpoint_publish_ms=NULL
PMLE_LIVE_STAGE|tic=139|total_ms=167.807|pre_ms=2.173|mle_ms=161.899|post_ms=3.258|commit_ms=.477|checkpoint_save_ms=NULL|checkpoint_publish_ms=NULL
PMLE_LIVE_STAGE|tic=140|total_ms=125.664|pre_ms=1.084|mle_ms=121.019|post_ms=3.057|commit_ms=.504|checkpoint_save_ms=NULL|checkpoint_publish_ms=NULL
PMLE_LIVE_STAGE|tic=141|total_ms=147.415|pre_ms=1.282|mle_ms=142.523|post_ms=3.07|commit_ms=.54|checkpoint_save_ms=NULL|checkpoint_publish_ms=NULL
PMLE_LIVE_STAGE|tic=142|total_ms=142.007|pre_ms=1.143|mle_ms=136.885|post_ms=3.34|commit_ms=.639|checkpoint_save_ms=NULL|checkpoint_publish_ms=NULL
PMLE_LIVE_STAGE|tic=143|total_ms=150.38|pre_ms=1.085|mle_ms=145.036|post_ms=3.753|commit_ms=.506|checkpoint_save_ms=NULL|checkpoint_publish_ms=NULL
PMLE_LIVE_STAGE|tic=144|total_ms=154.532|pre_ms=1.075|mle_ms=148.849|post_ms=4.121|commit_ms=.487|checkpoint_save_ms=NULL|checkpoint_publish_ms=NULL
PMLE_LIVE_STAGE|tic=145|total_ms=148.718|pre_ms=1.253|mle_ms=143.481|post_ms=3.368|commit_ms=.616|checkpoint_save_ms=NULL|checkpoint_publish_ms=NULL
PMLE_LIVE_STAGE|tic=146|total_ms=127.712|pre_ms=1.046|mle_ms=123.777|post_ms=2.483|commit_ms=.406|checkpoint_save_ms=NULL|checkpoint_publish_ms=NULL
PMLE_LIVE_STAGE|tic=147|total_ms=135.16|pre_ms=.952|mle_ms=130.424|post_ms=3.216|commit_ms=.568|checkpoint_save_ms=NULL|checkpoint_publish_ms=NULL
PMLE_LIVE_STAGE|tic=148|total_ms=228.755|pre_ms=1.05|mle_ms=223.571|post_ms=3.64|commit_ms=.494|checkpoint_save_ms=NULL|checkpoint_publish_ms=NULL
PMLE_LIVE_STAGE|tic=149|total_ms=166.583|pre_ms=1.222|mle_ms=160.3|post_ms=4.54|commit_ms=.521|checkpoint_save_ms=NULL|checkpoint_publish_ms=NULL
PMLE_LIVE_STAGE|tic=150|total_ms=145.259|pre_ms=1.142|mle_ms=139.162|post_ms=4.483|commit_ms=.472|checkpoint_save_ms=NULL|checkpoint_publish_ms=NULL
PMLE_LIVE_STAGE|tic=151|total_ms=149.916|pre_ms=1.046|mle_ms=144.961|post_ms=3.333|commit_ms=.576|checkpoint_save_ms=NULL|checkpoint_publish_ms=NULL
PMLE_LIVE_STAGE|tic=152|total_ms=124.465|pre_ms=1.281|mle_ms=119.407|post_ms=3.369|commit_ms=.408|checkpoint_save_ms=NULL|checkpoint_publish_ms=NULL
PMLE_LIVE_STAGE|tic=153|total_ms=123.497|pre_ms=1.068|mle_ms=118.645|post_ms=3.398|commit_ms=.386|checkpoint_save_ms=NULL|checkpoint_publish_ms=NULL
PMLE_LIVE_STAGE|tic=154|total_ms=150.242|pre_ms=1.193|mle_ms=145.366|post_ms=3.198|commit_ms=.485|checkpoint_save_ms=NULL|checkpoint_publish_ms=NULL
PMLE_LIVE_STAGE|tic=155|total_ms=143.688|pre_ms=.971|mle_ms=138.879|post_ms=3.368|commit_ms=.47|checkpoint_save_ms=NULL|checkpoint_publish_ms=NULL
PMLE_LIVE_STAGE|tic=156|total_ms=147.625|pre_ms=1.107|mle_ms=142.877|post_ms=3.203|commit_ms=.438|checkpoint_save_ms=NULL|checkpoint_publish_ms=NULL
PMLE_LIVE_STAGE|tic=157|total_ms=153.361|pre_ms=1.096|mle_ms=148.284|post_ms=3.501|commit_ms=.48|checkpoint_save_ms=NULL|checkpoint_publish_ms=NULL
PMLE_LIVE_STAGE|tic=158|total_ms=146.785|pre_ms=1.106|mle_ms=141.235|post_ms=4.011|commit_ms=.433|checkpoint_save_ms=NULL|checkpoint_publish_ms=NULL
PMLE_LIVE_STAGE|tic=159|total_ms=127.596|pre_ms=1.105|mle_ms=123.69|post_ms=2.35|commit_ms=.451|checkpoint_save_ms=NULL|checkpoint_publish_ms=NULL
PMLE_LIVE_STAGE|tic=160|total_ms=114.591|pre_ms=.99|mle_ms=110.766|post_ms=2.339|commit_ms=.496|checkpoint_save_ms=NULL|checkpoint_publish_ms=NULL
PMLE_LIVE_STAGE|tic=161|total_ms=143.576|pre_ms=1.115|mle_ms=138.698|post_ms=3.258|commit_ms=.505|checkpoint_save_ms=NULL|checkpoint_publish_ms=NULL
PMLE_LIVE_STAGE|tic=162|total_ms=140.981|pre_ms=1.177|mle_ms=135.479|post_ms=3.871|commit_ms=.454|checkpoint_save_ms=NULL|checkpoint_publish_ms=NULL
PMLE_LIVE_STAGE|tic=163|total_ms=154.943|pre_ms=1.079|mle_ms=149.568|post_ms=3.824|commit_ms=.472|checkpoint_save_ms=NULL|checkpoint_publish_ms=NULL
PMLE_LIVE_STAGE|tic=164|total_ms=150.923|pre_ms=1.503|mle_ms=145.539|post_ms=3.246|commit_ms=.635|checkpoint_save_ms=NULL|checkpoint_publish_ms=NULL
PMLE_LIVE_STAGE|tic=165|total_ms=144.2|pre_ms=1.44|mle_ms=139.105|post_ms=3.178|commit_ms=.477|checkpoint_save_ms=NULL|checkpoint_publish_ms=NULL
PMLE_LIVE_STAGE|tic=166|total_ms=130.108|pre_ms=1.111|mle_ms=124.954|post_ms=3.458|commit_ms=.585|checkpoint_save_ms=NULL|checkpoint_publish_ms=NULL
PMLE_LIVE_STAGE|tic=167|total_ms=126.631|pre_ms=1.019|mle_ms=122.729|post_ms=2.438|commit_ms=.445|checkpoint_save_ms=NULL|checkpoint_publish_ms=NULL
PMLE_LIVE_STAGE|tic=168|total_ms=145.881|pre_ms=1.351|mle_ms=139.946|post_ms=4.131|commit_ms=.453|checkpoint_save_ms=NULL|checkpoint_publish_ms=NULL
PMLE_LIVE_STAGE|tic=169|total_ms=153.447|pre_ms=1.264|mle_ms=148.284|post_ms=3.286|commit_ms=.613|checkpoint_save_ms=NULL|checkpoint_publish_ms=NULL
PMLE_LIVE_STAGE|tic=170|total_ms=148.623|pre_ms=1.312|mle_ms=143.593|post_ms=3.22|commit_ms=.498|checkpoint_save_ms=NULL|checkpoint_publish_ms=NULL
PMLE_LIVE_STAGE|tic=171|total_ms=145.914|pre_ms=1.04|mle_ms=140.84|post_ms=3.596|commit_ms=.438|checkpoint_save_ms=NULL|checkpoint_publish_ms=NULL
PMLE_LIVE_STAGE|tic=172|total_ms=140.82|pre_ms=1.207|mle_ms=134.943|post_ms=4.153|commit_ms=.517|checkpoint_save_ms=NULL|checkpoint_publish_ms=NULL
PMLE_LIVE_STAGE|tic=173|total_ms=146.233|pre_ms=1.079|mle_ms=140.01|post_ms=4.514|commit_ms=.63|checkpoint_save_ms=NULL|checkpoint_publish_ms=NULL
PMLE_LIVE_STAGE|tic=174|total_ms=153.296|pre_ms=1.169|mle_ms=148.232|post_ms=3.369|commit_ms=.526|checkpoint_save_ms=NULL|checkpoint_publish_ms=NULL
PMLE_LIVE_STAGE|tic=175|total_ms=162.298|pre_ms=1.171|mle_ms=157.447|post_ms=3.197|commit_ms=.483|checkpoint_save_ms=NULL|checkpoint_publish_ms=NULL
PMLE_LIVE_STAGE|tic=176|total_ms=148.382|pre_ms=1.108|mle_ms=142.877|post_ms=3.94|commit_ms=.457|checkpoint_save_ms=NULL|checkpoint_publish_ms=NULL
PMLE_LIVE_STAGE|tic=177|total_ms=157.022|pre_ms=1.182|mle_ms=151.478|post_ms=3.781|commit_ms=.581|checkpoint_save_ms=NULL|checkpoint_publish_ms=NULL
PMLE_LIVE_STAGE|tic=178|total_ms=146.157|pre_ms=1.135|mle_ms=141.218|post_ms=3.231|commit_ms=.573|checkpoint_save_ms=NULL|checkpoint_publish_ms=NULL
PMLE_LIVE_STAGE|tic=179|total_ms=139.717|pre_ms=1.123|mle_ms=135.937|post_ms=2.326|commit_ms=.331|checkpoint_save_ms=NULL|checkpoint_publish_ms=NULL
PMLE_LIVE_STAGE|tic=180|total_ms=115.906|pre_ms=.984|mle_ms=112.073|post_ms=2.423|commit_ms=.426|checkpoint_save_ms=NULL|checkpoint_publish_ms=NULL
PMLE_LIVE_STAGE|tic=181|total_ms=126.32|pre_ms=1.268|mle_ms=121|post_ms=3.598|commit_ms=.454|checkpoint_save_ms=NULL|checkpoint_publish_ms=NULL
PMLE_LIVE_STAGE|tic=182|total_ms=141.157|pre_ms=1.059|mle_ms=136.006|post_ms=3.544|commit_ms=.548|checkpoint_save_ms=NULL|checkpoint_publish_ms=NULL
PMLE_LIVE_STAGE|tic=183|total_ms=188.842|pre_ms=1.236|mle_ms=182.966|post_ms=4.093|commit_ms=.547|checkpoint_save_ms=NULL|checkpoint_publish_ms=NULL
PMLE_LIVE_STAGE|tic=184|total_ms=153.174|pre_ms=1.232|mle_ms=148.155|post_ms=3.341|commit_ms=.446|checkpoint_save_ms=NULL|checkpoint_publish_ms=NULL
PMLE_LIVE_STAGE|tic=185|total_ms=141.681|pre_ms=1.362|mle_ms=136.396|post_ms=3.475|commit_ms=.448|checkpoint_save_ms=NULL|checkpoint_publish_ms=NULL
PMLE_LIVE_STAGE|tic=186|total_ms=126.907|pre_ms=1.187|mle_ms=122.891|post_ms=2.404|commit_ms=.425|checkpoint_save_ms=NULL|checkpoint_publish_ms=NULL
PMLE_LIVE_STAGE|tic=187|total_ms=119.985|pre_ms=.967|mle_ms=115.978|post_ms=2.704|commit_ms=.336|checkpoint_save_ms=NULL|checkpoint_publish_ms=NULL
PMLE_LIVE_STAGE|tic=188|total_ms=134.041|pre_ms=.862|mle_ms=129.771|post_ms=2.917|commit_ms=.491|checkpoint_save_ms=NULL|checkpoint_publish_ms=NULL
PMLE_LIVE_STAGE|tic=189|total_ms=149.508|pre_ms=1.255|mle_ms=144.606|post_ms=3.097|commit_ms=.55|checkpoint_save_ms=NULL|checkpoint_publish_ms=NULL
PMLE_LIVE_STAGE|tic=190|total_ms=144.212|pre_ms=1.222|mle_ms=139.136|post_ms=3.372|commit_ms=.482|checkpoint_save_ms=NULL|checkpoint_publish_ms=NULL
PMLE_LIVE_STAGE|tic=191|total_ms=145.653|pre_ms=1.213|mle_ms=140.249|post_ms=3.703|commit_ms=.488|checkpoint_save_ms=NULL|checkpoint_publish_ms=NULL
PMLE_LIVE_STAGE|tic=192|total_ms=145.591|pre_ms=1.094|mle_ms=139.799|post_ms=4.142|commit_ms=.556|checkpoint_save_ms=NULL|checkpoint_publish_ms=NULL
PMLE_LIVE_STAGE|tic=194|total_ms=123.472|pre_ms=1.066|mle_ms=119.665|post_ms=2.396|commit_ms=.345|checkpoint_save_ms=NULL|checkpoint_publish_ms=NULL
PMLE_LIVE_STAGE|tic=195|total_ms=137.527|pre_ms=.909|mle_ms=132.612|post_ms=3.507|commit_ms=.499|checkpoint_save_ms=NULL|checkpoint_publish_ms=NULL
PMLE_LIVE_STAGE|tic=196|total_ms=142.418|pre_ms=1.126|mle_ms=137.363|post_ms=3.433|commit_ms=.496|checkpoint_save_ms=NULL|checkpoint_publish_ms=NULL
PMLE_LIVE_STAGE|tic=197|total_ms=175.41|pre_ms=1.117|mle_ms=170.188|post_ms=3.527|commit_ms=.578|checkpoint_save_ms=NULL|checkpoint_publish_ms=NULL
PMLE_LIVE_STAGE|tic=198|total_ms=149.591|pre_ms=1.14|mle_ms=144.506|post_ms=3.428|commit_ms=.517|checkpoint_save_ms=NULL|checkpoint_publish_ms=NULL
PMLE_LIVE_STAGE|tic=199|total_ms=155.753|pre_ms=1.096|mle_ms=150.591|post_ms=3.584|commit_ms=.482|checkpoint_save_ms=NULL|checkpoint_publish_ms=NULL
PMLE_LIVE_STAGE|tic=200|total_ms=124.894|pre_ms=1.214|mle_ms=120.481|post_ms=2.784|commit_ms=.415|checkpoint_save_ms=NULL|checkpoint_publish_ms=NULL
PMLE_LIVE_STAGE|tic=201|total_ms=113.577|pre_ms=.818|mle_ms=109.647|post_ms=2.762|commit_ms=.35|checkpoint_save_ms=NULL|checkpoint_publish_ms=NULL
PMLE_LIVE_STAGE|tic=202|total_ms=139.712|pre_ms=1.111|mle_ms=135.152|post_ms=3.069|commit_ms=.38|checkpoint_save_ms=NULL|checkpoint_publish_ms=NULL
PMLE_LIVE_STAGE|tic=203|total_ms=149.034|pre_ms=.968|mle_ms=143.754|post_ms=3.669|commit_ms=.643|checkpoint_save_ms=NULL|checkpoint_publish_ms=NULL
PMLE_LIVE_STAGE|tic=204|total_ms=153.857|pre_ms=1.609|mle_ms=148.479|post_ms=3.213|commit_ms=.556|checkpoint_save_ms=NULL|checkpoint_publish_ms=NULL
PMLE_LIVE_STAGE|tic=205|total_ms=144.491|pre_ms=1.109|mle_ms=139.395|post_ms=3.508|commit_ms=.479|checkpoint_save_ms=NULL|checkpoint_publish_ms=NULL
PMLE_LIVE_STAGE|tic=206|total_ms=147.198|pre_ms=1.394|mle_ms=141.16|post_ms=4.083|commit_ms=.561|checkpoint_save_ms=NULL|checkpoint_publish_ms=NULL
PMLE_LIVE_STAGE|tic=207|total_ms=134.372|pre_ms=1.107|mle_ms=130.339|post_ms=2.534|commit_ms=.392|checkpoint_save_ms=NULL|checkpoint_publish_ms=NULL
PMLE_LIVE_STAGE|tic=208|total_ms=116.88|pre_ms=1.179|mle_ms=112.831|post_ms=2.522|commit_ms=.348|checkpoint_save_ms=NULL|checkpoint_publish_ms=NULL
PMLE_LIVE_STAGE|tic=209|total_ms=151.546|pre_ms=.904|mle_ms=146.138|post_ms=4.027|commit_ms=.477|checkpoint_save_ms=NULL|checkpoint_publish_ms=NULL
PMLE_LIVE_STAGE|tic=210|total_ms=160.515|pre_ms=1.153|mle_ms=154.291|post_ms=4.243|commit_ms=.828|checkpoint_save_ms=NULL|checkpoint_publish_ms=NULL
PMLE_LIVE_STAGE|tic=211|total_ms=176.198|pre_ms=1.649|mle_ms=170.293|post_ms=3.631|commit_ms=.625|checkpoint_save_ms=NULL|checkpoint_publish_ms=NULL
PMLE_LIVE_STAGE|tic=212|total_ms=161.949|pre_ms=1.383|mle_ms=157.034|post_ms=3.075|commit_ms=.457|checkpoint_save_ms=NULL|checkpoint_publish_ms=NULL
PMLE_LIVE_STAGE|tic=213|total_ms=146.877|pre_ms=1.164|mle_ms=142.264|post_ms=2.951|commit_ms=.498|checkpoint_save_ms=NULL|checkpoint_publish_ms=NULL
PMLE_LIVE_STAGE|tic=214|total_ms=123.224|pre_ms=1.042|mle_ms=118.876|post_ms=2.936|commit_ms=.37|checkpoint_save_ms=NULL|checkpoint_publish_ms=NULL
PMLE_LIVE_STAGE|tic=215|total_ms=126.028|pre_ms=.838|mle_ms=121.086|post_ms=3.555|commit_ms=.549|checkpoint_save_ms=NULL|checkpoint_publish_ms=NULL
PMLE_LIVE_STAGE|tic=216|total_ms=148.076|pre_ms=1.241|mle_ms=142.556|post_ms=3.819|commit_ms=.46|checkpoint_save_ms=NULL|checkpoint_publish_ms=NULL
PMLE_LIVE_STAGE|tic=217|total_ms=159.652|pre_ms=1.354|mle_ms=153.586|post_ms=4.062|commit_ms=.65|checkpoint_save_ms=NULL|checkpoint_publish_ms=NULL
PMLE_LIVE_STAGE|tic=218|total_ms=155.693|pre_ms=1.292|mle_ms=150.525|post_ms=3.393|commit_ms=.483|checkpoint_save_ms=NULL|checkpoint_publish_ms=NULL
PMLE_LIVE_STAGE|tic=219|total_ms=154.788|pre_ms=1.284|mle_ms=148.518|post_ms=4.513|commit_ms=.473|checkpoint_save_ms=NULL|checkpoint_publish_ms=NULL
PMLE_LIVE_STAGE|tic=220|total_ms=147.59|pre_ms=1.109|mle_ms=142.093|post_ms=3.917|commit_ms=.471|checkpoint_save_ms=NULL|checkpoint_publish_ms=NULL
PMLE_LIVE_STAGE|tic=221|total_ms=186.847|pre_ms=1.401|mle_ms=180.259|post_ms=4.339|commit_ms=.848|checkpoint_save_ms=NULL|checkpoint_publish_ms=NULL
PMLE_LIVE_STAGE|tic=222|total_ms=180.253|pre_ms=1.607|mle_ms=173.139|post_ms=4.861|commit_ms=.646|checkpoint_save_ms=NULL|checkpoint_publish_ms=NULL
PMLE_LIVE_STAGE|tic=223|total_ms=184.379|pre_ms=1.269|mle_ms=177.979|post_ms=4.459|commit_ms=.672|checkpoint_save_ms=NULL|checkpoint_publish_ms=NULL
PMLE_LIVE_STAGE|tic=224|total_ms=183.891|pre_ms=1.402|mle_ms=177.779|post_ms=4.093|commit_ms=.617|checkpoint_save_ms=NULL|checkpoint_publish_ms=NULL
PMLE_LIVE_STAGE|tic=225|total_ms=177.407|pre_ms=1.643|mle_ms=170.948|post_ms=4.215|commit_ms=.601|checkpoint_save_ms=NULL|checkpoint_publish_ms=NULL
PMLE_LIVE_STAGE|tic=226|total_ms=139.168|pre_ms=2.016|mle_ms=134.315|post_ms=2.394|commit_ms=.443|checkpoint_save_ms=NULL|checkpoint_publish_ms=NULL
PMLE_LIVE_STAGE|tic=227|total_ms=130.312|pre_ms=.956|mle_ms=124.53|post_ms=4.429|commit_ms=.397|checkpoint_save_ms=NULL|checkpoint_publish_ms=NULL
PMLE_LIVE_STAGE|tic=228|total_ms=148.09|pre_ms=1.256|mle_ms=141.392|post_ms=4.903|commit_ms=.539|checkpoint_save_ms=NULL|checkpoint_publish_ms=NULL
PMLE_LIVE_STAGE|tic=229|total_ms=182.51|pre_ms=1.436|mle_ms=175.093|post_ms=5.3|commit_ms=.681|checkpoint_save_ms=NULL|checkpoint_publish_ms=NULL
PMLE_LIVE_STAGE|tic=230|total_ms=150.527|pre_ms=2.001|mle_ms=143.943|post_ms=3.973|commit_ms=.61|checkpoint_save_ms=NULL|checkpoint_publish_ms=NULL
PMLE_LIVE_STAGE|tic=231|total_ms=145.739|pre_ms=1.218|mle_ms=140.472|post_ms=3.561|commit_ms=.488|checkpoint_save_ms=NULL|checkpoint_publish_ms=NULL
PMLE_LIVE_STAGE|tic=232|total_ms=136.515|pre_ms=1.179|mle_ms=131.821|post_ms=3.074|commit_ms=.441|checkpoint_save_ms=NULL|checkpoint_publish_ms=NULL
PMLE_LIVE_STAGE|tic=233|total_ms=133.639|pre_ms=1.04|mle_ms=129.514|post_ms=2.681|commit_ms=.404|checkpoint_save_ms=NULL|checkpoint_publish_ms=NULL
PMLE_LIVE_STAGE|tic=234|total_ms=136.674|pre_ms=.848|mle_ms=131.577|post_ms=3.796|commit_ms=.453|checkpoint_save_ms=NULL|checkpoint_publish_ms=NULL
PMLE_LIVE_STAGE|tic=235|total_ms=152.599|pre_ms=1.301|mle_ms=147.063|post_ms=3.618|commit_ms=.617|checkpoint_save_ms=NULL|checkpoint_publish_ms=NULL
PMLE_LIVE_STAGE|tic=236|total_ms=175.968|pre_ms=1.435|mle_ms=170.104|post_ms=3.672|commit_ms=.757|checkpoint_save_ms=NULL|checkpoint_publish_ms=NULL
PMLE_LIVE_STAGE|tic=237|total_ms=184.36|pre_ms=1.455|mle_ms=169.164|post_ms=13.226|commit_ms=.515|checkpoint_save_ms=NULL|checkpoint_publish_ms=NULL
PMLE_LIVE_STAGE|tic=238|total_ms=150.284|pre_ms=1.28|mle_ms=144.921|post_ms=3.646|commit_ms=.437|checkpoint_save_ms=NULL|checkpoint_publish_ms=NULL
PMLE_LIVE_STAGE|tic=239|total_ms=128.979|pre_ms=1.103|mle_ms=124.09|post_ms=3.343|commit_ms=.443|checkpoint_save_ms=NULL|checkpoint_publish_ms=NULL
PMLE_LIVE_STAGE|tic=240|total_ms=116.147|pre_ms=1.054|mle_ms=112.074|post_ms=2.638|commit_ms=.381|checkpoint_save_ms=NULL|checkpoint_publish_ms=NULL
PMLE_LIVE_STAGE|tic=241|total_ms=157.926|pre_ms=1.011|mle_ms=152.815|post_ms=3.496|commit_ms=.604|checkpoint_save_ms=NULL|checkpoint_publish_ms=NULL
PMLE_LIVE_STAGE|tic=242|total_ms=148.155|pre_ms=1.721|mle_ms=142.416|post_ms=3.39|commit_ms=.628|checkpoint_save_ms=NULL|checkpoint_publish_ms=NULL
PMLE_LIVE_STAGE|tic=243|total_ms=158.182|pre_ms=1.095|mle_ms=153.21|post_ms=3.366|commit_ms=.511|checkpoint_save_ms=NULL|checkpoint_publish_ms=NULL
PMLE_LIVE_STAGE|tic=244|total_ms=155.724|pre_ms=1.413|mle_ms=148.836|post_ms=4.954|commit_ms=.521|checkpoint_save_ms=NULL|checkpoint_publish_ms=NULL
PMLE_LIVE_STAGE|tic=245|total_ms=198.141|pre_ms=1.268|mle_ms=191.443|post_ms=4.733|commit_ms=.697|checkpoint_save_ms=NULL|checkpoint_publish_ms=NULL
PMLE_LIVE_STAGE|tic=246|total_ms=181.703|pre_ms=2.2|mle_ms=169.514|post_ms=9.304|commit_ms=.685|checkpoint_save_ms=NULL|checkpoint_publish_ms=NULL
PMLE_LIVE_STAGE|tic=247|total_ms=174.174|pre_ms=2.107|mle_ms=168.086|post_ms=3.592|commit_ms=.389|checkpoint_save_ms=NULL|checkpoint_publish_ms=NULL
PMLE_LIVE_STAGE|tic=248|total_ms=155.943|pre_ms=1.206|mle_ms=147.355|post_ms=6.535|commit_ms=.847|checkpoint_save_ms=NULL|checkpoint_publish_ms=NULL
PMLE_LIVE_STAGE|tic=249|total_ms=148.922|pre_ms=2.536|mle_ms=142.946|post_ms=2.618|commit_ms=.822|checkpoint_save_ms=NULL|checkpoint_publish_ms=NULL
PMLE_LIVE_STAGE|tic=250|total_ms=145.465|pre_ms=2.404|mle_ms=138.138|post_ms=4|commit_ms=.923|checkpoint_save_ms=NULL|checkpoint_publish_ms=NULL
PMLE_LIVE_STAGE|tic=251|total_ms=168.519|pre_ms=1.246|mle_ms=163.606|post_ms=3.168|commit_ms=.499|checkpoint_save_ms=NULL|checkpoint_publish_ms=NULL
PMLE_LIVE_STAGE|tic=252|total_ms=148.14|pre_ms=1.07|mle_ms=141.768|post_ms=4.759|commit_ms=.543|checkpoint_save_ms=NULL|checkpoint_publish_ms=NULL
PMLE_LIVE_STAGE|tic=253|total_ms=154.281|pre_ms=1.994|mle_ms=147.83|post_ms=3.923|commit_ms=.534|checkpoint_save_ms=NULL|checkpoint_publish_ms=NULL
PMLE_LIVE_STAGE|tic=254|total_ms=152.306|pre_ms=1.111|mle_ms=147.478|post_ms=3.28|commit_ms=.437|checkpoint_save_ms=NULL|checkpoint_publish_ms=NULL
PMLE_LIVE_STAGE|tic=256|total_ms=125.42|pre_ms=1.188|mle_ms=121.426|post_ms=2.454|commit_ms=.352|checkpoint_save_ms=NULL|checkpoint_publish_ms=NULL
PMLE_LIVE_STAGE|tic=257|total_ms=145.512|pre_ms=.826|mle_ms=140.051|post_ms=4.078|commit_ms=.557|checkpoint_save_ms=NULL|checkpoint_publish_ms=NULL
PMLE_LIVE_STAGE|tic=258|total_ms=145.422|pre_ms=1.231|mle_ms=139.831|post_ms=3.887|commit_ms=.473|checkpoint_save_ms=NULL|checkpoint_publish_ms=NULL
PMLE_LIVE_STAGE|tic=259|total_ms=164.289|pre_ms=1.284|mle_ms=159.258|post_ms=3.263|commit_ms=.484|checkpoint_save_ms=NULL|checkpoint_publish_ms=NULL
PMLE_LIVE_STAGE|tic=260|total_ms=143.627|pre_ms=1.265|mle_ms=138.371|post_ms=3.513|commit_ms=.478|checkpoint_save_ms=NULL|checkpoint_publish_ms=NULL
PMLE_LIVE_STAGE|tic=261|total_ms=147.793|pre_ms=1.163|mle_ms=142.654|post_ms=3.408|commit_ms=.568|checkpoint_save_ms=NULL|checkpoint_publish_ms=NULL
PMLE_LIVE_STAGE|tic=262|total_ms=120.507|pre_ms=1.144|mle_ms=115.899|post_ms=3.12|commit_ms=.344|checkpoint_save_ms=NULL|checkpoint_publish_ms=NULL
PMLE_LIVE_STAGE|tic=263|total_ms=116.491|pre_ms=.851|mle_ms=111.745|post_ms=3.551|commit_ms=.344|checkpoint_save_ms=NULL|checkpoint_publish_ms=NULL
PMLE_LIVE_STAGE|tic=264|total_ms=142.92|pre_ms=1.269|mle_ms=137.85|post_ms=3.34|commit_ms=.461|checkpoint_save_ms=NULL|checkpoint_publish_ms=NULL
PMLE_LIVE_STAGE|tic=265|total_ms=146.158|pre_ms=1.176|mle_ms=141.333|post_ms=3.254|commit_ms=.395|checkpoint_save_ms=NULL|checkpoint_publish_ms=NULL
PMLE_LIVE_STAGE|tic=266|total_ms=149.526|pre_ms=1.131|mle_ms=143.868|post_ms=4.073|commit_ms=.454|checkpoint_save_ms=NULL|checkpoint_publish_ms=NULL
PMLE_LIVE_STAGE|tic=267|total_ms=158.156|pre_ms=1.321|mle_ms=152.309|post_ms=3.949|commit_ms=.577|checkpoint_save_ms=NULL|checkpoint_publish_ms=NULL
PMLE_LIVE_STAGE|tic=268|total_ms=144.763|pre_ms=1.098|mle_ms=139.728|post_ms=3.347|commit_ms=.59|checkpoint_save_ms=NULL|checkpoint_publish_ms=NULL
PMLE_LIVE_STAGE|tic=269|total_ms=208.046|pre_ms=1.211|mle_ms=203.928|post_ms=2.547|commit_ms=.36|checkpoint_save_ms=NULL|checkpoint_publish_ms=NULL
PMLE_LIVE_STAGE|tic=270|total_ms=132.259|pre_ms=1.055|mle_ms=127.381|post_ms=3.398|commit_ms=.425|checkpoint_save_ms=NULL|checkpoint_publish_ms=NULL
PMLE_LIVE_STAGE|tic=271|total_ms=142.871|pre_ms=1.175|mle_ms=137.83|post_ms=3.344|commit_ms=.522|checkpoint_save_ms=NULL|checkpoint_publish_ms=NULL
PMLE_LIVE_STAGE|tic=272|total_ms=142.625|pre_ms=1.341|mle_ms=136.841|post_ms=3.849|commit_ms=.594|checkpoint_save_ms=NULL|checkpoint_publish_ms=NULL
PMLE_LIVE_STAGE|tic=273|total_ms=148.483|pre_ms=1.326|mle_ms=143.76|post_ms=2.91|commit_ms=.487|checkpoint_save_ms=NULL|checkpoint_publish_ms=NULL
PMLE_LIVE_STAGE|tic=274|total_ms=148.893|pre_ms=1.088|mle_ms=143.925|post_ms=3.315|commit_ms=.565|checkpoint_save_ms=NULL|checkpoint_publish_ms=NULL
PMLE_LIVE_STAGE|tic=275|total_ms=132.848|pre_ms=1.074|mle_ms=129.075|post_ms=2.287|commit_ms=.412|checkpoint_save_ms=NULL|checkpoint_publish_ms=NULL
PMLE_LIVE_STAGE|tic=276|total_ms=111.559|pre_ms=.943|mle_ms=107.521|post_ms=2.727|commit_ms=.368|checkpoint_save_ms=NULL|checkpoint_publish_ms=NULL
PMLE_LIVE_STAGE|tic=277|total_ms=132.603|pre_ms=.928|mle_ms=126.874|post_ms=4.205|commit_ms=.596|checkpoint_save_ms=NULL|checkpoint_publish_ms=NULL
PMLE_LIVE_STAGE|tic=278|total_ms=170.49|pre_ms=1.141|mle_ms=165.427|post_ms=3.387|commit_ms=.535|checkpoint_save_ms=NULL|checkpoint_publish_ms=NULL
PMLE_LIVE_STAGE|tic=279|total_ms=174.631|pre_ms=1.462|mle_ms=169.066|post_ms=3.483|commit_ms=.62|checkpoint_save_ms=NULL|checkpoint_publish_ms=NULL
PMLE_LIVE_STAGE|tic=280|total_ms=157.594|pre_ms=1.332|mle_ms=152.112|post_ms=3.64|commit_ms=.51|checkpoint_save_ms=NULL|checkpoint_publish_ms=NULL
PMLE_LIVE_STAGE|tic=281|total_ms=145.766|pre_ms=1.262|mle_ms=140.773|post_ms=3.245|commit_ms=.486|checkpoint_save_ms=NULL|checkpoint_publish_ms=NULL
PMLE_LIVE_STAGE|tic=282|total_ms=118.686|pre_ms=1.266|mle_ms=113.238|post_ms=3.732|commit_ms=.45|checkpoint_save_ms=NULL|checkpoint_publish_ms=NULL
PMLE_LIVE_STAGE|tic=283|total_ms=126.965|pre_ms=.973|mle_ms=122.484|post_ms=3.055|commit_ms=.453|checkpoint_save_ms=NULL|checkpoint_publish_ms=NULL
PMLE_LIVE_STAGE|tic=284|total_ms=156.754|pre_ms=1.175|mle_ms=151.612|post_ms=3.422|commit_ms=.545|checkpoint_save_ms=NULL|checkpoint_publish_ms=NULL
PMLE_LIVE_STAGE|tic=285|total_ms=149.662|pre_ms=1.334|mle_ms=143.5|post_ms=4.386|commit_ms=.442|checkpoint_save_ms=NULL|checkpoint_publish_ms=NULL
PMLE_LIVE_STAGE|tic=286|total_ms=158.724|pre_ms=1.075|mle_ms=153.046|post_ms=4.048|commit_ms=.555|checkpoint_save_ms=NULL|checkpoint_publish_ms=NULL
PMLE_LIVE_STAGE|tic=287|total_ms=164.435|pre_ms=1.301|mle_ms=158.96|post_ms=3.436|commit_ms=.738|checkpoint_save_ms=NULL|checkpoint_publish_ms=NULL
PMLE_LIVE_STAGE|tic=288|total_ms=144.915|pre_ms=1.401|mle_ms=140.619|post_ms=2.54|commit_ms=.355|checkpoint_save_ms=NULL|checkpoint_publish_ms=NULL
PMLE_LIVE_STAGE|tic=289|total_ms=119.845|pre_ms=.869|mle_ms=116.041|post_ms=2.497|commit_ms=.438|checkpoint_save_ms=NULL|checkpoint_publish_ms=NULL
PMLE_LIVE_STAGE|tic=290|total_ms=116.543|pre_ms=.905|mle_ms=111.713|post_ms=3.506|commit_ms=.419|checkpoint_save_ms=NULL|checkpoint_publish_ms=NULL
PMLE_LIVE_STAGE|tic=291|total_ms=142.024|pre_ms=1.28|mle_ms=136.615|post_ms=3.552|commit_ms=.577|checkpoint_save_ms=NULL|checkpoint_publish_ms=NULL
PMLE_LIVE_STAGE|tic=292|total_ms=137.629|pre_ms=1.15|mle_ms=132.726|post_ms=3.274|commit_ms=.479|checkpoint_save_ms=NULL|checkpoint_publish_ms=NULL
PMLE_LIVE_STAGE|tic=293|total_ms=148.924|pre_ms=1.38|mle_ms=143.759|post_ms=3.219|commit_ms=.566|checkpoint_save_ms=NULL|checkpoint_publish_ms=NULL
PMLE_LIVE_STAGE|tic=294|total_ms=150.37|pre_ms=1.111|mle_ms=145.353|post_ms=3.425|commit_ms=.481|checkpoint_save_ms=NULL|checkpoint_publish_ms=NULL
PMLE_LIVE_STAGE|tic=295|total_ms=143.757|pre_ms=1.541|mle_ms=138.279|post_ms=3.353|commit_ms=.584|checkpoint_save_ms=NULL|checkpoint_publish_ms=NULL
PMLE_LIVE_STAGE|tic=296|total_ms=120.439|pre_ms=1.251|mle_ms=115.859|post_ms=2.892|commit_ms=.437|checkpoint_save_ms=NULL|checkpoint_publish_ms=NULL
PMLE_LIVE_STAGE|tic=297|total_ms=131.609|pre_ms=1.009|mle_ms=126.631|post_ms=3.47|commit_ms=.499|checkpoint_save_ms=NULL|checkpoint_publish_ms=NULL
PMLE_LIVE_STAGE|tic=298|total_ms=149.398|pre_ms=1.164|mle_ms=144.681|post_ms=3.106|commit_ms=.447|checkpoint_save_ms=NULL|checkpoint_publish_ms=NULL
PMLE_LIVE_STAGE|tic=299|total_ms=148.008|pre_ms=1.182|mle_ms=142.809|post_ms=3.301|commit_ms=.716|checkpoint_save_ms=NULL|checkpoint_publish_ms=NULL
PMLE_LIVE_STAGE|tic=300|total_ms=144.53|pre_ms=1.269|mle_ms=139.643|post_ms=3.169|commit_ms=.449|checkpoint_save_ms=NULL|checkpoint_publish_ms=NULL
PMLE_LIVE_STAGE|tic=301|total_ms=143.023|pre_ms=1.057|mle_ms=137.709|post_ms=3.721|commit_ms=.536|checkpoint_save_ms=NULL|checkpoint_publish_ms=NULL
PMLE_LIVE_STAGE|tic=302|total_ms=138.14|pre_ms=1.131|mle_ms=133.584|post_ms=2.992|commit_ms=.433|checkpoint_save_ms=NULL|checkpoint_publish_ms=NULL
PMLE_LIVE_STAGE|tic=303|total_ms=115.163|pre_ms=1.295|mle_ms=111.072|post_ms=2.447|commit_ms=.349|checkpoint_save_ms=NULL|checkpoint_publish_ms=NULL
PMLE_LIVE_STAGE|tic=304|total_ms=118.752|pre_ms=1.139|mle_ms=112.426|post_ms=4.621|commit_ms=.566|checkpoint_save_ms=NULL|checkpoint_publish_ms=NULL
PMLE_LIVE_STAGE|tic=305|total_ms=152.183|pre_ms=1.766|mle_ms=145.137|post_ms=4.763|commit_ms=.517|checkpoint_save_ms=NULL|checkpoint_publish_ms=NULL
PMLE_LIVE_STAGE|tic=306|total_ms=151.584|pre_ms=1.257|mle_ms=145.944|post_ms=3.899|commit_ms=.484|checkpoint_save_ms=NULL|checkpoint_publish_ms=NULL
PMLE_LIVE_STAGE|tic=307|total_ms=169.811|pre_ms=1.133|mle_ms=163.792|post_ms=4.325|commit_ms=.561|checkpoint_save_ms=NULL|checkpoint_publish_ms=NULL
PMLE_LIVE_STAGE|tic=308|total_ms=151.443|pre_ms=1.359|mle_ms=145.211|post_ms=4.37|commit_ms=.503|checkpoint_save_ms=NULL|checkpoint_publish_ms=NULL
PMLE_LIVE_STAGE|tic=309|total_ms=157.454|pre_ms=1.302|mle_ms=152.725|post_ms=2.957|commit_ms=.47|checkpoint_save_ms=NULL|checkpoint_publish_ms=NULL
PMLE_LIVE_STAGE|tic=310|total_ms=129.39|pre_ms=1.02|mle_ms=124.189|post_ms=3.694|commit_ms=.487|checkpoint_save_ms=NULL|checkpoint_publish_ms=NULL
PMLE_LIVE_STAGE|tic=311|total_ms=156.832|pre_ms=1.357|mle_ms=151.462|post_ms=3.378|commit_ms=.635|checkpoint_save_ms=NULL|checkpoint_publish_ms=NULL
PMLE_LIVE_STAGE|tic=312|total_ms=157.019|pre_ms=1.341|mle_ms=149.985|post_ms=5.14|commit_ms=.553|checkpoint_save_ms=NULL|checkpoint_publish_ms=NULL
PMLE_LIVE_STAGE|tic=313|total_ms=167.848|pre_ms=1.652|mle_ms=162.184|post_ms=3.383|commit_ms=.629|checkpoint_save_ms=NULL|checkpoint_publish_ms=NULL
PMLE_LIVE_STAGE|tic=314|total_ms=196.996|pre_ms=1.14|mle_ms=189.619|post_ms=5.227|commit_ms=1.01|checkpoint_save_ms=NULL|checkpoint_publish_ms=NULL
PMLE_LIVE_STAGE|tic=315|total_ms=181.295|pre_ms=1.52|mle_ms=175.735|post_ms=3.521|commit_ms=.519|checkpoint_save_ms=NULL|checkpoint_publish_ms=NULL
PMLE_LIVE_STAGE|tic=316|total_ms=147.501|pre_ms=1.261|mle_ms=142.423|post_ms=3.316|commit_ms=.501|checkpoint_save_ms=NULL|checkpoint_publish_ms=NULL
PMLE_LIVE_STAGE|tic=317|total_ms=182.104|pre_ms=1.174|mle_ms=177.269|post_ms=3.189|commit_ms=.472|checkpoint_save_ms=NULL|checkpoint_publish_ms=NULL
PMLE_LIVE_STAGE|tic=318|total_ms=160.491|pre_ms=1.258|mle_ms=154.356|post_ms=4.358|commit_ms=.519|checkpoint_save_ms=NULL|checkpoint_publish_ms=NULL
PMLE_LIVE_STAGE|tic=319|total_ms=159.37|pre_ms=1.488|mle_ms=153.727|post_ms=3.627|commit_ms=.528|checkpoint_save_ms=NULL|checkpoint_publish_ms=NULL
PMLE_LIVE_STAGE|tic=320|total_ms=153.475|pre_ms=1.205|mle_ms=143.695|post_ms=7.805|commit_ms=.77|checkpoint_save_ms=NULL|checkpoint_publish_ms=NULL
PMLE_LIVE_STAGE|tic=321|total_ms=151.598|pre_ms=1.32|mle_ms=147.141|post_ms=2.605|commit_ms=.532|checkpoint_save_ms=NULL|checkpoint_publish_ms=NULL
PMLE_LIVE_STAGE|tic=322|total_ms=125.158|pre_ms=1.093|mle_ms=121.393|post_ms=2.324|commit_ms=.348|checkpoint_save_ms=NULL|checkpoint_publish_ms=NULL
PMLE_LIVE_STAGE|tic=323|total_ms=133.065|pre_ms=1.473|mle_ms=127.402|post_ms=3.74|commit_ms=.45|checkpoint_save_ms=NULL|checkpoint_publish_ms=NULL
PMLE_LIVE_STAGE|tic=324|total_ms=156.27|pre_ms=1.314|mle_ms=150.449|post_ms=4.062|commit_ms=.445|checkpoint_save_ms=NULL|checkpoint_publish_ms=NULL
PMLE_LIVE_STAGE|tic=325|total_ms=157.291|pre_ms=1.301|mle_ms=152.357|post_ms=3.077|commit_ms=.556|checkpoint_save_ms=NULL|checkpoint_publish_ms=NULL
PMLE_LIVE_STAGE|tic=326|total_ms=154.838|pre_ms=1.314|mle_ms=149.886|post_ms=3.018|commit_ms=.62|checkpoint_save_ms=NULL|checkpoint_publish_ms=NULL
PMLE_LIVE_STAGE|tic=327|total_ms=158.913|pre_ms=1.271|mle_ms=153.666|post_ms=3.42|commit_ms=.556|checkpoint_save_ms=NULL|checkpoint_publish_ms=NULL
PMLE_LIVE_STAGE|tic=328|total_ms=134.033|pre_ms=1.117|mle_ms=128.918|post_ms=3.551|commit_ms=.447|checkpoint_save_ms=NULL|checkpoint_publish_ms=NULL
PMLE_LIVE_STAGE|tic=329|total_ms=133.689|pre_ms=1.219|mle_ms=129.019|post_ms=3.012|commit_ms=.439|checkpoint_save_ms=NULL|checkpoint_publish_ms=NULL
PMLE_LIVE_STAGE|tic=330|total_ms=150.342|pre_ms=1.355|mle_ms=144.997|post_ms=3.435|commit_ms=.555|checkpoint_save_ms=NULL|checkpoint_publish_ms=NULL
PMLE_LIVE_STAGE|tic=331|total_ms=151.246|pre_ms=1.088|mle_ms=144.86|post_ms=4.508|commit_ms=.79|checkpoint_save_ms=NULL|checkpoint_publish_ms=NULL
PMLE_LIVE_STAGE|tic=332|total_ms=243.016|pre_ms=1.583|mle_ms=237.802|post_ms=3.184|commit_ms=.447|checkpoint_save_ms=NULL|checkpoint_publish_ms=NULL
PMLE_LIVE_STAGE|tic=333|total_ms=158.598|pre_ms=1.131|mle_ms=153.352|post_ms=3.676|commit_ms=.439|checkpoint_save_ms=NULL|checkpoint_publish_ms=NULL
PMLE_LIVE_STAGE|tic=334|total_ms=142.088|pre_ms=1.327|mle_ms=137.46|post_ms=2.88|commit_ms=.421|checkpoint_save_ms=NULL|checkpoint_publish_ms=NULL
PMLE_LIVE_STAGE|tic=335|total_ms=121.413|pre_ms=1.025|mle_ms=116.922|post_ms=3.028|commit_ms=.438|checkpoint_save_ms=NULL|checkpoint_publish_ms=NULL
PMLE_LIVE_STAGE|tic=336|total_ms=148.261|pre_ms=1.079|mle_ms=143.317|post_ms=3.405|commit_ms=.46|checkpoint_save_ms=NULL|checkpoint_publish_ms=NULL
PMLE_LIVE_STAGE|tic=337|total_ms=160.533|pre_ms=1.088|mle_ms=154.538|post_ms=4.176|commit_ms=.731|checkpoint_save_ms=NULL|checkpoint_publish_ms=NULL
PMLE_LIVE_STAGE|tic=338|total_ms=151.176|pre_ms=1.466|mle_ms=145.883|post_ms=3.239|commit_ms=.588|checkpoint_save_ms=NULL|checkpoint_publish_ms=NULL
PMLE_LIVE_STAGE|tic=339|total_ms=157.039|pre_ms=1.397|mle_ms=151.451|post_ms=3.774|commit_ms=.417|checkpoint_save_ms=NULL|checkpoint_publish_ms=NULL
PMLE_LIVE_STAGE|tic=340|total_ms=149.957|pre_ms=1.387|mle_ms=145.097|post_ms=2.99|commit_ms=.483|checkpoint_save_ms=NULL|checkpoint_publish_ms=NULL
PMLE_LIVE_STAGE|tic=341|total_ms=130.688|pre_ms=1.077|mle_ms=126.007|post_ms=3.075|commit_ms=.529|checkpoint_save_ms=NULL|checkpoint_publish_ms=NULL
PMLE_LIVE_STAGE|tic=342|total_ms=126.319|pre_ms=1.28|mle_ms=120.508|post_ms=3.991|commit_ms=.54|checkpoint_save_ms=NULL|checkpoint_publish_ms=NULL
PMLE_LIVE_STAGE|tic=343|total_ms=290.938|pre_ms=1.332|mle_ms=285.577|post_ms=3.604|commit_ms=.425|checkpoint_save_ms=NULL|checkpoint_publish_ms=NULL
PMLE_LIVE_STAGE|tic=344|total_ms=159.526|pre_ms=1.923|mle_ms=153.294|post_ms=3.784|commit_ms=.525|checkpoint_save_ms=NULL|checkpoint_publish_ms=NULL
PMLE_LIVE_STAGE|tic=345|total_ms=145.854|pre_ms=1.355|mle_ms=140.274|post_ms=3.734|commit_ms=.491|checkpoint_save_ms=NULL|checkpoint_publish_ms=NULL
PMLE_LIVE_STAGE|tic=346|total_ms=151.152|pre_ms=1.306|mle_ms=146.406|post_ms=2.924|commit_ms=.516|checkpoint_save_ms=NULL|checkpoint_publish_ms=NULL
PMLE_LIVE_STAGE|tic=347|total_ms=147.737|pre_ms=1.055|mle_ms=142.832|post_ms=3.338|commit_ms=.512|checkpoint_save_ms=NULL|checkpoint_publish_ms=NULL
PMLE_LIVE_STAGE|tic=348|total_ms=161.453|pre_ms=1.104|mle_ms=154.446|post_ms=5.295|commit_ms=.608|checkpoint_save_ms=NULL|checkpoint_publish_ms=NULL
PMLE_LIVE_STAGE|tic=349|total_ms=173.16|pre_ms=1.249|mle_ms=167.595|post_ms=3.667|commit_ms=.649|checkpoint_save_ms=NULL|checkpoint_publish_ms=NULL
PMLE_LIVE_STAGE|tic=350|total_ms=163.24|pre_ms=1.712|mle_ms=157.366|post_ms=3.685|commit_ms=.477|checkpoint_save_ms=NULL|checkpoint_publish_ms=NULL
PMLE_LIVE_STAGE|tic=351|total_ms=156.29|pre_ms=1.223|mle_ms=151.058|post_ms=3.544|commit_ms=.465|checkpoint_save_ms=NULL|checkpoint_publish_ms=NULL
PMLE_LIVE_STAGE|tic=352|total_ms=178.18|pre_ms=1.563|mle_ms=171.672|post_ms=4.438|commit_ms=.507|checkpoint_save_ms=NULL|checkpoint_publish_ms=NULL
PMLE_LIVE_STAGE|tic=353|total_ms=147.671|pre_ms=1.383|mle_ms=142.283|post_ms=3.624|commit_ms=.381|checkpoint_save_ms=NULL|checkpoint_publish_ms=NULL
PMLE_LIVE_STAGE|tic=354|total_ms=147.602|pre_ms=.986|mle_ms=142.985|post_ms=3.168|commit_ms=.463|checkpoint_save_ms=NULL|checkpoint_publish_ms=NULL
PMLE_LIVE_STAGE|tic=355|total_ms=155.987|pre_ms=1.154|mle_ms=140.095|post_ms=14.132|commit_ms=.606|checkpoint_save_ms=NULL|checkpoint_publish_ms=NULL
PMLE_LIVE_STAGE|tic=356|total_ms=155.132|pre_ms=1.214|mle_ms=148.951|post_ms=4.451|commit_ms=.516|checkpoint_save_ms=NULL|checkpoint_publish_ms=NULL
PMLE_LIVE_STAGE|tic=357|total_ms=157.123|pre_ms=1.22|mle_ms=151.724|post_ms=3.604|commit_ms=.575|checkpoint_save_ms=NULL|checkpoint_publish_ms=NULL
PMLE_LIVE_STAGE|tic=358|total_ms=150.954|pre_ms=1.389|mle_ms=144.751|post_ms=4.319|commit_ms=.495|checkpoint_save_ms=NULL|checkpoint_publish_ms=NULL
PMLE_LIVE_STAGE|tic=359|total_ms=143.491|pre_ms=1.225|mle_ms=139.454|post_ms=2.447|commit_ms=.365|checkpoint_save_ms=NULL|checkpoint_publish_ms=NULL
PMLE_LIVE_STAGE|tic=360|total_ms=115.014|pre_ms=.856|mle_ms=111.069|post_ms=2.706|commit_ms=.383|checkpoint_save_ms=NULL|checkpoint_publish_ms=NULL
PMLE_LIVE_STAGE|tic=361|total_ms=156.778|pre_ms=1.139|mle_ms=151.069|post_ms=4.021|commit_ms=.549|checkpoint_save_ms=NULL|checkpoint_publish_ms=NULL
PMLE_LIVE_STAGE|tic=362|total_ms=144.302|pre_ms=1.237|mle_ms=139.003|post_ms=3.699|commit_ms=.363|checkpoint_save_ms=NULL|checkpoint_publish_ms=NULL
PMLE_LIVE_STAGE|tic=363|total_ms=154.242|pre_ms=1.342|mle_ms=148.886|post_ms=3.523|commit_ms=.491|checkpoint_save_ms=NULL|checkpoint_publish_ms=NULL
PMLE_LIVE_STAGE|tic=364|total_ms=153.468|pre_ms=1.176|mle_ms=148.612|post_ms=3.216|commit_ms=.464|checkpoint_save_ms=NULL|checkpoint_publish_ms=NULL
PMLE_LIVE_STAGE|tic=365|total_ms=146.046|pre_ms=1.17|mle_ms=140.821|post_ms=3.478|commit_ms=.577|checkpoint_save_ms=NULL|checkpoint_publish_ms=NULL
PMLE_LIVE_STAGE|tic=366|total_ms=121.841|pre_ms=1.261|mle_ms=117.4|post_ms=2.846|commit_ms=.334|checkpoint_save_ms=NULL|checkpoint_publish_ms=NULL
PMLE_LIVE_STAGE|tic=367|total_ms=124.493|pre_ms=1.439|mle_ms=118.795|post_ms=3.619|commit_ms=.64|checkpoint_save_ms=NULL|checkpoint_publish_ms=NULL
PMLE_LIVE_STAGE|tic=368|total_ms=154.661|pre_ms=1.202|mle_ms=148.992|post_ms=3.982|commit_ms=.485|checkpoint_save_ms=NULL|checkpoint_publish_ms=NULL
PMLE_LIVE_STAGE|tic=369|total_ms=155.282|pre_ms=1.164|mle_ms=149.023|post_ms=4.484|commit_ms=.611|checkpoint_save_ms=NULL|checkpoint_publish_ms=NULL
PMLE_LIVE_STAGE|tic=370|total_ms=157.952|pre_ms=1.564|mle_ms=152.677|post_ms=3.264|commit_ms=.447|checkpoint_save_ms=NULL|checkpoint_publish_ms=NULL
PMLE_LIVE_STAGE|tic=371|total_ms=147.131|pre_ms=1.213|mle_ms=141.785|post_ms=3.616|commit_ms=.517|checkpoint_save_ms=NULL|checkpoint_publish_ms=NULL
PMLE_LIVE_STAGE|tic=372|total_ms=148.731|pre_ms=1.183|mle_ms=143.13|post_ms=3.919|commit_ms=.499|checkpoint_save_ms=NULL|checkpoint_publish_ms=NULL
PMLE_LIVE_STAGE|tic=373|total_ms=155.566|pre_ms=1.205|mle_ms=150.759|post_ms=3.144|commit_ms=.458|checkpoint_save_ms=NULL|checkpoint_publish_ms=NULL
PMLE_LIVE_STAGE|tic=374|total_ms=185.764|pre_ms=1.246|mle_ms=180.871|post_ms=3.229|commit_ms=.418|checkpoint_save_ms=NULL|checkpoint_publish_ms=NULL
PMLE_LIVE_STAGE|tic=375|total_ms=153.032|pre_ms=1.262|mle_ms=147.427|post_ms=3.505|commit_ms=.838|checkpoint_save_ms=NULL|checkpoint_publish_ms=NULL
PMLE_LIVE_STAGE|tic=376|total_ms=264.436|pre_ms=1.503|mle_ms=258.978|post_ms=3.548|commit_ms=.407|checkpoint_save_ms=NULL|checkpoint_publish_ms=NULL
PMLE_LIVE_STAGE|tic=377|total_ms=169.277|pre_ms=1.219|mle_ms=162.525|post_ms=4.458|commit_ms=1.075|checkpoint_save_ms=NULL|checkpoint_publish_ms=NULL
