PMLE_HOST_CONTEXT|phase=BEFORE|utc=2026-07-24T02:33:37Z|uname=Darwin macbookpro.lan 24.6.0 Darwin Kernel Version 24.6.0: Wed Nov  5 21:30:23 PST 2025; root:xnu-11417.140.69.705.2~1/RELEASE_X86_64 x86_64
PMLE_HOST_CONTEXT|phase=BEFORE|model=MacBookPro15,1|logical_cpu=12
PMLE_HOST_THERMAL|phase=BEFORE|Note: No thermal warning level has been recorded
PMLE_HOST_THERMAL|phase=BEFORE|Note: No performance warning level has been recorded
PMLE_HOST_THERMAL|phase=BEFORE|2026-07-23 22:33:37 -0400 CPU Power notify
PMLE_HOST_THERMAL|phase=BEFORE|	CPU_Scheduler_Limit 	= 100
PMLE_HOST_THERMAL|phase=BEFORE|	CPU_Available_CPUs 	= 12
PMLE_HOST_THERMAL|phase=BEFORE|	CPU_Speed_Limit 	= 100

Session altered.


Session altered.


Session altered.


Session altered.

6 command-line variables
M_LoadDefaults: Load system defaults.
M_Random: Using DelegateRandom.
-iwad specified. Will be used with priority
ITicker: Using nanosecond accuracy timer.
FreeDoom: Phase 1	   v1.9
W_Init: Init WADfiles.
	added freedoom1.wad (zipped: false network: true)
VI_Init: set palettes.
Palette: 3584 colors
VI_Init: set colormaps.
Colormaps: 35
V_Init: allocate screens.
AM_Init: Init Automap colors -
===========================================================================
Copyright © 2001-2017 Contributors to the Freedoom project.
All rights reserved.
See: https://github.com/freedoom/freedoom/blob/master/COPYING.adoc
===========================================================================
Tables.InitTables: Init trigonometric LUTs.
M_Init: Init miscellaneous info.
R_Init: Init DOOM refresh daemon -
P_Init: Init Playloop state.
false NUKAGE1 NUKAGE3 8
false FWATER1 FWATER4 8
false SWATER1 SWATER4 8
false LAVA1 LAVA4 8
false BLOOD1 BLOOD3 8
false RROCK05 RROCK08 8
false SLIME01 SLIME04 8
false SLIME05 SLIME08 8
false SLIME09 SLIME12 8
I_Init: Setting up machine state.
D_CheckNetGame: Checking network game status.
startskill sk_medium  deathmatch: false  startmap: 1  startepisode: 1
player 1 of 1 (1 nodes)
S_Init: Setting up sound.
M_Random: Switching to DoomRandom (new instance)
P_GetNodesVersion: using normal BSP nodes
PMLE_LIVE_REPLAY_INIT|stream=live-stage-pair-2026-07-24|wall_ms=44740.481
PMLE_LIVE_REPLAY_TIC|tic=1|mle_ms=192.723
PMLE_LIVE_REPLAY_TIC|tic=2|mle_ms=168.001
PMLE_LIVE_REPLAY_TIC|tic=3|mle_ms=143.081
PMLE_LIVE_REPLAY_TIC|tic=4|mle_ms=186.365
PMLE_LIVE_REPLAY_TIC|tic=5|mle_ms=148.102
PMLE_LIVE_REPLAY_TIC|tic=6|mle_ms=171.362
PMLE_LIVE_REPLAY_TIC|tic=7|mle_ms=243.217
PMLE_LIVE_REPLAY_TIC|tic=8|mle_ms=164.223
PMLE_LIVE_REPLAY_TIC|tic=9|mle_ms=178.091
PMLE_LIVE_REPLAY_TIC|tic=10|mle_ms=244.688
PMLE_LIVE_REPLAY_TIC|tic=11|mle_ms=157.647
PMLE_LIVE_REPLAY_TIC|tic=12|mle_ms=148.945
PMLE_LIVE_REPLAY_TIC|tic=13|mle_ms=226.964
PMLE_LIVE_REPLAY_TIC|tic=14|mle_ms=256.026
PMLE_LIVE_REPLAY_TIC|tic=15|mle_ms=270.698
PMLE_LIVE_REPLAY_TIC|tic=16|mle_ms=267.046
PMLE_LIVE_REPLAY_TIC|tic=17|mle_ms=190.661
PMLE_LIVE_REPLAY_TIC|tic=18|mle_ms=219.142
PMLE_LIVE_REPLAY_TIC|tic=19|mle_ms=195.953
PMLE_LIVE_REPLAY_TIC|tic=20|mle_ms=152.649
PMLE_LIVE_REPLAY_TIC|tic=21|mle_ms=260.442
PMLE_LIVE_REPLAY_TIC|tic=22|mle_ms=211.864
PMLE_LIVE_REPLAY_TIC|tic=23|mle_ms=180.447
PMLE_LIVE_REPLAY_TIC|tic=24|mle_ms=125.975
PMLE_LIVE_REPLAY_TIC|tic=25|mle_ms=216.514
PMLE_LIVE_REPLAY_TIC|tic=26|mle_ms=201.958
PMLE_LIVE_REPLAY_TIC|tic=27|mle_ms=231.051
PMLE_LIVE_REPLAY_TIC|tic=28|mle_ms=263.703
PMLE_LIVE_REPLAY_TIC|tic=29|mle_ms=162.769
PMLE_LIVE_REPLAY_TIC|tic=30|mle_ms=184.497
PMLE_LIVE_REPLAY_TIC|tic=31|mle_ms=230.284
PMLE_LIVE_REPLAY_TIC|tic=32|mle_ms=160.005
PMLE_LIVE_REPLAY_TIC|tic=33|mle_ms=205.37
PMLE_LIVE_REPLAY_TIC|tic=34|mle_ms=250.171
PMLE_LIVE_REPLAY_TIC|tic=35|mle_ms=157.791
PMLE_LIVE_REPLAY_TIC|tic=36|mle_ms=208.714
PMLE_LIVE_REPLAY_TIC|tic=37|mle_ms=253.233
PMLE_LIVE_REPLAY_TIC|tic=38|mle_ms=191.919
PMLE_LIVE_REPLAY_TIC|tic=39|mle_ms=185.461
PMLE_LIVE_REPLAY_TIC|tic=40|mle_ms=343.746
PMLE_LIVE_REPLAY_TIC|tic=41|mle_ms=222.517
PMLE_LIVE_REPLAY_TIC|tic=42|mle_ms=195.965
PMLE_LIVE_REPLAY_TIC|tic=43|mle_ms=268.189
PMLE_LIVE_REPLAY_TIC|tic=44|mle_ms=213.814
PMLE_LIVE_REPLAY_TIC|tic=45|mle_ms=191.86
PMLE_LIVE_REPLAY_TIC|tic=46|mle_ms=354.297
PMLE_LIVE_REPLAY_TIC|tic=47|mle_ms=192.758
PMLE_LIVE_REPLAY_TIC|tic=48|mle_ms=196.878
PMLE_LIVE_REPLAY_TIC|tic=49|mle_ms=225.541
PMLE_LIVE_REPLAY_TIC|tic=50|mle_ms=180.343
PMLE_LIVE_REPLAY_TIC|tic=51|mle_ms=227.95
PMLE_LIVE_REPLAY_TIC|tic=52|mle_ms=289.938
PMLE_LIVE_REPLAY_TIC|tic=53|mle_ms=172.092
PMLE_LIVE_REPLAY_TIC|tic=54|mle_ms=228.084
PMLE_LIVE_REPLAY_TIC|tic=55|mle_ms=255.636
PMLE_LIVE_REPLAY_TIC|tic=56|mle_ms=192.393
PMLE_LIVE_REPLAY_TIC|tic=57|mle_ms=198.394
PMLE_LIVE_REPLAY_TIC|tic=58|mle_ms=257.358
PMLE_LIVE_REPLAY_TIC|tic=59|mle_ms=145.611
PMLE_LIVE_REPLAY_TIC|tic=60|mle_ms=402.609
PMLE_LIVE_REPLAY_TIC|tic=61|mle_ms=299.378
PMLE_LIVE_REPLAY_TIC|tic=62|mle_ms=199.771
PMLE_LIVE_REPLAY_TIC|tic=63|mle_ms=238.248
PMLE_LIVE_REPLAY_TIC|tic=64|mle_ms=296.296
PMLE_LIVE_REPLAY_TIC|tic=65|mle_ms=161.357
PMLE_LIVE_REPLAY_TIC|tic=66|mle_ms=270.57
PMLE_LIVE_REPLAY_TIC|tic=67|mle_ms=251.559
PMLE_LIVE_REPLAY_TIC|tic=68|mle_ms=155.215
PMLE_LIVE_REPLAY_TIC|tic=69|mle_ms=150.476
PMLE_LIVE_REPLAY_TIC|tic=70|mle_ms=198.156
PMLE_LIVE_REPLAY_TIC|tic=71|mle_ms=188.447
PMLE_LIVE_REPLAY_TIC|tic=72|mle_ms=200.062
PMLE_LIVE_REPLAY_TIC|tic=73|mle_ms=283.815
PMLE_LIVE_REPLAY_TIC|tic=74|mle_ms=192.577
PMLE_LIVE_REPLAY_TIC|tic=75|mle_ms=202.276
PMLE_LIVE_REPLAY_TIC|tic=76|mle_ms=265.887
PMLE_LIVE_REPLAY_TIC|tic=77|mle_ms=188.369
PMLE_LIVE_REPLAY_TIC|tic=78|mle_ms=176.163
PMLE_LIVE_REPLAY_TIC|tic=79|mle_ms=205.528
PMLE_LIVE_REPLAY_TIC|tic=80|mle_ms=139.482
PMLE_LIVE_REPLAY_TIC|tic=81|mle_ms=245.015
PMLE_LIVE_REPLAY_TIC|tic=82|mle_ms=270.828
PMLE_LIVE_REPLAY_TIC|tic=83|mle_ms=203.777
PMLE_LIVE_REPLAY_TIC|tic=84|mle_ms=219.555
PMLE_LIVE_REPLAY_TIC|tic=85|mle_ms=253.781
PMLE_LIVE_REPLAY_TIC|tic=86|mle_ms=224.16
PMLE_LIVE_REPLAY_TIC|tic=87|mle_ms=244.538
PMLE_LIVE_REPLAY_TIC|tic=88|mle_ms=298.226
PMLE_LIVE_REPLAY_TIC|tic=89|mle_ms=158.299
PMLE_LIVE_REPLAY_TIC|tic=90|mle_ms=210.161
PMLE_LIVE_REPLAY_TIC|tic=91|mle_ms=304.026
PMLE_LIVE_REPLAY_TIC|tic=92|mle_ms=221.947
PMLE_LIVE_REPLAY_TIC|tic=93|mle_ms=208.304
PMLE_LIVE_REPLAY_TIC|tic=94|mle_ms=272.73
PMLE_LIVE_REPLAY_TIC|tic=95|mle_ms=159.775
PMLE_LIVE_REPLAY_TIC|tic=96|mle_ms=243.851
PMLE_LIVE_REPLAY_TIC|tic=97|mle_ms=285.252
PMLE_LIVE_REPLAY_TIC|tic=98|mle_ms=178.437
PMLE_LIVE_REPLAY_TIC|tic=99|mle_ms=167.608
PMLE_LIVE_REPLAY_TIC|tic=100|mle_ms=260.957
PMLE_LIVE_REPLAY_TIC|tic=101|mle_ms=171.635
PMLE_LIVE_REPLAY_TIC|tic=102|mle_ms=215.742
PMLE_LIVE_REPLAY_TIC|tic=103|mle_ms=267.097
PMLE_LIVE_REPLAY_TIC|tic=104|mle_ms=181.746
PMLE_LIVE_REPLAY_TIC|tic=105|mle_ms=174.076
PMLE_LIVE_REPLAY_TIC|tic=106|mle_ms=291.841
PMLE_LIVE_REPLAY_TIC|tic=107|mle_ms=178.484
PMLE_LIVE_REPLAY_TIC|tic=108|mle_ms=210.408
PMLE_LIVE_REPLAY_TIC|tic=109|mle_ms=219.927
PMLE_LIVE_REPLAY_TIC|tic=110|mle_ms=140.642
PMLE_LIVE_REPLAY_TIC|tic=111|mle_ms=450.442
PMLE_LIVE_REPLAY_TIC|tic=112|mle_ms=296.506
PMLE_LIVE_REPLAY_TIC|tic=113|mle_ms=196.567
PMLE_LIVE_REPLAY_TIC|tic=114|mle_ms=236.89
PMLE_LIVE_REPLAY_TIC|tic=115|mle_ms=261.642
PMLE_LIVE_REPLAY_TIC|tic=116|mle_ms=225.752
PMLE_LIVE_REPLAY_TIC|tic=117|mle_ms=234.236
PMLE_LIVE_REPLAY_TIC|tic=118|mle_ms=251.481
PMLE_LIVE_REPLAY_TIC|tic=119|mle_ms=127.987
PMLE_LIVE_REPLAY_TIC|tic=120|mle_ms=171.126
PMLE_LIVE_REPLAY_TIC|tic=121|mle_ms=276.232
PMLE_LIVE_REPLAY_TIC|tic=122|mle_ms=179.524
PMLE_LIVE_REPLAY_TIC|tic=123|mle_ms=257.943
PMLE_LIVE_REPLAY_TIC|tic=124|mle_ms=285.75
PMLE_LIVE_REPLAY_TIC|tic=125|mle_ms=165.582
PMLE_LIVE_REPLAY_TIC|tic=126|mle_ms=233.167
PMLE_LIVE_REPLAY_TIC|tic=127|mle_ms=268.137
PMLE_LIVE_REPLAY_TIC|tic=128|mle_ms=163.188
PMLE_LIVE_REPLAY_TIC|tic=129|mle_ms=245.404
PMLE_LIVE_REPLAY_TIC|tic=130|mle_ms=236.555
PMLE_LIVE_REPLAY_TIC|tic=131|mle_ms=221.522
PMLE_LIVE_REPLAY_TIC|tic=132|mle_ms=199.556
PMLE_LIVE_REPLAY_TIC|tic=133|mle_ms=281.133
PMLE_LIVE_REPLAY_TIC|tic=134|mle_ms=251.234
PMLE_LIVE_REPLAY_TIC|tic=135|mle_ms=227.808
PMLE_LIVE_REPLAY_TIC|tic=136|mle_ms=315.868
PMLE_LIVE_REPLAY_TIC|tic=137|mle_ms=182.027
PMLE_LIVE_REPLAY_TIC|tic=138|mle_ms=193.516
PMLE_LIVE_REPLAY_TIC|tic=139|mle_ms=251.438
PMLE_LIVE_REPLAY_TIC|tic=140|mle_ms=255.215
PMLE_LIVE_REPLAY_TIC|tic=141|mle_ms=253.315
PMLE_LIVE_REPLAY_TIC|tic=142|mle_ms=305.493
PMLE_LIVE_REPLAY_TIC|tic=143|mle_ms=231.472
PMLE_LIVE_REPLAY_TIC|tic=144|mle_ms=279.256
PMLE_LIVE_REPLAY_TIC|tic=145|mle_ms=242.013
PMLE_LIVE_REPLAY_TIC|tic=146|mle_ms=224.448
PMLE_LIVE_REPLAY_TIC|tic=147|mle_ms=181.375
PMLE_LIVE_REPLAY_TIC|tic=148|mle_ms=208.206
PMLE_LIVE_REPLAY_TIC|tic=149|mle_ms=142.507
PMLE_LIVE_REPLAY_TIC|tic=150|mle_ms=138.59
PMLE_LIVE_REPLAY_TIC|tic=151|mle_ms=294.146
PMLE_LIVE_REPLAY_TIC|tic=152|mle_ms=186.529
PMLE_LIVE_REPLAY_TIC|tic=153|mle_ms=170.16
PMLE_LIVE_REPLAY_TIC|tic=154|mle_ms=245.505
PMLE_LIVE_REPLAY_TIC|tic=155|mle_ms=164.817
PMLE_LIVE_REPLAY_TIC|tic=156|mle_ms=167.737
PMLE_LIVE_REPLAY_TIC|tic=157|mle_ms=281.323
PMLE_LIVE_REPLAY_TIC|tic=158|mle_ms=154.848
PMLE_LIVE_REPLAY_TIC|tic=159|mle_ms=125.727
PMLE_LIVE_REPLAY_TIC|tic=160|mle_ms=392.853
PMLE_LIVE_REPLAY_TIC|tic=161|mle_ms=228.245
PMLE_LIVE_REPLAY_TIC|tic=162|mle_ms=330.22
PMLE_LIVE_REPLAY_TIC|tic=163|mle_ms=337.088
PMLE_LIVE_REPLAY_TIC|tic=164|mle_ms=217.048
PMLE_LIVE_REPLAY_TIC|tic=165|mle_ms=167.507
PMLE_LIVE_REPLAY_TIC|tic=166|mle_ms=327.922
PMLE_LIVE_REPLAY_TIC|tic=167|mle_ms=218.927
PMLE_LIVE_REPLAY_TIC|tic=168|mle_ms=313.352
PMLE_LIVE_REPLAY_TIC|tic=169|mle_ms=316.587
PMLE_LIVE_REPLAY_TIC|tic=170|mle_ms=188.999
PMLE_LIVE_REPLAY_TIC|tic=171|mle_ms=273.222
PMLE_LIVE_REPLAY_TIC|tic=172|mle_ms=374.426
PMLE_LIVE_REPLAY_TIC|tic=173|mle_ms=251.848
PMLE_LIVE_REPLAY_TIC|tic=174|mle_ms=217.695
PMLE_LIVE_REPLAY_TIC|tic=175|mle_ms=329.143
PMLE_LIVE_REPLAY_TIC|tic=176|mle_ms=213.778
PMLE_LIVE_REPLAY_TIC|tic=177|mle_ms=252.325
PMLE_LIVE_REPLAY_TIC|tic=178|mle_ms=333.3
PMLE_LIVE_REPLAY_TIC|tic=179|mle_ms=204.236
PMLE_LIVE_REPLAY_TIC|tic=180|mle_ms=246.933
PMLE_LIVE_REPLAY_TIC|tic=181|mle_ms=309.772
PMLE_LIVE_REPLAY_TIC|tic=182|mle_ms=190.354
PMLE_LIVE_REPLAY_TIC|tic=183|mle_ms=228.706
PMLE_LIVE_REPLAY_TIC|tic=184|mle_ms=313.739
PMLE_LIVE_REPLAY_TIC|tic=185|mle_ms=192.065
PMLE_LIVE_REPLAY_TIC|tic=186|mle_ms=254.919
PMLE_LIVE_REPLAY_TIC|tic=187|mle_ms=323.927
PMLE_LIVE_REPLAY_TIC|tic=188|mle_ms=222.596
PMLE_LIVE_REPLAY_TIC|tic=189|mle_ms=212.578
PMLE_LIVE_REPLAY_TIC|tic=190|mle_ms=263.769
PMLE_LIVE_REPLAY_TIC|tic=191|mle_ms=316.485
PMLE_LIVE_REPLAY_TIC|tic=192|mle_ms=231.311
PMLE_LIVE_REPLAY_TIC|tic=193|mle_ms=337.857
PMLE_LIVE_REPLAY_TIC|tic=194|mle_ms=196.982
PMLE_LIVE_REPLAY_TIC|tic=195|mle_ms=392.08
PMLE_LIVE_REPLAY_TIC|tic=196|mle_ms=210.005
PMLE_LIVE_REPLAY_TIC|tic=197|mle_ms=205.206
PMLE_LIVE_REPLAY_TIC|tic=198|mle_ms=202.668
PMLE_LIVE_REPLAY_TIC|tic=199|mle_ms=266.583
PMLE_LIVE_REPLAY_TIC|tic=200|mle_ms=243.289
PMLE_LIVE_REPLAY_TIC|tic=201|mle_ms=313.354
PMLE_LIVE_REPLAY_TIC|tic=202|mle_ms=255.781
PMLE_LIVE_REPLAY_TIC|tic=203|mle_ms=229.775
PMLE_LIVE_REPLAY_TIC|tic=204|mle_ms=240.222
PMLE_LIVE_REPLAY_TIC|tic=205|mle_ms=293.374
PMLE_LIVE_REPLAY_TIC|tic=206|mle_ms=214.846
PMLE_LIVE_REPLAY_TIC|tic=207|mle_ms=267.196
PMLE_LIVE_REPLAY_TIC|tic=208|mle_ms=319.465
PMLE_LIVE_REPLAY_TIC|tic=209|mle_ms=217.443
PMLE_LIVE_REPLAY_TIC|tic=210|mle_ms=230.266
PMLE_LIVE_REPLAY_TIC|tic=211|mle_ms=310.773
PMLE_LIVE_REPLAY_TIC|tic=212|mle_ms=212.125
PMLE_LIVE_REPLAY_TIC|tic=213|mle_ms=211.442
PMLE_LIVE_REPLAY_TIC|tic=214|mle_ms=260.975
PMLE_LIVE_REPLAY_TIC|tic=215|mle_ms=161.575
PMLE_LIVE_REPLAY_TIC|tic=216|mle_ms=185.648
PMLE_LIVE_REPLAY_TIC|tic=217|mle_ms=255.658
PMLE_LIVE_REPLAY_TIC|tic=218|mle_ms=199.157
PMLE_LIVE_REPLAY_TIC|tic=219|mle_ms=210.805
PMLE_LIVE_REPLAY_TIC|tic=220|mle_ms=241.481
PMLE_LIVE_REPLAY_TIC|tic=221|mle_ms=243.383
PMLE_LIVE_REPLAY_TIC|tic=222|mle_ms=176.994
PMLE_LIVE_REPLAY_TIC|tic=223|mle_ms=354.585
PMLE_LIVE_REPLAY_TIC|tic=224|mle_ms=225.82
PMLE_LIVE_REPLAY_TIC|tic=225|mle_ms=195.76
PMLE_LIVE_REPLAY_TIC|tic=226|mle_ms=259.141
PMLE_LIVE_REPLAY_TIC|tic=227|mle_ms=217.321
PMLE_LIVE_REPLAY_TIC|tic=228|mle_ms=200.302
PMLE_LIVE_REPLAY_TIC|tic=229|mle_ms=260.361
PMLE_LIVE_REPLAY_TIC|tic=230|mle_ms=199.55
PMLE_LIVE_REPLAY_TIC|tic=231|mle_ms=202.124
PMLE_LIVE_REPLAY_TIC|tic=232|mle_ms=243.898
PMLE_LIVE_REPLAY_TIC|tic=233|mle_ms=201.768
PMLE_LIVE_REPLAY_TIC|tic=234|mle_ms=272.042
PMLE_LIVE_REPLAY_TIC|tic=235|mle_ms=223.398
PMLE_LIVE_REPLAY_TIC|tic=236|mle_ms=189.177
PMLE_LIVE_REPLAY_TIC|tic=237|mle_ms=213.066
PMLE_LIVE_REPLAY_TIC|tic=238|mle_ms=323.637
PMLE_LIVE_REPLAY_TIC|tic=239|mle_ms=194.699
PMLE_LIVE_REPLAY_TIC|tic=240|mle_ms=193.202
PMLE_LIVE_REPLAY_TIC|tic=241|mle_ms=345.84
PMLE_LIVE_REPLAY_TIC|tic=242|mle_ms=186.521
PMLE_LIVE_REPLAY_TIC|tic=243|mle_ms=224.067
PMLE_LIVE_REPLAY_TIC|tic=244|mle_ms=283.259
PMLE_LIVE_REPLAY_TIC|tic=245|mle_ms=181.77
PMLE_LIVE_REPLAY_TIC|tic=246|mle_ms=283.896
PMLE_LIVE_REPLAY_TIC|tic=247|mle_ms=419.233
PMLE_LIVE_REPLAY_TIC|tic=248|mle_ms=210.158
PMLE_LIVE_REPLAY_TIC|tic=249|mle_ms=188.525
PMLE_LIVE_REPLAY_TIC|tic=250|mle_ms=289.696
PMLE_LIVE_REPLAY_TIC|tic=251|mle_ms=234.671
PMLE_LIVE_REPLAY_TIC|tic=252|mle_ms=168.209
PMLE_LIVE_REPLAY_TIC|tic=253|mle_ms=293.877
PMLE_LIVE_REPLAY_TIC|tic=254|mle_ms=191.953
PMLE_LIVE_REPLAY_TIC|tic=255|mle_ms=404.309
PMLE_LIVE_REPLAY_TIC|tic=256|mle_ms=329.272
PMLE_LIVE_REPLAY_TIC|tic=257|mle_ms=229.687
PMLE_LIVE_REPLAY_TIC|tic=258|mle_ms=224.492
PMLE_LIVE_REPLAY_TIC|tic=259|mle_ms=294.544
PMLE_LIVE_REPLAY_TIC|tic=260|mle_ms=179.826
PMLE_LIVE_REPLAY_TIC|tic=261|mle_ms=270.737
PMLE_LIVE_REPLAY_TIC|tic=262|mle_ms=278.754
PMLE_LIVE_REPLAY_TIC|tic=263|mle_ms=207.367
PMLE_LIVE_REPLAY_TIC|tic=264|mle_ms=241.115
PMLE_LIVE_REPLAY_TIC|tic=265|mle_ms=262.165
PMLE_LIVE_REPLAY_TIC|tic=266|mle_ms=205.912
PMLE_LIVE_REPLAY_TIC|tic=267|mle_ms=265.957
PMLE_LIVE_REPLAY_TIC|tic=268|mle_ms=395.14
PMLE_LIVE_REPLAY_TIC|tic=269|mle_ms=175.599
PMLE_LIVE_REPLAY_TIC|tic=270|mle_ms=168.284
PMLE_LIVE_REPLAY_TIC|tic=271|mle_ms=420.449
PMLE_LIVE_REPLAY_TIC|tic=272|mle_ms=185.502
PMLE_LIVE_REPLAY_TIC|tic=273|mle_ms=223.909
PMLE_LIVE_REPLAY_TIC|tic=274|mle_ms=294.118
PMLE_LIVE_REPLAY_TIC|tic=275|mle_ms=183.58
PMLE_LIVE_REPLAY_TIC|tic=276|mle_ms=239.498
PMLE_LIVE_REPLAY_TIC|tic=277|mle_ms=286.992
PMLE_LIVE_REPLAY_TIC|tic=278|mle_ms=83.731
PMLE_LIVE_REPLAY_TIC|tic=279|mle_ms=164.442
PMLE_LIVE_REPLAY_TIC|tic=280|mle_ms=257.825
PMLE_LIVE_REPLAY_TIC|tic=281|mle_ms=243.238
PMLE_LIVE_REPLAY_TIC|tic=282|mle_ms=233.222
PMLE_LIVE_REPLAY_TIC|tic=283|mle_ms=349.1
PMLE_LIVE_REPLAY_TIC|tic=284|mle_ms=185.521
PMLE_LIVE_REPLAY_TIC|tic=285|mle_ms=199.241
PMLE_LIVE_REPLAY_TIC|tic=286|mle_ms=278.086
PMLE_LIVE_REPLAY_TIC|tic=287|mle_ms=184.01
PMLE_LIVE_REPLAY_TIC|tic=288|mle_ms=181.049
PMLE_LIVE_REPLAY_TIC|tic=289|mle_ms=336.686
PMLE_LIVE_REPLAY_TIC|tic=290|mle_ms=175.256
PMLE_LIVE_REPLAY_TIC|tic=291|mle_ms=290.266
PMLE_LIVE_REPLAY_TIC|tic=292|mle_ms=265.125
PMLE_LIVE_REPLAY_TIC|tic=293|mle_ms=202.673
PMLE_LIVE_REPLAY_TIC|tic=294|mle_ms=397.667
PMLE_LIVE_REPLAY_TIC|tic=295|mle_ms=295.183
PMLE_LIVE_REPLAY_TIC|tic=296|mle_ms=236.765
PMLE_LIVE_REPLAY_TIC|tic=297|mle_ms=238.864
PMLE_LIVE_REPLAY_TIC|tic=298|mle_ms=270.113
PMLE_LIVE_REPLAY_TIC|tic=299|mle_ms=215.9
PMLE_LIVE_REPLAY_TIC|tic=300|mle_ms=202.145
PMLE_LIVE_REPLAY_TIC|tic=301|mle_ms=388.137
PMLE_LIVE_REPLAY_TIC|tic=302|mle_ms=167.262
PMLE_LIVE_REPLAY_TIC|tic=303|mle_ms=311.699
PMLE_LIVE_REPLAY_TIC|tic=304|mle_ms=281.453
PMLE_LIVE_REPLAY_TIC|tic=305|mle_ms=154.625
PMLE_LIVE_REPLAY_TIC|tic=306|mle_ms=244.067
PMLE_LIVE_REPLAY_TIC|tic=307|mle_ms=282.958
PMLE_LIVE_REPLAY_TIC|tic=308|mle_ms=187.737
PMLE_LIVE_REPLAY_TIC|tic=309|mle_ms=321.787
PMLE_LIVE_REPLAY_TIC|tic=310|mle_ms=276.635
PMLE_LIVE_REPLAY_TIC|tic=311|mle_ms=235.923
PMLE_LIVE_REPLAY_TIC|tic=312|mle_ms=234.039
PMLE_LIVE_REPLAY_TIC|tic=313|mle_ms=318.817
PMLE_LIVE_REPLAY_TIC|tic=314|mle_ms=201
PMLE_LIVE_REPLAY_TIC|tic=315|mle_ms=153.951
PMLE_LIVE_REPLAY_TIC|tic=316|mle_ms=285.008
PMLE_LIVE_REPLAY_TIC|tic=317|mle_ms=200.029
PMLE_LIVE_REPLAY_TIC|tic=318|mle_ms=177.863
PMLE_LIVE_REPLAY_TIC|tic=319|mle_ms=152.74
PMLE_LIVE_REPLAY_TIC|tic=320|mle_ms=165.253
PMLE_LIVE_REPLAY_TIC|tic=321|mle_ms=197.888
PMLE_LIVE_REPLAY_TIC|tic=322|mle_ms=422.135
PMLE_LIVE_REPLAY_TIC|tic=323|mle_ms=183.487
PMLE_LIVE_REPLAY_TIC|tic=324|mle_ms=182.077
PMLE_LIVE_REPLAY_TIC|tic=325|mle_ms=271.984
PMLE_LIVE_REPLAY_TIC|tic=326|mle_ms=171.687
PMLE_LIVE_REPLAY_TIC|tic=327|mle_ms=181.592
PMLE_LIVE_REPLAY_TIC|tic=328|mle_ms=328.539
PMLE_LIVE_REPLAY_TIC|tic=329|mle_ms=172.634
PMLE_LIVE_REPLAY_TIC|tic=330|mle_ms=405.65
PMLE_LIVE_REPLAY_TIC|tic=331|mle_ms=348.607
PMLE_LIVE_REPLAY_TIC|tic=332|mle_ms=199.736
PMLE_LIVE_REPLAY_TIC|tic=333|mle_ms=187.336
PMLE_LIVE_REPLAY_TIC|tic=334|mle_ms=277.03
PMLE_LIVE_REPLAY_TIC|tic=335|mle_ms=174.989
PMLE_LIVE_REPLAY_TIC|tic=336|mle_ms=188.141
PMLE_LIVE_REPLAY_TIC|tic=337|mle_ms=402.115
PMLE_LIVE_REPLAY_TIC|tic=338|mle_ms=192.042
PMLE_LIVE_REPLAY_TIC|tic=339|mle_ms=152.8
PMLE_LIVE_REPLAY_TIC|tic=340|mle_ms=262.259
PMLE_LIVE_REPLAY_TIC|tic=341|mle_ms=216.739
PMLE_LIVE_REPLAY_TIC|tic=342|mle_ms=164.116
PMLE_LIVE_REPLAY_TIC|tic=343|mle_ms=273.867
PMLE_LIVE_REPLAY_TIC|tic=344|mle_ms=180.62
PMLE_LIVE_REPLAY_TIC|tic=345|mle_ms=184.299
PMLE_LIVE_REPLAY_TIC|tic=346|mle_ms=251.912
PMLE_LIVE_REPLAY_TIC|tic=347|mle_ms=192.889
PMLE_LIVE_REPLAY_TIC|tic=348|mle_ms=253.873
PMLE_LIVE_REPLAY_TIC|tic=349|mle_ms=248.817
PMLE_LIVE_REPLAY_TIC|tic=350|mle_ms=181.061
PMLE_LIVE_REPLAY_TIC|tic=351|mle_ms=240.169
PMLE_LIVE_REPLAY_TIC|tic=352|mle_ms=244.856
PMLE_LIVE_REPLAY_TIC|tic=353|mle_ms=199.893
PMLE_LIVE_REPLAY_TIC|tic=354|mle_ms=241.031
PMLE_LIVE_REPLAY_TIC|tic=355|mle_ms=204.406
PMLE_LIVE_REPLAY_TIC|tic=356|mle_ms=182.337
PMLE_LIVE_REPLAY_TIC|tic=357|mle_ms=190.129
PMLE_LIVE_REPLAY_TIC|tic=358|mle_ms=284.872
PMLE_LIVE_REPLAY_TIC|tic=359|mle_ms=231.016
PMLE_LIVE_REPLAY_TIC|tic=360|mle_ms=239.416
PMLE_LIVE_REPLAY_TIC|tic=361|mle_ms=309.756
PMLE_LIVE_REPLAY_TIC|tic=362|mle_ms=122.729
PMLE_LIVE_REPLAY_TIC|tic=363|mle_ms=243
PMLE_LIVE_REPLAY_TIC|tic=364|mle_ms=285.887
PMLE_LIVE_REPLAY_TIC|tic=365|mle_ms=183.628
PMLE_LIVE_REPLAY_TIC|tic=366|mle_ms=229.086
PMLE_LIVE_REPLAY_TIC|tic=367|mle_ms=286.627
PMLE_LIVE_REPLAY_TIC|tic=368|mle_ms=219.606
PMLE_LIVE_REPLAY_TIC|tic=369|mle_ms=421.094
PMLE_LIVE_REPLAY_TIC|tic=370|mle_ms=280.507
PMLE_LIVE_REPLAY_TIC|tic=371|mle_ms=336.133
PMLE_LIVE_REPLAY_TICKER|stream=live-stage-pair-2026-07-24|tics=371|p50_ms=225.54
1|p95_ms=348.607|p99_ms=420.449|max_ms=450.442|throughput_tps=4.256
PMLE_LIVE_REPLAY_WINDOW|through_tic=100|tics=100|wall_ms=21691.731|memory=iwadBy
tes=28795076|frameBytes=64000|thinkers=247|vertexes=1196|segs=2057|sectors=182|s
ubsectors=682|nodes=681|lines=1175|sides=1829|blockmapInts=3764|blocklinks=864|r
ejectBytes=4141
PMLE_LIVE_REPLAY_WINDOW|through_tic=200|tics=100|wall_ms=24048.932|memory=iwadBy
tes=28795076|frameBytes=64000|thinkers=251|vertexes=1196|segs=2057|sectors=182|s
ubsectors=682|nodes=681|lines=1175|sides=1829|blockmapInts=3764|blocklinks=864|r
ejectBytes=4141
PMLE_LIVE_REPLAY_WINDOW|through_tic=300|tics=100|wall_ms=24383.123|memory=iwadBy
tes=28795076|frameBytes=64000|thinkers=251|vertexes=1196|segs=2057|sectors=182|s
ubsectors=682|nodes=681|lines=1175|sides=1829|blockmapInts=3764|blocklinks=864|r
ejectBytes=4141
PMLE_LIVE_REPLAY_WINDOW|through_tic=371|tics=71|wall_ms=16972.718|memory=iwadByt
es=28795076|frameBytes=64000|thinkers=250|vertexes=1196|segs=2057|sectors=182|su
bsectors=682|nodes=681|lines=1175|sides=1829|blockmapInts=3764|blocklinks=864|re
jectBytes=4141
PMLE_LIVE_REPLAY_MEMORY|iwadBytes=28795076|frameBytes=64000|thinkers=250|vertexe
s=1196|segs=2057|sectors=182|subsectors=682|nodes=681|lines=1175|sides=1829|bloc
kmapInts=3764|blocklinks=864|rejectBytes=4141
P_GetNodesVersion: using normal BSP nodes
Max size 65990
PMLE_LIVE_REPLAY_WARM_PREFIX|after_full_tics=5250|tics=371|p50_ms=219.625|p95_ms
=342.822|p99_ms=415.343|max_ms=557.914|throughput_tps=4.335
PMLE_HOST_CONTEXT|phase=AFTER|utc=2026-07-24T02:38:04Z
PMLE_HOST_THERMAL|phase=AFTER|Note: No thermal warning level has been recorded
PMLE_HOST_THERMAL|phase=AFTER|Note: No performance warning level has been recorded
PMLE_HOST_THERMAL|phase=AFTER|2026-07-23 22:38:04 -0400 CPU Power notify
PMLE_HOST_THERMAL|phase=AFTER|	CPU_Scheduler_Limit 	= 100
PMLE_HOST_THERMAL|phase=AFTER|	CPU_Available_CPUs 	= 12
PMLE_HOST_THERMAL|phase=AFTER|	CPU_Speed_Limit 	= 100
