PMLE_HOST_CONTEXT|phase=BEFORE|utc=2026-07-24T02:39:01Z|uname=Darwin macbookpro.lan 24.6.0 Darwin Kernel Version 24.6.0: Wed Nov  5 21:30:23 PST 2025; root:xnu-11417.140.69.705.2~1/RELEASE_X86_64 x86_64
PMLE_HOST_CONTEXT|phase=BEFORE|model=MacBookPro15,1|logical_cpu=12
PMLE_HOST_THERMAL|phase=BEFORE|Note: No thermal warning level has been recorded
PMLE_HOST_THERMAL|phase=BEFORE|Note: No performance warning level has been recorded
PMLE_HOST_THERMAL|phase=BEFORE|2026-07-23 22:39:01 -0400 CPU Power notify
PMLE_HOST_THERMAL|phase=BEFORE|	CPU_Scheduler_Limit 	= 100
PMLE_HOST_THERMAL|phase=BEFORE|	CPU_Available_CPUs 	= 12
PMLE_HOST_THERMAL|phase=BEFORE|	CPU_Speed_Limit 	= 100

Session altered.


Session altered.


Session altered.


Session altered.

6 command-line variables
M_LoadDefaults: Load system defaults.
M_Random: Using DelegateRandom.
-iwad specified. Will be used with priority
ITicker: Using nanosecond accuracy timer.
FreeDoom: Phase 1	   v1.9
W_Init: Init WADfiles.
	added freedoom1.wad (zipped: false network: true)
VI_Init: set palettes.
Palette: 3584 colors
VI_Init: set colormaps.
Colormaps: 35
V_Init: allocate screens.
AM_Init: Init Automap colors -
===========================================================================
Copyright © 2001-2017 Contributors to the Freedoom project.
All rights reserved.
See: https://github.com/freedoom/freedoom/blob/master/COPYING.adoc
===========================================================================
Tables.InitTables: Init trigonometric LUTs.
M_Init: Init miscellaneous info.
R_Init: Init DOOM refresh daemon -
P_Init: Init Playloop state.
false NUKAGE1 NUKAGE3 8
false FWATER1 FWATER4 8
false SWATER1 SWATER4 8
false LAVA1 LAVA4 8
false BLOOD1 BLOOD3 8
false RROCK05 RROCK08 8
false SLIME01 SLIME04 8
false SLIME05 SLIME08 8
false SLIME09 SLIME12 8
I_Init: Setting up machine state.
D_CheckNetGame: Checking network game status.
startskill sk_medium  deathmatch: false  startmap: 1  startepisode: 1
player 1 of 1 (1 nodes)
S_Init: Setting up sound.
M_Random: Switching to DoomRandom (new instance)
P_GetNodesVersion: using normal BSP nodes
PMLE_LIVE_REPLAY_INIT|stream=live-stage-pair-2026-07-24|wall_ms=45950.41
PMLE_LIVE_REPLAY_TIC|tic=1|mle_ms=174.3
PMLE_LIVE_REPLAY_TIC|tic=2|mle_ms=155.821
PMLE_LIVE_REPLAY_TIC|tic=3|mle_ms=147.264
PMLE_LIVE_REPLAY_TIC|tic=4|mle_ms=150.971
PMLE_LIVE_REPLAY_TIC|tic=5|mle_ms=144.071
PMLE_LIVE_REPLAY_TIC|tic=6|mle_ms=139.226
PMLE_LIVE_REPLAY_TIC|tic=7|mle_ms=155.686
PMLE_LIVE_REPLAY_TIC|tic=8|mle_ms=153.553
PMLE_LIVE_REPLAY_TIC|tic=9|mle_ms=147.443
PMLE_LIVE_REPLAY_TIC|tic=10|mle_ms=111.945
PMLE_LIVE_REPLAY_TIC|tic=11|mle_ms=108.724
PMLE_LIVE_REPLAY_TIC|tic=12|mle_ms=123.303
PMLE_LIVE_REPLAY_TIC|tic=13|mle_ms=139.876
PMLE_LIVE_REPLAY_TIC|tic=14|mle_ms=141.628
PMLE_LIVE_REPLAY_TIC|tic=15|mle_ms=141.114
PMLE_LIVE_REPLAY_TIC|tic=16|mle_ms=136.385
PMLE_LIVE_REPLAY_TIC|tic=17|mle_ms=140.499
PMLE_LIVE_REPLAY_TIC|tic=18|mle_ms=107.974
PMLE_LIVE_REPLAY_TIC|tic=19|mle_ms=114.729
PMLE_LIVE_REPLAY_TIC|tic=20|mle_ms=135.443
PMLE_LIVE_REPLAY_TIC|tic=21|mle_ms=138.525
PMLE_LIVE_REPLAY_TIC|tic=22|mle_ms=135.637
PMLE_LIVE_REPLAY_TIC|tic=23|mle_ms=139.621
PMLE_LIVE_REPLAY_TIC|tic=24|mle_ms=149.074
PMLE_LIVE_REPLAY_TIC|tic=25|mle_ms=145.012
PMLE_LIVE_REPLAY_TIC|tic=26|mle_ms=113.132
PMLE_LIVE_REPLAY_TIC|tic=27|mle_ms=134.677
PMLE_LIVE_REPLAY_TIC|tic=28|mle_ms=139.102
PMLE_LIVE_REPLAY_TIC|tic=29|mle_ms=145.721
PMLE_LIVE_REPLAY_TIC|tic=30|mle_ms=134.573
PMLE_LIVE_REPLAY_TIC|tic=31|mle_ms=138.966
PMLE_LIVE_REPLAY_TIC|tic=32|mle_ms=131.063
PMLE_LIVE_REPLAY_TIC|tic=33|mle_ms=110.252
PMLE_LIVE_REPLAY_TIC|tic=34|mle_ms=110.822
PMLE_LIVE_REPLAY_TIC|tic=35|mle_ms=133.239
PMLE_LIVE_REPLAY_TIC|tic=36|mle_ms=136.25
PMLE_LIVE_REPLAY_TIC|tic=37|mle_ms=147.442
PMLE_LIVE_REPLAY_TIC|tic=38|mle_ms=137.86
PMLE_LIVE_REPLAY_TIC|tic=39|mle_ms=143.455
PMLE_LIVE_REPLAY_TIC|tic=40|mle_ms=124.364
PMLE_LIVE_REPLAY_TIC|tic=41|mle_ms=107.086
PMLE_LIVE_REPLAY_TIC|tic=42|mle_ms=127.586
PMLE_LIVE_REPLAY_TIC|tic=43|mle_ms=162.667
PMLE_LIVE_REPLAY_TIC|tic=44|mle_ms=161.937
PMLE_LIVE_REPLAY_TIC|tic=45|mle_ms=137.838
PMLE_LIVE_REPLAY_TIC|tic=46|mle_ms=140.824
PMLE_LIVE_REPLAY_TIC|tic=47|mle_ms=46.854
PMLE_LIVE_REPLAY_TIC|tic=48|mle_ms=116.14
PMLE_LIVE_REPLAY_TIC|tic=49|mle_ms=140.993
PMLE_LIVE_REPLAY_TIC|tic=50|mle_ms=148.258
PMLE_LIVE_REPLAY_TIC|tic=51|mle_ms=164.514
PMLE_LIVE_REPLAY_TIC|tic=52|mle_ms=161.004
PMLE_LIVE_REPLAY_TIC|tic=53|mle_ms=153.961
PMLE_LIVE_REPLAY_TIC|tic=54|mle_ms=143.31
PMLE_LIVE_REPLAY_TIC|tic=55|mle_ms=116.616
PMLE_LIVE_REPLAY_TIC|tic=56|mle_ms=128.593
PMLE_LIVE_REPLAY_TIC|tic=57|mle_ms=176.63
PMLE_LIVE_REPLAY_TIC|tic=58|mle_ms=157.819
PMLE_LIVE_REPLAY_TIC|tic=59|mle_ms=168.449
PMLE_LIVE_REPLAY_TIC|tic=60|mle_ms=151.992
PMLE_LIVE_REPLAY_TIC|tic=61|mle_ms=124.308
PMLE_LIVE_REPLAY_TIC|tic=62|mle_ms=111.777
PMLE_LIVE_REPLAY_TIC|tic=63|mle_ms=121.442
PMLE_LIVE_REPLAY_TIC|tic=64|mle_ms=143.064
PMLE_LIVE_REPLAY_TIC|tic=65|mle_ms=138.05
PMLE_LIVE_REPLAY_TIC|tic=66|mle_ms=138.689
PMLE_LIVE_REPLAY_TIC|tic=67|mle_ms=147.296
PMLE_LIVE_REPLAY_TIC|tic=68|mle_ms=138.554
PMLE_LIVE_REPLAY_TIC|tic=69|mle_ms=117.148
PMLE_LIVE_REPLAY_TIC|tic=70|mle_ms=107.7
PMLE_LIVE_REPLAY_TIC|tic=71|mle_ms=132.179
PMLE_LIVE_REPLAY_TIC|tic=72|mle_ms=133.478
PMLE_LIVE_REPLAY_TIC|tic=73|mle_ms=141.311
PMLE_LIVE_REPLAY_TIC|tic=74|mle_ms=142.393
PMLE_LIVE_REPLAY_TIC|tic=75|mle_ms=142.539
PMLE_LIVE_REPLAY_TIC|tic=76|mle_ms=135.375
PMLE_LIVE_REPLAY_TIC|tic=77|mle_ms=115.143
PMLE_LIVE_REPLAY_TIC|tic=78|mle_ms=112.653
PMLE_LIVE_REPLAY_TIC|tic=79|mle_ms=168.815
PMLE_LIVE_REPLAY_TIC|tic=80|mle_ms=138.589
PMLE_LIVE_REPLAY_TIC|tic=81|mle_ms=153.829
PMLE_LIVE_REPLAY_TIC|tic=82|mle_ms=155.853
PMLE_LIVE_REPLAY_TIC|tic=83|mle_ms=168.859
PMLE_LIVE_REPLAY_TIC|tic=84|mle_ms=123.092
PMLE_LIVE_REPLAY_TIC|tic=85|mle_ms=112.637
PMLE_LIVE_REPLAY_TIC|tic=86|mle_ms=138.503
PMLE_LIVE_REPLAY_TIC|tic=87|mle_ms=148.397
PMLE_LIVE_REPLAY_TIC|tic=88|mle_ms=139.016
PMLE_LIVE_REPLAY_TIC|tic=89|mle_ms=144.207
PMLE_LIVE_REPLAY_TIC|tic=90|mle_ms=135.514
PMLE_LIVE_REPLAY_TIC|tic=91|mle_ms=118.761
PMLE_LIVE_REPLAY_TIC|tic=92|mle_ms=104.55
PMLE_LIVE_REPLAY_TIC|tic=93|mle_ms=124.758
PMLE_LIVE_REPLAY_TIC|tic=94|mle_ms=141.659
PMLE_LIVE_REPLAY_TIC|tic=95|mle_ms=136.719
PMLE_LIVE_REPLAY_TIC|tic=96|mle_ms=138.369
PMLE_LIVE_REPLAY_TIC|tic=97|mle_ms=148.401
PMLE_LIVE_REPLAY_TIC|tic=98|mle_ms=143.449
PMLE_LIVE_REPLAY_TIC|tic=99|mle_ms=138.349
PMLE_LIVE_REPLAY_TIC|tic=100|mle_ms=115.473
PMLE_LIVE_REPLAY_TIC|tic=101|mle_ms=137.632
PMLE_LIVE_REPLAY_TIC|tic=102|mle_ms=146.512
PMLE_LIVE_REPLAY_TIC|tic=103|mle_ms=154.843
PMLE_LIVE_REPLAY_TIC|tic=104|mle_ms=143.116
PMLE_LIVE_REPLAY_TIC|tic=105|mle_ms=135.364
PMLE_LIVE_REPLAY_TIC|tic=106|mle_ms=109.454
PMLE_LIVE_REPLAY_TIC|tic=107|mle_ms=114.265
PMLE_LIVE_REPLAY_TIC|tic=108|mle_ms=136.562
PMLE_LIVE_REPLAY_TIC|tic=109|mle_ms=143.745
PMLE_LIVE_REPLAY_TIC|tic=110|mle_ms=138.505
PMLE_LIVE_REPLAY_TIC|tic=111|mle_ms=137.76
PMLE_LIVE_REPLAY_TIC|tic=112|mle_ms=137.611
PMLE_LIVE_REPLAY_TIC|tic=113|mle_ms=127.611
PMLE_LIVE_REPLAY_TIC|tic=114|mle_ms=109.93
PMLE_LIVE_REPLAY_TIC|tic=115|mle_ms=111.623
PMLE_LIVE_REPLAY_TIC|tic=116|mle_ms=136.831
PMLE_LIVE_REPLAY_TIC|tic=117|mle_ms=147.638
PMLE_LIVE_REPLAY_TIC|tic=118|mle_ms=141.763
PMLE_LIVE_REPLAY_TIC|tic=119|mle_ms=144.729
PMLE_LIVE_REPLAY_TIC|tic=120|mle_ms=145.986
PMLE_LIVE_REPLAY_TIC|tic=121|mle_ms=40.157
PMLE_LIVE_REPLAY_TIC|tic=122|mle_ms=130.297
PMLE_LIVE_REPLAY_TIC|tic=123|mle_ms=154.957
PMLE_LIVE_REPLAY_TIC|tic=124|mle_ms=143.938
PMLE_LIVE_REPLAY_TIC|tic=125|mle_ms=139.46
PMLE_LIVE_REPLAY_TIC|tic=126|mle_ms=138.487
PMLE_LIVE_REPLAY_TIC|tic=127|mle_ms=148.768
PMLE_LIVE_REPLAY_TIC|tic=128|mle_ms=116.821
PMLE_LIVE_REPLAY_TIC|tic=129|mle_ms=114.116
PMLE_LIVE_REPLAY_TIC|tic=130|mle_ms=126.282
PMLE_LIVE_REPLAY_TIC|tic=131|mle_ms=138.019
PMLE_LIVE_REPLAY_TIC|tic=132|mle_ms=139.314
PMLE_LIVE_REPLAY_TIC|tic=133|mle_ms=142.927
PMLE_LIVE_REPLAY_TIC|tic=134|mle_ms=142.718
PMLE_LIVE_REPLAY_TIC|tic=135|mle_ms=136.979
PMLE_LIVE_REPLAY_TIC|tic=136|mle_ms=109.477
PMLE_LIVE_REPLAY_TIC|tic=137|mle_ms=115.733
PMLE_LIVE_REPLAY_TIC|tic=138|mle_ms=138.152
PMLE_LIVE_REPLAY_TIC|tic=139|mle_ms=145.677
PMLE_LIVE_REPLAY_TIC|tic=140|mle_ms=139.147
PMLE_LIVE_REPLAY_TIC|tic=141|mle_ms=140.206
PMLE_LIVE_REPLAY_TIC|tic=142|mle_ms=134.856
PMLE_LIVE_REPLAY_TIC|tic=143|mle_ms=128.095
PMLE_LIVE_REPLAY_TIC|tic=144|mle_ms=112.402
PMLE_LIVE_REPLAY_TIC|tic=145|mle_ms=112.167
PMLE_LIVE_REPLAY_TIC|tic=146|mle_ms=140.497
PMLE_LIVE_REPLAY_TIC|tic=147|mle_ms=148.308
PMLE_LIVE_REPLAY_TIC|tic=148|mle_ms=140.34
PMLE_LIVE_REPLAY_TIC|tic=149|mle_ms=144.269
PMLE_LIVE_REPLAY_TIC|tic=150|mle_ms=137.165
PMLE_LIVE_REPLAY_TIC|tic=151|mle_ms=117.593
PMLE_LIVE_REPLAY_TIC|tic=152|mle_ms=105.707
PMLE_LIVE_REPLAY_TIC|tic=153|mle_ms=129.762
PMLE_LIVE_REPLAY_TIC|tic=154|mle_ms=142.643
PMLE_LIVE_REPLAY_TIC|tic=155|mle_ms=138.629
PMLE_LIVE_REPLAY_TIC|tic=156|mle_ms=137.476
PMLE_LIVE_REPLAY_TIC|tic=157|mle_ms=145.62
PMLE_LIVE_REPLAY_TIC|tic=158|mle_ms=135.383
PMLE_LIVE_REPLAY_TIC|tic=159|mle_ms=124.798
PMLE_LIVE_REPLAY_TIC|tic=160|mle_ms=108.576
PMLE_LIVE_REPLAY_TIC|tic=161|mle_ms=136.051
PMLE_LIVE_REPLAY_TIC|tic=162|mle_ms=149.367
PMLE_LIVE_REPLAY_TIC|tic=163|mle_ms=167.956
PMLE_LIVE_REPLAY_TIC|tic=164|mle_ms=157.977
PMLE_LIVE_REPLAY_TIC|tic=165|mle_ms=137.61
PMLE_LIVE_REPLAY_TIC|tic=166|mle_ms=113.119
PMLE_LIVE_REPLAY_TIC|tic=167|mle_ms=116.287
PMLE_LIVE_REPLAY_TIC|tic=168|mle_ms=131.591
PMLE_LIVE_REPLAY_TIC|tic=169|mle_ms=144.898
PMLE_LIVE_REPLAY_TIC|tic=170|mle_ms=140.761
PMLE_LIVE_REPLAY_TIC|tic=171|mle_ms=139.657
PMLE_LIVE_REPLAY_TIC|tic=172|mle_ms=155.724
PMLE_LIVE_REPLAY_TIC|tic=173|mle_ms=139.989
PMLE_LIVE_REPLAY_TIC|tic=174|mle_ms=125.085
PMLE_LIVE_REPLAY_TIC|tic=175|mle_ms=121.384
PMLE_LIVE_REPLAY_TIC|tic=176|mle_ms=138.591
PMLE_LIVE_REPLAY_TIC|tic=177|mle_ms=149.411
PMLE_LIVE_REPLAY_TIC|tic=178|mle_ms=139.711
PMLE_LIVE_REPLAY_TIC|tic=179|mle_ms=143.067
PMLE_LIVE_REPLAY_TIC|tic=180|mle_ms=147.186
PMLE_LIVE_REPLAY_TIC|tic=181|mle_ms=134.767
PMLE_LIVE_REPLAY_TIC|tic=182|mle_ms=105.423
PMLE_LIVE_REPLAY_TIC|tic=183|mle_ms=139.691
PMLE_LIVE_REPLAY_TIC|tic=184|mle_ms=142.845
PMLE_LIVE_REPLAY_TIC|tic=185|mle_ms=137.305
PMLE_LIVE_REPLAY_TIC|tic=186|mle_ms=137.258
PMLE_LIVE_REPLAY_TIC|tic=187|mle_ms=146.726
PMLE_LIVE_REPLAY_TIC|tic=188|mle_ms=117.929
PMLE_LIVE_REPLAY_TIC|tic=189|mle_ms=112.19
PMLE_LIVE_REPLAY_TIC|tic=190|mle_ms=120.334
PMLE_LIVE_REPLAY_TIC|tic=191|mle_ms=138.563
PMLE_LIVE_REPLAY_TIC|tic=192|mle_ms=133.335
PMLE_LIVE_REPLAY_TIC|tic=193|mle_ms=138.93
PMLE_LIVE_REPLAY_TIC|tic=194|mle_ms=160.779
PMLE_LIVE_REPLAY_TIC|tic=195|mle_ms=46.784
PMLE_LIVE_REPLAY_TIC|tic=196|mle_ms=115.863
PMLE_LIVE_REPLAY_TIC|tic=197|mle_ms=126.432
PMLE_LIVE_REPLAY_TIC|tic=198|mle_ms=137.843
PMLE_LIVE_REPLAY_TIC|tic=199|mle_ms=143.389
PMLE_LIVE_REPLAY_TIC|tic=200|mle_ms=140.238
PMLE_LIVE_REPLAY_TIC|tic=201|mle_ms=142.809
PMLE_LIVE_REPLAY_TIC|tic=202|mle_ms=163.51
PMLE_LIVE_REPLAY_TIC|tic=203|mle_ms=145.63
PMLE_LIVE_REPLAY_TIC|tic=204|mle_ms=132.952
PMLE_LIVE_REPLAY_TIC|tic=205|mle_ms=140.545
PMLE_LIVE_REPLAY_TIC|tic=206|mle_ms=141.615
PMLE_LIVE_REPLAY_TIC|tic=207|mle_ms=153.372
PMLE_LIVE_REPLAY_TIC|tic=208|mle_ms=140.943
PMLE_LIVE_REPLAY_TIC|tic=209|mle_ms=144.729
PMLE_LIVE_REPLAY_TIC|tic=210|mle_ms=125.037
PMLE_LIVE_REPLAY_TIC|tic=211|mle_ms=116.015
PMLE_LIVE_REPLAY_TIC|tic=212|mle_ms=132.259
PMLE_LIVE_REPLAY_TIC|tic=213|mle_ms=152.54
PMLE_LIVE_REPLAY_TIC|tic=214|mle_ms=157.797
PMLE_LIVE_REPLAY_TIC|tic=215|mle_ms=137.473
PMLE_LIVE_REPLAY_TIC|tic=216|mle_ms=137.356
PMLE_LIVE_REPLAY_TIC|tic=217|mle_ms=136.755
PMLE_LIVE_REPLAY_TIC|tic=218|mle_ms=109.734
PMLE_LIVE_REPLAY_TIC|tic=219|mle_ms=124.776
PMLE_LIVE_REPLAY_TIC|tic=220|mle_ms=138.045
PMLE_LIVE_REPLAY_TIC|tic=221|mle_ms=139.012
PMLE_LIVE_REPLAY_TIC|tic=222|mle_ms=139.947
PMLE_LIVE_REPLAY_TIC|tic=223|mle_ms=141.908
PMLE_LIVE_REPLAY_TIC|tic=224|mle_ms=142.771
PMLE_LIVE_REPLAY_TIC|tic=225|mle_ms=113.619
PMLE_LIVE_REPLAY_TIC|tic=226|mle_ms=117.893
PMLE_LIVE_REPLAY_TIC|tic=227|mle_ms=147.913
PMLE_LIVE_REPLAY_TIC|tic=228|mle_ms=139.645
PMLE_LIVE_REPLAY_TIC|tic=229|mle_ms=157.992
PMLE_LIVE_REPLAY_TIC|tic=230|mle_ms=148.311
PMLE_LIVE_REPLAY_TIC|tic=231|mle_ms=143.651
PMLE_LIVE_REPLAY_TIC|tic=232|mle_ms=115.781
PMLE_LIVE_REPLAY_TIC|tic=233|mle_ms=115.673
PMLE_LIVE_REPLAY_TIC|tic=234|mle_ms=139.196
PMLE_LIVE_REPLAY_TIC|tic=235|mle_ms=136.862
PMLE_LIVE_REPLAY_TIC|tic=236|mle_ms=139.513
PMLE_LIVE_REPLAY_TIC|tic=237|mle_ms=149.458
PMLE_LIVE_REPLAY_TIC|tic=238|mle_ms=138.354
PMLE_LIVE_REPLAY_TIC|tic=239|mle_ms=141.264
PMLE_LIVE_REPLAY_TIC|tic=240|mle_ms=106.491
PMLE_LIVE_REPLAY_TIC|tic=241|mle_ms=112.686
PMLE_LIVE_REPLAY_TIC|tic=242|mle_ms=154.386
PMLE_LIVE_REPLAY_TIC|tic=243|mle_ms=157.661
PMLE_LIVE_REPLAY_TIC|tic=244|mle_ms=156.694
PMLE_LIVE_REPLAY_TIC|tic=245|mle_ms=135.641
PMLE_LIVE_REPLAY_TIC|tic=246|mle_ms=136.844
PMLE_LIVE_REPLAY_TIC|tic=247|mle_ms=135.385
PMLE_LIVE_REPLAY_TIC|tic=248|mle_ms=131.272
PMLE_LIVE_REPLAY_TIC|tic=249|mle_ms=142.147
PMLE_LIVE_REPLAY_TIC|tic=250|mle_ms=137.017
PMLE_LIVE_REPLAY_TIC|tic=251|mle_ms=142.833
PMLE_LIVE_REPLAY_TIC|tic=252|mle_ms=132.584
PMLE_LIVE_REPLAY_TIC|tic=253|mle_ms=140.769
PMLE_LIVE_REPLAY_TIC|tic=254|mle_ms=131.673
PMLE_LIVE_REPLAY_TIC|tic=255|mle_ms=105.78
PMLE_LIVE_REPLAY_TIC|tic=256|mle_ms=111.589
PMLE_LIVE_REPLAY_TIC|tic=257|mle_ms=146.017
PMLE_LIVE_REPLAY_TIC|tic=258|mle_ms=136.729
PMLE_LIVE_REPLAY_TIC|tic=259|mle_ms=146.598
PMLE_LIVE_REPLAY_TIC|tic=260|mle_ms=137.429
PMLE_LIVE_REPLAY_TIC|tic=261|mle_ms=139.043
PMLE_LIVE_REPLAY_TIC|tic=262|mle_ms=113.198
PMLE_LIVE_REPLAY_TIC|tic=263|mle_ms=108.221
PMLE_LIVE_REPLAY_TIC|tic=264|mle_ms=126.699
PMLE_LIVE_REPLAY_TIC|tic=265|mle_ms=135.949
PMLE_LIVE_REPLAY_TIC|tic=266|mle_ms=163.524
PMLE_LIVE_REPLAY_TIC|tic=267|mle_ms=148.573
PMLE_LIVE_REPLAY_TIC|tic=268|mle_ms=144.542
PMLE_LIVE_REPLAY_TIC|tic=269|mle_ms=36.947
PMLE_LIVE_REPLAY_TIC|tic=270|mle_ms=181.329
PMLE_LIVE_REPLAY_TIC|tic=271|mle_ms=143.067
PMLE_LIVE_REPLAY_TIC|tic=272|mle_ms=133.97
PMLE_LIVE_REPLAY_TIC|tic=273|mle_ms=146.232
PMLE_LIVE_REPLAY_TIC|tic=274|mle_ms=143.613
PMLE_LIVE_REPLAY_TIC|tic=275|mle_ms=138.45
PMLE_LIVE_REPLAY_TIC|tic=276|mle_ms=126.265
PMLE_LIVE_REPLAY_TIC|tic=277|mle_ms=115.872
PMLE_LIVE_REPLAY_TIC|tic=278|mle_ms=121.013
PMLE_LIVE_REPLAY_TIC|tic=279|mle_ms=145.713
PMLE_LIVE_REPLAY_TIC|tic=280|mle_ms=140.757
PMLE_LIVE_REPLAY_TIC|tic=281|mle_ms=154.876
PMLE_LIVE_REPLAY_TIC|tic=282|mle_ms=167.331
PMLE_LIVE_REPLAY_TIC|tic=283|mle_ms=171.695
PMLE_LIVE_REPLAY_TIC|tic=284|mle_ms=115.176
PMLE_LIVE_REPLAY_TIC|tic=285|mle_ms=115.767
PMLE_LIVE_REPLAY_TIC|tic=286|mle_ms=139.288
PMLE_LIVE_REPLAY_TIC|tic=287|mle_ms=149.713
PMLE_LIVE_REPLAY_TIC|tic=288|mle_ms=142.284
PMLE_LIVE_REPLAY_TIC|tic=289|mle_ms=144.827
PMLE_LIVE_REPLAY_TIC|tic=290|mle_ms=137.532
PMLE_LIVE_REPLAY_TIC|tic=291|mle_ms=116.219
PMLE_LIVE_REPLAY_TIC|tic=292|mle_ms=104.136
PMLE_LIVE_REPLAY_TIC|tic=293|mle_ms=129.827
PMLE_LIVE_REPLAY_TIC|tic=294|mle_ms=141.78
PMLE_LIVE_REPLAY_TIC|tic=295|mle_ms=140.102
PMLE_LIVE_REPLAY_TIC|tic=296|mle_ms=137.676
PMLE_LIVE_REPLAY_TIC|tic=297|mle_ms=148.102
PMLE_LIVE_REPLAY_TIC|tic=298|mle_ms=138.916
PMLE_LIVE_REPLAY_TIC|tic=299|mle_ms=113.893
PMLE_LIVE_REPLAY_TIC|tic=300|mle_ms=110.52
PMLE_LIVE_REPLAY_TIC|tic=301|mle_ms=137.964
PMLE_LIVE_REPLAY_TIC|tic=302|mle_ms=132.999
PMLE_LIVE_REPLAY_TIC|tic=303|mle_ms=143.468
PMLE_LIVE_REPLAY_TIC|tic=304|mle_ms=142.732
PMLE_LIVE_REPLAY_TIC|tic=305|mle_ms=136.953
PMLE_LIVE_REPLAY_TIC|tic=306|mle_ms=120.727
PMLE_LIVE_REPLAY_TIC|tic=307|mle_ms=113.99
PMLE_LIVE_REPLAY_TIC|tic=308|mle_ms=126.551
PMLE_LIVE_REPLAY_TIC|tic=309|mle_ms=144.885
PMLE_LIVE_REPLAY_TIC|tic=310|mle_ms=139.12
PMLE_LIVE_REPLAY_TIC|tic=311|mle_ms=140.676
PMLE_LIVE_REPLAY_TIC|tic=312|mle_ms=132.938
PMLE_LIVE_REPLAY_TIC|tic=313|mle_ms=139.307
PMLE_LIVE_REPLAY_TIC|tic=314|mle_ms=115.969
PMLE_LIVE_REPLAY_TIC|tic=315|mle_ms=109.949
PMLE_LIVE_REPLAY_TIC|tic=316|mle_ms=129.765
PMLE_LIVE_REPLAY_TIC|tic=317|mle_ms=147.236
PMLE_LIVE_REPLAY_TIC|tic=318|mle_ms=141.857
PMLE_LIVE_REPLAY_TIC|tic=319|mle_ms=143.826
PMLE_LIVE_REPLAY_TIC|tic=320|mle_ms=136.996
PMLE_LIVE_REPLAY_TIC|tic=321|mle_ms=131.831
PMLE_LIVE_REPLAY_TIC|tic=322|mle_ms=163.618
PMLE_LIVE_REPLAY_TIC|tic=323|mle_ms=159.291
PMLE_LIVE_REPLAY_TIC|tic=324|mle_ms=156.744
PMLE_LIVE_REPLAY_TIC|tic=325|mle_ms=137.648
PMLE_LIVE_REPLAY_TIC|tic=326|mle_ms=138.655
PMLE_LIVE_REPLAY_TIC|tic=327|mle_ms=149.91
PMLE_LIVE_REPLAY_TIC|tic=328|mle_ms=121.698
PMLE_LIVE_REPLAY_TIC|tic=329|mle_ms=111.526
PMLE_LIVE_REPLAY_TIC|tic=330|mle_ms=118.429
PMLE_LIVE_REPLAY_TIC|tic=331|mle_ms=137.812
PMLE_LIVE_REPLAY_TIC|tic=332|mle_ms=134.818
PMLE_LIVE_REPLAY_TIC|tic=333|mle_ms=143.865
PMLE_LIVE_REPLAY_TIC|tic=334|mle_ms=141.761
PMLE_LIVE_REPLAY_TIC|tic=335|mle_ms=135.713
PMLE_LIVE_REPLAY_TIC|tic=336|mle_ms=115.53
PMLE_LIVE_REPLAY_TIC|tic=337|mle_ms=114.804
PMLE_LIVE_REPLAY_TIC|tic=338|mle_ms=128.507
PMLE_LIVE_REPLAY_TIC|tic=339|mle_ms=144.062
PMLE_LIVE_REPLAY_TIC|tic=340|mle_ms=139.708
PMLE_LIVE_REPLAY_TIC|tic=341|mle_ms=138.337
PMLE_LIVE_REPLAY_TIC|tic=342|mle_ms=141.236
PMLE_LIVE_REPLAY_TIC|tic=343|mle_ms=32.591
PMLE_LIVE_REPLAY_TIC|tic=344|mle_ms=111.67
PMLE_LIVE_REPLAY_TIC|tic=345|mle_ms=118.09
PMLE_LIVE_REPLAY_TIC|tic=346|mle_ms=143.378
PMLE_LIVE_REPLAY_TIC|tic=347|mle_ms=148.082
PMLE_LIVE_REPLAY_TIC|tic=348|mle_ms=140.799
PMLE_LIVE_REPLAY_TIC|tic=349|mle_ms=145.302
PMLE_LIVE_REPLAY_TIC|tic=350|mle_ms=138.563
PMLE_LIVE_REPLAY_TIC|tic=351|mle_ms=115.725
PMLE_LIVE_REPLAY_TIC|tic=352|mle_ms=106.657
PMLE_LIVE_REPLAY_TIC|tic=353|mle_ms=122.148
PMLE_LIVE_REPLAY_TIC|tic=354|mle_ms=143.304
PMLE_LIVE_REPLAY_TIC|tic=355|mle_ms=140.012
PMLE_LIVE_REPLAY_TIC|tic=356|mle_ms=140.658
PMLE_LIVE_REPLAY_TIC|tic=357|mle_ms=148.607
PMLE_LIVE_REPLAY_TIC|tic=358|mle_ms=140.149
PMLE_LIVE_REPLAY_TIC|tic=359|mle_ms=114.286
PMLE_LIVE_REPLAY_TIC|tic=360|mle_ms=108.907
PMLE_LIVE_REPLAY_TIC|tic=361|mle_ms=160.547
PMLE_LIVE_REPLAY_TIC|tic=362|mle_ms=146.027
PMLE_LIVE_REPLAY_TIC|tic=363|mle_ms=169.753
PMLE_LIVE_REPLAY_TIC|tic=364|mle_ms=164.832
PMLE_LIVE_REPLAY_TIC|tic=365|mle_ms=136.866
PMLE_LIVE_REPLAY_TIC|tic=366|mle_ms=109.686
PMLE_LIVE_REPLAY_TIC|tic=367|mle_ms=115.384
PMLE_LIVE_REPLAY_TIC|tic=368|mle_ms=132.887
PMLE_LIVE_REPLAY_TIC|tic=369|mle_ms=145.943
PMLE_LIVE_REPLAY_TIC|tic=370|mle_ms=139.946
PMLE_LIVE_REPLAY_TIC|tic=371|mle_ms=138.439
PMLE_LIVE_REPLAY_TICKER|stream=live-stage-pair-2026-07-24|tics=371|p50_ms=138.52
5|p95_ms=160.779|p99_ms=171.695|max_ms=181.329|throughput_tps=7.394
PMLE_LIVE_REPLAY_WINDOW|through_tic=100|tics=100|wall_ms=13682.71|memory=iwadByt
es=28795076|frameBytes=64000|thinkers=248|vertexes=1196|segs=2057|sectors=182|su
bsectors=682|nodes=681|lines=1175|sides=1829|blockmapInts=3764|blocklinks=864|re
jectBytes=4141
PMLE_LIVE_REPLAY_WINDOW|through_tic=200|tics=100|wall_ms=13305.383|memory=iwadBy
tes=28795076|frameBytes=64000|thinkers=248|vertexes=1196|segs=2057|sectors=182|s
ubsectors=682|nodes=681|lines=1175|sides=1829|blockmapInts=3764|blocklinks=864|r
ejectBytes=4141
PMLE_LIVE_REPLAY_WINDOW|through_tic=300|tics=100|wall_ms=13599.545|memory=iwadBy
tes=28795076|frameBytes=64000|thinkers=248|vertexes=1196|segs=2057|sectors=182|s
ubsectors=682|nodes=681|lines=1175|sides=1829|blockmapInts=3764|blocklinks=864|r
ejectBytes=4141
PMLE_LIVE_REPLAY_WINDOW|through_tic=371|tics=71|wall_ms=9507.123|memory=iwadByte
s=28795076|frameBytes=64000|thinkers=248|vertexes=1196|segs=2057|sectors=182|sub
sectors=682|nodes=681|lines=1175|sides=1829|blockmapInts=3764|blocklinks=864|rej
ectBytes=4141
PMLE_LIVE_REPLAY_MEMORY|iwadBytes=28795076|frameBytes=64000|thinkers=248|vertexe
s=1196|segs=2057|sectors=182|subsectors=682|nodes=681|lines=1175|sides=1829|bloc
kmapInts=3764|blocklinks=864|rejectBytes=4141
P_GetNodesVersion: using normal BSP nodes
Max size 66146
PMLE_LIVE_REPLAY_WARM_PREFIX|after_full_tics=5250|tics=371|p50_ms=137.332|p95_ms
=160.464|p99_ms=172.004|max_ms=178.167|throughput_tps=7.466
PMLE_HOST_CONTEXT|phase=AFTER|utc=2026-07-24T02:42:18Z
PMLE_HOST_THERMAL|phase=AFTER|Note: No thermal warning level has been recorded
PMLE_HOST_THERMAL|phase=AFTER|Note: No performance warning level has been recorded
PMLE_HOST_THERMAL|phase=AFTER|2026-07-23 22:42:18 -0400 CPU Power notify
PMLE_HOST_THERMAL|phase=AFTER|	CPU_Scheduler_Limit 	= 100
PMLE_HOST_THERMAL|phase=AFTER|	CPU_Available_CPUs 	= 12
PMLE_HOST_THERMAL|phase=AFTER|	CPU_Speed_Limit 	= 100
