PMLE_ROUTE_DIAGNOSTICS|ENABLED|match=49ed9fb269ab634c1c5ceeff0a072284
PMLE_CHECKPOINT_LIVENESS|match=49ed9fb269ab634c1c5ceeff0a072284|tic=40|generation=1|worker=READY

Session altered.

PMLE_CHECKPOINT_SLOW|32|6672.281|4.8|190.221|6476.709|.551

Session altered.

PMLE_LIVENESS_DECISION|SUPPRESS_BUSY
PMLE_LIVENESS_DECISION|SUPPRESS_BUSY
PMLE_LIVENESS_DECISION|SUPPRESS_BUSY
PMLE_LIVENESS_DECISION|SUPPRESS_BUSY
PMLE_LIVENESS_DECISION|SUPPRESS_BUSY
PMLE_LIVENESS_DECISION|SUPPRESS_BUSY
PMLE_LIVENESS_DECISION|SUPPRESS_BUSY
PMLE_LIVENESS_DECISION|SUPPRESS_BUSY
PMLE_LIVENESS_DECISION|SUPPRESS_BUSY
PMLE_LIVENESS_DECISION|SUPPRESS_BUSY
PMLE_LIVENESS_DECISION|SUPPRESS_BUSY
PMLE_LIVENESS_DECISION|SUPPRESS_BUSY
PMLE_LIVENESS_DECISION|SUPPRESS_BUSY
PMLE_LIVENESS_DECISION|SUPPRESS_BUSY
PMLE_LIVENESS_DECISION|SUPPRESS_BUSY
PMLE_LIVENESS_DECISION|SUPPRESS_BUSY
PMLE_LIVENESS_DECISION|SUPPRESS_BUSY
PMLE_LIVENESS_DECISION|SUPPRESS_BUSY
PMLE_LIVENESS_DECISION|SUPPRESS_BUSY
PMLE_LIVENESS_DECISION|SUPPRESS_BUSY
PMLE_LIVENESS_DECISION|SUPPRESS_BUSY
PMLE_LIVENESS_DECISION|SUPPRESS_BUSY
PMLE_LIVENESS_DECISION|SUPPRESS_BUSY
PMLE_LIVENESS_DECISION|SUPPRESS_BUSY
PMLE_LIVENESS_DECISION|SUPPRESS_BUSY
PMLE_LIVENESS_DECISION|SUPPRESS_BUSY
PMLE_LIVENESS_DECISION|SUPPRESS_BUSY
PMLE_LIVENESS_DECISION|SUPPRESS_BUSY
PMLE_LIVENESS_DECISION|SUPPRESS_BUSY
PMLE_LIVENESS_DECISION|SUPPRESS_BUSY
PMLE_LIVENESS_DECISION|SUPPRESS_BUSY
PMLE_LIVENESS_DECISION|SUPPRESS_BUSY
PMLE_LIVENESS_DECISION|SUPPRESS_BUSY
PMLE_LIVENESS_DECISION|SUPPRESS_BUSY
PMLE_LIVENESS_DECISION|SUPPRESS_BUSY
PMLE_LIVENESS_DECISION|DEFER_BACKSTOP
PMLE_SOAK_CLEANUP|PRESERVED|match=49ed9fb269ab634c1c5ceeff0a072284
