PMLE_HOST_QUIESCENCE|PASS|docker_builds=0|compiles=0|verifiers=0

Session altered.


Session altered.


Session altered.


Session altered.

PMLE_ENVIRONMENT|cpu_count=2|resource_plan=DEFAULT_PLAN|cpu_managed=ON|pdb_cpu_count=2|pdb_utilization_limit=50|pdb_running_sessions_limit=2|pdb_plan=DEFAULT_CDB_PLAN

Session altered.


Session altered.


Session altered.


Session altered.

PMLE_ARTIFACT|source_bytes=1163182|source_sha256=06ac33331d9a9158d63fba2da4688ad5d3ff30c316b4c20c09e38d77d3fdebf0|table_bytes=180272|table_sha256=058cd0df9444131b356762a096fd422d5131ac3aea91163aee056e8ad4965b44
PMLE_MLE_MEMORY_CAL_SESSION|sid=64|serial=13843|spid=102154|action=BASELINE_READY|pga=15382848|pga_max=15382848|uga=1255552|uga_max=1386536|process_pga=14800729|process_pga_max=15700633
PMLE_MLE_MEMORY_CAL_PROCESS|phase=BASELINE|spid=102154|rss=226492416|pss=76302336|private_clean=25645056|private_dirty=27590656|anonymous=27582464
PMLE_MLE_MEMORY_CAL_SESSION|sid=64|serial=13843|spid=102154|action=ALLOCATED_READY|pga=15382848|pga_max=15382848|uga=1255552|uga_max=1386536|process_pga=14800729|process_pga_max=15700633
PMLE_MLE_MEMORY_CAL_PROCESS|phase=ALLOCATED|spid=102154|rss=361111552|pss=211252224|private_clean=30175232|private_dirty=157405184|anonymous=157396992
PMLE_MLE_MEMORY_CAL_SESSION|sid=64|serial=13843|spid=102154|action=RELEASED_READY|pga=15382848|pga_max=15382848|uga=1255552|uga_max=1386536|process_pga=14800729|process_pga_max=15700633
PMLE_MLE_MEMORY_CAL_PROCESS|phase=RELEASED|spid=102154|rss=361455616|pss=210848768|private_clean=30171136|private_dirty=157495296|anonymous=157487104

Session altered.


Session altered.


Session altered.


Session altered.

PMLE_MLE_MEMORY_CAL_ALLOCATION|bytes=134217728|loaded=134217728
PMLE_MLE_MEMORY_CAL|PASS|allocation_bytes=134217728|minimum_visible_bytes=50331648|pss_delta=134949888|private_delta=134344704|pga_is_complete=0
PMLE_WORKER_SOAK_MATCH|BOUND|match=3e827f7542b0511003602ef9b7bab5ce
PMLE_WORKER_SOAK_WARMUP|BEGIN|seconds=300|epoch=1784803814
PMLE_WORKER_SOAK_READY_OWNER|role=AUTHORITY|control_status=READY|control_sid=226|sid=226|serial=8575|spid=96460|scheduler_running=1|action=MLE_STEP|pga_bytes=31304529|pga_max_bytes=57709209
PMLE_WORKER_SOAK_READY_OWNER|role=STANDBY|control_status=READY|control_sid=65|sid=65|serial=59676|spid=96926|scheduler_running=1|action=MLE_GAME_INIT|pga_bytes=28274969|pga_max_bytes=34509465
PMLE_WORKER_SOAK_OWNER|role=AUTHORITY|control_status=READY|control_sid=226|sid=226|serial=8575|spid=96460|scheduler_running=1|action=-|pga_bytes=31106961|pga_max_bytes=57709209
PMLE_WORKER_SOAK_PROCESS|role=AUTHORITY|spid=96460|sample_epoch=1784804122|rss=1063010304|pss=464108544|private_clean=2940928|private_dirty=363659264|anonymous=363601920
PMLE_WORKER_SOAK_OWNER|role=STANDBY|control_status=READY|control_sid=65|sid=65|serial=59676|spid=96926|scheduler_running=1|action=MLE_GAME_INIT|pga_bytes=28274969|pga_max_bytes=34509465
PMLE_WORKER_SOAK_PROCESS|role=STANDBY|spid=96926|sample_epoch=1784804122|rss=949051392|pss=442265600|private_clean=6156288|private_dirty=347721728|anonymous=347656192
PMLE_WORKER_SOAK_OWNER|role=AUTHORITY|control_status=READY|control_sid=226|sid=226|serial=8575|spid=96460|scheduler_running=1|action=-|pga_bytes=31120505|pga_max_bytes=57709209
PMLE_WORKER_SOAK_PROCESS|role=AUTHORITY|spid=96460|sample_epoch=1784804153|rss=1094598656|pss=493808640|private_clean=3297280|private_dirty=391405568|anonymous=391348224
PMLE_WORKER_SOAK_OWNER|role=STANDBY|control_status=READY|control_sid=65|sid=65|serial=59676|spid=96926|scheduler_running=1|action=MLE_GAME_INIT|pga_bytes=28274969|pga_max_bytes=34509465
PMLE_WORKER_SOAK_PROCESS|role=STANDBY|spid=96926|sample_epoch=1784804153|rss=961384448|pss=455358464|private_clean=5910528|private_dirty=359956480|anonymous=359890944
PMLE_WORKER_SOAK_OWNER|role=AUTHORITY|control_status=READY|control_sid=226|sid=226|serial=8575|spid=96460|scheduler_running=1|action=-|pga_bytes=31190425|pga_max_bytes=57709209
PMLE_WORKER_SOAK_PROCESS|role=AUTHORITY|spid=96460|sample_epoch=1784804184|rss=1043132416|pss=440113152|private_clean=3362816|private_dirty=337223680|anonymous=337166336
PMLE_WORKER_SOAK_OWNER|role=STANDBY|control_status=READY|control_sid=65|sid=65|serial=59676|spid=96926|scheduler_running=1|action=MLE_GAME_INIT|pga_bytes=28274969|pga_max_bytes=34509465
PMLE_WORKER_SOAK_PROCESS|role=STANDBY|spid=96926|sample_epoch=1784804184|rss=969064448|pss=462401536|private_clean=5492736|private_dirty=367185920|anonymous=367120384
PMLE_WORKER_SOAK_OWNER|role=AUTHORITY|control_status=READY|control_sid=226|sid=226|serial=8575|spid=96460|scheduler_running=1|action=-|pga_bytes=31008505|pga_max_bytes=57709209
PMLE_WORKER_SOAK_PROCESS|role=AUTHORITY|spid=96460|sample_epoch=1784804216|rss=1105084416|pss=500236288|private_clean=3358720|private_dirty=396316672|anonymous=396259328
PMLE_WORKER_SOAK_OWNER|role=STANDBY|control_status=READY|control_sid=65|sid=65|serial=59676|spid=96926|scheduler_running=1|action=MLE_GAME_INIT|pga_bytes=28295529|pga_max_bytes=34509465
PMLE_WORKER_SOAK_PROCESS|role=STANDBY|spid=96926|sample_epoch=1784804216|rss=978661376|pss=472014848|private_clean=4960256|private_dirty=376614912|anonymous=376549376
PMLE_WORKER_SOAK_OWNER|role=AUTHORITY|control_status=READY|control_sid=226|sid=226|serial=8575|spid=96460|scheduler_running=1|action=MLE_STEP|pga_bytes=31296497|pga_max_bytes=57709209
PMLE_WORKER_SOAK_PROCESS|role=AUTHORITY|spid=96460|sample_epoch=1784804247|rss=1125842944|pss=517996544|private_clean=3358720|private_dirty=413564928|anonymous=413507584
PMLE_WORKER_SOAK_OWNER|role=STANDBY|control_status=READY|control_sid=65|sid=65|serial=59676|spid=96926|scheduler_running=1|action=MLE_GAME_INIT|pga_bytes=28274969|pga_max_bytes=34509465
PMLE_WORKER_SOAK_PROCESS|role=STANDBY|spid=96926|sample_epoch=1784804247|rss=940105728|pss=432865280|private_clean=4517888|private_dirty=337719296|anonymous=337653760
PMLE_WORKER_SOAK_OWNER|role=AUTHORITY|control_status=READY|control_sid=226|sid=226|serial=8575|spid=96460|scheduler_running=1|action=-|pga_bytes=31010473|pga_max_bytes=57709209
PMLE_WORKER_SOAK_PROCESS|role=AUTHORITY|spid=96460|sample_epoch=1784804278|rss=1085603840|pss=474796032|private_clean=3358720|private_dirty=370544640|anonymous=370487296
PMLE_WORKER_SOAK_OWNER|role=STANDBY|control_status=READY|control_sid=65|sid=65|serial=59676|spid=96926|scheduler_running=1|action=MLE_GAME_INIT|pga_bytes=28274969|pga_max_bytes=34509465
PMLE_WORKER_SOAK_PROCESS|role=STANDBY|spid=96926|sample_epoch=1784804278|rss=950005760|pss=441861120|private_clean=4517888|private_dirty=347181056|anonymous=347115520
PMLE_WORKER_SOAK_OWNER|role=AUTHORITY|control_status=READY|control_sid=226|sid=226|serial=8575|spid=96460|scheduler_running=1|action=-|pga_bytes=31172465|pga_max_bytes=57709209
PMLE_WORKER_SOAK_PROCESS|role=AUTHORITY|spid=96460|sample_epoch=1784804309|rss=1075601408|pss=461959168|private_clean=3391488|private_dirty=357490688|anonymous=357433344
PMLE_WORKER_SOAK_OWNER|role=STANDBY|control_status=READY|control_sid=65|sid=65|serial=59676|spid=96926|scheduler_running=1|action=MLE_GAME_INIT|pga_bytes=28274969|pga_max_bytes=34509465
PMLE_WORKER_SOAK_PROCESS|role=STANDBY|spid=96926|sample_epoch=1784804309|rss=956112896|pss=447380480|private_clean=4517888|private_dirty=352854016|anonymous=352788480
PMLE_WORKER_SOAK_OWNER|role=AUTHORITY|control_status=READY|control_sid=226|sid=226|serial=8575|spid=96460|scheduler_running=1|action=-|pga_bytes=19139449|pga_max_bytes=57709209
PMLE_WORKER_SOAK_PROCESS|role=AUTHORITY|spid=96460|sample_epoch=1784804340|rss=1011867648|pss=426847232|private_clean=3133440|private_dirty=334782464|anonymous=334725120
PMLE_WORKER_SOAK_OWNER|role=STANDBY|control_status=READY|control_sid=65|sid=65|serial=59676|spid=96926|scheduler_running=1|action=MLE_GAME_INIT|pga_bytes=28274969|pga_max_bytes=34509465
PMLE_WORKER_SOAK_PROCESS|role=STANDBY|spid=96926|sample_epoch=1784804340|rss=980512768|pss=483700736|private_clean=20246528|private_dirty=376700928|anonymous=376635392
PMLE_WORKER_SOAK_OWNER|role=AUTHORITY|control_status=READY|control_sid=226|sid=226|serial=8575|spid=96460|scheduler_running=1|action=-|pga_bytes=19262841|pga_max_bytes=57709209
PMLE_WORKER_SOAK_PROCESS|role=AUTHORITY|spid=96460|sample_epoch=1784804371|rss=997027840|pss=416679936|private_clean=8163328|private_dirty=317607936|anonymous=317550592
PMLE_WORKER_SOAK_OWNER|role=STANDBY|control_status=READY|control_sid=65|sid=65|serial=59676|spid=96926|scheduler_running=1|action=MLE_GAME_INIT|pga_bytes=16281881|pga_max_bytes=34509465
PMLE_WORKER_SOAK_PROCESS|role=STANDBY|spid=96926|sample_epoch=1784804371|rss=897122304|pss=420830208|private_clean=2797568|private_dirty=337039360|anonymous=336973824
PMLE_WORKER_SOAK_OWNER|role=AUTHORITY|control_status=READY|control_sid=226|sid=226|serial=8575|spid=96460|scheduler_running=1|action=-|pga_bytes=19139449|pga_max_bytes=57709209
PMLE_WORKER_SOAK_PROCESS|role=AUTHORITY|spid=96460|sample_epoch=1784804402|rss=984178688|pss=402457600|private_clean=8163328|private_dirty=303210496|anonymous=303153152
PMLE_WORKER_SOAK_OWNER|role=STANDBY|control_status=READY|control_sid=65|sid=65|serial=59676|spid=96926|scheduler_running=1|action=MLE_GAME_INIT|pga_bytes=16281881|pga_max_bytes=34509465
PMLE_WORKER_SOAK_PROCESS|role=STANDBY|spid=96926|sample_epoch=1784804402|rss=897564672|pss=420920320|private_clean=2797568|private_dirty=337039360|anonymous=336973824
PMLE_WORKER_SOAK_OWNER|role=AUTHORITY|control_status=READY|control_sid=226|sid=226|serial=8575|spid=96460|scheduler_running=1|action=-|pga_bytes=31255929|pga_max_bytes=57709209
PMLE_WORKER_SOAK_PROCESS|role=AUTHORITY|spid=96460|sample_epoch=1784804434|rss=1125957632|pss=518277120|private_clean=16629760|private_dirty=402759680|anonymous=402702336
PMLE_WORKER_SOAK_OWNER|role=STANDBY|control_status=READY|control_sid=65|sid=65|serial=59676|spid=96926|scheduler_running=1|action=MLE_GAME_INIT|pga_bytes=16281881|pga_max_bytes=34509465
PMLE_WORKER_SOAK_PROCESS|role=STANDBY|spid=96926|sample_epoch=1784804434|rss=898052096|pss=416723968|private_clean=2719744|private_dirty=337018880|anonymous=336973824
PMLE_WORKER_SOAK_OWNER|role=AUTHORITY|control_status=READY|control_sid=226|sid=226|serial=8575|spid=96460|scheduler_running=1|action=MLE_STEP|pga_bytes=19386873|pga_max_bytes=57709209
PMLE_WORKER_SOAK_PROCESS|role=AUTHORITY|spid=96460|sample_epoch=1784804466|rss=1104310272|pss=503543808|private_clean=17248256|private_dirty=391000064|anonymous=390938624
PMLE_WORKER_SOAK_OWNER|role=STANDBY|control_status=READY|control_sid=65|sid=65|serial=59676|spid=96926|scheduler_running=1|action=MLE_GAME_INIT|pga_bytes=16302441|pga_max_bytes=34509465
PMLE_WORKER_SOAK_PROCESS|role=STANDBY|spid=96926|sample_epoch=1784804466|rss=898162688|pss=417436672|private_clean=2727936|private_dirty=337018880|anonymous=336973824
PMLE_WORKER_SOAK_OWNER|role=AUTHORITY|control_status=READY|control_sid=226|sid=226|serial=8575|spid=96460|scheduler_running=1|action=MLE_STEP|pga_bytes=31337785|pga_max_bytes=57709209
PMLE_WORKER_SOAK_PROCESS|role=AUTHORITY|spid=96460|sample_epoch=1784804498|rss=1075388416|pss=470426624|private_clean=11182080|private_dirty=363847680|anonymous=363786240
PMLE_WORKER_SOAK_OWNER|role=STANDBY|control_status=READY|control_sid=65|sid=65|serial=59676|spid=96926|scheduler_running=1|action=MLE_GAME_INIT|pga_bytes=16302633|pga_max_bytes=34509465
PMLE_WORKER_SOAK_PROCESS|role=STANDBY|spid=96926|sample_epoch=1784804498|rss=898236416|pss=416380928|private_clean=2719744|private_dirty=337018880|anonymous=336973824
PMLE_WORKER_SOAK_OWNER|role=AUTHORITY|control_status=READY|control_sid=226|sid=226|serial=8575|spid=96460|scheduler_running=1|action=-|pga_bytes=19262841|pga_max_bytes=57709209
PMLE_WORKER_SOAK_PROCESS|role=AUTHORITY|spid=96460|sample_epoch=1784804530|rss=1027563520|pss=440025088|private_clean=8163328|private_dirty=342917120|anonymous=342855680
PMLE_WORKER_SOAK_OWNER|role=STANDBY|control_status=READY|control_sid=65|sid=65|serial=59676|spid=96926|scheduler_running=1|action=MLE_GAME_INIT|pga_bytes=16302633|pga_max_bytes=34509465
PMLE_WORKER_SOAK_PROCESS|role=STANDBY|spid=96926|sample_epoch=1784804530|rss=898297856|pss=418984960|private_clean=2805760|private_dirty=337018880|anonymous=336973824
PMLE_WORKER_SOAK_OWNER|role=AUTHORITY|control_status=READY|control_sid=226|sid=226|serial=8575|spid=96460|scheduler_running=1|action=-|pga_bytes=19179377|pga_max_bytes=57709209
PMLE_WORKER_SOAK_PROCESS|role=AUTHORITY|spid=96460|sample_epoch=1784804561|rss=1014292480|pss=426995712|private_clean=8163328|private_dirty=329392128|anonymous=329330688
PMLE_WORKER_SOAK_OWNER|role=STANDBY|control_status=READY|control_sid=65|sid=65|serial=59676|spid=96926|scheduler_running=1|action=MLE_GAME_INIT|pga_bytes=16302633|pga_max_bytes=34509465
PMLE_WORKER_SOAK_PROCESS|role=STANDBY|spid=96926|sample_epoch=1784804561|rss=898469888|pss=419451904|private_clean=2805760|private_dirty=337018880|anonymous=336973824
PMLE_WORKER_SOAK_OWNER|role=AUTHORITY|control_status=READY|control_sid=226|sid=226|serial=8575|spid=96460|scheduler_running=1|action=-|pga_bytes=19180985|pga_max_bytes=57709209
PMLE_WORKER_SOAK_PROCESS|role=AUTHORITY|spid=96460|sample_epoch=1784804592|rss=1002450944|pss=414468096|private_clean=8114176|private_dirty=317304832|anonymous=317243392
PMLE_WORKER_SOAK_OWNER|role=STANDBY|control_status=READY|control_sid=65|sid=65|serial=59676|spid=96926|scheduler_running=1|action=MLE_GAME_INIT|pga_bytes=16302633|pga_max_bytes=34509465
PMLE_WORKER_SOAK_PROCESS|role=STANDBY|spid=96926|sample_epoch=1784804592|rss=898646016|pss=419059712|private_clean=2805760|private_dirty=337018880|anonymous=336973824
PMLE_WORKER_SOAK_OWNER|role=AUTHORITY|control_status=READY|control_sid=226|sid=226|serial=8575|spid=96460|scheduler_running=1|action=MLE_STEP|pga_bytes=19303409|pga_max_bytes=57709209
PMLE_WORKER_SOAK_PROCESS|role=AUTHORITY|spid=96460|sample_epoch=1784804623|rss=991293440|pss=403120128|private_clean=8114176|private_dirty=305999872|anonymous=305938432
PMLE_WORKER_SOAK_OWNER|role=STANDBY|control_status=READY|control_sid=65|sid=65|serial=59676|spid=96926|scheduler_running=1|action=MLE_GAME_INIT|pga_bytes=16302633|pga_max_bytes=34509465
PMLE_WORKER_SOAK_PROCESS|role=STANDBY|spid=96926|sample_epoch=1784804623|rss=898850816|pss=419024896|private_clean=2805760|private_dirty=337018880|anonymous=336973824
PMLE_WORKER_SOAK_OWNER|role=AUTHORITY|control_status=READY|control_sid=226|sid=226|serial=8575|spid=96460|scheduler_running=1|action=MLE_STEP|pga_bytes=19344697|pga_max_bytes=57709209
PMLE_WORKER_SOAK_PROCESS|role=AUTHORITY|spid=96460|sample_epoch=1784804654|rss=1065000960|pss=476514304|private_clean=8114176|private_dirty=378916864|anonymous=378855424
PMLE_WORKER_SOAK_OWNER|role=STANDBY|control_status=READY|control_sid=65|sid=65|serial=59676|spid=96926|scheduler_running=1|action=MLE_GAME_INIT|pga_bytes=16302633|pga_max_bytes=34509465
PMLE_WORKER_SOAK_PROCESS|role=STANDBY|spid=96926|sample_epoch=1784804654|rss=899080192|pss=419420160|private_clean=2805760|private_dirty=337018880|anonymous=336973824
PMLE_WORKER_SOAK_OWNER|role=AUTHORITY|control_status=READY|control_sid=226|sid=226|serial=8575|spid=96460|scheduler_running=1|action=-|pga_bytes=19303769|pga_max_bytes=57709209
PMLE_WORKER_SOAK_PROCESS|role=AUTHORITY|spid=96460|sample_epoch=1784804686|rss=1055342592|pss=466630656|private_clean=8114176|private_dirty=369029120|anonymous=368967680
PMLE_WORKER_SOAK_OWNER|role=STANDBY|control_status=READY|control_sid=65|sid=65|serial=59676|spid=96926|scheduler_running=1|action=MLE_GAME_INIT|pga_bytes=16302633|pga_max_bytes=34509465
PMLE_WORKER_SOAK_PROCESS|role=STANDBY|spid=96926|sample_epoch=1784804686|rss=899432448|pss=419435520|private_clean=2805760|private_dirty=337018880|anonymous=336973824
PMLE_WORKER_SOAK_OWNER|role=AUTHORITY|control_status=READY|control_sid=226|sid=226|serial=8575|spid=96460|scheduler_running=1|action=-|pga_bytes=19262841|pga_max_bytes=57709209
PMLE_WORKER_SOAK_PROCESS|role=AUTHORITY|spid=96460|sample_epoch=1784804717|rss=1045594112|pss=456869888|private_clean=8142848|private_dirty=359227392|anonymous=359165952
PMLE_WORKER_SOAK_OWNER|role=STANDBY|control_status=READY|control_sid=65|sid=65|serial=59676|spid=96926|scheduler_running=1|action=MLE_GAME_INIT|pga_bytes=16302633|pga_max_bytes=34509465
PMLE_WORKER_SOAK_PROCESS|role=STANDBY|spid=96926|sample_epoch=1784804717|rss=899694592|pss=419487744|private_clean=2805760|private_dirty=337018880|anonymous=336973824
PMLE_WORKER_SOAK_OWNER|role=AUTHORITY|control_status=READY|control_sid=226|sid=226|serial=8575|spid=96460|scheduler_running=1|action=MLE_STEP|pga_bytes=31337785|pga_max_bytes=57709209
PMLE_WORKER_SOAK_PROCESS|role=AUTHORITY|spid=96460|sample_epoch=1784804748|rss=1084149760|pss=470557696|private_clean=15241216|private_dirty=360456192|anonymous=360394752
PMLE_WORKER_SOAK_OWNER|role=STANDBY|control_status=READY|control_sid=65|sid=65|serial=59676|spid=96926|scheduler_running=1|action=MLE_GAME_INIT|pga_bytes=16302633|pga_max_bytes=34509465
PMLE_WORKER_SOAK_PROCESS|role=STANDBY|spid=96926|sample_epoch=1784804748|rss=895197184|pss=409163776|private_clean=2719744|private_dirty=332099584|anonymous=332054528
PMLE_WORKER_SOAK_OWNER|role=AUTHORITY|control_status=READY|control_sid=226|sid=226|serial=8575|spid=96460|scheduler_running=1|action=-|pga_bytes=19098881|pga_max_bytes=57709209
PMLE_WORKER_SOAK_PROCESS|role=AUTHORITY|spid=96460|sample_epoch=1784804779|rss=1036533760|pss=443535360|private_clean=8130560|private_dirty=348348416|anonymous=348286976
PMLE_WORKER_SOAK_OWNER|role=STANDBY|control_status=READY|control_sid=65|sid=65|serial=59676|spid=96926|scheduler_running=1|action=MLE_GAME_INIT|pga_bytes=16302633|pga_max_bytes=34509465
PMLE_WORKER_SOAK_PROCESS|role=STANDBY|spid=96926|sample_epoch=1784804779|rss=895537152|pss=412731392|private_clean=2809856|private_dirty=332099584|anonymous=332054528
PMLE_WORKER_SOAK_OWNER|role=AUTHORITY|control_status=READY|control_sid=226|sid=226|serial=8575|spid=96460|scheduler_running=1|action=-|pga_bytes=19262841|pga_max_bytes=57709209
PMLE_WORKER_SOAK_PROCESS|role=AUTHORITY|spid=96460|sample_epoch=1784804810|rss=1030713344|pss=437196800|private_clean=8130560|private_dirty=341975040|anonymous=341913600
PMLE_WORKER_SOAK_OWNER|role=STANDBY|control_status=READY|control_sid=65|sid=65|serial=59676|spid=96926|scheduler_running=1|action=MLE_GAME_INIT|pga_bytes=16302633|pga_max_bytes=34509465
PMLE_WORKER_SOAK_PROCESS|role=STANDBY|spid=96926|sample_epoch=1784804810|rss=895868928|pss=413122560|private_clean=2809856|private_dirty=332099584|anonymous=332054528
PMLE_WORKER_SOAK_OWNER|role=AUTHORITY|control_status=READY|control_sid=226|sid=226|serial=8575|spid=96460|scheduler_running=1|action=MLE_STEP|pga_bytes=19180737|pga_max_bytes=57709209
PMLE_WORKER_SOAK_PROCESS|role=AUTHORITY|spid=96460|sample_epoch=1784804842|rss=1025687552|pss=432113664|private_clean=8130560|private_dirty=336482304|anonymous=336420864
PMLE_WORKER_SOAK_OWNER|role=STANDBY|control_status=READY|control_sid=65|sid=65|serial=59676|spid=96926|scheduler_running=1|action=MLE_GAME_INIT|pga_bytes=16302633|pga_max_bytes=34509465
PMLE_WORKER_SOAK_PROCESS|role=STANDBY|spid=96926|sample_epoch=1784804842|rss=896139264|pss=413111296|private_clean=2809856|private_dirty=332099584|anonymous=332054528
PMLE_WORKER_SOAK_OWNER|role=AUTHORITY|control_status=READY|control_sid=226|sid=226|serial=8575|spid=96460|scheduler_running=1|action=-|pga_bytes=19262841|pga_max_bytes=57709209
PMLE_WORKER_SOAK_PROCESS|role=AUTHORITY|spid=96460|sample_epoch=1784804873|rss=1021407232|pss=427275264|private_clean=8130560|private_dirty=331931648|anonymous=331870208
PMLE_WORKER_SOAK_OWNER|role=STANDBY|control_status=READY|control_sid=65|sid=65|serial=59676|spid=96926|scheduler_running=1|action=MLE_GAME_INIT|pga_bytes=16302633|pga_max_bytes=34509465
PMLE_WORKER_SOAK_PROCESS|role=STANDBY|spid=96926|sample_epoch=1784804873|rss=896270336|pss=412820480|private_clean=2809856|private_dirty=332099584|anonymous=332054528
PMLE_WORKER_SOAK_OWNER|role=AUTHORITY|control_status=READY|control_sid=226|sid=226|serial=8575|spid=96460|scheduler_running=1|action=-|pga_bytes=19139809|pga_max_bytes=57709209
PMLE_WORKER_SOAK_PROCESS|role=AUTHORITY|spid=96460|sample_epoch=1784804904|rss=1018351616|pss=423640064|private_clean=8114176|private_dirty=328462336|anonymous=328396800
PMLE_WORKER_SOAK_OWNER|role=STANDBY|control_status=READY|control_sid=65|sid=65|serial=59676|spid=96926|scheduler_running=1|action=MLE_GAME_INIT|pga_bytes=16302633|pga_max_bytes=34509465
PMLE_WORKER_SOAK_PROCESS|role=STANDBY|spid=96926|sample_epoch=1784804904|rss=896466944|pss=412660736|private_clean=2809856|private_dirty=332099584|anonymous=332054528
PMLE_WORKER_SOAK_OWNER|role=AUTHORITY|control_status=READY|control_sid=226|sid=226|serial=8575|spid=96460|scheduler_running=1|action=-|pga_bytes=19303769|pga_max_bytes=57709209
PMLE_WORKER_SOAK_PROCESS|role=AUTHORITY|spid=96460|sample_epoch=1784804936|rss=1018294272|pss=423309312|private_clean=8114176|private_dirty=328167424|anonymous=328105984
PMLE_WORKER_SOAK_OWNER|role=STANDBY|control_status=READY|control_sid=65|sid=65|serial=59676|spid=96926|scheduler_running=1|action=MLE_GAME_INIT|pga_bytes=16302633|pga_max_bytes=34509465
PMLE_WORKER_SOAK_PROCESS|role=STANDBY|spid=96926|sample_epoch=1784804936|rss=896786432|pss=412644352|private_clean=2809856|private_dirty=332099584|anonymous=332054528
PMLE_WORKER_SOAK_OWNER|role=AUTHORITY|control_status=READY|control_sid=226|sid=226|serial=8575|spid=96460|scheduler_running=1|action=MLE_STEP|pga_bytes=19303409|pga_max_bytes=57709209
PMLE_WORKER_SOAK_PROCESS|role=AUTHORITY|spid=96460|sample_epoch=1784804967|rss=1016504320|pss=421403648|private_clean=8114176|private_dirty=326266880|anonymous=326205440
PMLE_WORKER_SOAK_OWNER|role=STANDBY|control_status=READY|control_sid=65|sid=65|serial=59676|spid=96926|scheduler_running=1|action=MLE_GAME_INIT|pga_bytes=16302633|pga_max_bytes=34509465
PMLE_WORKER_SOAK_PROCESS|role=STANDBY|spid=96926|sample_epoch=1784804967|rss=896966656|pss=412647424|private_clean=2809856|private_dirty=332099584|anonymous=332054528
PMLE_WORKER_SOAK_OWNER|role=AUTHORITY|control_status=READY|control_sid=226|sid=226|serial=8575|spid=96460|scheduler_running=1|action=-|pga_bytes=19303769|pga_max_bytes=57709209
PMLE_WORKER_SOAK_PROCESS|role=AUTHORITY|spid=96460|sample_epoch=1784804998|rss=1014984704|pss=419947520|private_clean=8114176|private_dirty=324698112|anonymous=324636672
PMLE_WORKER_SOAK_OWNER|role=STANDBY|control_status=READY|control_sid=65|sid=65|serial=59676|spid=96926|scheduler_running=1|action=MLE_GAME_INIT|pga_bytes=16302633|pga_max_bytes=34509465
PMLE_WORKER_SOAK_PROCESS|role=STANDBY|spid=96926|sample_epoch=1784804998|rss=896892928|pss=409404416|private_clean=2719744|private_dirty=331898880|anonymous=331853824
PMLE_WORKER_SOAK_OWNER|role=AUTHORITY|control_status=READY|control_sid=226|sid=226|serial=8575|spid=96460|scheduler_running=1|action=-|pga_bytes=31255929|pga_max_bytes=57709209
PMLE_WORKER_SOAK_PROCESS|role=AUTHORITY|spid=96460|sample_epoch=1784805029|rss=1064411136|pss=451152896|private_clean=16515072|private_dirty=338300928|anonymous=338235392
PMLE_WORKER_SOAK_OWNER|role=STANDBY|control_status=READY|control_sid=65|sid=65|serial=59676|spid=96926|scheduler_running=1|action=MLE_GAME_INIT|pga_bytes=16302633|pga_max_bytes=34509465
PMLE_WORKER_SOAK_PROCESS|role=STANDBY|spid=96926|sample_epoch=1784805029|rss=896999424|pss=410803200|private_clean=2719744|private_dirty=331898880|anonymous=331853824
PMLE_WORKER_SOAK_OWNER|role=AUTHORITY|control_status=READY|control_sid=226|sid=226|serial=8575|spid=96460|scheduler_running=1|action=-|pga_bytes=19303769|pga_max_bytes=57709209
PMLE_WORKER_SOAK_PROCESS|role=AUTHORITY|spid=96460|sample_epoch=1784805060|rss=1013227520|pss=419984384|private_clean=8114176|private_dirty=322670592|anonymous=322605056
PMLE_WORKER_SOAK_OWNER|role=STANDBY|control_status=READY|control_sid=65|sid=65|serial=59676|spid=96926|scheduler_running=1|action=MLE_GAME_INIT|pga_bytes=16302633|pga_max_bytes=34509465
PMLE_WORKER_SOAK_PROCESS|role=STANDBY|spid=96926|sample_epoch=1784805060|rss=897089536|pss=413924352|private_clean=2809856|private_dirty=331898880|anonymous=331853824
PMLE_WORKER_SOAK_OWNER|role=AUTHORITY|control_status=READY|control_sid=226|sid=226|serial=8575|spid=96460|scheduler_running=1|action=-|pga_bytes=19179377|pga_max_bytes=57709209
PMLE_WORKER_SOAK_PROCESS|role=AUTHORITY|spid=96460|sample_epoch=1784805091|rss=1007587328|pss=414127104|private_clean=8114176|private_dirty=316956672|anonymous=316891136
PMLE_WORKER_SOAK_OWNER|role=STANDBY|control_status=READY|control_sid=65|sid=65|serial=59676|spid=96926|scheduler_running=1|action=MLE_GAME_INIT|pga_bytes=16302633|pga_max_bytes=34509465
PMLE_WORKER_SOAK_PROCESS|role=STANDBY|spid=96926|sample_epoch=1784805091|rss=897277952|pss=413806592|private_clean=2809856|private_dirty=331898880|anonymous=331853824
PMLE_WORKER_SOAK_OWNER|role=AUTHORITY|control_status=READY|control_sid=226|sid=226|serial=8575|spid=96460|scheduler_running=1|action=-|pga_bytes=19180985|pga_max_bytes=57709209
PMLE_WORKER_SOAK_PROCESS|role=AUTHORITY|spid=96460|sample_epoch=1784805123|rss=1010130944|pss=416612352|private_clean=8114176|private_dirty=319475712|anonymous=319410176
PMLE_WORKER_SOAK_OWNER|role=STANDBY|control_status=READY|control_sid=65|sid=65|serial=59676|spid=96926|scheduler_running=1|action=MLE_GAME_INIT|pga_bytes=16302633|pga_max_bytes=34509465
PMLE_WORKER_SOAK_PROCESS|role=STANDBY|spid=96926|sample_epoch=1784805123|rss=897449984|pss=413793280|private_clean=2809856|private_dirty=331898880|anonymous=331853824
PMLE_WORKER_SOAK_OWNER|role=AUTHORITY|control_status=READY|control_sid=226|sid=226|serial=8575|spid=96460|scheduler_running=1|action=MLE_STEP|pga_bytes=19344697|pga_max_bytes=57709209
PMLE_WORKER_SOAK_PROCESS|role=AUTHORITY|spid=96460|sample_epoch=1784805154|rss=1013719040|pss=420611072|private_clean=8142848|private_dirty=323018752|anonymous=322953216
PMLE_WORKER_SOAK_OWNER|role=STANDBY|control_status=READY|control_sid=65|sid=65|serial=59676|spid=96926|scheduler_running=1|action=MLE_GAME_INIT|pga_bytes=16302633|pga_max_bytes=34509465
PMLE_WORKER_SOAK_PROCESS|role=STANDBY|spid=96926|sample_epoch=1784805154|rss=897691648|pss=414238720|private_clean=2809856|private_dirty=331898880|anonymous=331853824
PMLE_WORKER_SOAK_OWNER|role=AUTHORITY|control_status=READY|control_sid=226|sid=226|serial=8575|spid=96460|scheduler_running=1|action=-|pga_bytes=19303769|pga_max_bytes=57709209
PMLE_WORKER_SOAK_PROCESS|role=AUTHORITY|spid=96460|sample_epoch=1784805185|rss=1018003456|pss=424271872|private_clean=8142848|private_dirty=327065600|anonymous=327004160
PMLE_WORKER_SOAK_OWNER|role=STANDBY|control_status=READY|control_sid=65|sid=65|serial=59676|spid=96926|scheduler_running=1|action=MLE_GAME_INIT|pga_bytes=16302633|pga_max_bytes=34509465
PMLE_WORKER_SOAK_PROCESS|role=STANDBY|spid=96926|sample_epoch=1784805185|rss=897921024|pss=413849600|private_clean=2809856|private_dirty=331898880|anonymous=331853824
PMLE_WORKER_SOAK_OWNER|role=AUTHORITY|control_status=READY|control_sid=226|sid=226|serial=8575|spid=96460|scheduler_running=1|action=MLE_STEP|pga_bytes=19344697|pga_max_bytes=57709209
PMLE_WORKER_SOAK_PROCESS|role=AUTHORITY|spid=96460|sample_epoch=1784805216|rss=1022853120|pss=429418496|private_clean=8163328|private_dirty=331722752|anonymous=331661312
PMLE_WORKER_SOAK_OWNER|role=STANDBY|control_status=READY|control_sid=65|sid=65|serial=59676|spid=96926|scheduler_running=1|action=MLE_GAME_INIT|pga_bytes=16302633|pga_max_bytes=34509465
PMLE_WORKER_SOAK_PROCESS|role=STANDBY|spid=96926|sample_epoch=1784805216|rss=898142208|pss=414291968|private_clean=2809856|private_dirty=331898880|anonymous=331853824
PMLE_WORKER_SOAK_OWNER|role=AUTHORITY|control_status=READY|control_sid=226|sid=226|serial=8575|spid=96460|scheduler_running=1|action=MLE_STEP|pga_bytes=19345417|pga_max_bytes=57709209
PMLE_WORKER_SOAK_PROCESS|role=AUTHORITY|spid=96460|sample_epoch=1784805247|rss=1028534272|pss=434538496|private_clean=8114176|private_dirty=337305600|anonymous=337244160
PMLE_WORKER_SOAK_OWNER|role=STANDBY|control_status=READY|control_sid=65|sid=65|serial=59676|spid=96926|scheduler_running=1|action=MLE_GAME_INIT|pga_bytes=16302633|pga_max_bytes=34509465
PMLE_WORKER_SOAK_PROCESS|role=STANDBY|spid=96926|sample_epoch=1784805247|rss=898338816|pss=413901824|private_clean=2809856|private_dirty=331898880|anonymous=331853824
PMLE_WORKER_SOAK_OWNER|role=AUTHORITY|control_status=READY|control_sid=226|sid=226|serial=8575|spid=96460|scheduler_running=1|action=-|pga_bytes=19303769|pga_max_bytes=57709209
PMLE_WORKER_SOAK_PROCESS|role=AUTHORITY|spid=96460|sample_epoch=1784805278|rss=1035481088|pss=441175040|private_clean=8114176|private_dirty=343932928|anonymous=343871488
PMLE_WORKER_SOAK_OWNER|role=STANDBY|control_status=READY|control_sid=65|sid=65|serial=59676|spid=96926|scheduler_running=1|action=MLE_GAME_INIT|pga_bytes=16302633|pga_max_bytes=34509465
PMLE_WORKER_SOAK_PROCESS|role=STANDBY|spid=96926|sample_epoch=1784805278|rss=898551808|pss=413904896|private_clean=2809856|private_dirty=331898880|anonymous=331853824
PMLE_WORKER_SOAK_OWNER|role=AUTHORITY|control_status=READY|control_sid=226|sid=226|serial=8575|spid=96460|scheduler_running=1|action=-|pga_bytes=19262841|pga_max_bytes=57709209
PMLE_WORKER_SOAK_PROCESS|role=AUTHORITY|spid=96460|sample_epoch=1784805309|rss=1042440192|pss=448039936|private_clean=8114176|private_dirty=350806016|anonymous=350744576
PMLE_WORKER_SOAK_OWNER|role=STANDBY|control_status=READY|control_sid=65|sid=65|serial=59676|spid=96926|scheduler_running=1|action=MLE_GAME_INIT|pga_bytes=16302633|pga_max_bytes=34509465
PMLE_WORKER_SOAK_PROCESS|role=STANDBY|spid=96926|sample_epoch=1784805309|rss=898813952|pss=413917184|private_clean=2809856|private_dirty=331898880|anonymous=331853824
PMLE_WORKER_SOAK_OWNER|role=AUTHORITY|control_status=READY|control_sid=226|sid=226|serial=8575|spid=96460|scheduler_running=1|action=-|pga_bytes=19303769|pga_max_bytes=57709209
PMLE_WORKER_SOAK_PROCESS|role=AUTHORITY|spid=96460|sample_epoch=1784805340|rss=1050255360|pss=456170496|private_clean=8114176|private_dirty=358522880|anonymous=358453248
PMLE_WORKER_SOAK_OWNER|role=STANDBY|control_status=READY|control_sid=65|sid=65|serial=59676|spid=96926|scheduler_running=1|action=MLE_GAME_INIT|pga_bytes=16302633|pga_max_bytes=34509465
PMLE_WORKER_SOAK_PROCESS|role=STANDBY|spid=96926|sample_epoch=1784805340|rss=899018752|pss=414347264|private_clean=2809856|private_dirty=331898880|anonymous=331853824
PMLE_WORKER_SOAK_OWNER|role=AUTHORITY|control_status=READY|control_sid=226|sid=226|serial=8575|spid=96460|scheduler_running=1|action=MLE_STEP|pga_bytes=19234209|pga_max_bytes=57709209
PMLE_WORKER_SOAK_PROCESS|role=AUTHORITY|spid=96460|sample_epoch=1784805371|rss=996442112|pss=401659904|private_clean=8138752|private_dirty=304361472|anonymous=304295936
PMLE_WORKER_SOAK_OWNER|role=STANDBY|control_status=READY|control_sid=65|sid=65|serial=59676|spid=96926|scheduler_running=1|action=MLE_GAME_INIT|pga_bytes=16302633|pga_max_bytes=34509465
PMLE_WORKER_SOAK_PROCESS|role=STANDBY|spid=96926|sample_epoch=1784805371|rss=899297280|pss=413943808|private_clean=2809856|private_dirty=331898880|anonymous=331853824
PMLE_WORKER_SOAK_OWNER|role=AUTHORITY|control_status=READY|control_sid=226|sid=226|serial=8575|spid=96460|scheduler_running=1|action=-|pga_bytes=19262841|pga_max_bytes=57709209
PMLE_WORKER_SOAK_PROCESS|role=AUTHORITY|spid=96460|sample_epoch=1784805403|rss=1007075328|pss=412151808|private_clean=8138752|private_dirty=314863616|anonymous=314798080
PMLE_WORKER_SOAK_OWNER|role=STANDBY|control_status=READY|control_sid=65|sid=65|serial=59676|spid=96926|scheduler_running=1|action=MLE_GAME_INIT|pga_bytes=16302633|pga_max_bytes=34509465
PMLE_WORKER_SOAK_PROCESS|role=STANDBY|spid=96926|sample_epoch=1784805403|rss=899538944|pss=413961216|private_clean=2809856|private_dirty=331898880|anonymous=331853824
PMLE_WORKER_SOAK_OWNER|role=AUTHORITY|control_status=READY|control_sid=226|sid=226|serial=8575|spid=96460|scheduler_running=1|action=-|pga_bytes=19172673|pga_max_bytes=57709209
PMLE_WORKER_SOAK_PROCESS|role=AUTHORITY|spid=96460|sample_epoch=1784805434|rss=1017135104|pss=422105088|private_clean=8138752|private_dirty=324857856|anonymous=324792320
PMLE_WORKER_SOAK_OWNER|role=STANDBY|control_status=READY|control_sid=65|sid=65|serial=59676|spid=96926|scheduler_running=1|action=MLE_GAME_INIT|pga_bytes=16302633|pga_max_bytes=34509465
PMLE_WORKER_SOAK_PROCESS|role=STANDBY|spid=96926|sample_epoch=1784805434|rss=899678208|pss=413930496|private_clean=2809856|private_dirty=331898880|anonymous=331853824
PMLE_WORKER_SOAK_OWNER|role=AUTHORITY|control_status=READY|control_sid=226|sid=226|serial=8575|spid=96460|scheduler_running=1|action=-|pga_bytes=19303409|pga_max_bytes=57709209
PMLE_WORKER_SOAK_PROCESS|role=AUTHORITY|spid=96460|sample_epoch=1784805465|rss=1028472832|pss=433327104|private_clean=8138752|private_dirty=336138240|anonymous=336072704
PMLE_WORKER_SOAK_OWNER|role=STANDBY|control_status=READY|control_sid=65|sid=65|serial=59676|spid=96926|scheduler_running=1|action=MLE_GAME_INIT|pga_bytes=16302633|pga_max_bytes=34509465
PMLE_WORKER_SOAK_PROCESS|role=STANDBY|spid=96926|sample_epoch=1784805465|rss=899837952|pss=413880320|private_clean=2809856|private_dirty=331898880|anonymous=331853824
PMLE_WORKER_SOAK_OWNER|role=AUTHORITY|control_status=READY|control_sid=226|sid=226|serial=8575|spid=96460|scheduler_running=1|action=-|pga_bytes=19164385|pga_max_bytes=57709209
PMLE_WORKER_SOAK_PROCESS|role=AUTHORITY|spid=96460|sample_epoch=1784805496|rss=1040449536|pss=445587456|private_clean=8138752|private_dirty=348024832|anonymous=347959296
PMLE_WORKER_SOAK_OWNER|role=STANDBY|control_status=READY|control_sid=65|sid=65|serial=59676|spid=96926|scheduler_running=1|action=MLE_GAME_INIT|pga_bytes=16302633|pga_max_bytes=34509465
PMLE_WORKER_SOAK_PROCESS|role=STANDBY|spid=96926|sample_epoch=1784805496|rss=900067328|pss=414261248|private_clean=2809856|private_dirty=331898880|anonymous=331853824
PMLE_WORKER_SOAK_OWNER|role=AUTHORITY|control_status=READY|control_sid=226|sid=226|serial=8575|spid=96460|scheduler_running=1|action=-|pga_bytes=19303769|pga_max_bytes=57709209
PMLE_WORKER_SOAK_PROCESS|role=AUTHORITY|spid=96460|sample_epoch=1784805527|rss=1053024256|pss=458145792|private_clean=8163328|private_dirty=360558592|anonymous=360488960
PMLE_WORKER_SOAK_OWNER|role=STANDBY|control_status=READY|control_sid=65|sid=65|serial=59676|spid=96926|scheduler_running=1|action=MLE_GAME_INIT|pga_bytes=16302633|pga_max_bytes=34509465
PMLE_WORKER_SOAK_PROCESS|role=STANDBY|spid=96926|sample_epoch=1784805527|rss=900247552|pss=414286848|private_clean=2809856|private_dirty=331898880|anonymous=331853824
PMLE_WORKER_SOAK_OWNER|role=AUTHORITY|control_status=READY|control_sid=226|sid=226|serial=8575|spid=96460|scheduler_running=1|action=-|pga_bytes=19143777|pga_max_bytes=57709209
PMLE_WORKER_SOAK_PROCESS|role=AUTHORITY|spid=96460|sample_epoch=1784805558|rss=1007972352|pss=412599296|private_clean=8130560|private_dirty=315478016|anonymous=315408384
PMLE_WORKER_SOAK_OWNER|role=STANDBY|control_status=READY|control_sid=65|sid=65|serial=59676|spid=96926|scheduler_running=1|action=MLE_GAME_INIT|pga_bytes=16302633|pga_max_bytes=34509465
PMLE_WORKER_SOAK_PROCESS|role=STANDBY|spid=96926|sample_epoch=1784805558|rss=900354048|pss=413892608|private_clean=2809856|private_dirty=331898880|anonymous=331853824
PMLE_WORKER_SOAK_OWNER|role=AUTHORITY|control_status=READY|control_sid=226|sid=226|serial=8575|spid=96460|scheduler_running=1|action=MLE_STEP|pga_bytes=19344697|pga_max_bytes=57709209
PMLE_WORKER_SOAK_PROCESS|role=AUTHORITY|spid=96460|sample_epoch=1784805589|rss=1022746624|pss=427330560|private_clean=8130560|private_dirty=330219520|anonymous=330149888
PMLE_WORKER_SOAK_OWNER|role=STANDBY|control_status=READY|control_sid=65|sid=65|serial=59676|spid=96926|scheduler_running=1|action=MLE_GAME_INIT|pga_bytes=16302633|pga_max_bytes=34509465
PMLE_WORKER_SOAK_PROCESS|role=STANDBY|spid=96926|sample_epoch=1784805589|rss=900485120|pss=413891584|private_clean=2809856|private_dirty=331898880|anonymous=331853824
PMLE_WORKER_SOAK_OWNER|role=AUTHORITY|control_status=READY|control_sid=226|sid=226|serial=8575|spid=96460|scheduler_running=1|action=-|pga_bytes=19164385|pga_max_bytes=57709209
PMLE_WORKER_SOAK_PROCESS|role=AUTHORITY|spid=96460|sample_epoch=1784805620|rss=1038499840|pss=443017216|private_clean=8130560|private_dirty=345948160|anonymous=345878528
PMLE_WORKER_SOAK_OWNER|role=STANDBY|control_status=READY|control_sid=65|sid=65|serial=59676|spid=96926|scheduler_running=1|action=MLE_GAME_INIT|pga_bytes=16302633|pga_max_bytes=34509465
PMLE_WORKER_SOAK_PROCESS|role=STANDBY|spid=96926|sample_epoch=1784805620|rss=900608000|pss=413859840|private_clean=2809856|private_dirty=331898880|anonymous=331853824
PMLE_WORKER_SOAK_OWNER|role=AUTHORITY|control_status=READY|control_sid=226|sid=226|serial=8575|spid=96460|scheduler_running=1|action=-|pga_bytes=19304825|pga_max_bytes=57709209
PMLE_WORKER_SOAK_PROCESS|role=AUTHORITY|spid=96460|sample_epoch=1784805651|rss=996564992|pss=400671744|private_clean=7999488|private_dirty=303947776|anonymous=303882240
PMLE_WORKER_SOAK_OWNER|role=STANDBY|control_status=READY|control_sid=65|sid=65|serial=59676|spid=96926|scheduler_running=1|action=MLE_GAME_INIT|pga_bytes=16302633|pga_max_bytes=34509465
PMLE_WORKER_SOAK_PROCESS|role=STANDBY|spid=96926|sample_epoch=1784805651|rss=900784128|pss=413811712|private_clean=2809856|private_dirty=331902976|anonymous=331853824
PMLE_WORKER_SOAK_OWNER|role=AUTHORITY|control_status=READY|control_sid=226|sid=226|serial=8575|spid=96460|scheduler_running=1|action=MLE_STEP|pga_bytes=19345753|pga_max_bytes=57709209
PMLE_WORKER_SOAK_PROCESS|role=AUTHORITY|spid=96460|sample_epoch=1784805683|rss=1012973568|pss=416319488|private_clean=7999488|private_dirty=320335872|anonymous=320270336
PMLE_WORKER_SOAK_OWNER|role=STANDBY|control_status=READY|control_sid=65|sid=65|serial=59676|spid=96926|scheduler_running=1|action=MLE_GAME_INIT|pga_bytes=16302633|pga_max_bytes=34509465
PMLE_WORKER_SOAK_PROCESS|role=STANDBY|spid=96926|sample_epoch=1784805683|rss=900902912|pss=413297664|private_clean=2809856|private_dirty=331902976|anonymous=331853824
PMLE_WORKER_SOAK_OWNER|role=AUTHORITY|control_status=READY|control_sid=226|sid=226|serial=8575|spid=96460|scheduler_running=1|action=-|pga_bytes=19263897|pga_max_bytes=57709209
PMLE_WORKER_SOAK_PROCESS|role=AUTHORITY|spid=96460|sample_epoch=1784805714|rss=1029775360|pss=433398784|private_clean=8003584|private_dirty=337129472|anonymous=337063936
PMLE_WORKER_SOAK_OWNER|role=STANDBY|control_status=READY|control_sid=65|sid=65|serial=59676|spid=96926|scheduler_running=1|action=MLE_GAME_INIT|pga_bytes=16302633|pga_max_bytes=34509465
PMLE_WORKER_SOAK_PROCESS|role=STANDBY|spid=96926|sample_epoch=1784805714|rss=901066752|pss=413579264|private_clean=2809856|private_dirty=331902976|anonymous=331853824
PMLE_WORKER_SOAK_OWNER|role=AUTHORITY|control_status=READY|control_sid=226|sid=226|serial=8575|spid=96460|scheduler_running=1|action=-|pga_bytes=19304825|pga_max_bytes=57709209
PMLE_WORKER_SOAK_PROCESS|role=AUTHORITY|spid=96460|sample_epoch=1784805745|rss=1046216704|pss=449501184|private_clean=7999488|private_dirty=353554432|anonymous=353488896
PMLE_WORKER_SOAK_OWNER|role=STANDBY|control_status=READY|control_sid=65|sid=65|serial=59676|spid=96926|scheduler_running=1|action=MLE_GAME_INIT|pga_bytes=16302633|pga_max_bytes=34509465
PMLE_WORKER_SOAK_PROCESS|role=STANDBY|spid=96926|sample_epoch=1784805745|rss=901296128|pss=413304832|private_clean=2809856|private_dirty=331902976|anonymous=331853824
PMLE_WORKER_SOAK_OWNER|role=AUTHORITY|control_status=READY|control_sid=226|sid=226|serial=8575|spid=96460|scheduler_running=1|action=MLE_STEP|pga_bytes=19345753|pga_max_bytes=57709209
PMLE_WORKER_SOAK_PROCESS|role=AUTHORITY|spid=96460|sample_epoch=1784805776|rss=1010491392|pss=413656064|private_clean=7999488|private_dirty=317755392|anonymous=317689856
PMLE_WORKER_SOAK_OWNER|role=STANDBY|control_status=READY|control_sid=65|sid=65|serial=59676|spid=96926|scheduler_running=1|action=MLE_GAME_INIT|pga_bytes=16302633|pga_max_bytes=34509465
PMLE_WORKER_SOAK_PROCESS|role=STANDBY|spid=96926|sample_epoch=1784805776|rss=901492736|pss=413276160|private_clean=2809856|private_dirty=331902976|anonymous=331853824
PMLE_WORKER_SOAK_OWNER|role=AUTHORITY|control_status=READY|control_sid=226|sid=226|serial=8575|spid=96460|scheduler_running=1|action=-|pga_bytes=19304825|pga_max_bytes=57709209
PMLE_WORKER_SOAK_PROCESS|role=AUTHORITY|spid=96460|sample_epoch=1784805807|rss=1028399104|pss=431520768|private_clean=7999488|private_dirty=335663104|anonymous=335597568
PMLE_WORKER_SOAK_OWNER|role=STANDBY|control_status=READY|control_sid=65|sid=65|serial=59676|spid=96926|scheduler_running=1|action=MLE_GAME_INIT|pga_bytes=16302633|pga_max_bytes=34509465
PMLE_WORKER_SOAK_PROCESS|role=STANDBY|spid=96926|sample_epoch=1784805807|rss=901677056|pss=413252608|private_clean=2809856|private_dirty=331902976|anonymous=331853824
PMLE_WORKER_SOAK_OWNER|role=AUTHORITY|control_status=READY|control_sid=226|sid=226|serial=8575|spid=96460|scheduler_running=1|action=MLE_STEP|pga_bytes=19345753|pga_max_bytes=57709209
PMLE_WORKER_SOAK_PROCESS|role=AUTHORITY|spid=96460|sample_epoch=1784805838|rss=995213312|pss=398345216|private_clean=7999488|private_dirty=302469120|anonymous=302403584
PMLE_WORKER_SOAK_OWNER|role=STANDBY|control_status=READY|control_sid=65|sid=65|serial=59676|spid=96926|scheduler_running=1|action=MLE_GAME_INIT|pga_bytes=16302633|pga_max_bytes=34509465
PMLE_WORKER_SOAK_PROCESS|role=STANDBY|spid=96926|sample_epoch=1784805838|rss=901804032|pss=413286400|private_clean=2809856|private_dirty=331902976|anonymous=331853824
PMLE_WORKER_SOAK_OWNER|role=AUTHORITY|control_status=READY|control_sid=226|sid=226|serial=8575|spid=96460|scheduler_running=1|action=-|pga_bytes=19304825|pga_max_bytes=57709209
PMLE_WORKER_SOAK_PROCESS|role=AUTHORITY|spid=96460|sample_epoch=1784805869|rss=1013178368|pss=416668672|private_clean=7999488|private_dirty=320430080|anonymous=320364544
PMLE_WORKER_SOAK_OWNER|role=STANDBY|control_status=READY|control_sid=65|sid=65|serial=59676|spid=96926|scheduler_running=1|action=MLE_GAME_INIT|pga_bytes=16302633|pga_max_bytes=34509465
PMLE_WORKER_SOAK_PROCESS|role=STANDBY|spid=96926|sample_epoch=1784805869|rss=901918720|pss=413632512|private_clean=2809856|private_dirty=331902976|anonymous=331853824
PMLE_WORKER_SOAK_OWNER|role=AUTHORITY|control_status=READY|control_sid=226|sid=226|serial=8575|spid=96460|scheduler_running=1|action=MLE_STEP|pga_bytes=19345753|pga_max_bytes=57709209
PMLE_WORKER_SOAK_PROCESS|role=AUTHORITY|spid=96460|sample_epoch=1784805901|rss=1031049216|pss=434509824|private_clean=7999488|private_dirty=338284544|anonymous=338219008
PMLE_WORKER_SOAK_OWNER|role=STANDBY|control_status=READY|control_sid=65|sid=65|serial=59676|spid=96926|scheduler_running=1|action=MLE_GAME_INIT|pga_bytes=16302633|pga_max_bytes=34509465
PMLE_WORKER_SOAK_PROCESS|role=STANDBY|spid=96926|sample_epoch=1784805901|rss=902127616|pss=413642752|private_clean=2809856|private_dirty=331902976|anonymous=331853824
PASS P13.5-MULTIPLAYER-SOAK seconds=1800 warmupSeconds=300 tics=10264/10264-72267/72268 maxLag=18 maxReconnectSeconds=0 resyncs=1/2 frames=0 checkpoints=2 bytes=0 disconnectedNeutral=0 initialNeutral=20450 paint999Max=114.3/608.8,114.5/551.7 memory=18446744073705339000/18446744073705404000 java=0/0 gc=0/0
PMLE_WORKER_SOAK_MEMORY|PASS|role=AUTHORITY|samples=58|warmup_excluded=1|spid_stable=1|margin=67108864|rss_base=1063010304|rss_max=1125957632|rss_end=1031049216|pss_base=464108544|pss_max=518277120|pss_end=434509824|private_base=366600192|private_max=419389440|private_end=346284032|plateau_steps_8m=20
PMLE_WORKER_SOAK_MEMORY|PASS|role=STANDBY|samples=58|warmup_excluded=1|spid_stable=1|margin=67108864|rss_base=949051392|rss_max=980512768|rss_end=902127616|pss_base=442265600|pss_max=483700736|pss_end=413642752|private_base=353878016|private_max=396947456|private_end=334712832|plateau_steps_8m=4
PMLE_WORKER_SOAK_SLOW|tic=13|generation=1|elapsed_ms=337.469|started_utc=2026-07-23T10:50:06.448261Z|ended_utc=2026-07-23T10:50:06.785730Z|ash_samples=2|on_cpu=2|resmgr=0|commit_io=0
PMLE_WORKER_SOAK_SLOW|tic=32|generation=1|elapsed_ms=2932.371|started_utc=2026-07-23T10:50:07.615982Z|ended_utc=2026-07-23T10:50:10.548353Z|ash_samples=5|on_cpu=5|resmgr=0|commit_io=0
PMLE_WORKER_SOAK_SLOW|tic=1024|generation=1|elapsed_ms=464.907|started_utc=2026-07-23T10:50:38.949559Z|ended_utc=2026-07-23T10:50:39.414466Z|ash_samples=1|on_cpu=1|resmgr=0|commit_io=0
PMLE_WORKER_SOAK_SLOW|tic=1919|generation=1|elapsed_ms=132.468|started_utc=2026-07-23T10:51:05.366581Z|ended_utc=2026-07-23T10:51:05.499049Z|ash_samples=2|on_cpu=2|resmgr=0|commit_io=0
PMLE_WORKER_SOAK_SLOW|tic=1920|generation=1|elapsed_ms=442.297|started_utc=2026-07-23T10:51:05.525660Z|ended_utc=2026-07-23T10:51:05.967957Z|ash_samples=3|on_cpu=3|resmgr=0|commit_io=0
PMLE_WORKER_SOAK_SLOW|tic=2009|generation=1|elapsed_ms=206.19|started_utc=2026-07-23T10:51:09.203606Z|ended_utc=2026-07-23T10:51:09.409796Z|ash_samples=2|on_cpu=2|resmgr=0|commit_io=0
PMLE_WORKER_SOAK_SLOW|tic=2010|generation=1|elapsed_ms=252.496|started_utc=2026-07-23T10:51:09.426704Z|ended_utc=2026-07-23T10:51:09.679200Z|ash_samples=2|on_cpu=2|resmgr=0|commit_io=0
PMLE_WORKER_SOAK_SLOW|tic=2048|generation=1|elapsed_ms=289.938|started_utc=2026-07-23T10:51:10.753622Z|ended_utc=2026-07-23T10:51:11.043560Z|ash_samples=3|on_cpu=3|resmgr=0|commit_io=0
PMLE_WORKER_SOAK_SLOW|tic=3072|generation=1|elapsed_ms=136.44|started_utc=2026-07-23T10:51:41.408596Z|ended_utc=2026-07-23T10:51:41.545036Z|ash_samples=2|on_cpu=2|resmgr=0|commit_io=0
PMLE_WORKER_SOAK_SLOW|tic=3451|generation=1|elapsed_ms=156.757|started_utc=2026-07-23T10:51:52.655726Z|ended_utc=2026-07-23T10:51:52.812483Z|ash_samples=1|on_cpu=1|resmgr=0|commit_io=0
PMLE_WORKER_SOAK_SLOW|tic=3912|generation=1|elapsed_ms=951.267|started_utc=2026-07-23T10:52:06.064974Z|ended_utc=2026-07-23T10:52:07.016241Z|ash_samples=1|on_cpu=1|resmgr=0|commit_io=0
PMLE_WORKER_SOAK_SLOW|tic=6144|generation=1|elapsed_ms=112.303|started_utc=2026-07-23T10:53:10.820521Z|ended_utc=2026-07-23T10:53:10.932824Z|ash_samples=3|on_cpu=3|resmgr=0|commit_io=0
PMLE_WORKER_SOAK_SLOW|tic=6425|generation=1|elapsed_ms=305.741|started_utc=2026-07-23T10:53:19.769102Z|ended_utc=2026-07-23T10:53:20.074843Z|ash_samples=3|on_cpu=3|resmgr=0|commit_io=0
PMLE_WORKER_SOAK_SLOW|tic=6646|generation=1|elapsed_ms=109.292|started_utc=2026-07-23T10:53:27.143686Z|ended_utc=2026-07-23T10:53:27.252978Z|ash_samples=1|on_cpu=1|resmgr=0|commit_io=0
PMLE_WORKER_SOAK_SLOW|tic=6935|generation=1|elapsed_ms=104.132|started_utc=2026-07-23T10:53:35.950414Z|ended_utc=2026-07-23T10:53:36.054546Z|ash_samples=2|on_cpu=2|resmgr=0|commit_io=0
PMLE_WORKER_SOAK_SLOW|tic=6942|generation=1|elapsed_ms=102.157|started_utc=2026-07-23T10:53:36.379204Z|ended_utc=2026-07-23T10:53:36.481361Z|ash_samples=2|on_cpu=2|resmgr=0|commit_io=0
PMLE_WORKER_SOAK_SLOW|tic=7168|generation=1|elapsed_ms=189.787|started_utc=2026-07-23T10:53:43.604716Z|ended_utc=2026-07-23T10:53:43.794503Z|ash_samples=2|on_cpu=2|resmgr=0|commit_io=0
PMLE_WORKER_SOAK_SLOW|tic=7279|generation=1|elapsed_ms=102.395|started_utc=2026-07-23T10:53:47.278916Z|ended_utc=2026-07-23T10:53:47.381311Z|ash_samples=2|on_cpu=2|resmgr=0|commit_io=0
PMLE_WORKER_SOAK_SLOW|tic=10287|generation=1|elapsed_ms=107.123|started_utc=2026-07-23T10:55:13.497195Z|ended_utc=2026-07-23T10:55:13.604318Z|ash_samples=0|on_cpu=0|resmgr=0|commit_io=0
PMLE_WORKER_SOAK_SLOW|tic=11264|generation=1|elapsed_ms=237.41|started_utc=2026-07-23T10:55:41.448066Z|ended_utc=2026-07-23T10:55:41.685476Z|ash_samples=2|on_cpu=2|resmgr=0|commit_io=0
PMLE_WORKER_SOAK_SLOW|tic=11307|generation=1|elapsed_ms=103.889|started_utc=2026-07-23T10:55:42.889694Z|ended_utc=2026-07-23T10:55:42.993583Z|ash_samples=2|on_cpu=2|resmgr=0|commit_io=0
PMLE_WORKER_SOAK_SLOW|tic=13312|generation=1|elapsed_ms=109.693|started_utc=2026-07-23T10:56:40.255071Z|ended_utc=2026-07-23T10:56:40.364764Z|ash_samples=1|on_cpu=1|resmgr=0|commit_io=0
PMLE_WORKER_SOAK_SLOW|tic=15564|generation=1|elapsed_ms=115.811|started_utc=2026-07-23T10:57:44.591653Z|ended_utc=2026-07-23T10:57:44.707464Z|ash_samples=3|on_cpu=3|resmgr=0|commit_io=0
PMLE_WORKER_SOAK_SLOW|tic=21755|generation=1|elapsed_ms=125.952|started_utc=2026-07-23T11:00:41.352882Z|ended_utc=2026-07-23T11:00:41.478834Z|ash_samples=0|on_cpu=0|resmgr=0|commit_io=0
PMLE_WORKER_SOAK_SLOW|tic=22607|generation=1|elapsed_ms=129.35|started_utc=2026-07-23T11:01:05.830597Z|ended_utc=2026-07-23T11:01:05.959947Z|ash_samples=0|on_cpu=0|resmgr=0|commit_io=0
PMLE_WORKER_SOAK_SLOW|tic=23257|generation=1|elapsed_ms=106.44|started_utc=2026-07-23T11:01:24.717188Z|ended_utc=2026-07-23T11:01:24.823628Z|ash_samples=2|on_cpu=2|resmgr=0|commit_io=0
PMLE_WORKER_SOAK_SLOW|tic=23258|generation=1|elapsed_ms=162.529|started_utc=2026-07-23T11:01:24.896924Z|ended_utc=2026-07-23T11:01:25.059453Z|ash_samples=2|on_cpu=2|resmgr=0|commit_io=0
PMLE_WORKER_SOAK_SLOW|tic=23687|generation=1|elapsed_ms=144.492|started_utc=2026-07-23T11:01:38.291482Z|ended_utc=2026-07-23T11:01:38.435974Z|ash_samples=2|on_cpu=2|resmgr=0|commit_io=0
PMLE_WORKER_SOAK_SLOW|tic=24379|generation=1|elapsed_ms=129.305|started_utc=2026-07-23T11:01:58.572262Z|ended_utc=2026-07-23T11:01:58.701567Z|ash_samples=1|on_cpu=1|resmgr=0|commit_io=0
PMLE_WORKER_SOAK_SLOW|tic=29388|generation=1|elapsed_ms=104.269|started_utc=2026-07-23T11:04:22.203271Z|ended_utc=2026-07-23T11:04:22.307540Z|ash_samples=1|on_cpu=1|resmgr=0|commit_io=0
PMLE_WORKER_SOAK_SLOW|tic=30782|generation=1|elapsed_ms=107.88|started_utc=2026-07-23T11:05:02.198481Z|ended_utc=2026-07-23T11:05:02.306361Z|ash_samples=2|on_cpu=2|resmgr=0|commit_io=0
PMLE_WORKER_SOAK_SLOW|tic=31238|generation=1|elapsed_ms=107.005|started_utc=2026-07-23T11:05:15.309391Z|ended_utc=2026-07-23T11:05:15.416396Z|ash_samples=1|on_cpu=1|resmgr=0|commit_io=0
PMLE_WORKER_SOAK_SLOW|tic=32768|generation=1|elapsed_ms=110.449|started_utc=2026-07-23T11:05:59.366749Z|ended_utc=2026-07-23T11:05:59.477198Z|ash_samples=1|on_cpu=1|resmgr=0|commit_io=0
PMLE_WORKER_SOAK_SLOW|tic=33241|generation=1|elapsed_ms=100.828|started_utc=2026-07-23T11:06:12.929560Z|ended_utc=2026-07-23T11:06:13.030388Z|ash_samples=1|on_cpu=1|resmgr=0|commit_io=0
PMLE_WORKER_SOAK_SLOW|tic=35661|generation=1|elapsed_ms=102.128|started_utc=2026-07-23T11:07:22.599466Z|ended_utc=2026-07-23T11:07:22.701594Z|ash_samples=2|on_cpu=2|resmgr=0|commit_io=0
PMLE_WORKER_SOAK_SLOW|tic=37147|generation=1|elapsed_ms=102.386|started_utc=2026-07-23T11:08:05.307409Z|ended_utc=2026-07-23T11:08:05.409795Z|ash_samples=2|on_cpu=2|resmgr=0|commit_io=0
PMLE_WORKER_SOAK_SLOW|tic=38546|generation=1|elapsed_ms=108.458|started_utc=2026-07-23T11:08:45.659519Z|ended_utc=2026-07-23T11:08:45.767977Z|ash_samples=2|on_cpu=2|resmgr=0|commit_io=0
PMLE_WORKER_SOAK_SLOW|tic=39040|generation=1|elapsed_ms=101.683|started_utc=2026-07-23T11:08:59.993751Z|ended_utc=2026-07-23T11:09:00.095434Z|ash_samples=1|on_cpu=1|resmgr=0|commit_io=0
PMLE_WORKER_SOAK_SLOW|tic=40000|generation=1|elapsed_ms=104.413|started_utc=2026-07-23T11:09:27.460006Z|ended_utc=2026-07-23T11:09:27.564419Z|ash_samples=2|on_cpu=2|resmgr=0|commit_io=0
PMLE_WORKER_SOAK_SLOW|tic=40594|generation=1|elapsed_ms=104.512|started_utc=2026-07-23T11:09:44.590991Z|ended_utc=2026-07-23T11:09:44.695503Z|ash_samples=2|on_cpu=2|resmgr=0|commit_io=0
PMLE_WORKER_SOAK_SLOW|tic=42276|generation=1|elapsed_ms=105.23|started_utc=2026-07-23T11:10:33.004088Z|ended_utc=2026-07-23T11:10:33.109318Z|ash_samples=0|on_cpu=0|resmgr=0|commit_io=0
PMLE_WORKER_SOAK_SLOW|tic=43049|generation=1|elapsed_ms=154.664|started_utc=2026-07-23T11:10:55.449468Z|ended_utc=2026-07-23T11:10:55.604132Z|ash_samples=2|on_cpu=2|resmgr=0|commit_io=0
PMLE_WORKER_SOAK_SLOW|tic=43051|generation=1|elapsed_ms=497.402|started_utc=2026-07-23T11:10:55.653230Z|ended_utc=2026-07-23T11:10:56.150632Z|ash_samples=3|on_cpu=3|resmgr=0|commit_io=0
PMLE_WORKER_SOAK_SLOW|tic=43053|generation=1|elapsed_ms=271.232|started_utc=2026-07-23T11:10:56.244364Z|ended_utc=2026-07-23T11:10:56.515596Z|ash_samples=2|on_cpu=2|resmgr=0|commit_io=0
PMLE_WORKER_SOAK_SLOW|tic=43163|generation=1|elapsed_ms=115.904|started_utc=2026-07-23T11:11:00.318358Z|ended_utc=2026-07-23T11:11:00.434262Z|ash_samples=2|on_cpu=2|resmgr=0|commit_io=0
PMLE_WORKER_SOAK_SLOW|tic=43340|generation=1|elapsed_ms=139.589|started_utc=2026-07-23T11:11:05.608717Z|ended_utc=2026-07-23T11:11:05.748306Z|ash_samples=1|on_cpu=1|resmgr=0|commit_io=0
PMLE_WORKER_SOAK_SLOW|tic=43341|generation=1|elapsed_ms=107.892|started_utc=2026-07-23T11:11:05.754547Z|ended_utc=2026-07-23T11:11:05.862439Z|ash_samples=2|on_cpu=1|resmgr=0|commit_io=0
PMLE_WORKER_SOAK_SLOW|tic=43348|generation=1|elapsed_ms=317.443|started_utc=2026-07-23T11:11:06.082192Z|ended_utc=2026-07-23T11:11:06.399635Z|ash_samples=2|on_cpu=1|resmgr=0|commit_io=0
PMLE_WORKER_SOAK_SLOW|tic=43352|generation=1|elapsed_ms=162.512|started_utc=2026-07-23T11:11:06.620610Z|ended_utc=2026-07-23T11:11:06.783122Z|ash_samples=3|on_cpu=2|resmgr=0|commit_io=0
PMLE_WORKER_SOAK_SLOW|tic=43369|generation=1|elapsed_ms=145.694|started_utc=2026-07-23T11:11:07.650360Z|ended_utc=2026-07-23T11:11:07.796054Z|ash_samples=3|on_cpu=2|resmgr=0|commit_io=0
PMLE_WORKER_SOAK_SLOW|tic=43373|generation=1|elapsed_ms=189.725|started_utc=2026-07-23T11:11:07.914419Z|ended_utc=2026-07-23T11:11:08.104144Z|ash_samples=2|on_cpu=2|resmgr=0|commit_io=0
PMLE_WORKER_SOAK_SLOW|tic=43382|generation=1|elapsed_ms=107.686|started_utc=2026-07-23T11:11:08.695722Z|ended_utc=2026-07-23T11:11:08.803408Z|ash_samples=3|on_cpu=3|resmgr=0|commit_io=0
PMLE_WORKER_SOAK_SLOW|tic=43386|generation=1|elapsed_ms=103.894|started_utc=2026-07-23T11:11:09.031891Z|ended_utc=2026-07-23T11:11:09.135785Z|ash_samples=2|on_cpu=2|resmgr=0|commit_io=0
PMLE_WORKER_SOAK_SLOW|tic=43406|generation=1|elapsed_ms=147.994|started_utc=2026-07-23T11:11:10.073424Z|ended_utc=2026-07-23T11:11:10.221418Z|ash_samples=2|on_cpu=2|resmgr=0|commit_io=0
PMLE_WORKER_SOAK_SLOW|tic=43847|generation=1|elapsed_ms=107.98|started_utc=2026-07-23T11:11:23.386683Z|ended_utc=2026-07-23T11:11:23.494663Z|ash_samples=2|on_cpu=2|resmgr=0|commit_io=0
PMLE_WORKER_SOAK_SLOW|tic=44234|generation=1|elapsed_ms=100.505|started_utc=2026-07-23T11:11:34.779530Z|ended_utc=2026-07-23T11:11:34.880035Z|ash_samples=2|on_cpu=2|resmgr=0|commit_io=0
PMLE_WORKER_SOAK_SLOW|tic=45304|generation=1|elapsed_ms=100.804|started_utc=2026-07-23T11:12:05.630917Z|ended_utc=2026-07-23T11:12:05.731721Z|ash_samples=2|on_cpu=2|resmgr=0|commit_io=0
PMLE_WORKER_SOAK_SLOW|tic=46952|generation=1|elapsed_ms=107.659|started_utc=2026-07-23T11:12:53.005189Z|ended_utc=2026-07-23T11:12:53.112848Z|ash_samples=1|on_cpu=1|resmgr=0|commit_io=0
PMLE_WORKER_SOAK_SLOW|tic=47423|generation=1|elapsed_ms=106.545|started_utc=2026-07-23T11:13:06.546678Z|ended_utc=2026-07-23T11:13:06.653223Z|ash_samples=2|on_cpu=1|resmgr=0|commit_io=0
PMLE_WORKER_SOAK_SLOW|tic=48201|generation=1|elapsed_ms=104.413|started_utc=2026-07-23T11:13:28.986678Z|ended_utc=2026-07-23T11:13:29.091091Z|ash_samples=2|on_cpu=2|resmgr=0|commit_io=0
PMLE_WORKER_SOAK_SLOW|tic=48918|generation=1|elapsed_ms=103.465|started_utc=2026-07-23T11:13:49.514887Z|ended_utc=2026-07-23T11:13:49.618352Z|ash_samples=1|on_cpu=1|resmgr=0|commit_io=0
PMLE_WORKER_SOAK_SLOW|tic=50899|generation=1|elapsed_ms=113.143|started_utc=2026-07-23T11:14:46.520773Z|ended_utc=2026-07-23T11:14:46.633916Z|ash_samples=2|on_cpu=2|resmgr=0|commit_io=0
PMLE_WORKER_SOAK_SLOW|tic=53613|generation=1|elapsed_ms=127.981|started_utc=2026-07-23T11:16:04.831506Z|ended_utc=2026-07-23T11:16:04.959487Z|ash_samples=2|on_cpu=2|resmgr=0|commit_io=0
PMLE_WORKER_SOAK_SLOW|tic=54022|generation=1|elapsed_ms=100.814|started_utc=2026-07-23T11:16:16.619409Z|ended_utc=2026-07-23T11:16:16.720223Z|ash_samples=2|on_cpu=2|resmgr=0|commit_io=0
PMLE_WORKER_SOAK_SLOW|tic=54608|generation=1|elapsed_ms=101.98|started_utc=2026-07-23T11:16:33.514260Z|ended_utc=2026-07-23T11:16:33.616240Z|ash_samples=2|on_cpu=2|resmgr=0|commit_io=0
PMLE_WORKER_SOAK_SLOW|tic=58545|generation=1|elapsed_ms=101.636|started_utc=2026-07-23T11:18:27.318254Z|ended_utc=2026-07-23T11:18:27.419890Z|ash_samples=2|on_cpu=2|resmgr=0|commit_io=0
PMLE_WORKER_SOAK_SLOW|tic=59071|generation=1|elapsed_ms=109.308|started_utc=2026-07-23T11:18:42.490995Z|ended_utc=2026-07-23T11:18:42.600303Z|ash_samples=2|on_cpu=2|resmgr=0|commit_io=0
PMLE_WORKER_SOAK_SLOW|tic=59629|generation=1|elapsed_ms=105.307|started_utc=2026-07-23T11:18:58.523592Z|ended_utc=2026-07-23T11:18:58.628899Z|ash_samples=2|on_cpu=2|resmgr=0|commit_io=0
PMLE_WORKER_SOAK_SLOW|tic=59682|generation=1|elapsed_ms=103.533|started_utc=2026-07-23T11:19:00.123561Z|ended_utc=2026-07-23T11:19:00.227094Z|ash_samples=2|on_cpu=2|resmgr=0|commit_io=0
PMLE_WORKER_SOAK_SLOW|tic=60128|generation=1|elapsed_ms=107.599|started_utc=2026-07-23T11:19:13.010714Z|ended_utc=2026-07-23T11:19:13.118313Z|ash_samples=2|on_cpu=2|resmgr=0|commit_io=0
PMLE_WORKER_SOAK_SLOW|tic=60144|generation=1|elapsed_ms=105.284|started_utc=2026-07-23T11:19:13.546975Z|ended_utc=2026-07-23T11:19:13.652259Z|ash_samples=2|on_cpu=2|resmgr=0|commit_io=0
PMLE_WORKER_SOAK_SLOW|tic=61165|generation=1|elapsed_ms=103.907|started_utc=2026-07-23T11:19:43.068246Z|ended_utc=2026-07-23T11:19:43.172153Z|ash_samples=2|on_cpu=2|resmgr=0|commit_io=0
PMLE_WORKER_SOAK_SLOW|tic=61648|generation=1|elapsed_ms=120.975|started_utc=2026-07-23T11:19:57.050687Z|ended_utc=2026-07-23T11:19:57.171662Z|ash_samples=2|on_cpu=2|resmgr=0|commit_io=0
PMLE_WORKER_SOAK_SLOW|tic=61733|generation=1|elapsed_ms=111.669|started_utc=2026-07-23T11:19:59.574709Z|ended_utc=2026-07-23T11:19:59.686378Z|ash_samples=1|on_cpu=1|resmgr=0|commit_io=0
PMLE_WORKER_SOAK_SLOW|tic=62289|generation=1|elapsed_ms=101.071|started_utc=2026-07-23T11:20:15.742311Z|ended_utc=2026-07-23T11:20:15.843382Z|ash_samples=2|on_cpu=2|resmgr=0|commit_io=0
PMLE_WORKER_SOAK_SLOW|tic=62676|generation=1|elapsed_ms=145.633|started_utc=2026-07-23T11:20:26.998833Z|ended_utc=2026-07-23T11:20:27.144466Z|ash_samples=3|on_cpu=3|resmgr=0|commit_io=0
PMLE_WORKER_SOAK_SLOW|tic=62684|generation=1|elapsed_ms=106.948|started_utc=2026-07-23T11:20:27.702676Z|ended_utc=2026-07-23T11:20:27.809624Z|ash_samples=2|on_cpu=2|resmgr=0|commit_io=0
PMLE_WORKER_SOAK_SLOW|tic=63443|generation=1|elapsed_ms=110.353|started_utc=2026-07-23T11:20:50.019598Z|ended_utc=2026-07-23T11:20:50.129951Z|ash_samples=3|on_cpu=3|resmgr=0|commit_io=0
PMLE_WORKER_SOAK_SLOW|tic=63986|generation=1|elapsed_ms=106.018|started_utc=2026-07-23T11:21:05.805414Z|ended_utc=2026-07-23T11:21:05.911432Z|ash_samples=2|on_cpu=2|resmgr=0|commit_io=0
PMLE_WORKER_SOAK_SLOW|tic=64042|generation=1|elapsed_ms=102.124|started_utc=2026-07-23T11:21:07.481455Z|ended_utc=2026-07-23T11:21:07.583579Z|ash_samples=2|on_cpu=2|resmgr=0|commit_io=0
PMLE_WORKER_SOAK_SLOW|tic=64464|generation=1|elapsed_ms=100.296|started_utc=2026-07-23T11:21:19.942329Z|ended_utc=2026-07-23T11:21:20.042625Z|ash_samples=2|on_cpu=2|resmgr=0|commit_io=0
PMLE_WORKER_SOAK_SLOW|tic=64609|generation=1|elapsed_ms=101.242|started_utc=2026-07-23T11:21:24.344889Z|ended_utc=2026-07-23T11:21:24.446131Z|ash_samples=2|on_cpu=2|resmgr=0|commit_io=0
PMLE_WORKER_SOAK_SLOW|tic=65208|generation=1|elapsed_ms=104.387|started_utc=2026-07-23T11:21:41.659971Z|ended_utc=2026-07-23T11:21:41.764358Z|ash_samples=2|on_cpu=2|resmgr=0|commit_io=0
PMLE_WORKER_SOAK_SLOW|tic=65606|generation=1|elapsed_ms=107.633|started_utc=2026-07-23T11:21:53.313515Z|ended_utc=2026-07-23T11:21:53.421148Z|ash_samples=2|on_cpu=2|resmgr=0|commit_io=0
PMLE_WORKER_SOAK_SLOW|tic=65607|generation=1|elapsed_ms=119.942|started_utc=2026-07-23T11:21:53.430273Z|ended_utc=2026-07-23T11:21:53.550215Z|ash_samples=2|on_cpu=2|resmgr=0|commit_io=0
PMLE_WORKER_SOAK_SLOW|tic=65608|generation=1|elapsed_ms=114.866|started_utc=2026-07-23T11:21:53.556012Z|ended_utc=2026-07-23T11:21:53.670878Z|ash_samples=2|on_cpu=2|resmgr=0|commit_io=0
PMLE_WORKER_SOAK_SLOW|tic=65613|generation=1|elapsed_ms=105.788|started_utc=2026-07-23T11:21:53.853939Z|ended_utc=2026-07-23T11:21:53.959727Z|ash_samples=2|on_cpu=2|resmgr=0|commit_io=0
PMLE_WORKER_SOAK_SLOW|tic=65764|generation=1|elapsed_ms=114.658|started_utc=2026-07-23T11:21:58.284350Z|ended_utc=2026-07-23T11:21:58.399008Z|ash_samples=2|on_cpu=2|resmgr=0|commit_io=0
PMLE_WORKER_SOAK_SLOW|tic=66297|generation=1|elapsed_ms=105.603|started_utc=2026-07-23T11:22:14.072034Z|ended_utc=2026-07-23T11:22:14.177637Z|ash_samples=2|on_cpu=2|resmgr=0|commit_io=0
PMLE_WORKER_SOAK_SLOW|tic=66610|generation=1|elapsed_ms=101.861|started_utc=2026-07-23T11:22:23.221462Z|ended_utc=2026-07-23T11:22:23.323323Z|ash_samples=2|on_cpu=2|resmgr=0|commit_io=0
PMLE_WORKER_SOAK_SLOW|tic=66733|generation=1|elapsed_ms=202.971|started_utc=2026-07-23T11:22:27.014889Z|ended_utc=2026-07-23T11:22:27.217860Z|ash_samples=3|on_cpu=3|resmgr=0|commit_io=0
PMLE_WORKER_SOAK_SLOW|tic=66804|generation=1|elapsed_ms=105.961|started_utc=2026-07-23T11:22:29.224225Z|ended_utc=2026-07-23T11:22:29.330186Z|ash_samples=2|on_cpu=2|resmgr=0|commit_io=0
PMLE_WORKER_SOAK_SLOW|tic=67396|generation=1|elapsed_ms=105.155|started_utc=2026-07-23T11:22:46.620046Z|ended_utc=2026-07-23T11:22:46.725201Z|ash_samples=2|on_cpu=2|resmgr=0|commit_io=0
PMLE_WORKER_SOAK_SLOW|tic=67769|generation=1|elapsed_ms=122.251|started_utc=2026-07-23T11:22:57.767494Z|ended_utc=2026-07-23T11:22:57.889745Z|ash_samples=2|on_cpu=2|resmgr=0|commit_io=0
PMLE_WORKER_SOAK_SLOW|tic=68349|generation=1|elapsed_ms=107.715|started_utc=2026-07-23T11:23:14.968144Z|ended_utc=2026-07-23T11:23:15.075859Z|ash_samples=2|on_cpu=2|resmgr=0|commit_io=0
PMLE_WORKER_SOAK_SLOW|tic=68638|generation=1|elapsed_ms=104.891|started_utc=2026-07-23T11:23:23.503169Z|ended_utc=2026-07-23T11:23:23.608060Z|ash_samples=2|on_cpu=2|resmgr=0|commit_io=0
PMLE_WORKER_SOAK_SLOW|tic=69284|generation=1|elapsed_ms=108.155|started_utc=2026-07-23T11:23:42.625459Z|ended_utc=2026-07-23T11:23:42.733614Z|ash_samples=2|on_cpu=2|resmgr=0|commit_io=0
PMLE_WORKER_SOAK_SLOW|tic=69898|generation=1|elapsed_ms=114.72|started_utc=2026-07-23T11:24:00.981103Z|ended_utc=2026-07-23T11:24:01.095823Z|ash_samples=2|on_cpu=2|resmgr=0|commit_io=0
PMLE_WORKER_SOAK_SLOW|tic=70105|generation=1|elapsed_ms=106.896|started_utc=2026-07-23T11:24:07.178733Z|ended_utc=2026-07-23T11:24:07.285629Z|ash_samples=2|on_cpu=2|resmgr=0|commit_io=0
PMLE_WORKER_SOAK_SLOW|tic=70670|generation=1|elapsed_ms=100.23|started_utc=2026-07-23T11:24:24.304790Z|ended_utc=2026-07-23T11:24:24.405020Z|ash_samples=2|on_cpu=2|resmgr=0|commit_io=0
PMLE_WORKER_SOAK_SLOW|tic=71126|generation=1|elapsed_ms=131.514|started_utc=2026-07-23T11:24:38.117267Z|ended_utc=2026-07-23T11:24:38.248781Z|ash_samples=3|on_cpu=3|resmgr=0|commit_io=0
PMLE_WORKER_SOAK_SLOW|tic=71267|generation=1|elapsed_ms=105.381|started_utc=2026-07-23T11:24:42.446308Z|ended_utc=2026-07-23T11:24:42.551689Z|ash_samples=2|on_cpu=2|resmgr=0|commit_io=0
PMLE_WORKER_SOAK_SLOW|tic=71763|generation=1|elapsed_ms=101.622|started_utc=2026-07-23T11:24:57.605897Z|ended_utc=2026-07-23T11:24:57.707519Z|ash_samples=2|on_cpu=2|resmgr=0|commit_io=0
PMLE_WORKER_SOAK_RES_MGR|ash_samples=1486|cpu_quantum=0
PMLE_WORKER_SOAK|PASS|duration_s=1800|warmup_s=300|memory_margin=67108864|evidence=artifacts/performance/pmle-worker-soak/run-final-checkpoint-reuse-v3.log
