PMLE_HOST_QUIESCENCE|PASS|docker_builds=0|compiles=0|verifiers=0

Session altered.


Session altered.


Session altered.


Session altered.

PMLE_ENVIRONMENT|cpu_count=2|resource_plan=DEFAULT_PLAN|cpu_managed=ON|pdb_cpu_count=2|pdb_utilization_limit=50|pdb_running_sessions_limit=2|pdb_plan=DEFAULT_CDB_PLAN

Session altered.


Session altered.


Session altered.


Session altered.

PMLE_ARTIFACT|source_bytes=1167197|source_sha256=a942cd2dcbdc8fa523a51af27aefc778ea9fbbebfe93f0a03fe4856c6df6c8e2|table_bytes=180272|table_sha256=058cd0df9444131b356762a096fd422d5131ac3aea91163aee056e8ad4965b44
PMLE_MLE_MEMORY_CAL_SESSION|sid=17|serial=40211|spid=150310|action=BASELINE_READY|pga=16300352|pga_max=17414464|uga=2041392|uga_max=2806576|process_pga=15575753|process_pga_max=17732249
PMLE_MLE_MEMORY_CAL_PROCESS|phase=BASELINE|spid=150310|rss=269398016|pss=61264896|private_clean=2560000|private_dirty=29564928|anonymous=29556736
PMLE_MLE_MEMORY_CAL_SESSION|sid=17|serial=40211|spid=150310|action=ALLOCATED_READY|pga=16300352|pga_max=17414464|uga=2041392|uga_max=2806576|process_pga=15575753|process_pga_max=17732249
PMLE_MLE_MEMORY_CAL_PROCESS|phase=ALLOCATED|spid=150310|rss=404099072|pss=192886784|private_clean=2519040|private_dirty=159379456|anonymous=159371264
PMLE_MLE_MEMORY_CAL_SESSION|sid=17|serial=40211|spid=150310|action=RELEASED_READY|pga=16300352|pga_max=17414464|uga=2041392|uga_max=2806576|process_pga=15575753|process_pga_max=17732249
PMLE_MLE_MEMORY_CAL_PROCESS|phase=RELEASED|spid=150310|rss=404299776|pss=192833536|private_clean=2514944|private_dirty=159469568|anonymous=159461376

Session altered.


Session altered.


Session altered.


Session altered.

PMLE_MLE_MEMORY_CAL_ALLOCATION|bytes=134217728|loaded=134217728
PMLE_MLE_MEMORY_CAL|PASS|allocation_bytes=134217728|minimum_visible_bytes=50331648|pss_delta=131621888|private_delta=129773568|pga_is_complete=0
PMLE_WORKER_SOAK_MATCH|BOUND|match=8440639047a30215a2582cb712b9b4e3
PMLE_WORKER_SOAK_WARMUP|BEGIN|seconds=300|epoch=1784835111
PMLE_WORKER_SOAK_READY_OWNER|role=AUTHORITY|control_status=READY|control_sid=227|sid=227|serial=28478|spid=141901|scheduler_running=1|action=-|pga_bytes=30926625|pga_max_bytes=39555737
PMLE_WORKER_SOAK_READY_OWNER|role=STANDBY|control_status=READY|control_sid=214|sid=214|serial=29022|spid=145433|scheduler_running=1|action=MLE_CHECKPOINT_RESTORE|pga_bytes=30465401|pga_max_bytes=32543385
PMLE_WORKER_SOAK_OWNER|role=AUTHORITY|control_status=READY|control_sid=227|sid=227|serial=28478|spid=141901|scheduler_running=1|action=MLE_STEP|pga_bytes=31133769|pga_max_bytes=39555737
PMLE_WORKER_SOAK_PROCESS|role=AUTHORITY|spid=141901|sample_epoch=1784835417|rss=883871744|pss=326010880|pss_anon=219389952|pss_file=71159808|pss_shmem=35461120|shared_clean=242352128|shared_dirty=404422656|private_clean=17633280|private_dirty=219463680|anonymous=219389952
PMLE_WORKER_SOAK_OWNER|role=STANDBY|control_status=READY|control_sid=214|sid=214|serial=29022|spid=145433|scheduler_running=1|action=MLE_CHECKPOINT_RESTORE|pga_bytes=18472313|pga_max_bytes=32543385
PMLE_WORKER_SOAK_PROCESS|role=STANDBY|spid=145433|sample_epoch=1784835417|rss=597803008|pss=231512064|pss_anon=171089920|pss_file=41197568|pss_shmem=19223552|shared_clean=195616768|shared_dirty=229724160|private_clean=1372160|private_dirty=171089920|anonymous=171089920
PMLE_WORKER_SOAK_OWNER|role=AUTHORITY|control_status=READY|control_sid=227|sid=227|serial=28478|spid=141901|scheduler_running=1|action=-|pga_bytes=19017009|pga_max_bytes=39555737
PMLE_WORKER_SOAK_PROCESS|role=AUTHORITY|spid=141901|sample_epoch=1784835448|rss=840237056|pss=305439744|pss_anon=214646784|pss_file=55361536|pss_shmem=35430400|shared_clean=211103744|shared_dirty=404463616|private_clean=9949184|private_dirty=214720512|anonymous=214646784
PMLE_WORKER_SOAK_OWNER|role=STANDBY|control_status=READY|control_sid=214|sid=214|serial=29022|spid=145433|scheduler_running=1|action=MLE_CHECKPOINT_RESTORE|pga_bytes=18472313|pga_max_bytes=32543385
PMLE_WORKER_SOAK_PROCESS|role=STANDBY|spid=145433|sample_epoch=1784835448|rss=598925312|pss=235384832|pss_anon=171089920|pss_file=44975104|pss_shmem=19319808|shared_clean=195534848|shared_dirty=230846464|private_clean=1454080|private_dirty=171089920|anonymous=171089920
PMLE_WORKER_SOAK_OWNER|role=AUTHORITY|control_status=READY|control_sid=227|sid=227|serial=28478|spid=141901|scheduler_running=1|action=-|pga_bytes=18933545|pga_max_bytes=39555737
PMLE_WORKER_SOAK_PROCESS|role=AUTHORITY|spid=141901|sample_epoch=1784835479|rss=839577600|pss=304360448|pss_anon=213569536|pss_file=55361536|pss_shmem=35429376|shared_clean=211103744|shared_dirty=404881408|private_clean=9949184|private_dirty=213643264|anonymous=213569536
PMLE_WORKER_SOAK_OWNER|role=STANDBY|control_status=READY|control_sid=214|sid=214|serial=29022|spid=145433|scheduler_running=1|action=MLE_CHECKPOINT_RESTORE|pga_bytes=18472313|pga_max_bytes=32543385
PMLE_WORKER_SOAK_PROCESS|role=STANDBY|spid=145433|sample_epoch=1784835479|rss=600035328|pss=235481088|pss_anon=171089920|pss_file=44975104|pss_shmem=19415040|shared_clean=195534848|shared_dirty=231956480|private_clean=1454080|private_dirty=171089920|anonymous=171089920
PMLE_WORKER_SOAK_OWNER|role=AUTHORITY|control_status=READY|control_sid=227|sid=227|serial=28478|spid=141901|scheduler_running=1|action=COMMIT|pga_bytes=19098865|pga_max_bytes=39555737
PMLE_WORKER_SOAK_PROCESS|role=AUTHORITY|spid=141901|sample_epoch=1784835510|rss=876851200|pss=340389888|pss_anon=250380288|pss_file=54714368|pss_shmem=35295232|shared_clean=211103744|shared_dirty=405344256|private_clean=9949184|private_dirty=250454016|anonymous=250380288
PMLE_WORKER_SOAK_OWNER|role=STANDBY|control_status=READY|control_sid=214|sid=214|serial=29022|spid=145433|scheduler_running=1|action=MLE_CHECKPOINT_RESTORE|pga_bytes=18472313|pga_max_bytes=32543385
PMLE_WORKER_SOAK_PROCESS|role=STANDBY|spid=145433|sample_epoch=1784835510|rss=601280512|pss=234952704|pss_anon=171089920|pss_file=44419072|pss_shmem=19442688|shared_clean=195534848|shared_dirty=233201664|private_clean=1454080|private_dirty=171089920|anonymous=171089920
PMLE_WORKER_SOAK_OWNER|role=AUTHORITY|control_status=READY|control_sid=227|sid=227|serial=28478|spid=141901|scheduler_running=1|action=MLE_STEP|pga_bytes=18868833|pga_max_bytes=39555737
PMLE_WORKER_SOAK_PROCESS|role=AUTHORITY|spid=141901|sample_epoch=1784835542|rss=840056832|pss=303374336|pss_anon=213467136|pss_file=54694912|pss_shmem=35211264|shared_clean=211103744|shared_dirty=405463040|private_clean=9949184|private_dirty=213540864|anonymous=213467136
PMLE_WORKER_SOAK_OWNER|role=STANDBY|control_status=READY|control_sid=214|sid=214|serial=29022|spid=145433|scheduler_running=1|action=MLE_CHECKPOINT_RESTORE|pga_bytes=18472313|pga_max_bytes=32543385
PMLE_WORKER_SOAK_PROCESS|role=STANDBY|spid=145433|sample_epoch=1784835542|rss=602365952|pss=235017216|pss_anon=171089920|pss_file=44414976|pss_shmem=19512320|shared_clean=195534848|shared_dirty=234287104|private_clean=1454080|private_dirty=171089920|anonymous=171089920
PMLE_WORKER_SOAK_OWNER|role=AUTHORITY|control_status=READY|control_sid=227|sid=227|serial=28478|spid=141901|scheduler_running=1|action=-|pga_bytes=19017009|pga_max_bytes=39555737
PMLE_WORKER_SOAK_PROCESS|role=AUTHORITY|spid=141901|sample_epoch=1784835573|rss=853090304|pss=315872256|pss_anon=226394112|pss_file=54632448|pss_shmem=34844672|shared_clean=211103744|shared_dirty=405569536|private_clean=9949184|private_dirty=226467840|anonymous=226394112
PMLE_WORKER_SOAK_OWNER|role=STANDBY|control_status=READY|control_sid=214|sid=214|serial=29022|spid=145433|scheduler_running=1|action=MLE_CHECKPOINT_RESTORE|pga_bytes=18472313|pga_max_bytes=32543385
PMLE_WORKER_SOAK_PROCESS|role=STANDBY|spid=145433|sample_epoch=1784835573|rss=603320320|pss=234851328|pss_anon=171089920|pss_file=44365824|pss_shmem=19395584|shared_clean=195534848|shared_dirty=235241472|private_clean=1454080|private_dirty=171089920|anonymous=171089920
PMLE_WORKER_SOAK_OWNER|role=AUTHORITY|control_status=READY|control_sid=227|sid=227|serial=28478|spid=141901|scheduler_running=1|action=-|pga_bytes=18933545|pga_max_bytes=39555737
PMLE_WORKER_SOAK_PROCESS|role=AUTHORITY|spid=141901|sample_epoch=1784835604|rss=839999488|pss=303064064|pss_anon=213078016|pss_file=54866944|pss_shmem=35118080|shared_clean=211103744|shared_dirty=405794816|private_clean=9949184|private_dirty=213151744|anonymous=213078016
PMLE_WORKER_SOAK_OWNER|role=STANDBY|control_status=READY|control_sid=214|sid=214|serial=29022|spid=145433|scheduler_running=1|action=MLE_CHECKPOINT_RESTORE|pga_bytes=18472313|pga_max_bytes=32543385
PMLE_WORKER_SOAK_PROCESS|role=STANDBY|spid=145433|sample_epoch=1784835604|rss=604409856|pss=235329536|pss_anon=171089920|pss_file=44597248|pss_shmem=19641344|shared_clean=195534848|shared_dirty=236331008|private_clean=1454080|private_dirty=171089920|anonymous=171089920
PMLE_WORKER_SOAK_OWNER|role=AUTHORITY|control_status=READY|control_sid=227|sid=227|serial=28478|spid=141901|scheduler_running=1|action=-|pga_bytes=19017009|pga_max_bytes=39555737
PMLE_WORKER_SOAK_PROCESS|role=AUTHORITY|spid=141901|sample_epoch=1784835635|rss=840990720|pss=303867904|pss_anon=213909504|pss_file=54866944|pss_shmem=35090432|shared_clean=211103744|shared_dirty=405954560|private_clean=9949184|private_dirty=213983232|anonymous=213909504
PMLE_WORKER_SOAK_OWNER|role=STANDBY|control_status=READY|control_sid=214|sid=214|serial=29022|spid=145433|scheduler_running=1|action=MLE_CHECKPOINT_RESTORE|pga_bytes=18472313|pga_max_bytes=32543385
PMLE_WORKER_SOAK_PROCESS|role=STANDBY|spid=145433|sample_epoch=1784835635|rss=605417472|pss=235407360|pss_anon=171089920|pss_file=44597248|pss_shmem=19720192|shared_clean=195534848|shared_dirty=237338624|private_clean=1454080|private_dirty=171089920|anonymous=171089920
PMLE_WORKER_SOAK_OWNER|role=AUTHORITY|control_status=READY|control_sid=227|sid=227|serial=28478|spid=141901|scheduler_running=1|action=MLE_STEP|pga_bytes=18951337|pga_max_bytes=39555737
PMLE_WORKER_SOAK_PROCESS|role=AUTHORITY|spid=141901|sample_epoch=1784835666|rss=840527872|pss=303273984|pss_anon=213209088|pss_file=54912000|pss_shmem=35151872|shared_clean=211103744|shared_dirty=406192128|private_clean=9949184|private_dirty=213282816|anonymous=213209088
PMLE_WORKER_SOAK_OWNER|role=STANDBY|control_status=READY|control_sid=214|sid=214|serial=29022|spid=145433|scheduler_running=1|action=MLE_CHECKPOINT_RESTORE|pga_bytes=18472313|pga_max_bytes=32543385
PMLE_WORKER_SOAK_PROCESS|role=STANDBY|spid=145433|sample_epoch=1784835666|rss=606543872|pss=235568128|pss_anon=171089920|pss_file=44616704|pss_shmem=19861504|shared_clean=195534848|shared_dirty=238465024|private_clean=1454080|private_dirty=171089920|anonymous=171089920
PMLE_WORKER_SOAK_OWNER|role=AUTHORITY|control_status=READY|control_sid=227|sid=227|serial=28478|spid=141901|scheduler_running=1|action=-|pga_bytes=30926633|pga_max_bytes=39555737
PMLE_WORKER_SOAK_PROCESS|role=AUTHORITY|spid=141901|sample_epoch=1784835697|rss=922406912|pss=362685440|pss_anon=258224128|pss_file=69337088|pss_shmem=35123200|shared_clean=241033216|shared_dirty=406482944|private_clean=16592896|private_dirty=258297856|anonymous=258224128
PMLE_WORKER_SOAK_OWNER|role=STANDBY|control_status=READY|control_sid=214|sid=214|serial=29022|spid=145433|scheduler_running=1|action=MLE_CHECKPOINT_RESTORE|pga_bytes=18472313|pga_max_bytes=32543385
PMLE_WORKER_SOAK_PROCESS|role=STANDBY|spid=145433|sample_epoch=1784835697|rss=607809536|pss=232047616|pss_anon=171089920|pss_file=40994816|pss_shmem=19961856|shared_clean=195616768|shared_dirty=239730688|private_clean=1372160|private_dirty=171089920|anonymous=171089920
PMLE_WORKER_SOAK_OWNER|role=AUTHORITY|control_status=READY|control_sid=227|sid=227|serial=28478|spid=141901|scheduler_running=1|action=MLE_STEP|pga_bytes=30903137|pga_max_bytes=39555737
PMLE_WORKER_SOAK_PROCESS|role=AUTHORITY|spid=141901|sample_epoch=1784835728|rss=874082304|pss=318048256|pss_anon=219099136|pss_file=63843328|pss_shmem=35105792|shared_clean=235024384|shared_dirty=406740992|private_clean=13144064|private_dirty=219172864|anonymous=219099136
PMLE_WORKER_SOAK_OWNER|role=STANDBY|control_status=READY|control_sid=214|sid=214|serial=29022|spid=145433|scheduler_running=1|action=MLE_CHECKPOINT_RESTORE|pga_bytes=18472313|pga_max_bytes=32543385
PMLE_WORKER_SOAK_PROCESS|role=STANDBY|spid=145433|sample_epoch=1784835728|rss=608985088|pss=232532992|pss_anon=171089920|pss_file=41391104|pss_shmem=20051968|shared_clean=195616768|shared_dirty=240906240|private_clean=1372160|private_dirty=171089920|anonymous=171089920
PMLE_WORKER_SOAK_OWNER|role=AUTHORITY|control_status=READY|control_sid=227|sid=227|serial=28478|spid=141901|scheduler_running=1|action=MLE_STEP|pga_bytes=19098865|pga_max_bytes=39555737
PMLE_WORKER_SOAK_PROCESS|role=AUTHORITY|spid=141901|sample_epoch=1784835759|rss=842027008|pss=303409152|pss_anon=213643264|pss_file=54693888|pss_shmem=35072000|shared_clean=211169280|shared_dirty=407191552|private_clean=9949184|private_dirty=213716992|anonymous=213643264
PMLE_WORKER_SOAK_OWNER|role=STANDBY|control_status=READY|control_sid=214|sid=214|serial=29022|spid=145433|scheduler_running=1|action=MLE_CHECKPOINT_RESTORE|pga_bytes=18472313|pga_max_bytes=32543385
PMLE_WORKER_SOAK_PROCESS|role=STANDBY|spid=145433|sample_epoch=1784835759|rss=609976320|pss=235625472|pss_anon=171089920|pss_file=44420096|pss_shmem=20114432|shared_clean=195534848|shared_dirty=241897472|private_clean=1454080|private_dirty=171089920|anonymous=171089920
PMLE_WORKER_SOAK_OWNER|role=AUTHORITY|control_status=READY|control_sid=227|sid=227|serial=28478|spid=141901|scheduler_running=1|action=-|pga_bytes=18910409|pga_max_bytes=39555737
PMLE_WORKER_SOAK_PROCESS|role=AUTHORITY|spid=141901|sample_epoch=1784835790|rss=842760192|pss=304011264|pss_anon=214278144|pss_file=54691840|pss_shmem=35040256|shared_clean=211169280|shared_dirty=407289856|private_clean=9949184|private_dirty=214351872|anonymous=214278144
PMLE_WORKER_SOAK_OWNER|role=STANDBY|control_status=READY|control_sid=214|sid=214|serial=29022|spid=145433|scheduler_running=1|action=MLE_CHECKPOINT_RESTORE|pga_bytes=18472313|pga_max_bytes=32543385
PMLE_WORKER_SOAK_PROCESS|role=STANDBY|spid=145433|sample_epoch=1784835790|rss=610996224|pss=235701248|pss_anon=171089920|pss_file=44420096|pss_shmem=20191232|shared_clean=195534848|shared_dirty=242917376|private_clean=1454080|private_dirty=171089920|anonymous=171089920
PMLE_WORKER_SOAK_OWNER|role=AUTHORITY|control_status=READY|control_sid=227|sid=227|serial=28478|spid=141901|scheduler_running=1|action=MLE_STEP|pga_bytes=19058825|pga_max_bytes=39555737
PMLE_WORKER_SOAK_PROCESS|role=AUTHORITY|spid=141901|sample_epoch=1784835821|rss=842641408|pss=304699392|pss_anon=214085632|pss_file=55541760|pss_shmem=35070976|shared_clean=211169280|shared_dirty=407363584|private_clean=9949184|private_dirty=214159360|anonymous=214085632
PMLE_WORKER_SOAK_OWNER|role=STANDBY|control_status=READY|control_sid=214|sid=214|serial=29022|spid=145433|scheduler_running=1|action=MLE_CHECKPOINT_RESTORE|pga_bytes=18472313|pga_max_bytes=32543385
PMLE_WORKER_SOAK_PROCESS|role=STANDBY|spid=145433|sample_epoch=1784835821|rss=611934208|pss=236590080|pss_anon=171089920|pss_file=45196288|pss_shmem=20302848|shared_clean=195534848|shared_dirty=243855360|private_clean=1454080|private_dirty=171089920|anonymous=171089920
PMLE_WORKER_SOAK_OWNER|role=AUTHORITY|control_status=READY|control_sid=227|sid=227|serial=28478|spid=141901|scheduler_running=1|action=-|pga_bytes=18786017|pga_max_bytes=39555737
PMLE_WORKER_SOAK_PROCESS|role=AUTHORITY|spid=141901|sample_epoch=1784835852|rss=842649600|pss=304415744|pss_anon=214048768|pss_file=55325696|pss_shmem=35041280|shared_clean=211169280|shared_dirty=407408640|private_clean=9949184|private_dirty=214122496|anonymous=214048768
PMLE_WORKER_SOAK_OWNER|role=STANDBY|control_status=READY|control_sid=214|sid=214|serial=29022|spid=145433|scheduler_running=1|action=MLE_CHECKPOINT_RESTORE|pga_bytes=18472313|pga_max_bytes=32543385
PMLE_WORKER_SOAK_PROCESS|role=STANDBY|spid=145433|sample_epoch=1784835852|rss=612433920|pss=236227584|pss_anon=170881024|pss_file=44989440|pss_shmem=20357120|shared_clean=195534848|shared_dirty=244563968|private_clean=1454080|private_dirty=170881024|anonymous=170881024
PMLE_WORKER_SOAK_OWNER|role=AUTHORITY|control_status=READY|control_sid=227|sid=227|serial=28478|spid=141901|scheduler_running=1|action=-|pga_bytes=18933545|pga_max_bytes=39555737
PMLE_WORKER_SOAK_PROCESS|role=AUTHORITY|spid=141901|sample_epoch=1784835884|rss=841830400|pss=302827520|pss_anon=213155840|pss_file=54745088|pss_shmem=34925568|shared_clean=211169280|shared_dirty=407482368|private_clean=9949184|private_dirty=213229568|anonymous=213155840
PMLE_WORKER_SOAK_OWNER|role=STANDBY|control_status=READY|control_sid=214|sid=214|serial=29022|spid=145433|scheduler_running=1|action=MLE_CHECKPOINT_RESTORE|pga_bytes=18472313|pga_max_bytes=32543385
PMLE_WORKER_SOAK_PROCESS|role=STANDBY|spid=145433|sample_epoch=1784835884|rss=613343232|pss=235688960|pss_anon=170881024|pss_file=44434432|pss_shmem=20373504|shared_clean=195534848|shared_dirty=245473280|private_clean=1454080|private_dirty=170881024|anonymous=170881024
PMLE_WORKER_SOAK_OWNER|role=AUTHORITY|control_status=READY|control_sid=227|sid=227|serial=28478|spid=141901|scheduler_running=1|action=-|pga_bytes=18786017|pga_max_bytes=39555737
PMLE_WORKER_SOAK_PROCESS|role=AUTHORITY|spid=141901|sample_epoch=1784835915|rss=843165696|pss=304106496|pss_anon=214470656|pss_file=54745088|pss_shmem=34890752|shared_clean=211169280|shared_dirty=407502848|private_clean=9949184|private_dirty=214544384|anonymous=214470656
PMLE_WORKER_SOAK_OWNER|role=STANDBY|control_status=READY|control_sid=214|sid=214|serial=29022|spid=145433|scheduler_running=1|action=MLE_CHECKPOINT_RESTORE|pga_bytes=18472313|pga_max_bytes=32543385
PMLE_WORKER_SOAK_PROCESS|role=STANDBY|spid=145433|sample_epoch=1784835915|rss=614105088|pss=235743232|pss_anon=170881024|pss_file=44433408|pss_shmem=20428800|shared_clean=195534848|shared_dirty=246235136|private_clean=1454080|private_dirty=170881024|anonymous=170881024
PMLE_WORKER_SOAK_OWNER|role=AUTHORITY|control_status=READY|control_sid=227|sid=227|serial=28478|spid=141901|scheduler_running=1|action=-|pga_bytes=19017009|pga_max_bytes=39555737
PMLE_WORKER_SOAK_PROCESS|role=AUTHORITY|spid=141901|sample_epoch=1784835945|rss=842088448|pss=302921728|pss_anon=213368832|pss_file=54714368|pss_shmem=34837504|shared_clean=211169280|shared_dirty=407527424|private_clean=9949184|private_dirty=213442560|anonymous=213368832
PMLE_WORKER_SOAK_OWNER|role=STANDBY|control_status=READY|control_sid=214|sid=214|serial=29022|spid=145433|scheduler_running=1|action=MLE_CHECKPOINT_RESTORE|pga_bytes=18472313|pga_max_bytes=32543385
PMLE_WORKER_SOAK_PROCESS|role=STANDBY|spid=145433|sample_epoch=1784835945|rss=615149568|pss=235806720|pss_anon=170881024|pss_file=44421120|pss_shmem=20503552|shared_clean=195534848|shared_dirty=247279616|private_clean=1454080|private_dirty=170881024|anonymous=170881024
PMLE_WORKER_SOAK_OWNER|role=AUTHORITY|control_status=READY|control_sid=227|sid=227|serial=28478|spid=141901|scheduler_running=1|action=-|pga_bytes=18786017|pga_max_bytes=39555737
PMLE_WORKER_SOAK_PROCESS|role=AUTHORITY|spid=141901|sample_epoch=1784835976|rss=843096064|pss=303831040|pss_anon=214315008|pss_file=54714368|pss_shmem=34801664|shared_clean=211169280|shared_dirty=407592960|private_clean=9949184|private_dirty=214384640|anonymous=214315008
PMLE_WORKER_SOAK_OWNER|role=STANDBY|control_status=READY|control_sid=214|sid=214|serial=29022|spid=145433|scheduler_running=1|action=MLE_CHECKPOINT_RESTORE|pga_bytes=18472313|pga_max_bytes=32543385
PMLE_WORKER_SOAK_PROCESS|role=STANDBY|spid=145433|sample_epoch=1784835976|rss=616083456|pss=235882496|pss_anon=170881024|pss_file=44421120|pss_shmem=20579328|shared_clean=195534848|shared_dirty=248213504|private_clean=1454080|private_dirty=170881024|anonymous=170881024
PMLE_WORKER_SOAK_OWNER|role=AUTHORITY|control_status=READY|control_sid=227|sid=227|serial=28478|spid=141901|scheduler_running=1|action=MLE_STEP|pga_bytes=31134129|pga_max_bytes=39555737
PMLE_WORKER_SOAK_PROCESS|role=AUTHORITY|spid=141901|sample_epoch=1784836008|rss=938070016|pss=376375296|pss_anon=271343616|pss_file=70257664|pss_shmem=34772992|shared_clean=241569792|shared_dirty=407646208|private_clean=17440768|private_dirty=271413248|anonymous=271343616
PMLE_WORKER_SOAK_OWNER|role=STANDBY|control_status=READY|control_sid=214|sid=214|serial=29022|spid=145433|scheduler_running=1|action=MLE_CHECKPOINT_RESTORE|pga_bytes=18472313|pga_max_bytes=32543385
PMLE_WORKER_SOAK_PROCESS|role=STANDBY|spid=145433|sample_epoch=1784836008|rss=616984576|pss=232426496|pss_anon=170881024|pss_file=40893440|pss_shmem=20651008|shared_clean=195616768|shared_dirty=249114624|private_clean=1372160|private_dirty=170881024|anonymous=170881024
PMLE_WORKER_SOAK_OWNER|role=AUTHORITY|control_status=READY|control_sid=227|sid=227|serial=28478|spid=141901|scheduler_running=1|action=-|pga_bytes=18869481|pga_max_bytes=39555737
PMLE_WORKER_SOAK_PROCESS|role=AUTHORITY|spid=141901|sample_epoch=1784836039|rss=844382208|pss=304919552|pss_anon=215359488|pss_file=54900736|pss_shmem=34658304|shared_clean=211169280|shared_dirty=407834624|private_clean=9949184|private_dirty=215429120|anonymous=215359488
PMLE_WORKER_SOAK_OWNER|role=STANDBY|control_status=READY|control_sid=214|sid=214|serial=29022|spid=145433|scheduler_running=1|action=MLE_CHECKPOINT_RESTORE|pga_bytes=18472313|pga_max_bytes=32543385
PMLE_WORKER_SOAK_PROCESS|role=STANDBY|spid=145433|sample_epoch=1784836039|rss=618004480|pss=236134400|pss_anon=170881024|pss_file=44575744|pss_shmem=20677632|shared_clean=195534848|shared_dirty=250134528|private_clean=1454080|private_dirty=170881024|anonymous=170881024
PMLE_WORKER_SOAK_OWNER|role=AUTHORITY|control_status=READY|control_sid=227|sid=227|serial=28478|spid=141901|scheduler_running=1|action=-|pga_bytes=18933545|pga_max_bytes=39555737
PMLE_WORKER_SOAK_PROCESS|role=AUTHORITY|spid=141901|sample_epoch=1784836070|rss=843935744|pss=304375808|pss_anon=214777856|pss_file=54962176|pss_shmem=34634752|shared_clean=211169280|shared_dirty=407908352|private_clean=10010624|private_dirty=214847488|anonymous=214777856
PMLE_WORKER_SOAK_OWNER|role=STANDBY|control_status=READY|control_sid=214|sid=214|serial=29022|spid=145433|scheduler_running=1|action=MLE_CHECKPOINT_RESTORE|pga_bytes=18472313|pga_max_bytes=32543385
PMLE_WORKER_SOAK_PROCESS|role=STANDBY|spid=145433|sample_epoch=1784836070|rss=618872832|pss=236206080|pss_anon=170881024|pss_file=44575744|pss_shmem=20749312|shared_clean=195534848|shared_dirty=251002880|private_clean=1454080|private_dirty=170881024|anonymous=170881024
PMLE_WORKER_SOAK_OWNER|role=AUTHORITY|control_status=READY|control_sid=227|sid=227|serial=28478|spid=141901|scheduler_running=1|action=-|pga_bytes=18933545|pga_max_bytes=39555737
PMLE_WORKER_SOAK_PROCESS|role=AUTHORITY|spid=141901|sample_epoch=1784836101|rss=844341248|pss=304387072|pss_anon=215072768|pss_file=54788096|pss_shmem=34525184|shared_clean=211169280|shared_dirty=408018944|private_clean=10010624|private_dirty=215142400|anonymous=215072768
PMLE_WORKER_SOAK_OWNER|role=STANDBY|control_status=READY|control_sid=214|sid=214|serial=29022|spid=145433|scheduler_running=1|action=MLE_CHECKPOINT_RESTORE|pga_bytes=18472313|pga_max_bytes=32543385
PMLE_WORKER_SOAK_PROCESS|role=STANDBY|spid=145433|sample_epoch=1784836101|rss=619827200|pss=236080128|pss_anon=170881024|pss_file=44403712|pss_shmem=20794368|shared_clean=195534848|shared_dirty=251957248|private_clean=1454080|private_dirty=170881024|anonymous=170881024
PMLE_WORKER_SOAK_OWNER|role=AUTHORITY|control_status=READY|control_sid=227|sid=227|serial=28478|spid=141901|scheduler_running=1|action=-|pga_bytes=19057937|pga_max_bytes=39555737
PMLE_WORKER_SOAK_PROCESS|role=AUTHORITY|spid=141901|sample_epoch=1784836132|rss=844242944|pss=303989760|pss_anon=214872064|pss_file=54626304|pss_shmem=34491392|shared_clean=211169280|shared_dirty=408121344|private_clean=10010624|private_dirty=214941696|anonymous=214872064
PMLE_WORKER_SOAK_OWNER|role=STANDBY|control_status=READY|control_sid=214|sid=214|serial=29022|spid=145433|scheduler_running=1|action=MLE_CHECKPOINT_RESTORE|pga_bytes=18472313|pga_max_bytes=32543385
PMLE_WORKER_SOAK_PROCESS|role=STANDBY|spid=145433|sample_epoch=1784836132|rss=620748800|pss=235994112|pss_anon=170881024|pss_file=44248064|pss_shmem=20865024|shared_clean=195534848|shared_dirty=252878848|private_clean=1454080|private_dirty=170881024|anonymous=170881024
PMLE_WORKER_SOAK_OWNER|role=AUTHORITY|control_status=READY|control_sid=227|sid=227|serial=28478|spid=141901|scheduler_running=1|action=-|pga_bytes=19017009|pga_max_bytes=39555737
PMLE_WORKER_SOAK_PROCESS|role=AUTHORITY|spid=141901|sample_epoch=1784836163|rss=844812288|pss=304288768|pss_anon=215363584|pss_file=54580224|pss_shmem=34343936|shared_clean=211169280|shared_dirty=408199168|private_clean=10010624|private_dirty=215433216|anonymous=215363584
PMLE_WORKER_SOAK_OWNER|role=STANDBY|control_status=READY|control_sid=214|sid=214|serial=29022|spid=145433|scheduler_running=1|action=MLE_CHECKPOINT_RESTORE|pga_bytes=18472313|pga_max_bytes=32543385
PMLE_WORKER_SOAK_PROCESS|role=STANDBY|spid=145433|sample_epoch=1784836163|rss=621748224|pss=235988992|pss_anon=170881024|pss_file=44227584|pss_shmem=20880384|shared_clean=195534848|shared_dirty=253878272|private_clean=1454080|private_dirty=170881024|anonymous=170881024
PMLE_WORKER_SOAK_OWNER|role=AUTHORITY|control_status=READY|control_sid=227|sid=227|serial=28478|spid=141901|scheduler_running=1|action=MLE_STEP|pga_bytes=19141041|pga_max_bytes=39555737
PMLE_WORKER_SOAK_PROCESS|role=AUTHORITY|spid=141901|sample_epoch=1784836194|rss=844750848|pss=304821248|pss_anon=215277568|pss_file=55130112|pss_shmem=34412544|shared_clean=211169280|shared_dirty=408223744|private_clean=10010624|private_dirty=215347200|anonymous=215277568
PMLE_WORKER_SOAK_OWNER|role=STANDBY|control_status=READY|control_sid=214|sid=214|serial=29022|spid=145433|scheduler_running=1|action=MLE_CHECKPOINT_RESTORE|pga_bytes=18472313|pga_max_bytes=32543385
PMLE_WORKER_SOAK_PROCESS|role=STANDBY|spid=145433|sample_epoch=1784836194|rss=622518272|pss=236624896|pss_anon=170881024|pss_file=44744704|pss_shmem=20998144|shared_clean=195534848|shared_dirty=254648320|private_clean=1454080|private_dirty=170881024|anonymous=170881024
PMLE_WORKER_SOAK_OWNER|role=AUTHORITY|control_status=READY|control_sid=227|sid=227|serial=28478|spid=141901|scheduler_running=1|action=-|pga_bytes=19017009|pga_max_bytes=39555737
PMLE_WORKER_SOAK_PROCESS|role=AUTHORITY|spid=141901|sample_epoch=1784836226|rss=843898880|pss=302425088|pss_anon=214364160|pss_file=54459392|pss_shmem=33601536|shared_clean=211169280|shared_dirty=408285184|private_clean=10010624|private_dirty=214433792|anonymous=214364160
PMLE_WORKER_SOAK_OWNER|role=STANDBY|control_status=READY|control_sid=214|sid=214|serial=29022|spid=145433|scheduler_running=1|action=MLE_CHECKPOINT_RESTORE|pga_bytes=18472313|pga_max_bytes=32543385
PMLE_WORKER_SOAK_PROCESS|role=STANDBY|spid=145433|sample_epoch=1784836226|rss=623480832|pss=235599872|pss_anon=170881024|pss_file=44135424|pss_shmem=20582400|shared_clean=195534848|shared_dirty=255610880|private_clean=1454080|private_dirty=170881024|anonymous=170881024
PMLE_WORKER_SOAK_OWNER|role=AUTHORITY|control_status=READY|control_sid=227|sid=227|serial=28478|spid=141901|scheduler_running=1|action=-|pga_bytes=19017009|pga_max_bytes=39555737
PMLE_WORKER_SOAK_PROCESS|role=AUTHORITY|spid=141901|sample_epoch=1784836257|rss=844058624|pss=302513152|pss_anon=214507520|pss_file=54440960|pss_shmem=33564672|shared_clean=211169280|shared_dirty=408301568|private_clean=10010624|private_dirty=214577152|anonymous=214507520
PMLE_WORKER_SOAK_OWNER|role=STANDBY|control_status=READY|control_sid=214|sid=214|serial=29022|spid=145433|scheduler_running=1|action=MLE_CHECKPOINT_RESTORE|pga_bytes=18472313|pga_max_bytes=32543385
PMLE_WORKER_SOAK_PROCESS|role=STANDBY|spid=145433|sample_epoch=1784836257|rss=624295936|pss=235662336|pss_anon=170881024|pss_file=44137472|pss_shmem=20642816|shared_clean=195534848|shared_dirty=256425984|private_clean=1454080|private_dirty=170881024|anonymous=170881024
PMLE_WORKER_SOAK_OWNER|role=AUTHORITY|control_status=READY|control_sid=227|sid=227|serial=28478|spid=141901|scheduler_running=1|action=-|pga_bytes=18786017|pga_max_bytes=39555737
PMLE_WORKER_SOAK_PROCESS|role=AUTHORITY|spid=141901|sample_epoch=1784836288|rss=844750848|pss=302957568|pss_anon=215126016|pss_file=54298624|pss_shmem=33532928|shared_clean=211169280|shared_dirty=408375296|private_clean=10010624|private_dirty=215195648|anonymous=215126016
PMLE_WORKER_SOAK_OWNER|role=STANDBY|control_status=READY|control_sid=214|sid=214|serial=29022|spid=145433|scheduler_running=1|action=MLE_CHECKPOINT_RESTORE|pga_bytes=18472313|pga_max_bytes=32543385
PMLE_WORKER_SOAK_PROCESS|role=STANDBY|spid=145433|sample_epoch=1784836288|rss=625258496|pss=235585536|pss_anon=170881024|pss_file=43987968|pss_shmem=20716544|shared_clean=195534848|shared_dirty=257388544|private_clean=1454080|private_dirty=170881024|anonymous=170881024
PMLE_WORKER_SOAK_OWNER|role=AUTHORITY|control_status=READY|control_sid=227|sid=227|serial=28478|spid=141901|scheduler_running=1|action=-|pga_bytes=19017009|pga_max_bytes=39555737
PMLE_WORKER_SOAK_PROCESS|role=AUTHORITY|spid=141901|sample_epoch=1784836319|rss=845082624|pss=303162368|pss_anon=215416832|pss_file=54256640|pss_shmem=33488896|shared_clean=211169280|shared_dirty=408416256|private_clean=10010624|private_dirty=215486464|anonymous=215416832
PMLE_WORKER_SOAK_OWNER|role=STANDBY|control_status=READY|control_sid=214|sid=214|serial=29022|spid=145433|scheduler_running=1|action=MLE_CHECKPOINT_RESTORE|pga_bytes=18472313|pga_max_bytes=32543385
PMLE_WORKER_SOAK_PROCESS|role=STANDBY|spid=145433|sample_epoch=1784836319|rss=626143232|pss=235629568|pss_anon=170881024|pss_file=43967488|pss_shmem=20781056|shared_clean=195534848|shared_dirty=258273280|private_clean=1454080|private_dirty=170881024|anonymous=170881024
PMLE_WORKER_SOAK_OWNER|role=AUTHORITY|control_status=READY|control_sid=227|sid=227|serial=28478|spid=141901|scheduler_running=1|action=-|pga_bytes=18910409|pga_max_bytes=39555737
PMLE_WORKER_SOAK_PROCESS|role=AUTHORITY|spid=141901|sample_epoch=1784836350|rss=844189696|pss=304696320|pss_anon=214519808|pss_file=55081984|pss_shmem=35094528|shared_clean=211038208|shared_dirty=408412160|private_clean=10141696|private_dirty=214597632|anonymous=214519808
PMLE_WORKER_SOAK_OWNER|role=STANDBY|control_status=READY|control_sid=214|sid=214|serial=29022|spid=145433|scheduler_running=1|action=MLE_CHECKPOINT_RESTORE|pga_bytes=18472313|pga_max_bytes=32543385
PMLE_WORKER_SOAK_PROCESS|role=STANDBY|spid=145433|sample_epoch=1784836350|rss=626880512|pss=237124608|pss_anon=170881024|pss_file=44496896|pss_shmem=21746688|shared_clean=195534848|shared_dirty=259010560|private_clean=1454080|private_dirty=170881024|anonymous=170881024
PMLE_WORKER_SOAK_OWNER|role=AUTHORITY|control_status=READY|control_sid=227|sid=227|serial=28478|spid=141901|scheduler_running=1|action=-|pga_bytes=18984561|pga_max_bytes=39555737
PMLE_WORKER_SOAK_PROCESS|role=AUTHORITY|spid=141901|sample_epoch=1784836381|rss=845070336|pss=305491968|pss_anon=215379968|pss_file=55056384|pss_shmem=35055616|shared_clean=211038208|shared_dirty=408432640|private_clean=10141696|private_dirty=215457792|anonymous=215379968
PMLE_WORKER_SOAK_OWNER|role=STANDBY|control_status=READY|control_sid=214|sid=214|serial=29022|spid=145433|scheduler_running=1|action=MLE_CHECKPOINT_RESTORE|pga_bytes=18472313|pga_max_bytes=32543385
PMLE_WORKER_SOAK_PROCESS|role=STANDBY|spid=145433|sample_epoch=1784836381|rss=627728384|pss=237160448|pss_anon=170881024|pss_file=44470272|pss_shmem=21809152|shared_clean=195534848|shared_dirty=259858432|private_clean=1454080|private_dirty=170881024|anonymous=170881024
PMLE_WORKER_SOAK_OWNER|role=AUTHORITY|control_status=READY|control_sid=227|sid=227|serial=28478|spid=141901|scheduler_running=1|action=-|pga_bytes=18869481|pga_max_bytes=39555737
PMLE_WORKER_SOAK_PROCESS|role=AUTHORITY|spid=141901|sample_epoch=1784836413|rss=844812288|pss=304200704|pss_anon=214835200|pss_file=54709248|pss_shmem=34656256|shared_clean=211103744|shared_dirty=408723456|private_clean=10076160|private_dirty=214908928|anonymous=214835200
PMLE_WORKER_SOAK_OWNER|role=STANDBY|control_status=READY|control_sid=214|sid=214|serial=29022|spid=145433|scheduler_running=1|action=MLE_CHECKPOINT_RESTORE|pga_bytes=18472313|pga_max_bytes=32543385
PMLE_WORKER_SOAK_PROCESS|role=STANDBY|spid=145433|sample_epoch=1784836413|rss=628559872|pss=236853248|pss_anon=170881024|pss_file=44294144|pss_shmem=21677056|shared_clean=195534848|shared_dirty=260689920|private_clean=1454080|private_dirty=170881024|anonymous=170881024
PMLE_WORKER_SOAK_OWNER|role=AUTHORITY|control_status=READY|control_sid=227|sid=227|serial=28478|spid=141901|scheduler_running=1|action=-|pga_bytes=19017009|pga_max_bytes=39555737
PMLE_WORKER_SOAK_PROCESS|role=AUTHORITY|spid=141901|sample_epoch=1784836444|rss=845660160|pss=304997376|pss_anon=215662592|pss_file=54709248|pss_shmem=34624512|shared_clean=211103744|shared_dirty=408743936|private_clean=10076160|private_dirty=215736320|anonymous=215662592
PMLE_WORKER_SOAK_OWNER|role=STANDBY|control_status=READY|control_sid=214|sid=214|serial=29022|spid=145433|scheduler_running=1|action=MLE_CHECKPOINT_RESTORE|pga_bytes=18472313|pga_max_bytes=32543385
PMLE_WORKER_SOAK_PROCESS|role=STANDBY|spid=145433|sample_epoch=1784836444|rss=629305344|pss=236909568|pss_anon=170881024|pss_file=44295168|pss_shmem=21733376|shared_clean=195534848|shared_dirty=261435392|private_clean=1454080|private_dirty=170881024|anonymous=170881024
PMLE_WORKER_SOAK_OWNER|role=AUTHORITY|control_status=READY|control_sid=227|sid=227|serial=28478|spid=141901|scheduler_running=1|action=MLE_STEP|pga_bytes=18951337|pga_max_bytes=39555737
PMLE_WORKER_SOAK_PROCESS|role=AUTHORITY|spid=141901|sample_epoch=1784836475|rss=844636160|pss=303760384|pss_anon=214618112|pss_file=54554624|pss_shmem=34587648|shared_clean=211103744|shared_dirty=408764416|private_clean=10076160|private_dirty=214691840|anonymous=214618112
PMLE_WORKER_SOAK_OWNER|role=STANDBY|control_status=READY|control_sid=214|sid=214|serial=29022|spid=145433|scheduler_running=1|action=MLE_CHECKPOINT_RESTORE|pga_bytes=18472313|pga_max_bytes=32543385
PMLE_WORKER_SOAK_PROCESS|role=STANDBY|spid=145433|sample_epoch=1784836475|rss=630247424|pss=236823552|pss_anon=170881024|pss_file=44131328|pss_shmem=21810176|shared_clean=195534848|shared_dirty=262377472|private_clean=1454080|private_dirty=170881024|anonymous=170881024
PMLE_WORKER_SOAK_OWNER|role=AUTHORITY|control_status=READY|control_sid=227|sid=227|serial=28478|spid=141901|scheduler_running=1|action=-|pga_bytes=18935153|pga_max_bytes=39555737
PMLE_WORKER_SOAK_PROCESS|role=AUTHORITY|spid=141901|sample_epoch=1784836506|rss=844578816|pss=303879168|pss_anon=214544384|pss_file=54739968|pss_shmem=34593792|shared_clean=211103744|shared_dirty=408780800|private_clean=10076160|private_dirty=214618112|anonymous=214544384
PMLE_WORKER_SOAK_OWNER|role=STANDBY|control_status=READY|control_sid=214|sid=214|serial=29022|spid=145433|scheduler_running=1|action=MLE_CHECKPOINT_RESTORE|pga_bytes=18472313|pga_max_bytes=32543385
PMLE_WORKER_SOAK_PROCESS|role=STANDBY|spid=145433|sample_epoch=1784836506|rss=631070720|pss=237078528|pss_anon=170881024|pss_file=44305408|pss_shmem=21892096|shared_clean=195534848|shared_dirty=263200768|private_clean=1454080|private_dirty=170881024|anonymous=170881024
PMLE_WORKER_SOAK_OWNER|role=AUTHORITY|control_status=READY|control_sid=227|sid=227|serial=28478|spid=141901|scheduler_running=1|action=MLE_STEP|pga_bytes=19098865|pga_max_bytes=39555737
PMLE_WORKER_SOAK_PROCESS|role=AUTHORITY|spid=141901|sample_epoch=1784836537|rss=844910592|pss=303899648|pss_anon=214798336|pss_file=54550528|pss_shmem=34550784|shared_clean=211103744|shared_dirty=408858624|private_clean=10076160|private_dirty=214872064|anonymous=214798336
PMLE_WORKER_SOAK_OWNER|role=STANDBY|control_status=READY|control_sid=214|sid=214|serial=29022|spid=145433|scheduler_running=1|action=MLE_CHECKPOINT_RESTORE|pga_bytes=18472313|pga_max_bytes=32543385
PMLE_WORKER_SOAK_PROCESS|role=STANDBY|spid=145433|sample_epoch=1784836537|rss=631894016|pss=236969984|pss_anon=170881024|pss_file=44139520|pss_shmem=21949440|shared_clean=195534848|shared_dirty=264024064|private_clean=1454080|private_dirty=170881024|anonymous=170881024
PMLE_WORKER_SOAK_OWNER|role=AUTHORITY|control_status=READY|control_sid=227|sid=227|serial=28478|spid=141901|scheduler_running=1|action=-|pga_bytes=18935153|pga_max_bytes=39555737
PMLE_WORKER_SOAK_PROCESS|role=AUTHORITY|spid=141901|sample_epoch=1784836569|rss=844627968|pss=303752192|pss_anon=214515712|pss_file=54708224|pss_shmem=34527232|shared_clean=211103744|shared_dirty=408858624|private_clean=10076160|private_dirty=214589440|anonymous=214515712
PMLE_WORKER_SOAK_OWNER|role=STANDBY|control_status=READY|control_sid=214|sid=214|serial=29022|spid=145433|scheduler_running=1|action=MLE_CHECKPOINT_RESTORE|pga_bytes=18472313|pga_max_bytes=32543385
PMLE_WORKER_SOAK_PROCESS|role=STANDBY|spid=145433|sample_epoch=1784836569|rss=632487936|pss=237179904|pss_anon=170881024|pss_file=44304384|pss_shmem=21993472|shared_clean=195534848|shared_dirty=264617984|private_clean=1454080|private_dirty=170881024|anonymous=170881024
PMLE_WORKER_SOAK_OWNER|role=AUTHORITY|control_status=READY|control_sid=227|sid=227|serial=28478|spid=141901|scheduler_running=1|action=-|pga_bytes=19017009|pga_max_bytes=39555737
PMLE_WORKER_SOAK_PROCESS|role=AUTHORITY|spid=141901|sample_epoch=1784836600|rss=845594624|pss=304674816|pss_anon=215465984|pss_file=54708224|pss_shmem=34499584|shared_clean=211103744|shared_dirty=408875008|private_clean=10076160|private_dirty=215539712|anonymous=215465984
PMLE_WORKER_SOAK_OWNER|role=STANDBY|control_status=READY|control_sid=214|sid=214|serial=29022|spid=145433|scheduler_running=1|action=MLE_CHECKPOINT_RESTORE|pga_bytes=18472313|pga_max_bytes=32543385
PMLE_WORKER_SOAK_PROCESS|role=STANDBY|spid=145433|sample_epoch=1784836600|rss=633171968|pss=237228032|pss_anon=170881024|pss_file=44303360|pss_shmem=22043648|shared_clean=195534848|shared_dirty=265302016|private_clean=1454080|private_dirty=170881024|anonymous=170881024
PMLE_WORKER_SOAK_OWNER|role=AUTHORITY|control_status=READY|control_sid=227|sid=227|serial=28478|spid=141901|scheduler_running=1|action=-|pga_bytes=19017009|pga_max_bytes=39555737
PMLE_WORKER_SOAK_PROCESS|role=AUTHORITY|spid=141901|sample_epoch=1784836631|rss=844419072|pss=303245312|pss_anon=214253568|pss_file=54531072|pss_shmem=34459648|shared_clean=211103744|shared_dirty=408911872|private_clean=10076160|private_dirty=214327296|anonymous=214253568
PMLE_WORKER_SOAK_OWNER|role=STANDBY|control_status=READY|control_sid=214|sid=214|serial=29022|spid=145433|scheduler_running=1|action=MLE_CHECKPOINT_RESTORE|pga_bytes=18472313|pga_max_bytes=32543385
PMLE_WORKER_SOAK_PROCESS|role=STANDBY|spid=145433|sample_epoch=1784836631|rss=634081280|pss=237097984|pss_anon=170881024|pss_file=44111872|pss_shmem=22105088|shared_clean=195534848|shared_dirty=266211328|private_clean=1454080|private_dirty=170881024|anonymous=170881024
PMLE_WORKER_SOAK_OWNER|role=AUTHORITY|control_status=READY|control_sid=227|sid=227|serial=28478|spid=141901|scheduler_running=1|action=-|pga_bytes=19057937|pga_max_bytes=39555737
PMLE_WORKER_SOAK_PROCESS|role=AUTHORITY|spid=141901|sample_epoch=1784836663|rss=844443648|pss=303425536|pss_anon=214228992|pss_file=54742016|pss_shmem=34454528|shared_clean=211103744|shared_dirty=408961024|private_clean=10076160|private_dirty=214302720|anonymous=214228992
PMLE_WORKER_SOAK_OWNER|role=STANDBY|control_status=READY|control_sid=214|sid=214|serial=29022|spid=145433|scheduler_running=1|action=MLE_CHECKPOINT_RESTORE|pga_bytes=18472313|pga_max_bytes=32543385
PMLE_WORKER_SOAK_PROCESS|role=STANDBY|spid=145433|sample_epoch=1784836663|rss=634925056|pss=237359104|pss_anon=170881024|pss_file=44299264|pss_shmem=22178816|shared_clean=195534848|shared_dirty=267055104|private_clean=1454080|private_dirty=170881024|anonymous=170881024
PMLE_WORKER_SOAK_OWNER|role=AUTHORITY|control_status=READY|control_sid=227|sid=227|serial=28478|spid=141901|scheduler_running=1|action=MLE_STEP|pga_bytes=19057577|pga_max_bytes=39555737
PMLE_WORKER_SOAK_PROCESS|role=AUTHORITY|spid=141901|sample_epoch=1784836696|rss=844132352|pss=302862336|pss_anon=213852160|pss_file=54587392|pss_shmem=34422784|shared_clean=211103744|shared_dirty=409026560|private_clean=10076160|private_dirty=213925888|anonymous=213852160
PMLE_WORKER_SOAK_OWNER|role=STANDBY|control_status=READY|control_sid=214|sid=214|serial=29022|spid=145433|scheduler_running=1|action=MLE_CHECKPOINT_RESTORE|pga_bytes=18472313|pga_max_bytes=32543385
PMLE_WORKER_SOAK_PROCESS|role=STANDBY|spid=145433|sample_epoch=1784836696|rss=635731968|pss=237250560|pss_anon=170881024|pss_file=44134400|pss_shmem=22235136|shared_clean=195534848|shared_dirty=267862016|private_clean=1454080|private_dirty=170881024|anonymous=170881024
PMLE_WORKER_SOAK_OWNER|role=AUTHORITY|control_status=READY|control_sid=227|sid=227|serial=28478|spid=141901|scheduler_running=1|action=MLE_STEP|pga_bytes=19098865|pga_max_bytes=39555737
PMLE_WORKER_SOAK_PROCESS|role=AUTHORITY|spid=141901|sample_epoch=1784836729|rss=844943360|pss=304544768|pss_anon=214593536|pss_file=55277568|pss_shmem=34672640|shared_clean=211103744|shared_dirty=409096192|private_clean=10076160|private_dirty=214667264|anonymous=214593536
PMLE_WORKER_SOAK_OWNER|role=STANDBY|control_status=READY|control_sid=214|sid=214|serial=29022|spid=145433|scheduler_running=1|action=MLE_CHECKPOINT_RESTORE|pga_bytes=18472313|pga_max_bytes=32543385
PMLE_WORKER_SOAK_PROCESS|role=STANDBY|spid=145433|sample_epoch=1784836729|rss=636592128|pss=238081024|pss_anon=170881024|pss_file=44763136|pss_shmem=22435840|shared_clean=195534848|shared_dirty=268722176|private_clean=1454080|private_dirty=170881024|anonymous=170881024
PMLE_WORKER_SOAK_OWNER|role=AUTHORITY|control_status=READY|control_sid=227|sid=227|serial=28478|spid=141901|scheduler_running=1|action=-|pga_bytes=19017009|pga_max_bytes=39555737
PMLE_WORKER_SOAK_PROCESS|role=AUTHORITY|spid=141901|sample_epoch=1784836762|rss=844345344|pss=303744000|pss_anon=213962752|pss_file=55224320|pss_shmem=34556928|shared_clean=211103744|shared_dirty=409128960|private_clean=10076160|private_dirty=214036480|anonymous=213962752
PMLE_WORKER_SOAK_OWNER|role=STANDBY|control_status=READY|control_sid=214|sid=214|serial=29022|spid=145433|scheduler_running=1|action=MLE_CHECKPOINT_RESTORE|pga_bytes=18472313|pga_max_bytes=32543385
PMLE_WORKER_SOAK_PROCESS|role=STANDBY|spid=145433|sample_epoch=1784836762|rss=637227008|pss=238035968|pss_anon=170881024|pss_file=44734464|pss_shmem=22420480|shared_clean=195534848|shared_dirty=269357056|private_clean=1454080|private_dirty=170881024|anonymous=170881024
PMLE_WORKER_SOAK_OWNER|role=AUTHORITY|control_status=READY|control_sid=227|sid=227|serial=28478|spid=141901|scheduler_running=1|action=MLE_STEP|pga_bytes=19098865|pga_max_bytes=39555737
PMLE_WORKER_SOAK_PROCESS|role=AUTHORITY|spid=141901|sample_epoch=1784836794|rss=844697600|pss=303987712|pss_anon=214228992|pss_file=55223296|pss_shmem=34534400|shared_clean=211103744|shared_dirty=409214976|private_clean=10076160|private_dirty=214302720|anonymous=214228992
PMLE_WORKER_SOAK_OWNER|role=STANDBY|control_status=READY|control_sid=214|sid=214|serial=29022|spid=145433|scheduler_running=1|action=MLE_CHECKPOINT_RESTORE|pga_bytes=18472313|pga_max_bytes=32543385
PMLE_WORKER_SOAK_PROCESS|role=STANDBY|spid=145433|sample_epoch=1784836794|rss=637779968|pss=238325760|pss_anon=170881024|pss_file=44960768|pss_shmem=22482944|shared_clean=195534848|shared_dirty=269910016|private_clean=1454080|private_dirty=170881024|anonymous=170881024
PMLE_WORKER_SOAK_OWNER|role=AUTHORITY|control_status=READY|control_sid=227|sid=227|serial=28478|spid=141901|scheduler_running=1|action=-|pga_bytes=18889801|pga_max_bytes=39555737
PMLE_WORKER_SOAK_PROCESS|role=AUTHORITY|spid=141901|sample_epoch=1784836828|rss=885055488|pss=343802880|pss_anon=254504960|pss_file=55181312|pss_shmem=34115584|shared_clean=211103744|shared_dirty=409296896|private_clean=10076160|private_dirty=254578688|anonymous=254504960
PMLE_WORKER_SOAK_OWNER|role=STANDBY|control_status=READY|control_sid=214|sid=214|serial=29022|spid=145433|scheduler_running=1|action=MLE_CHECKPOINT_RESTORE|pga_bytes=18472313|pga_max_bytes=32543385
PMLE_WORKER_SOAK_PROCESS|role=STANDBY|spid=145433|sample_epoch=1784836828|rss=638578688|pss=237864960|pss_anon=170881024|pss_file=44719104|pss_shmem=22263808|shared_clean=195534848|shared_dirty=270708736|private_clean=1454080|private_dirty=170881024|anonymous=170881024
PMLE_WORKER_SOAK_OWNER|role=AUTHORITY|control_status=READY|control_sid=227|sid=227|serial=28478|spid=141901|scheduler_running=1|action=MLE_STEP|pga_bytes=19098865|pga_max_bytes=39555737
PMLE_WORKER_SOAK_PROCESS|role=AUTHORITY|spid=141901|sample_epoch=1784836860|rss=845611008|pss=302665728|pss_anon=214167552|pss_file=54984704|pss_shmem=33513472|shared_clean=211103744|shared_dirty=410202112|private_clean=10076160|private_dirty=214228992|anonymous=214167552
PMLE_WORKER_SOAK_OWNER|role=STANDBY|control_status=READY|control_sid=214|sid=214|serial=29022|spid=145433|scheduler_running=1|action=MLE_CHECKPOINT_RESTORE|pga_bytes=18472313|pga_max_bytes=32543385
PMLE_WORKER_SOAK_PROCESS|role=STANDBY|spid=145433|sample_epoch=1784836860|rss=639209472|pss=237473792|pss_anon=170881024|pss_file=44641280|pss_shmem=21951488|shared_clean=195534848|shared_dirty=271339520|private_clean=1454080|private_dirty=170881024|anonymous=170881024
PMLE_WORKER_SOAK_OWNER|role=AUTHORITY|control_status=READY|control_sid=227|sid=227|serial=28478|spid=141901|scheduler_running=1|action=-|pga_bytes=18975921|pga_max_bytes=39555737
PMLE_WORKER_SOAK_PROCESS|role=AUTHORITY|spid=141901|sample_epoch=1784836892|rss=841920512|pss=298037248|pss_anon=209838080|pss_file=54960128|pss_shmem=33239040|shared_clean=211103744|shared_dirty=410841088|private_clean=10076160|private_dirty=209899520|anonymous=209838080
PMLE_WORKER_SOAK_OWNER|role=STANDBY|control_status=READY|control_sid=214|sid=214|serial=29022|spid=145433|scheduler_running=1|action=MLE_CHECKPOINT_RESTORE|pga_bytes=18472313|pga_max_bytes=32543385
PMLE_WORKER_SOAK_PROCESS|role=STANDBY|spid=145433|sample_epoch=1784836892|rss=639995904|pss=237389824|pss_anon=170881024|pss_file=44633088|pss_shmem=21874688|shared_clean=195534848|shared_dirty=272125952|private_clean=1454080|private_dirty=170881024|anonymous=170881024
PMLE_WORKER_SOAK_OWNER|role=AUTHORITY|control_status=READY|control_sid=227|sid=227|serial=28478|spid=141901|scheduler_running=1|action=MLE_STEP|pga_bytes=19098865|pga_max_bytes=39555737
PMLE_WORKER_SOAK_PROCESS|role=AUTHORITY|spid=141901|sample_epoch=1784836923|rss=843538432|pss=299417600|pss_anon=210948096|pss_file=55186432|pss_shmem=33283072|shared_clean=211103744|shared_dirty=411348992|private_clean=10076160|private_dirty=211009536|anonymous=210948096
PMLE_WORKER_SOAK_OWNER|role=STANDBY|control_status=READY|control_sid=214|sid=214|serial=29022|spid=145433|scheduler_running=1|action=MLE_CHECKPOINT_RESTORE|pga_bytes=18472313|pga_max_bytes=32543385
PMLE_WORKER_SOAK_PROCESS|role=STANDBY|spid=145433|sample_epoch=1784836923|rss=640643072|pss=237688832|pss_anon=170881024|pss_file=44862464|pss_shmem=21945344|shared_clean=195534848|shared_dirty=272773120|private_clean=1454080|private_dirty=170881024|anonymous=170881024
PMLE_WORKER_SOAK_OWNER|role=AUTHORITY|control_status=READY|control_sid=227|sid=227|serial=28478|spid=141901|scheduler_running=1|action=-|pga_bytes=18934993|pga_max_bytes=39555737
PMLE_WORKER_SOAK_PROCESS|role=AUTHORITY|spid=141901|sample_epoch=1784836954|rss=843399168|pss=299196416|pss_anon=210792448|pss_file=55183360|pss_shmem=33219584|shared_clean=211103744|shared_dirty=411365376|private_clean=10076160|private_dirty=210853888|anonymous=210792448
PMLE_WORKER_SOAK_OWNER|role=STANDBY|control_status=READY|control_sid=214|sid=214|serial=29022|spid=145433|scheduler_running=1|action=MLE_CHECKPOINT_RESTORE|pga_bytes=18472313|pga_max_bytes=32543385
PMLE_WORKER_SOAK_PROCESS|role=STANDBY|spid=145433|sample_epoch=1784836954|rss=641265664|pss=237705216|pss_anon=170881024|pss_file=44860416|pss_shmem=21963776|shared_clean=195534848|shared_dirty=273395712|private_clean=1454080|private_dirty=170881024|anonymous=170881024
PMLE_WORKER_SOAK_OWNER|role=AUTHORITY|control_status=READY|control_sid=227|sid=227|serial=28478|spid=141901|scheduler_running=1|action=-|pga_bytes=19057937|pga_max_bytes=39555737
PMLE_WORKER_SOAK_PROCESS|role=AUTHORITY|spid=141901|sample_epoch=1784836985|rss=843497472|pss=299273216|pss_anon=210890752|pss_file=55184384|pss_shmem=33197056|shared_clean=211103744|shared_dirty=411365376|private_clean=10076160|private_dirty=210952192|anonymous=210890752
PMLE_WORKER_SOAK_OWNER|role=STANDBY|control_status=READY|control_sid=214|sid=214|serial=29022|spid=145433|scheduler_running=1|action=MLE_CHECKPOINT_RESTORE|pga_bytes=18472313|pga_max_bytes=32543385
PMLE_WORKER_SOAK_PROCESS|role=STANDBY|spid=145433|sample_epoch=1784836985|rss=641974272|pss=237762560|pss_anon=170881024|pss_file=44862464|pss_shmem=22018048|shared_clean=195534848|shared_dirty=274104320|private_clean=1454080|private_dirty=170881024|anonymous=170881024
PMLE_WORKER_SOAK_OWNER|role=AUTHORITY|control_status=READY|control_sid=227|sid=227|serial=28478|spid=141901|scheduler_running=1|action=-|pga_bytes=18975921|pga_max_bytes=39555737
PMLE_WORKER_SOAK_PROCESS|role=AUTHORITY|spid=141901|sample_epoch=1784837016|rss=843059200|pss=298832896|pss_anon=210440192|pss_file=55204864|pss_shmem=33187840|shared_clean=211103744|shared_dirty=411377664|private_clean=10076160|private_dirty=210501632|anonymous=210440192
PMLE_WORKER_SOAK_OWNER|role=STANDBY|control_status=READY|control_sid=214|sid=214|serial=29022|spid=145433|scheduler_running=1|action=MLE_CHECKPOINT_RESTORE|pga_bytes=18472313|pga_max_bytes=32543385
PMLE_WORKER_SOAK_PROCESS|role=STANDBY|spid=145433|sample_epoch=1784837016|rss=642514944|pss=237814784|pss_anon=170881024|pss_file=44873728|pss_shmem=22060032|shared_clean=195534848|shared_dirty=274644992|private_clean=1454080|private_dirty=170881024|anonymous=170881024
PMLE_WORKER_SOAK_OWNER|role=AUTHORITY|control_status=READY|control_sid=227|sid=227|serial=28478|spid=141901|scheduler_running=1|action=MLE_STEP|pga_bytes=19057577|pga_max_bytes=39555737
PMLE_WORKER_SOAK_PROCESS|role=AUTHORITY|spid=141901|sample_epoch=1784837047|rss=843214848|pss=298927104|pss_anon=210558976|pss_file=55204864|pss_shmem=33162240|shared_clean=211103744|shared_dirty=411414528|private_clean=10076160|private_dirty=210620416|anonymous=210558976
PMLE_WORKER_SOAK_OWNER|role=STANDBY|control_status=READY|control_sid=214|sid=214|serial=29022|spid=145433|scheduler_running=1|action=MLE_CHECKPOINT_RESTORE|pga_bytes=18472313|pga_max_bytes=32543385
PMLE_WORKER_SOAK_PROCESS|role=STANDBY|spid=145433|sample_epoch=1784837047|rss=643137536|pss=237855744|pss_anon=170881024|pss_file=44871680|pss_shmem=22102016|shared_clean=195534848|shared_dirty=275267584|private_clean=1454080|private_dirty=170881024|anonymous=170881024
PMLE_WORKER_SOAK_OWNER|role=AUTHORITY|control_status=READY|control_sid=227|sid=227|serial=28478|spid=141901|scheduler_running=1|action=MLE_STEP|pga_bytes=19016849|pga_max_bytes=39555737
PMLE_WORKER_SOAK_PROCESS|role=AUTHORITY|spid=141901|sample_epoch=1784837079|rss=844099584|pss=299487232|pss_anon=211427328|pss_file=54960128|pss_shmem=33099776|shared_clean=211103744|shared_dirty=411430912|private_clean=10076160|private_dirty=211488768|anonymous=211427328
PMLE_WORKER_SOAK_OWNER|role=STANDBY|control_status=READY|control_sid=214|sid=214|serial=29022|spid=145433|scheduler_running=1|action=MLE_CHECKPOINT_RESTORE|pga_bytes=18472313|pga_max_bytes=32543385
PMLE_WORKER_SOAK_PROCESS|role=STANDBY|spid=145433|sample_epoch=1784837079|rss=643837952|pss=237661184|pss_anon=170881024|pss_file=44644352|pss_shmem=22135808|shared_clean=195534848|shared_dirty=275968000|private_clean=1454080|private_dirty=170881024|anonymous=170881024
PMLE_WORKER_SOAK_OWNER|role=AUTHORITY|control_status=READY|control_sid=227|sid=227|serial=28478|spid=141901|scheduler_running=1|action=MLE_STEP|pga_bytes=19057577|pga_max_bytes=39555737
PMLE_WORKER_SOAK_PROCESS|role=AUTHORITY|spid=141901|sample_epoch=1784837110|rss=842842112|pss=299569152|pss_anon=210157568|pss_file=55682048|pss_shmem=33729536|shared_clean=211038208|shared_dirty=411439104|private_clean=10141696|private_dirty=210223104|anonymous=210157568
PMLE_WORKER_SOAK_OWNER|role=STANDBY|control_status=READY|control_sid=214|sid=214|serial=29022|spid=145433|scheduler_running=1|action=MLE_CHECKPOINT_RESTORE|pga_bytes=18472313|pga_max_bytes=32543385
PMLE_WORKER_SOAK_PROCESS|role=STANDBY|spid=145433|sample_epoch=1784837110|rss=644448256|pss=238575616|pss_anon=170881024|pss_file=45162496|pss_shmem=22531072|shared_clean=195534848|shared_dirty=276578304|private_clean=1454080|private_dirty=170881024|anonymous=170881024
PMLE_WORKER_SOAK_OWNER|role=AUTHORITY|control_status=READY|control_sid=227|sid=227|serial=28478|spid=141901|scheduler_running=1|action=-|pga_bytes=18975921|pga_max_bytes=39555737
PMLE_WORKER_SOAK_PROCESS|role=AUTHORITY|spid=141901|sample_epoch=1784837141|rss=843804672|pss=299963392|pss_anon=211087360|pss_file=55212032|pss_shmem=33662976|shared_clean=211038208|shared_dirty=411471872|private_clean=10141696|private_dirty=211152896|anonymous=211087360
PMLE_WORKER_SOAK_OWNER|role=STANDBY|control_status=READY|control_sid=214|sid=214|serial=29022|spid=145433|scheduler_running=1|action=MLE_CHECKPOINT_RESTORE|pga_bytes=18472313|pga_max_bytes=32543385
PMLE_WORKER_SOAK_PROCESS|role=STANDBY|spid=145433|sample_epoch=1784837141|rss=645128192|pss=238118912|pss_anon=170881024|pss_file=44689408|pss_shmem=22547456|shared_clean=195534848|shared_dirty=277258240|private_clean=1454080|private_dirty=170881024|anonymous=170881024
PMLE_WORKER_SOAK_OWNER|role=AUTHORITY|control_status=READY|control_sid=227|sid=227|serial=28478|spid=141901|scheduler_running=1|action=MLE_STEP|pga_bytes=19098865|pga_max_bytes=39555737
PMLE_WORKER_SOAK_PROCESS|role=AUTHORITY|spid=141901|sample_epoch=1784837172|rss=843939840|pss=299973632|pss_anon=211177472|pss_file=55172096|pss_shmem=33624064|shared_clean=211038208|shared_dirty=411516928|private_clean=10141696|private_dirty=211243008|anonymous=211177472
PMLE_WORKER_SOAK_OWNER|role=STANDBY|control_status=READY|control_sid=214|sid=214|serial=29022|spid=145433|scheduler_running=1|action=MLE_CHECKPOINT_RESTORE|pga_bytes=18472313|pga_max_bytes=32543385
PMLE_WORKER_SOAK_PROCESS|role=STANDBY|spid=145433|sample_epoch=1784837172|rss=645722112|pss=238118912|pss_anon=170881024|pss_file=44659712|pss_shmem=22578176|shared_clean=195534848|shared_dirty=277852160|private_clean=1454080|private_dirty=170881024|anonymous=170881024
PMLE_WORKER_SOAK_OWNER|role=AUTHORITY|control_status=READY|control_sid=227|sid=227|serial=28478|spid=141901|scheduler_running=1|action=MLE_STEP|pga_bytes=19016849|pga_max_bytes=39555737
PMLE_WORKER_SOAK_PROCESS|role=AUTHORITY|spid=141901|sample_epoch=1784837203|rss=844533760|pss=300486656|pss_anon=211697664|pss_file=55172096|pss_shmem=33616896|shared_clean=211038208|shared_dirty=411590656|private_clean=10141696|private_dirty=211763200|anonymous=211697664
PMLE_WORKER_SOAK_OWNER|role=STANDBY|control_status=READY|control_sid=214|sid=214|serial=29022|spid=145433|scheduler_running=1|action=MLE_CHECKPOINT_RESTORE|pga_bytes=18472313|pga_max_bytes=32543385
PMLE_WORKER_SOAK_PROCESS|role=STANDBY|spid=145433|sample_epoch=1784837203|rss=646205440|pss=238160896|pss_anon=170881024|pss_file=44660736|pss_shmem=22618112|shared_clean=195534848|shared_dirty=278335488|private_clean=1454080|private_dirty=170881024|anonymous=170881024
PMLE_WORKER_SOAK_BROWSER_EVIDENCE|BEGIN
PMLE_SOAK_BROWSER_DIAG|slot=0|presented=58875|advanced=59255|resyncs=20|last_resync_at=48428
PMLE_SOAK_BROWSER_DIAG|slot=1|presented=58858|advanced=59256|resyncs=21|last_resync_at=48410
PASS P13.5-MULTIPLAYER-SOAK seconds=1800 warmupSeconds=300 tics=10857/10857-70112/70113 maxLag=17 maxReconnectSeconds=0 resyncs=20/21 frames=0 checkpoints=2 bytes=0 disconnectedNeutral=77 initialNeutral=21699 paint999Max=200.8/2169.1,194.8/2371.1 memory=19577152/21018944 java=0/0 gc=0/0
PMLE_WORKER_SOAK_BROWSER_EVIDENCE|END
PMLE_WORKER_SOAK_MEMORY|PASS|role=AUTHORITY|samples=58|warmup_excluded=1|spid_stable=1|margin=67108864|rss_base=883871744|rss_max=938070016|rss_end=844533760|pss_base=326010880|pss_max=376375296|pss_end=300486656|private_base=237096960|private_max=288854016|private_end=221904896|pss_anon_base=219389952|pss_anon_max=271343616|pss_anon_end=211697664|shared_dirty_base=404422656|shared_dirty_max=411590656|shared_dirty_end=411590656|plateau_steps_8m=5
PMLE_WORKER_SOAK_MEMORY|PASS|role=STANDBY|samples=58|warmup_excluded=1|spid_stable=1|margin=67108864|rss_base=597803008|rss_max=646205440|rss_end=646205440|pss_base=231512064|pss_max=238575616|pss_end=238160896|private_base=172462080|private_max=172544000|private_end=172335104|pss_anon_base=171089920|pss_anon_max=171089920|pss_anon_end=170881024|shared_dirty_base=229724160|shared_dirty_max=278335488|shared_dirty_end=278335488|plateau_steps_8m=0
PMLE_WORKER_SOAK_SLOW|tic=1|generation=1|elapsed_ms=573.932|started_utc=2026-07-23T19:31:22.830799Z|ended_utc=2026-07-23T19:31:23.404731Z|ash_samples=2|on_cpu=2|resmgr=0|commit_io=0
PMLE_WORKER_SOAK_SLOW|tic=32|generation=1|elapsed_ms=133.2|started_utc=2026-07-23T19:31:24.281978Z|ended_utc=2026-07-23T19:31:24.415178Z|ash_samples=2|on_cpu=2|resmgr=0|commit_io=0
PMLE_WORKER_SOAK_SLOW|tic=10875|generation=1|elapsed_ms=363.747|started_utc=2026-07-23T19:36:28.357147Z|ended_utc=2026-07-23T19:36:28.720894Z|ash_samples=1|on_cpu=1|resmgr=0|commit_io=0
PMLE_WORKER_SOAK_SLOW|tic=13206|generation=1|elapsed_ms=251.714|started_utc=2026-07-23T19:37:34.542951Z|ended_utc=2026-07-23T19:37:34.794665Z|ash_samples=2|on_cpu=2|resmgr=0|commit_io=0
PMLE_WORKER_SOAK_SLOW|tic=15200|generation=1|elapsed_ms=428.18|started_utc=2026-07-23T19:38:31.028890Z|ended_utc=2026-07-23T19:38:31.457070Z|ash_samples=2|on_cpu=2|resmgr=0|commit_io=0
PMLE_WORKER_SOAK_SLOW|tic=16283|generation=1|elapsed_ms=117.505|started_utc=2026-07-23T19:39:02.022416Z|ended_utc=2026-07-23T19:39:02.139921Z|ash_samples=0|on_cpu=0|resmgr=0|commit_io=0
PMLE_WORKER_SOAK_SLOW|tic=17405|generation=1|elapsed_ms=302.831|started_utc=2026-07-23T19:39:33.842679Z|ended_utc=2026-07-23T19:39:34.145510Z|ash_samples=1|on_cpu=1|resmgr=0|commit_io=0
PMLE_WORKER_SOAK_SLOW|tic=20289|generation=1|elapsed_ms=222.788|started_utc=2026-07-23T19:40:55.700088Z|ended_utc=2026-07-23T19:40:55.922876Z|ash_samples=0|on_cpu=0|resmgr=0|commit_io=0
PMLE_WORKER_SOAK_SLOW|tic=21755|generation=1|elapsed_ms=240.705|started_utc=2026-07-23T19:41:37.407638Z|ended_utc=2026-07-23T19:41:37.648343Z|ash_samples=1|on_cpu=1|resmgr=0|commit_io=0
PMLE_WORKER_SOAK_SLOW|tic=23252|generation=1|elapsed_ms=523.008|started_utc=2026-07-23T19:42:19.946739Z|ended_utc=2026-07-23T19:42:20.469747Z|ash_samples=1|on_cpu=1|resmgr=0|commit_io=0
PMLE_WORKER_SOAK_SLOW|tic=25668|generation=1|elapsed_ms=287.372|started_utc=2026-07-23T19:43:28.701611Z|ended_utc=2026-07-23T19:43:28.988983Z|ash_samples=1|on_cpu=1|resmgr=0|commit_io=0
PMLE_WORKER_SOAK_SLOW|tic=28250|generation=1|elapsed_ms=233.433|started_utc=2026-07-23T19:44:41.874106Z|ended_utc=2026-07-23T19:44:42.107539Z|ash_samples=1|on_cpu=1|resmgr=0|commit_io=0
PMLE_WORKER_SOAK_SLOW|tic=30328|generation=1|elapsed_ms=259.349|started_utc=2026-07-23T19:45:40.869933Z|ended_utc=2026-07-23T19:45:41.129282Z|ash_samples=1|on_cpu=1|resmgr=0|commit_io=0
PMLE_WORKER_SOAK_SLOW|tic=32340|generation=1|elapsed_ms=258.917|started_utc=2026-07-23T19:46:37.862604Z|ended_utc=2026-07-23T19:46:38.121521Z|ash_samples=3|on_cpu=3|resmgr=0|commit_io=0
PMLE_WORKER_SOAK_SLOW|tic=34251|generation=1|elapsed_ms=270.01|started_utc=2026-07-23T19:47:32.232799Z|ended_utc=2026-07-23T19:47:32.502809Z|ash_samples=3|on_cpu=3|resmgr=0|commit_io=0
PMLE_WORKER_SOAK_SLOW|tic=36375|generation=1|elapsed_ms=225.987|started_utc=2026-07-23T19:48:32.919016Z|ended_utc=2026-07-23T19:48:33.145003Z|ash_samples=1|on_cpu=1|resmgr=0|commit_io=0
PMLE_WORKER_SOAK_SLOW|tic=38224|generation=1|elapsed_ms=235.52|started_utc=2026-07-23T19:49:25.407057Z|ended_utc=2026-07-23T19:49:25.642577Z|ash_samples=1|on_cpu=1|resmgr=0|commit_io=0
PMLE_WORKER_SOAK_SLOW|tic=40281|generation=1|elapsed_ms=484.663|started_utc=2026-07-23T19:50:23.820984Z|ended_utc=2026-07-23T19:50:24.305647Z|ash_samples=2|on_cpu=2|resmgr=0|commit_io=0
PMLE_WORKER_SOAK_SLOW|tic=42023|generation=1|elapsed_ms=286.473|started_utc=2026-07-23T19:51:14.549096Z|ended_utc=2026-07-23T19:51:14.835569Z|ash_samples=2|on_cpu=2|resmgr=0|commit_io=0
PMLE_WORKER_SOAK_SLOW|tic=43581|generation=1|elapsed_ms=114.006|started_utc=2026-07-23T19:51:59.235127Z|ended_utc=2026-07-23T19:51:59.349133Z|ash_samples=2|on_cpu=2|resmgr=0|commit_io=0
PMLE_WORKER_SOAK_SLOW|tic=43603|generation=1|elapsed_ms=115.181|started_utc=2026-07-23T19:52:00.014956Z|ended_utc=2026-07-23T19:52:00.130137Z|ash_samples=2|on_cpu=2|resmgr=0|commit_io=0
PMLE_WORKER_SOAK_SLOW|tic=43770|generation=1|elapsed_ms=310.776|started_utc=2026-07-23T19:52:04.902827Z|ended_utc=2026-07-23T19:52:05.213603Z|ash_samples=3|on_cpu=3|resmgr=0|commit_io=0
PMLE_WORKER_SOAK_SLOW|tic=45965|generation=1|elapsed_ms=241.412|started_utc=2026-07-23T19:53:07.318458Z|ended_utc=2026-07-23T19:53:07.559870Z|ash_samples=3|on_cpu=3|resmgr=0|commit_io=0
PMLE_WORKER_SOAK_SLOW|tic=48113|generation=1|elapsed_ms=236.416|started_utc=2026-07-23T19:54:09.005729Z|ended_utc=2026-07-23T19:54:09.242145Z|ash_samples=3|on_cpu=3|resmgr=0|commit_io=0
PMLE_WORKER_SOAK_SLOW|tic=49905|generation=1|elapsed_ms=246.034|started_utc=2026-07-23T19:55:00.357553Z|ended_utc=2026-07-23T19:55:00.603587Z|ash_samples=1|on_cpu=1|resmgr=0|commit_io=0
PMLE_WORKER_SOAK_SLOW|tic=51715|generation=1|elapsed_ms=229.142|started_utc=2026-07-23T19:55:52.419914Z|ended_utc=2026-07-23T19:55:52.649056Z|ash_samples=3|on_cpu=3|resmgr=0|commit_io=0
PMLE_WORKER_SOAK_SLOW|tic=53435|generation=1|elapsed_ms=237.825|started_utc=2026-07-23T19:56:41.922365Z|ended_utc=2026-07-23T19:56:42.160190Z|ash_samples=1|on_cpu=1|resmgr=0|commit_io=0
PMLE_WORKER_SOAK_SLOW|tic=54468|generation=1|elapsed_ms=115.3|started_utc=2026-07-23T19:57:11.695776Z|ended_utc=2026-07-23T19:57:11.811076Z|ash_samples=2|on_cpu=2|resmgr=0|commit_io=0
PMLE_WORKER_SOAK_SLOW|tic=54629|generation=1|elapsed_ms=615.379|started_utc=2026-07-23T19:57:16.488132Z|ended_utc=2026-07-23T19:57:17.103511Z|ash_samples=2|on_cpu=2|resmgr=0|commit_io=0
PMLE_WORKER_SOAK_SLOW|tic=54872|generation=1|elapsed_ms=137.862|started_utc=2026-07-23T19:57:24.174843Z|ended_utc=2026-07-23T19:57:24.312705Z|ash_samples=2|on_cpu=2|resmgr=0|commit_io=0
PMLE_WORKER_SOAK_SLOW|tic=54873|generation=1|elapsed_ms=621.997|started_utc=2026-07-23T19:57:24.314737Z|ended_utc=2026-07-23T19:57:24.936734Z|ash_samples=2|on_cpu=2|resmgr=0|commit_io=0
PMLE_WORKER_SOAK_SLOW|tic=55394|generation=1|elapsed_ms=111.16|started_utc=2026-07-23T19:57:39.980650Z|ended_utc=2026-07-23T19:57:40.091810Z|ash_samples=2|on_cpu=2|resmgr=0|commit_io=0
PMLE_WORKER_SOAK_SLOW|tic=55396|generation=1|elapsed_ms=110.04|started_utc=2026-07-23T19:57:40.205318Z|ended_utc=2026-07-23T19:57:40.315358Z|ash_samples=2|on_cpu=2|resmgr=0|commit_io=0
PMLE_WORKER_SOAK_SLOW|tic=55397|generation=1|elapsed_ms=178.615|started_utc=2026-07-23T19:57:40.362337Z|ended_utc=2026-07-23T19:57:40.540952Z|ash_samples=3|on_cpu=3|resmgr=0|commit_io=0
PMLE_WORKER_SOAK_SLOW|tic=55401|generation=1|elapsed_ms=101.809|started_utc=2026-07-23T19:57:40.762679Z|ended_utc=2026-07-23T19:57:40.864488Z|ash_samples=2|on_cpu=2|resmgr=0|commit_io=0
PMLE_WORKER_SOAK_SLOW|tic=55402|generation=1|elapsed_ms=135.651|started_utc=2026-07-23T19:57:40.869211Z|ended_utc=2026-07-23T19:57:41.004862Z|ash_samples=2|on_cpu=2|resmgr=0|commit_io=0
PMLE_WORKER_SOAK_SLOW|tic=55403|generation=1|elapsed_ms=103.531|started_utc=2026-07-23T19:57:41.023140Z|ended_utc=2026-07-23T19:57:41.126671Z|ash_samples=2|on_cpu=2|resmgr=0|commit_io=0
PMLE_WORKER_SOAK_SLOW|tic=55409|generation=1|elapsed_ms=178.814|started_utc=2026-07-23T19:57:41.483543Z|ended_utc=2026-07-23T19:57:41.662357Z|ash_samples=3|on_cpu=3|resmgr=0|commit_io=0
PMLE_WORKER_SOAK_SLOW|tic=55410|generation=1|elapsed_ms=133.096|started_utc=2026-07-23T19:57:41.716070Z|ended_utc=2026-07-23T19:57:41.849166Z|ash_samples=2|on_cpu=2|resmgr=0|commit_io=0
PMLE_WORKER_SOAK_SLOW|tic=55414|generation=1|elapsed_ms=139.4|started_utc=2026-07-23T19:57:42.060024Z|ended_utc=2026-07-23T19:57:42.199424Z|ash_samples=2|on_cpu=2|resmgr=0|commit_io=0
PMLE_WORKER_SOAK_SLOW|tic=55415|generation=1|elapsed_ms=266.472|started_utc=2026-07-23T19:57:42.206624Z|ended_utc=2026-07-23T19:57:42.473096Z|ash_samples=2|on_cpu=2|resmgr=0|commit_io=0
PMLE_WORKER_SOAK_SLOW|tic=55417|generation=1|elapsed_ms=114.625|started_utc=2026-07-23T19:57:42.541664Z|ended_utc=2026-07-23T19:57:42.656289Z|ash_samples=2|on_cpu=2|resmgr=0|commit_io=0
PMLE_WORKER_SOAK_SLOW|tic=55419|generation=1|elapsed_ms=138.09|started_utc=2026-07-23T19:57:42.733088Z|ended_utc=2026-07-23T19:57:42.871178Z|ash_samples=2|on_cpu=2|resmgr=0|commit_io=0
PMLE_WORKER_SOAK_SLOW|tic=55420|generation=1|elapsed_ms=256.181|started_utc=2026-07-23T19:57:42.885261Z|ended_utc=2026-07-23T19:57:43.141442Z|ash_samples=2|on_cpu=2|resmgr=0|commit_io=0
PMLE_WORKER_SOAK_SLOW|tic=55422|generation=1|elapsed_ms=107.94|started_utc=2026-07-23T19:57:43.222365Z|ended_utc=2026-07-23T19:57:43.330305Z|ash_samples=2|on_cpu=2|resmgr=0|commit_io=0
PMLE_WORKER_SOAK_SLOW|tic=55426|generation=1|elapsed_ms=166.251|started_utc=2026-07-23T19:57:43.510705Z|ended_utc=2026-07-23T19:57:43.676956Z|ash_samples=3|on_cpu=3|resmgr=0|commit_io=0
PMLE_WORKER_SOAK_SLOW|tic=55427|generation=1|elapsed_ms=110.941|started_utc=2026-07-23T19:57:43.708816Z|ended_utc=2026-07-23T19:57:43.819757Z|ash_samples=2|on_cpu=2|resmgr=0|commit_io=0
PMLE_WORKER_SOAK_SLOW|tic=55436|generation=1|elapsed_ms=116.039|started_utc=2026-07-23T19:57:44.481387Z|ended_utc=2026-07-23T19:57:44.597426Z|ash_samples=3|on_cpu=3|resmgr=0|commit_io=0
PMLE_WORKER_SOAK_SLOW|tic=55481|generation=1|elapsed_ms=889.294|started_utc=2026-07-23T19:57:47.222515Z|ended_utc=2026-07-23T19:57:48.111809Z|ash_samples=3|on_cpu=3|resmgr=0|commit_io=0
PMLE_WORKER_SOAK_SLOW|tic=55485|generation=1|elapsed_ms=106.174|started_utc=2026-07-23T19:57:48.373594Z|ended_utc=2026-07-23T19:57:48.479768Z|ash_samples=3|on_cpu=3|resmgr=0|commit_io=0
PMLE_WORKER_SOAK_SLOW|tic=55486|generation=1|elapsed_ms=136.946|started_utc=2026-07-23T19:57:48.487075Z|ended_utc=2026-07-23T19:57:48.624021Z|ash_samples=2|on_cpu=2|resmgr=0|commit_io=0
PMLE_WORKER_SOAK_SLOW|tic=55492|generation=1|elapsed_ms=217.291|started_utc=2026-07-23T19:57:49.055652Z|ended_utc=2026-07-23T19:57:49.272943Z|ash_samples=2|on_cpu=2|resmgr=0|commit_io=0
PMLE_WORKER_SOAK_SLOW|tic=55496|generation=1|elapsed_ms=164.063|started_utc=2026-07-23T19:57:49.464090Z|ended_utc=2026-07-23T19:57:49.628153Z|ash_samples=3|on_cpu=3|resmgr=0|commit_io=0
PMLE_WORKER_SOAK_SLOW|tic=55498|generation=1|elapsed_ms=266.474|started_utc=2026-07-23T19:57:49.827496Z|ended_utc=2026-07-23T19:57:50.093970Z|ash_samples=2|on_cpu=2|resmgr=0|commit_io=0
PMLE_WORKER_SOAK_SLOW|tic=55501|generation=1|elapsed_ms=179.964|started_utc=2026-07-23T19:57:50.238305Z|ended_utc=2026-07-23T19:57:50.418269Z|ash_samples=2|on_cpu=2|resmgr=0|commit_io=0
PMLE_WORKER_SOAK_SLOW|tic=55505|generation=1|elapsed_ms=115.548|started_utc=2026-07-23T19:57:50.605839Z|ended_utc=2026-07-23T19:57:50.721387Z|ash_samples=2|on_cpu=2|resmgr=0|commit_io=0
PMLE_WORKER_SOAK_SLOW|tic=55509|generation=1|elapsed_ms=110.298|started_utc=2026-07-23T19:57:50.938444Z|ended_utc=2026-07-23T19:57:51.048742Z|ash_samples=2|on_cpu=2|resmgr=0|commit_io=0
PMLE_WORKER_SOAK_SLOW|tic=55542|generation=1|elapsed_ms=132.129|started_utc=2026-07-23T19:57:53.084815Z|ended_utc=2026-07-23T19:57:53.216944Z|ash_samples=2|on_cpu=2|resmgr=0|commit_io=0
PMLE_WORKER_SOAK_SLOW|tic=55545|generation=1|elapsed_ms=148.793|started_utc=2026-07-23T19:57:53.411542Z|ended_utc=2026-07-23T19:57:53.560335Z|ash_samples=3|on_cpu=3|resmgr=0|commit_io=0
PMLE_WORKER_SOAK_SLOW|tic=55550|generation=1|elapsed_ms=100.738|started_utc=2026-07-23T19:57:53.886389Z|ended_utc=2026-07-23T19:57:53.987127Z|ash_samples=2|on_cpu=2|resmgr=0|commit_io=0
PMLE_WORKER_SOAK_SLOW|tic=55557|generation=1|elapsed_ms=270.8|started_utc=2026-07-23T19:57:54.444562Z|ended_utc=2026-07-23T19:57:54.715362Z|ash_samples=3|on_cpu=3|resmgr=0|commit_io=0
PMLE_WORKER_SOAK_SLOW|tic=55562|generation=1|elapsed_ms=118.37|started_utc=2026-07-23T19:57:55.052765Z|ended_utc=2026-07-23T19:57:55.171135Z|ash_samples=2|on_cpu=2|resmgr=0|commit_io=0
PMLE_WORKER_SOAK_SLOW|tic=55566|generation=1|elapsed_ms=170.861|started_utc=2026-07-23T19:57:55.387644Z|ended_utc=2026-07-23T19:57:55.558505Z|ash_samples=3|on_cpu=3|resmgr=0|commit_io=0
PMLE_WORKER_SOAK_SLOW|tic=55572|generation=1|elapsed_ms=100.095|started_utc=2026-07-23T19:57:55.973577Z|ended_utc=2026-07-23T19:57:56.073672Z|ash_samples=2|on_cpu=2|resmgr=0|commit_io=0
PMLE_WORKER_SOAK_SLOW|tic=55588|generation=1|elapsed_ms=144.066|started_utc=2026-07-23T19:57:57.095809Z|ended_utc=2026-07-23T19:57:57.239875Z|ash_samples=2|on_cpu=2|resmgr=0|commit_io=0
PMLE_WORKER_SOAK_SLOW|tic=55599|generation=1|elapsed_ms=165.786|started_utc=2026-07-23T19:57:57.947713Z|ended_utc=2026-07-23T19:57:58.113499Z|ash_samples=2|on_cpu=2|resmgr=0|commit_io=0
PMLE_WORKER_SOAK_SLOW|tic=55602|generation=1|elapsed_ms=111.939|started_utc=2026-07-23T19:57:58.286139Z|ended_utc=2026-07-23T19:57:58.398078Z|ash_samples=2|on_cpu=2|resmgr=0|commit_io=0
PMLE_WORKER_SOAK_SLOW|tic=55609|generation=1|elapsed_ms=106.696|started_utc=2026-07-23T19:57:58.906859Z|ended_utc=2026-07-23T19:57:59.013555Z|ash_samples=2|on_cpu=2|resmgr=0|commit_io=0
PMLE_WORKER_SOAK_SLOW|tic=55627|generation=1|elapsed_ms=100.517|started_utc=2026-07-23T19:58:00.325454Z|ended_utc=2026-07-23T19:58:00.425971Z|ash_samples=3|on_cpu=3|resmgr=0|commit_io=0
PMLE_WORKER_SOAK_SLOW|tic=55632|generation=1|elapsed_ms=119.279|started_utc=2026-07-23T19:58:00.746550Z|ended_utc=2026-07-23T19:58:00.865829Z|ash_samples=2|on_cpu=2|resmgr=0|commit_io=0
PMLE_WORKER_SOAK_SLOW|tic=55651|generation=1|elapsed_ms=108.051|started_utc=2026-07-23T19:58:02.040377Z|ended_utc=2026-07-23T19:58:02.148428Z|ash_samples=2|on_cpu=2|resmgr=0|commit_io=0
PMLE_WORKER_SOAK_SLOW|tic=55672|generation=1|elapsed_ms=103.034|started_utc=2026-07-23T19:58:03.614646Z|ended_utc=2026-07-23T19:58:03.717680Z|ash_samples=2|on_cpu=1|resmgr=0|commit_io=0
PMLE_WORKER_SOAK_SLOW|tic=55673|generation=1|elapsed_ms=108.361|started_utc=2026-07-23T19:58:03.739224Z|ended_utc=2026-07-23T19:58:03.847585Z|ash_samples=2|on_cpu=1|resmgr=0|commit_io=0
PMLE_WORKER_SOAK_SLOW|tic=55674|generation=1|elapsed_ms=141.16|started_utc=2026-07-23T19:58:03.871857Z|ended_utc=2026-07-23T19:58:04.013017Z|ash_samples=2|on_cpu=1|resmgr=0|commit_io=0
PMLE_WORKER_SOAK_SLOW|tic=55675|generation=1|elapsed_ms=247.883|started_utc=2026-07-23T19:58:04.025087Z|ended_utc=2026-07-23T19:58:04.272970Z|ash_samples=2|on_cpu=1|resmgr=0|commit_io=0
PMLE_WORKER_SOAK_SLOW|tic=55676|generation=1|elapsed_ms=192.463|started_utc=2026-07-23T19:58:04.297148Z|ended_utc=2026-07-23T19:58:04.489611Z|ash_samples=3|on_cpu=2|resmgr=0|commit_io=0
PMLE_WORKER_SOAK_SLOW|tic=55678|generation=1|elapsed_ms=100.588|started_utc=2026-07-23T19:58:04.593227Z|ended_utc=2026-07-23T19:58:04.693815Z|ash_samples=2|on_cpu=1|resmgr=0|commit_io=0
PMLE_WORKER_SOAK_SLOW|tic=55679|generation=1|elapsed_ms=100.997|started_utc=2026-07-23T19:58:04.709971Z|ended_utc=2026-07-23T19:58:04.810968Z|ash_samples=2|on_cpu=1|resmgr=0|commit_io=0
PMLE_WORKER_SOAK_SLOW|tic=55687|generation=1|elapsed_ms=115.18|started_utc=2026-07-23T19:58:05.393732Z|ended_utc=2026-07-23T19:58:05.508912Z|ash_samples=3|on_cpu=2|resmgr=0|commit_io=0
PMLE_WORKER_SOAK_SLOW|tic=55718|generation=1|elapsed_ms=159.932|started_utc=2026-07-23T19:58:07.460350Z|ended_utc=2026-07-23T19:58:07.620282Z|ash_samples=2|on_cpu=2|resmgr=0|commit_io=0
PMLE_WORKER_SOAK_SLOW|tic=55831|generation=1|elapsed_ms=102.74|started_utc=2026-07-23T19:58:14.242681Z|ended_utc=2026-07-23T19:58:14.345421Z|ash_samples=2|on_cpu=2|resmgr=0|commit_io=0
PMLE_WORKER_SOAK_SLOW|tic=55836|generation=1|elapsed_ms=126.424|started_utc=2026-07-23T19:58:14.636819Z|ended_utc=2026-07-23T19:58:14.763243Z|ash_samples=2|on_cpu=2|resmgr=0|commit_io=0
PMLE_WORKER_SOAK_SLOW|tic=55837|generation=1|elapsed_ms=145.705|started_utc=2026-07-23T19:58:14.769011Z|ended_utc=2026-07-23T19:58:14.914716Z|ash_samples=2|on_cpu=2|resmgr=0|commit_io=0
PMLE_WORKER_SOAK_SLOW|tic=55850|generation=1|elapsed_ms=135.155|started_utc=2026-07-23T19:58:15.741495Z|ended_utc=2026-07-23T19:58:15.876650Z|ash_samples=2|on_cpu=1|resmgr=0|commit_io=0
PMLE_WORKER_SOAK_SLOW|tic=55854|generation=1|elapsed_ms=202.977|started_utc=2026-07-23T19:58:16.128043Z|ended_utc=2026-07-23T19:58:16.331020Z|ash_samples=2|on_cpu=1|resmgr=0|commit_io=0
PMLE_WORKER_SOAK_SLOW|tic=55855|generation=1|elapsed_ms=106.696|started_utc=2026-07-23T19:58:16.339419Z|ended_utc=2026-07-23T19:58:16.446115Z|ash_samples=3|on_cpu=2|resmgr=0|commit_io=0
PMLE_WORKER_SOAK_SLOW|tic=55869|generation=1|elapsed_ms=118.278|started_utc=2026-07-23T19:58:17.281531Z|ended_utc=2026-07-23T19:58:17.399809Z|ash_samples=3|on_cpu=2|resmgr=0|commit_io=0
PMLE_WORKER_SOAK_SLOW|tic=55907|generation=1|elapsed_ms=155.818|started_utc=2026-07-23T19:58:19.502115Z|ended_utc=2026-07-23T19:58:19.657933Z|ash_samples=2|on_cpu=2|resmgr=0|commit_io=0
PMLE_WORKER_SOAK_SLOW|tic=55915|generation=1|elapsed_ms=114.433|started_utc=2026-07-23T19:58:20.094451Z|ended_utc=2026-07-23T19:58:20.208884Z|ash_samples=2|on_cpu=2|resmgr=0|commit_io=0
PMLE_WORKER_SOAK_SLOW|tic=56003|generation=1|elapsed_ms=105.973|started_utc=2026-07-23T19:58:24.927494Z|ended_utc=2026-07-23T19:58:25.033467Z|ash_samples=2|on_cpu=2|resmgr=0|commit_io=0
PMLE_WORKER_SOAK_SLOW|tic=56231|generation=1|elapsed_ms=156.516|started_utc=2026-07-23T19:58:37.318398Z|ended_utc=2026-07-23T19:58:37.474914Z|ash_samples=3|on_cpu=3|resmgr=0|commit_io=0
PMLE_WORKER_SOAK_SLOW|tic=56279|generation=1|elapsed_ms=176.713|started_utc=2026-07-23T19:58:39.982030Z|ended_utc=2026-07-23T19:58:40.158743Z|ash_samples=2|on_cpu=2|resmgr=0|commit_io=0
PMLE_WORKER_SOAK_SLOW|tic=56320|generation=1|elapsed_ms=107.581|started_utc=2026-07-23T19:58:42.166292Z|ended_utc=2026-07-23T19:58:42.273873Z|ash_samples=2|on_cpu=2|resmgr=0|commit_io=0
PMLE_WORKER_SOAK_SLOW|tic=56388|generation=1|elapsed_ms=113.294|started_utc=2026-07-23T19:58:45.778835Z|ended_utc=2026-07-23T19:58:45.892129Z|ash_samples=2|on_cpu=2|resmgr=0|commit_io=0
PMLE_WORKER_SOAK_SLOW|tic=56584|generation=1|elapsed_ms=236.927|started_utc=2026-07-23T19:58:56.648729Z|ended_utc=2026-07-23T19:58:56.885656Z|ash_samples=2|on_cpu=2|resmgr=0|commit_io=0
PMLE_WORKER_SOAK_SLOW|tic=56586|generation=1|elapsed_ms=109.709|started_utc=2026-07-23T19:58:56.944235Z|ended_utc=2026-07-23T19:58:57.053944Z|ash_samples=2|on_cpu=2|resmgr=0|commit_io=0
PMLE_WORKER_SOAK_SLOW|tic=56589|generation=1|elapsed_ms=211.633|started_utc=2026-07-23T19:58:57.257640Z|ended_utc=2026-07-23T19:58:57.469273Z|ash_samples=3|on_cpu=3|resmgr=0|commit_io=0
PMLE_WORKER_SOAK_SLOW|tic=56608|generation=1|elapsed_ms=110.063|started_utc=2026-07-23T19:58:58.428422Z|ended_utc=2026-07-23T19:58:58.538485Z|ash_samples=2|on_cpu=2|resmgr=0|commit_io=0
PMLE_WORKER_SOAK_SLOW|tic=56624|generation=1|elapsed_ms=148.309|started_utc=2026-07-23T19:58:59.474847Z|ended_utc=2026-07-23T19:58:59.623156Z|ash_samples=2|on_cpu=2|resmgr=0|commit_io=0
PMLE_WORKER_SOAK_SLOW|tic=56625|generation=1|elapsed_ms=135.324|started_utc=2026-07-23T19:58:59.635410Z|ended_utc=2026-07-23T19:58:59.770734Z|ash_samples=2|on_cpu=2|resmgr=0|commit_io=0
PMLE_WORKER_SOAK_SLOW|tic=56628|generation=1|elapsed_ms=109.784|started_utc=2026-07-23T19:58:59.988630Z|ended_utc=2026-07-23T19:59:00.098414Z|ash_samples=2|on_cpu=2|resmgr=0|commit_io=0
PMLE_WORKER_SOAK_SLOW|tic=56636|generation=1|elapsed_ms=100.633|started_utc=2026-07-23T19:59:00.674916Z|ended_utc=2026-07-23T19:59:00.775549Z|ash_samples=2|on_cpu=2|resmgr=0|commit_io=0
PMLE_WORKER_SOAK_SLOW|tic=56638|generation=1|elapsed_ms=114.477|started_utc=2026-07-23T19:59:00.877992Z|ended_utc=2026-07-23T19:59:00.992469Z|ash_samples=2|on_cpu=2|resmgr=0|commit_io=0
PMLE_WORKER_SOAK_SLOW|tic=56639|generation=1|elapsed_ms=115.81|started_utc=2026-07-23T19:59:00.997155Z|ended_utc=2026-07-23T19:59:01.112965Z|ash_samples=2|on_cpu=2|resmgr=0|commit_io=0
PMLE_WORKER_SOAK_SLOW|tic=56646|generation=1|elapsed_ms=145.954|started_utc=2026-07-23T19:59:01.552169Z|ended_utc=2026-07-23T19:59:01.698123Z|ash_samples=2|on_cpu=2|resmgr=0|commit_io=0
PMLE_WORKER_SOAK_SLOW|tic=56682|generation=1|elapsed_ms=101.479|started_utc=2026-07-23T19:59:03.960511Z|ended_utc=2026-07-23T19:59:04.061990Z|ash_samples=2|on_cpu=2|resmgr=0|commit_io=0
PMLE_WORKER_SOAK_SLOW|tic=56722|generation=1|elapsed_ms=106.92|started_utc=2026-07-23T19:59:06.629265Z|ended_utc=2026-07-23T19:59:06.736185Z|ash_samples=2|on_cpu=2|resmgr=0|commit_io=0
PMLE_WORKER_SOAK_SLOW|tic=56723|generation=1|elapsed_ms=102.595|started_utc=2026-07-23T19:59:06.750829Z|ended_utc=2026-07-23T19:59:06.853424Z|ash_samples=2|on_cpu=2|resmgr=0|commit_io=0
PMLE_WORKER_SOAK_SLOW|tic=56751|generation=1|elapsed_ms=103.762|started_utc=2026-07-23T19:59:08.693455Z|ended_utc=2026-07-23T19:59:08.797217Z|ash_samples=2|on_cpu=2|resmgr=0|commit_io=0
PMLE_WORKER_SOAK_SLOW|tic=56759|generation=1|elapsed_ms=125.18|started_utc=2026-07-23T19:59:09.307756Z|ended_utc=2026-07-23T19:59:09.432936Z|ash_samples=3|on_cpu=3|resmgr=0|commit_io=0
PMLE_WORKER_SOAK_SLOW|tic=56768|generation=1|elapsed_ms=122.988|started_utc=2026-07-23T19:59:10.135690Z|ended_utc=2026-07-23T19:59:10.258678Z|ash_samples=2|on_cpu=2|resmgr=0|commit_io=0
PMLE_WORKER_SOAK_SLOW|tic=56823|generation=1|elapsed_ms=102.421|started_utc=2026-07-23T19:59:13.554474Z|ended_utc=2026-07-23T19:59:13.656895Z|ash_samples=2|on_cpu=2|resmgr=0|commit_io=0
PMLE_WORKER_SOAK_SLOW|tic=56882|generation=1|elapsed_ms=115.96|started_utc=2026-07-23T19:59:17.453055Z|ended_utc=2026-07-23T19:59:17.569015Z|ash_samples=2|on_cpu=2|resmgr=0|commit_io=0
PMLE_WORKER_SOAK_SLOW|tic=56931|generation=1|elapsed_ms=101.232|started_utc=2026-07-23T19:59:20.603358Z|ended_utc=2026-07-23T19:59:20.704590Z|ash_samples=2|on_cpu=2|resmgr=0|commit_io=0
PMLE_WORKER_SOAK_SLOW|tic=56935|generation=1|elapsed_ms=163.391|started_utc=2026-07-23T19:59:20.941085Z|ended_utc=2026-07-23T19:59:21.104476Z|ash_samples=2|on_cpu=2|resmgr=0|commit_io=0
PMLE_WORKER_SOAK_SLOW|tic=56940|generation=1|elapsed_ms=166.351|started_utc=2026-07-23T19:59:21.444133Z|ended_utc=2026-07-23T19:59:21.610484Z|ash_samples=2|on_cpu=2|resmgr=0|commit_io=0
PMLE_WORKER_SOAK_SLOW|tic=56941|generation=1|elapsed_ms=136.274|started_utc=2026-07-23T19:59:21.619669Z|ended_utc=2026-07-23T19:59:21.755943Z|ash_samples=2|on_cpu=2|resmgr=0|commit_io=0
PMLE_WORKER_SOAK_SLOW|tic=56947|generation=1|elapsed_ms=103.619|started_utc=2026-07-23T19:59:22.053637Z|ended_utc=2026-07-23T19:59:22.157256Z|ash_samples=2|on_cpu=2|resmgr=0|commit_io=0
PMLE_WORKER_SOAK_SLOW|tic=56949|generation=1|elapsed_ms=123.097|started_utc=2026-07-23T19:59:22.265180Z|ended_utc=2026-07-23T19:59:22.388277Z|ash_samples=2|on_cpu=2|resmgr=0|commit_io=0
PMLE_WORKER_SOAK_SLOW|tic=56950|generation=1|elapsed_ms=138.043|started_utc=2026-07-23T19:59:22.399129Z|ended_utc=2026-07-23T19:59:22.537172Z|ash_samples=3|on_cpu=3|resmgr=0|commit_io=0
PMLE_WORKER_SOAK_SLOW|tic=57101|generation=1|elapsed_ms=501.522|started_utc=2026-07-23T19:59:30.750873Z|ended_utc=2026-07-23T19:59:31.252395Z|ash_samples=2|on_cpu=2|resmgr=0|commit_io=0
PMLE_WORKER_SOAK_SLOW|tic=57304|generation=1|elapsed_ms=188.375|started_utc=2026-07-23T19:59:42.402640Z|ended_utc=2026-07-23T19:59:42.591015Z|ash_samples=2|on_cpu=2|resmgr=0|commit_io=0
PMLE_WORKER_SOAK_SLOW|tic=57317|generation=1|elapsed_ms=111.078|started_utc=2026-07-23T19:59:43.246665Z|ended_utc=2026-07-23T19:59:43.357743Z|ash_samples=3|on_cpu=3|resmgr=0|commit_io=0
PMLE_WORKER_SOAK_SLOW|tic=57318|generation=1|elapsed_ms=101.477|started_utc=2026-07-23T19:59:43.361622Z|ended_utc=2026-07-23T19:59:43.463099Z|ash_samples=2|on_cpu=2|resmgr=0|commit_io=0
PMLE_WORKER_SOAK_SLOW|tic=57320|generation=1|elapsed_ms=118.719|started_utc=2026-07-23T19:59:43.554960Z|ended_utc=2026-07-23T19:59:43.673679Z|ash_samples=2|on_cpu=2|resmgr=0|commit_io=0
PMLE_WORKER_SOAK_SLOW|tic=57328|generation=1|elapsed_ms=105.227|started_utc=2026-07-23T19:59:44.206480Z|ended_utc=2026-07-23T19:59:44.311707Z|ash_samples=2|on_cpu=2|resmgr=0|commit_io=0
PMLE_WORKER_SOAK_SLOW|tic=57333|generation=1|elapsed_ms=121.808|started_utc=2026-07-23T19:59:44.652304Z|ended_utc=2026-07-23T19:59:44.774112Z|ash_samples=2|on_cpu=2|resmgr=0|commit_io=0
PMLE_WORKER_SOAK_SLOW|tic=57337|generation=1|elapsed_ms=108.869|started_utc=2026-07-23T19:59:44.908874Z|ended_utc=2026-07-23T19:59:45.017743Z|ash_samples=2|on_cpu=2|resmgr=0|commit_io=0
PMLE_WORKER_SOAK_SLOW|tic=57338|generation=1|elapsed_ms=126.258|started_utc=2026-07-23T19:59:45.037280Z|ended_utc=2026-07-23T19:59:45.163538Z|ash_samples=2|on_cpu=2|resmgr=0|commit_io=0
PMLE_WORKER_SOAK_SLOW|tic=57342|generation=1|elapsed_ms=100.33|started_utc=2026-07-23T19:59:45.477053Z|ended_utc=2026-07-23T19:59:45.577383Z|ash_samples=2|on_cpu=2|resmgr=0|commit_io=0
PMLE_WORKER_SOAK_SLOW|tic=57343|generation=1|elapsed_ms=167.785|started_utc=2026-07-23T19:59:45.596956Z|ended_utc=2026-07-23T19:59:45.764741Z|ash_samples=2|on_cpu=2|resmgr=0|commit_io=0
PMLE_WORKER_SOAK_SLOW|tic=57344|generation=1|elapsed_ms=242.582|started_utc=2026-07-23T19:59:45.817065Z|ended_utc=2026-07-23T19:59:46.059647Z|ash_samples=2|on_cpu=2|resmgr=0|commit_io=0
PMLE_WORKER_SOAK_SLOW|tic=57346|generation=1|elapsed_ms=108.62|started_utc=2026-07-23T19:59:46.165413Z|ended_utc=2026-07-23T19:59:46.274033Z|ash_samples=3|on_cpu=3|resmgr=0|commit_io=0
PMLE_WORKER_SOAK_SLOW|tic=57365|generation=1|elapsed_ms=106.143|started_utc=2026-07-23T19:59:47.421749Z|ended_utc=2026-07-23T19:59:47.527892Z|ash_samples=2|on_cpu=2|resmgr=0|commit_io=0
PMLE_WORKER_SOAK_SLOW|tic=57366|generation=1|elapsed_ms=104.734|started_utc=2026-07-23T19:59:47.539449Z|ended_utc=2026-07-23T19:59:47.644183Z|ash_samples=2|on_cpu=2|resmgr=0|commit_io=0
PMLE_WORKER_SOAK_SLOW|tic=57371|generation=1|elapsed_ms=123.748|started_utc=2026-07-23T19:59:47.892771Z|ended_utc=2026-07-23T19:59:48.016519Z|ash_samples=2|on_cpu=2|resmgr=0|commit_io=0
PMLE_WORKER_SOAK_SLOW|tic=57388|generation=1|elapsed_ms=252.308|started_utc=2026-07-23T19:59:49.029354Z|ended_utc=2026-07-23T19:59:49.281662Z|ash_samples=3|on_cpu=3|resmgr=0|commit_io=0
PMLE_WORKER_SOAK_SLOW|tic=57481|generation=1|elapsed_ms=192.556|started_utc=2026-07-23T19:59:55.536479Z|ended_utc=2026-07-23T19:59:55.729035Z|ash_samples=2|on_cpu=2|resmgr=0|commit_io=0
PMLE_WORKER_SOAK_SLOW|tic=57487|generation=1|elapsed_ms=107.108|started_utc=2026-07-23T19:59:56.207376Z|ended_utc=2026-07-23T19:59:56.314484Z|ash_samples=3|on_cpu=3|resmgr=0|commit_io=0
PMLE_WORKER_SOAK_SLOW|tic=57492|generation=1|elapsed_ms=126.177|started_utc=2026-07-23T19:59:56.661834Z|ended_utc=2026-07-23T19:59:56.788011Z|ash_samples=2|on_cpu=2|resmgr=0|commit_io=0
PMLE_WORKER_SOAK_SLOW|tic=57528|generation=1|elapsed_ms=101.019|started_utc=2026-07-23T19:59:58.980909Z|ended_utc=2026-07-23T19:59:59.081928Z|ash_samples=2|on_cpu=2|resmgr=0|commit_io=0
PMLE_WORKER_SOAK_SLOW|tic=57902|generation=1|elapsed_ms=121.963|started_utc=2026-07-23T20:00:20.187247Z|ended_utc=2026-07-23T20:00:20.309210Z|ash_samples=3|on_cpu=3|resmgr=0|commit_io=0
PMLE_WORKER_SOAK_SLOW|tic=57913|generation=1|elapsed_ms=117.227|started_utc=2026-07-23T20:00:20.896727Z|ended_utc=2026-07-23T20:00:21.013954Z|ash_samples=2|on_cpu=2|resmgr=0|commit_io=0
PMLE_WORKER_SOAK_SLOW|tic=57914|generation=1|elapsed_ms=107.824|started_utc=2026-07-23T20:00:21.029093Z|ended_utc=2026-07-23T20:00:21.136917Z|ash_samples=2|on_cpu=2|resmgr=0|commit_io=0
PMLE_WORKER_SOAK_SLOW|tic=57915|generation=1|elapsed_ms=144.451|started_utc=2026-07-23T20:00:21.145379Z|ended_utc=2026-07-23T20:00:21.289830Z|ash_samples=3|on_cpu=3|resmgr=0|commit_io=0
PMLE_WORKER_SOAK_SLOW|tic=57916|generation=1|elapsed_ms=196.511|started_utc=2026-07-23T20:00:21.298977Z|ended_utc=2026-07-23T20:00:21.495488Z|ash_samples=2|on_cpu=2|resmgr=0|commit_io=0
PMLE_WORKER_SOAK_SLOW|tic=57917|generation=1|elapsed_ms=141.803|started_utc=2026-07-23T20:00:21.511012Z|ended_utc=2026-07-23T20:00:21.652815Z|ash_samples=2|on_cpu=2|resmgr=0|commit_io=0
PMLE_WORKER_SOAK_SLOW|tic=57918|generation=1|elapsed_ms=114.369|started_utc=2026-07-23T20:00:21.659736Z|ended_utc=2026-07-23T20:00:21.774105Z|ash_samples=2|on_cpu=2|resmgr=0|commit_io=0
PMLE_WORKER_SOAK_SLOW|tic=57919|generation=1|elapsed_ms=196.536|started_utc=2026-07-23T20:00:21.780545Z|ended_utc=2026-07-23T20:00:21.977081Z|ash_samples=2|on_cpu=2|resmgr=0|commit_io=0
PMLE_WORKER_SOAK_SLOW|tic=57920|generation=1|elapsed_ms=130.764|started_utc=2026-07-23T20:00:21.996213Z|ended_utc=2026-07-23T20:00:22.126977Z|ash_samples=2|on_cpu=2|resmgr=0|commit_io=0
PMLE_WORKER_SOAK_SLOW|tic=57921|generation=1|elapsed_ms=200.801|started_utc=2026-07-23T20:00:22.135013Z|ended_utc=2026-07-23T20:00:22.335814Z|ash_samples=3|on_cpu=3|resmgr=0|commit_io=0
PMLE_WORKER_SOAK_SLOW|tic=57923|generation=1|elapsed_ms=211.969|started_utc=2026-07-23T20:00:22.457946Z|ended_utc=2026-07-23T20:00:22.669915Z|ash_samples=2|on_cpu=2|resmgr=0|commit_io=0
PMLE_WORKER_SOAK_SLOW|tic=57928|generation=1|elapsed_ms=102.612|started_utc=2026-07-23T20:00:23.004165Z|ended_utc=2026-07-23T20:00:23.106777Z|ash_samples=2|on_cpu=2|resmgr=0|commit_io=0
PMLE_WORKER_SOAK_SLOW|tic=57930|generation=1|elapsed_ms=133.328|started_utc=2026-07-23T20:00:23.213870Z|ended_utc=2026-07-23T20:00:23.347198Z|ash_samples=2|on_cpu=2|resmgr=0|commit_io=0
PMLE_WORKER_SOAK_SLOW|tic=57931|generation=1|elapsed_ms=103.921|started_utc=2026-07-23T20:00:23.370509Z|ended_utc=2026-07-23T20:00:23.474430Z|ash_samples=2|on_cpu=2|resmgr=0|commit_io=0
PMLE_WORKER_SOAK_SLOW|tic=57939|generation=1|elapsed_ms=112.914|started_utc=2026-07-23T20:00:24.008952Z|ended_utc=2026-07-23T20:00:24.121866Z|ash_samples=2|on_cpu=2|resmgr=0|commit_io=0
PMLE_WORKER_SOAK_SLOW|tic=57944|generation=1|elapsed_ms=123.616|started_utc=2026-07-23T20:00:24.483134Z|ended_utc=2026-07-23T20:00:24.606750Z|ash_samples=2|on_cpu=1|resmgr=0|commit_io=0
PMLE_WORKER_SOAK_SLOW|tic=57945|generation=1|elapsed_ms=100.157|started_utc=2026-07-23T20:00:24.621656Z|ended_utc=2026-07-23T20:00:24.721813Z|ash_samples=2|on_cpu=1|resmgr=0|commit_io=0
PMLE_WORKER_SOAK_SLOW|tic=57946|generation=1|elapsed_ms=101.459|started_utc=2026-07-23T20:00:24.732309Z|ended_utc=2026-07-23T20:00:24.833768Z|ash_samples=2|on_cpu=1|resmgr=0|commit_io=0
PMLE_WORKER_SOAK_SLOW|tic=57948|generation=1|elapsed_ms=153.095|started_utc=2026-07-23T20:00:24.906778Z|ended_utc=2026-07-23T20:00:25.059873Z|ash_samples=2|on_cpu=1|resmgr=0|commit_io=0
PMLE_WORKER_SOAK_SLOW|tic=57949|generation=1|elapsed_ms=100.188|started_utc=2026-07-23T20:00:25.064329Z|ended_utc=2026-07-23T20:00:25.164517Z|ash_samples=2|on_cpu=1|resmgr=0|commit_io=0
PMLE_WORKER_SOAK_SLOW|tic=57951|generation=1|elapsed_ms=118.315|started_utc=2026-07-23T20:00:25.273520Z|ended_utc=2026-07-23T20:00:25.391835Z|ash_samples=2|on_cpu=1|resmgr=0|commit_io=0
PMLE_WORKER_SOAK_SLOW|tic=57956|generation=1|elapsed_ms=106.371|started_utc=2026-07-23T20:00:25.686310Z|ended_utc=2026-07-23T20:00:25.792681Z|ash_samples=2|on_cpu=1|resmgr=0|commit_io=0
PMLE_WORKER_SOAK_SLOW|tic=57969|generation=1|elapsed_ms=121.137|started_utc=2026-07-23T20:00:26.675638Z|ended_utc=2026-07-23T20:00:26.796775Z|ash_samples=2|on_cpu=2|resmgr=0|commit_io=0
PMLE_WORKER_SOAK_SLOW|tic=57970|generation=1|elapsed_ms=101.371|started_utc=2026-07-23T20:00:26.819884Z|ended_utc=2026-07-23T20:00:26.921255Z|ash_samples=2|on_cpu=2|resmgr=0|commit_io=0
PMLE_WORKER_SOAK_SLOW|tic=57971|generation=1|elapsed_ms=160.377|started_utc=2026-07-23T20:00:26.925417Z|ended_utc=2026-07-23T20:00:27.085794Z|ash_samples=2|on_cpu=2|resmgr=0|commit_io=0
PMLE_WORKER_SOAK_SLOW|tic=57972|generation=1|elapsed_ms=150.098|started_utc=2026-07-23T20:00:27.088285Z|ended_utc=2026-07-23T20:00:27.238383Z|ash_samples=3|on_cpu=3|resmgr=0|commit_io=0
PMLE_WORKER_SOAK_SLOW|tic=57973|generation=1|elapsed_ms=124.131|started_utc=2026-07-23T20:00:27.239979Z|ended_utc=2026-07-23T20:00:27.364110Z|ash_samples=2|on_cpu=2|resmgr=0|commit_io=0
PMLE_WORKER_SOAK_SLOW|tic=57974|generation=1|elapsed_ms=104.933|started_utc=2026-07-23T20:00:27.370138Z|ended_utc=2026-07-23T20:00:27.475071Z|ash_samples=2|on_cpu=2|resmgr=0|commit_io=0
PMLE_WORKER_SOAK_SLOW|tic=57975|generation=1|elapsed_ms=108.694|started_utc=2026-07-23T20:00:27.497209Z|ended_utc=2026-07-23T20:00:27.605903Z|ash_samples=2|on_cpu=2|resmgr=0|commit_io=0
PMLE_WORKER_SOAK_SLOW|tic=57976|generation=1|elapsed_ms=114.863|started_utc=2026-07-23T20:00:27.623598Z|ended_utc=2026-07-23T20:00:27.738461Z|ash_samples=2|on_cpu=2|resmgr=0|commit_io=0
PMLE_WORKER_SOAK_SLOW|tic=57977|generation=1|elapsed_ms=104.633|started_utc=2026-07-23T20:00:27.758788Z|ended_utc=2026-07-23T20:00:27.863421Z|ash_samples=2|on_cpu=2|resmgr=0|commit_io=0
PMLE_WORKER_SOAK_SLOW|tic=57978|generation=1|elapsed_ms=126.058|started_utc=2026-07-23T20:00:27.868543Z|ended_utc=2026-07-23T20:00:27.994601Z|ash_samples=2|on_cpu=2|resmgr=0|commit_io=0
PMLE_WORKER_SOAK_SLOW|tic=57979|generation=1|elapsed_ms=153.939|started_utc=2026-07-23T20:00:28.024824Z|ended_utc=2026-07-23T20:00:28.178763Z|ash_samples=2|on_cpu=2|resmgr=0|commit_io=0
PMLE_WORKER_SOAK_SLOW|tic=57980|generation=1|elapsed_ms=980.782|started_utc=2026-07-23T20:00:28.192704Z|ended_utc=2026-07-23T20:00:29.173486Z|ash_samples=3|on_cpu=3|resmgr=0|commit_io=0
PMLE_WORKER_SOAK_SLOW|tic=57983|generation=1|elapsed_ms=100.346|started_utc=2026-07-23T20:00:29.323568Z|ended_utc=2026-07-23T20:00:29.423914Z|ash_samples=2|on_cpu=2|resmgr=0|commit_io=0
PMLE_WORKER_SOAK_SLOW|tic=57987|generation=1|elapsed_ms=164.423|started_utc=2026-07-23T20:00:29.638528Z|ended_utc=2026-07-23T20:00:29.802951Z|ash_samples=2|on_cpu=2|resmgr=0|commit_io=0
PMLE_WORKER_SOAK_SLOW|tic=57996|generation=1|elapsed_ms=256.173|started_utc=2026-07-23T20:00:30.418217Z|ended_utc=2026-07-23T20:00:30.674390Z|ash_samples=2|on_cpu=2|resmgr=0|commit_io=0
PMLE_WORKER_SOAK_SLOW|tic=57997|generation=1|elapsed_ms=112.757|started_utc=2026-07-23T20:00:30.675980Z|ended_utc=2026-07-23T20:00:30.788737Z|ash_samples=2|on_cpu=2|resmgr=0|commit_io=0
PMLE_WORKER_SOAK_SLOW|tic=57998|generation=1|elapsed_ms=110.453|started_utc=2026-07-23T20:00:30.799466Z|ended_utc=2026-07-23T20:00:30.909919Z|ash_samples=2|on_cpu=2|resmgr=0|commit_io=0
PMLE_WORKER_SOAK_SLOW|tic=58001|generation=1|elapsed_ms=149.009|started_utc=2026-07-23T20:00:31.066184Z|ended_utc=2026-07-23T20:00:31.215193Z|ash_samples=2|on_cpu=2|resmgr=0|commit_io=0
PMLE_WORKER_SOAK_SLOW|tic=58007|generation=1|elapsed_ms=117.476|started_utc=2026-07-23T20:00:31.540114Z|ended_utc=2026-07-23T20:00:31.657590Z|ash_samples=2|on_cpu=2|resmgr=0|commit_io=0
PMLE_WORKER_SOAK_SLOW|tic=58008|generation=1|elapsed_ms=109.674|started_utc=2026-07-23T20:00:31.668114Z|ended_utc=2026-07-23T20:00:31.777788Z|ash_samples=2|on_cpu=2|resmgr=0|commit_io=0
PMLE_WORKER_SOAK_SLOW|tic=58029|generation=1|elapsed_ms=160.218|started_utc=2026-07-23T20:00:33.293191Z|ended_utc=2026-07-23T20:00:33.453409Z|ash_samples=2|on_cpu=2|resmgr=0|commit_io=0
PMLE_WORKER_SOAK_SLOW|tic=58030|generation=1|elapsed_ms=165.377|started_utc=2026-07-23T20:00:33.485672Z|ended_utc=2026-07-23T20:00:33.651049Z|ash_samples=2|on_cpu=2|resmgr=0|commit_io=0
PMLE_WORKER_SOAK_SLOW|tic=58031|generation=1|elapsed_ms=167.308|started_utc=2026-07-23T20:00:33.664893Z|ended_utc=2026-07-23T20:00:33.832201Z|ash_samples=2|on_cpu=2|resmgr=0|commit_io=0
PMLE_WORKER_SOAK_SLOW|tic=58032|generation=1|elapsed_ms=206.34|started_utc=2026-07-23T20:00:33.847139Z|ended_utc=2026-07-23T20:00:34.053479Z|ash_samples=2|on_cpu=2|resmgr=0|commit_io=0
PMLE_WORKER_SOAK_SLOW|tic=58033|generation=1|elapsed_ms=157.702|started_utc=2026-07-23T20:00:34.061758Z|ended_utc=2026-07-23T20:00:34.219460Z|ash_samples=2|on_cpu=2|resmgr=0|commit_io=0
PMLE_WORKER_SOAK_SLOW|tic=58034|generation=1|elapsed_ms=183.259|started_utc=2026-07-23T20:00:34.260747Z|ended_utc=2026-07-23T20:00:34.444006Z|ash_samples=2|on_cpu=2|resmgr=0|commit_io=0
PMLE_WORKER_SOAK_SLOW|tic=59587|generation=1|elapsed_ms=278.476|started_utc=2026-07-23T20:01:20.704733Z|ended_utc=2026-07-23T20:01:20.983209Z|ash_samples=2|on_cpu=2|resmgr=0|commit_io=0
PMLE_WORKER_SOAK_SLOW|tic=61078|generation=1|elapsed_ms=146.544|started_utc=2026-07-23T20:02:04.919977Z|ended_utc=2026-07-23T20:02:05.066521Z|ash_samples=3|on_cpu=3|resmgr=0|commit_io=0
PMLE_WORKER_SOAK_SLOW|tic=63210|generation=1|elapsed_ms=232.119|started_utc=2026-07-23T20:03:06.549007Z|ended_utc=2026-07-23T20:03:06.781126Z|ash_samples=2|on_cpu=2|resmgr=0|commit_io=0
PMLE_WORKER_SOAK_SLOW|tic=63823|generation=1|elapsed_ms=114.242|started_utc=2026-07-23T20:03:24.182723Z|ended_utc=2026-07-23T20:03:24.296965Z|ash_samples=2|on_cpu=2|resmgr=0|commit_io=0
PMLE_WORKER_SOAK_SLOW|tic=63824|generation=1|elapsed_ms=106.466|started_utc=2026-07-23T20:03:24.299537Z|ended_utc=2026-07-23T20:03:24.406003Z|ash_samples=2|on_cpu=2|resmgr=0|commit_io=0
PMLE_WORKER_SOAK_SLOW|tic=67479|generation=1|elapsed_ms=260.543|started_utc=2026-07-23T20:05:10.136759Z|ended_utc=2026-07-23T20:05:10.397302Z|ash_samples=2|on_cpu=2|resmgr=0|commit_io=0
PMLE_WORKER_SOAK_SLOW|tic=70124|generation=1|elapsed_ms=166.895|started_utc=2026-07-23T20:06:28.413876Z|ended_utc=2026-07-23T20:06:28.580771Z|ash_samples=2|on_cpu=2|resmgr=0|commit_io=0
PMLE_WORKER_SOAK_SLOW|tic=70803|generation=1|elapsed_ms=1331.668|started_utc=2026-07-23T20:06:50.864602Z|ended_utc=2026-07-23T20:06:52.196270Z|ash_samples=3|on_cpu=2|resmgr=0|commit_io=0
PMLE_WORKER_SOAK_SLOW|tic=70804|generation=1|elapsed_ms=1064.313|started_utc=2026-07-23T20:06:52.988826Z|ended_utc=2026-07-23T20:06:54.053139Z|ash_samples=3|on_cpu=2|resmgr=0|commit_io=0
PMLE_WORKER_SOAK_RES_MGR|ash_samples=1457|cpu_quantum=0
PMLE_WORKER_SOAK|PASS|duration_s=1800|warmup_s=300|memory_margin=67108864|evidence=artifacts/performance/pmle-worker-soak/run-final-a942-lifecycle-0744-2026-07-23.log
