PMLE_HOST_QUIESCENCE|PASS|docker_builds=0|compiles=0|verifiers=0

Session altered.


Session altered.


Session altered.


Session altered.

PMLE_ENVIRONMENT|cpu_count=2|resource_plan=DEFAULT_PLAN|cpu_managed=ON|pdb_cpu_count=2|pdb_utilization_limit=50|pdb_running_sessions_limit=2|pdb_plan=DEFAULT_CDB_PLAN

Session altered.


Session altered.


Session altered.


Session altered.

PMLE_ARTIFACT|source_bytes=1162821|source_sha256=4cc6da908df03fbd7217aa0005c167dcf78451d14803ffa627b0360ae69c7094|table_bytes=180272|table_sha256=058cd0df9444131b356762a096fd422d5131ac3aea91163aee056e8ad4965b44
PMLE_MLE_MEMORY_CAL_SESSION|sid=177|serial=43803|spid=88765|action=BASELINE_READY|pga=15972672|pga_max=15972672|uga=1894680|uga_max=1894680|process_pga=15634041|process_pga_max=16290457
PMLE_MLE_MEMORY_CAL_PROCESS|phase=BASELINE|spid=88765|rss=282779648|pss=165432320|private_clean=66621440|private_dirty=87171072|anonymous=87138304
PMLE_MLE_MEMORY_CAL_SESSION|sid=177|serial=43803|spid=88765|action=ALLOCATED_READY|pga=15513920|pga_max=16103744|uga=1894680|uga_max=1894680|process_pga=15532529|process_pga_max=16421529
PMLE_MLE_MEMORY_CAL_PROCESS|phase=ALLOCATED|spid=88765|rss=345763840|pss=228930560|private_clean=67670016|private_dirty=148721664|anonymous=148688896
PMLE_MLE_MEMORY_CAL_SESSION|sid=177|serial=43803|spid=88765|action=RELEASED_READY|pga=15513920|pga_max=16103744|uga=1894680|uga_max=1894680|process_pga=15532529|process_pga_max=16421529
PMLE_MLE_MEMORY_CAL_PROCESS|phase=RELEASED|spid=88765|rss=346038272|pss=228316160|private_clean=67850240|private_dirty=148815872|anonymous=148783104

Session altered.


Session altered.


Session altered.


Session altered.

PMLE_MLE_MEMORY_CAL_ALLOCATION|bytes=67108864|loaded=67108864
PMLE_MLE_MEMORY_CAL|PASS|allocation_bytes=67108864|minimum_visible_bytes=50331648|pss_delta=63498240|private_delta=62599168|pga_is_complete=0
PMLE_WORKER_SOAK_MATCH|BOUND|match=afdade15b53400e18aef74b90c61aac6
PMLE_WORKER_SOAK_WARMUP|BEGIN|seconds=300|epoch=1784797361
PMLE_WORKER_SOAK_READY_OWNER|role=AUTHORITY|control_status=READY|control_sid=226|sid=226|serial=57038|spid=87503|scheduler_running=1|action=MLE_STEP|pga_bytes=31218273|pga_max_bytes=33002137
PMLE_WORKER_SOAK_READY_OWNER|role=STANDBY|control_status=READY|control_sid=206|sid=206|serial=1408|spid=89826|scheduler_running=1|action=MLE_GAME_INIT|pga_bytes=28966665|pga_max_bytes=30249625
PMLE_WORKER_SOAK_OWNER|role=AUTHORITY|control_status=READY|control_sid=226|sid=226|serial=57038|spid=87503|scheduler_running=1|action=MLE_STEP|pga_bytes=19252761|pga_max_bytes=33002137
PMLE_WORKER_SOAK_PROCESS|role=AUTHORITY|spid=87503|sample_epoch=1784797666|rss=736960512|pss=345929728|private_clean=7573504|private_dirty=266121216|anonymous=266104832
PMLE_WORKER_SOAK_OWNER|role=STANDBY|control_status=READY|control_sid=206|sid=206|serial=1408|spid=89826|scheduler_running=1|action=MLE_GAME_INIT|pga_bytes=28901561|pga_max_bytes=30249625
PMLE_WORKER_SOAK_PROCESS|role=STANDBY|spid=89826|sample_epoch=1784797666|rss=634671104|pss=364890112|private_clean=20697088|private_dirty=284241920|anonymous=284241920
PMLE_WORKER_SOAK_OWNER|role=AUTHORITY|control_status=READY|control_sid=226|sid=226|serial=57038|spid=87503|scheduler_running=1|action=-|pga_bytes=30982153|pga_max_bytes=33002137
PMLE_WORKER_SOAK_PROCESS|role=AUTHORITY|spid=87503|sample_epoch=1784797697|rss=839839744|pss=414643200|private_clean=8785920|private_dirty=321396736|anonymous=321388544
PMLE_WORKER_SOAK_OWNER|role=STANDBY|control_status=READY|control_sid=206|sid=206|serial=1408|spid=89826|scheduler_running=1|action=MLE_GAME_INIT|pga_bytes=28901561|pga_max_bytes=30249625
PMLE_WORKER_SOAK_PROCESS|role=STANDBY|spid=89826|sample_epoch=1784797697|rss=640876544|pss=357343232|private_clean=5410816|private_dirty=288804864|anonymous=288804864
PMLE_WORKER_SOAK_OWNER|role=AUTHORITY|control_status=READY|control_sid=226|sid=226|serial=57038|spid=87503|scheduler_running=1|action=-|pga_bytes=31065617|pga_max_bytes=33002137
PMLE_WORKER_SOAK_PROCESS|role=AUTHORITY|spid=87503|sample_epoch=1784797728|rss=805085184|pss=373530624|private_clean=8585216|private_dirty=279625728|anonymous=279617536
PMLE_WORKER_SOAK_OWNER|role=STANDBY|control_status=READY|control_sid=206|sid=206|serial=1408|spid=89826|scheduler_running=1|action=MLE_GAME_INIT|pga_bytes=28901561|pga_max_bytes=30249625
PMLE_WORKER_SOAK_PROCESS|role=STANDBY|spid=89826|sample_epoch=1784797728|rss=628342784|pss=342788096|private_clean=4767744|private_dirty=274939904|anonymous=274939904
PMLE_WORKER_SOAK_OWNER|role=AUTHORITY|control_status=READY|control_sid=226|sid=226|serial=57038|spid=87503|scheduler_running=1|action=-|pga_bytes=31106545|pga_max_bytes=33002137
PMLE_WORKER_SOAK_PROCESS|role=AUTHORITY|spid=87503|sample_epoch=1784797759|rss=820940800|pss=385886208|private_clean=8716288|private_dirty=291844096|anonymous=291835904
PMLE_WORKER_SOAK_OWNER|role=STANDBY|control_status=READY|control_sid=206|sid=206|serial=1408|spid=89826|scheduler_running=1|action=MLE_GAME_INIT|pga_bytes=28922121|pga_max_bytes=30249625
PMLE_WORKER_SOAK_PROCESS|role=STANDBY|spid=89826|sample_epoch=1784797759|rss=624615424|pss=337497088|private_clean=4640768|private_dirty=270028800|anonymous=270028800
PMLE_WORKER_SOAK_OWNER|role=AUTHORITY|control_status=READY|control_sid=226|sid=226|serial=57038|spid=87503|scheduler_running=1|action=-|pga_bytes=30982153|pga_max_bytes=33002137
PMLE_WORKER_SOAK_PROCESS|role=AUTHORITY|spid=87503|sample_epoch=1784797790|rss=836882432|pss=397253632|private_clean=8589312|private_dirty=302112768|anonymous=302100480
PMLE_WORKER_SOAK_OWNER|role=STANDBY|control_status=READY|control_sid=206|sid=206|serial=1408|spid=89826|scheduler_running=1|action=MLE_GAME_INIT|pga_bytes=28901561|pga_max_bytes=30249625
PMLE_WORKER_SOAK_PROCESS|role=STANDBY|spid=89826|sample_epoch=1784797790|rss=646750208|pss=358125568|private_clean=4014080|private_dirty=290594816|anonymous=290594816
PMLE_WORKER_SOAK_OWNER|role=AUTHORITY|control_status=READY|control_sid=226|sid=226|serial=57038|spid=87503|scheduler_running=1|action=MLE_STEP|pga_bytes=30983761|pga_max_bytes=33002137
PMLE_WORKER_SOAK_PROCESS|role=AUTHORITY|spid=87503|sample_epoch=1784797821|rss=840855552|pss=404290560|private_clean=23715840|private_dirty=295346176|anonymous=295333888
PMLE_WORKER_SOAK_OWNER|role=STANDBY|control_status=READY|control_sid=206|sid=206|serial=1408|spid=89826|scheduler_running=1|action=MLE_GAME_INIT|pga_bytes=16908473|pga_max_bytes=30249625
PMLE_WORKER_SOAK_PROCESS|role=STANDBY|spid=89826|sample_epoch=1784797821|rss=582316032|pss=320038912|private_clean=1519616|private_dirty=267554816|anonymous=267554816
PMLE_WORKER_SOAK_OWNER|role=AUTHORITY|control_status=READY|control_sid=226|sid=226|serial=57038|spid=87503|scheduler_running=1|action=-|pga_bytes=31106545|pga_max_bytes=33002137
PMLE_WORKER_SOAK_PROCESS|role=AUTHORITY|spid=87503|sample_epoch=1784797852|rss=869634048|pss=425635840|private_clean=24408064|private_dirty=313274368|anonymous=313257984
PMLE_WORKER_SOAK_OWNER|role=STANDBY|control_status=READY|control_sid=206|sid=206|serial=1408|spid=89826|scheduler_running=1|action=MLE_GAME_INIT|pga_bytes=16908473|pga_max_bytes=30249625
PMLE_WORKER_SOAK_PROCESS|role=STANDBY|spid=89826|sample_epoch=1784797852|rss=584527872|pss=321445888|private_clean=1523712|private_dirty=267554816|anonymous=267554816
PMLE_WORKER_SOAK_OWNER|role=AUTHORITY|control_status=READY|control_sid=226|sid=226|serial=57038|spid=87503|scheduler_running=1|action=-|pga_bytes=30967201|pga_max_bytes=33002137
PMLE_WORKER_SOAK_PROCESS|role=AUTHORITY|spid=87503|sample_epoch=1784797883|rss=849543168|pss=398972928|private_clean=24408064|private_dirty=285126656|anonymous=285110272
PMLE_WORKER_SOAK_OWNER|role=STANDBY|control_status=READY|control_sid=206|sid=206|serial=1408|spid=89826|scheduler_running=1|action=MLE_GAME_INIT|pga_bytes=16908473|pga_max_bytes=30249625
PMLE_WORKER_SOAK_PROCESS|role=STANDBY|spid=89826|sample_epoch=1784797883|rss=586592256|pss=322185216|private_clean=1523712|private_dirty=267554816|anonymous=267554816
PMLE_WORKER_SOAK_OWNER|role=AUTHORITY|control_status=READY|control_sid=226|sid=226|serial=57038|spid=87503|scheduler_running=1|action=MLE_STEP|pga_bytes=31147473|pga_max_bytes=33002137
PMLE_WORKER_SOAK_PROCESS|role=AUTHORITY|spid=87503|sample_epoch=1784797914|rss=854548480|pss=400133120|private_clean=24408064|private_dirty=286597120|anonymous=286584832
PMLE_WORKER_SOAK_OWNER|role=STANDBY|control_status=READY|control_sid=206|sid=206|serial=1408|spid=89826|scheduler_running=1|action=MLE_GAME_INIT|pga_bytes=16908473|pga_max_bytes=30249625
PMLE_WORKER_SOAK_PROCESS|role=STANDBY|spid=89826|sample_epoch=1784797914|rss=588435456|pss=321769472|private_clean=1490944|private_dirty=267554816|anonymous=267554816
PMLE_WORKER_SOAK_OWNER|role=AUTHORITY|control_status=READY|control_sid=226|sid=226|serial=57038|spid=87503|scheduler_running=1|action=-|pga_bytes=19015041|pga_max_bytes=33002137
PMLE_WORKER_SOAK_PROCESS|role=AUTHORITY|spid=87503|sample_epoch=1784797945|rss=808103936|pss=375268352|private_clean=12652544|private_dirty=281468928|anonymous=281456640
PMLE_WORKER_SOAK_OWNER|role=STANDBY|control_status=READY|control_sid=206|sid=206|serial=1408|spid=89826|scheduler_running=1|action=MLE_GAME_INIT|pga_bytes=16908473|pga_max_bytes=30249625
PMLE_WORKER_SOAK_PROCESS|role=STANDBY|spid=89826|sample_epoch=1784797945|rss=590495744|pss=325798912|private_clean=1589248|private_dirty=267554816|anonymous=267554816
PMLE_WORKER_SOAK_OWNER|role=AUTHORITY|control_status=READY|control_sid=226|sid=226|serial=57038|spid=87503|scheduler_running=1|action=-|pga_bytes=18989065|pga_max_bytes=33002137
PMLE_WORKER_SOAK_PROCESS|role=AUTHORITY|spid=87503|sample_epoch=1784797976|rss=813113344|pss=377548800|private_clean=13942784|private_dirty=281620480|anonymous=281608192
PMLE_WORKER_SOAK_OWNER|role=STANDBY|control_status=READY|control_sid=206|sid=206|serial=1408|spid=89826|scheduler_running=1|action=MLE_GAME_INIT|pga_bytes=16908473|pga_max_bytes=30249625
PMLE_WORKER_SOAK_PROCESS|role=STANDBY|spid=89826|sample_epoch=1784797976|rss=592654336|pss=326502400|private_clean=1589248|private_dirty=267554816|anonymous=267554816
PMLE_WORKER_SOAK_OWNER|role=AUTHORITY|control_status=READY|control_sid=226|sid=226|serial=57038|spid=87503|scheduler_running=1|action=-|pga_bytes=31008129|pga_max_bytes=33002137
PMLE_WORKER_SOAK_PROCESS|role=AUTHORITY|spid=87503|sample_epoch=1784798007|rss=884981760|pss=423729152|private_clean=20844544|private_dirty=312897536|anonymous=312889344
PMLE_WORKER_SOAK_OWNER|role=STANDBY|control_status=READY|control_sid=206|sid=206|serial=1408|spid=89826|scheduler_running=1|action=MLE_GAME_INIT|pga_bytes=16929225|pga_max_bytes=30249625
PMLE_WORKER_SOAK_PROCESS|role=STANDBY|spid=89826|sample_epoch=1784798007|rss=594903040|pss=323053568|private_clean=1490944|private_dirty=267554816|anonymous=267554816
PMLE_WORKER_SOAK_OWNER|role=AUTHORITY|control_status=READY|control_sid=226|sid=226|serial=57038|spid=87503|scheduler_running=1|action=MLE_STEP|pga_bytes=31147473|pga_max_bytes=33002137
PMLE_WORKER_SOAK_PROCESS|role=AUTHORITY|spid=87503|sample_epoch=1784798038|rss=887701504|pss=429864960|private_clean=22364160|private_dirty=319131648|anonymous=319115264
PMLE_WORKER_SOAK_OWNER|role=STANDBY|control_status=READY|control_sid=206|sid=206|serial=1408|spid=89826|scheduler_running=1|action=MLE_GAME_INIT|pga_bytes=16929225|pga_max_bytes=30249625
PMLE_WORKER_SOAK_PROCESS|role=STANDBY|spid=89826|sample_epoch=1784798038|rss=596791296|pss=324201472|private_clean=1499136|private_dirty=267554816|anonymous=267554816
PMLE_WORKER_SOAK_OWNER|role=AUTHORITY|control_status=READY|control_sid=226|sid=226|serial=57038|spid=87503|scheduler_running=1|action=MLE_STEP|pga_bytes=31148193|pga_max_bytes=33002137
PMLE_WORKER_SOAK_PROCESS|role=AUTHORITY|spid=87503|sample_epoch=1784798069|rss=856010752|pss=394095616|private_clean=16871424|private_dirty=289177600|anonymous=289157120
PMLE_WORKER_SOAK_OWNER|role=STANDBY|control_status=READY|control_sid=206|sid=206|serial=1408|spid=89826|scheduler_running=1|action=MLE_GAME_INIT|pga_bytes=16929225|pga_max_bytes=30249625
PMLE_WORKER_SOAK_PROCESS|role=STANDBY|spid=89826|sample_epoch=1784798069|rss=598822912|pss=323472384|private_clean=1490944|private_dirty=267554816|anonymous=267554816
PMLE_WORKER_SOAK_OWNER|role=AUTHORITY|control_status=READY|control_sid=226|sid=226|serial=57038|spid=87503|scheduler_running=1|action=-|pga_bytes=18990673|pga_max_bytes=33002137
PMLE_WORKER_SOAK_PROCESS|role=AUTHORITY|spid=87503|sample_epoch=1784798100|rss=826626048|pss=380495872|private_clean=13934592|private_dirty=283938816|anonymous=283918336
PMLE_WORKER_SOAK_OWNER|role=STANDBY|control_status=READY|control_sid=206|sid=206|serial=1408|spid=89826|scheduler_running=1|action=MLE_GAME_INIT|pga_bytes=16929225|pga_max_bytes=30249625
PMLE_WORKER_SOAK_PROCESS|role=STANDBY|spid=89826|sample_epoch=1784798100|rss=600752128|pss=327162880|private_clean=1622016|private_dirty=267554816|anonymous=267554816
PMLE_WORKER_SOAK_OWNER|role=AUTHORITY|control_status=READY|control_sid=226|sid=226|serial=57038|spid=87503|scheduler_running=1|action=-|pga_bytes=19113097|pga_max_bytes=33002137
PMLE_WORKER_SOAK_PROCESS|role=AUTHORITY|spid=87503|sample_epoch=1784798131|rss=828596224|pss=380070912|private_clean=13942784|private_dirty=283885568|anonymous=283865088
PMLE_WORKER_SOAK_OWNER|role=STANDBY|control_status=READY|control_sid=206|sid=206|serial=1408|spid=89826|scheduler_running=1|action=MLE_GAME_INIT|pga_bytes=16929225|pga_max_bytes=30249625
PMLE_WORKER_SOAK_PROCESS|role=STANDBY|spid=89826|sample_epoch=1784798131|rss=602644480|pss=326845440|private_clean=1622016|private_dirty=267554816|anonymous=267554816
PMLE_WORKER_SOAK_OWNER|role=AUTHORITY|control_status=READY|control_sid=226|sid=226|serial=57038|spid=87503|scheduler_running=1|action=-|pga_bytes=19113457|pga_max_bytes=33002137
PMLE_WORKER_SOAK_PROCESS|role=AUTHORITY|spid=87503|sample_epoch=1784798163|rss=830922752|pss=380255232|private_clean=13942784|private_dirty=284037120|anonymous=284016640
PMLE_WORKER_SOAK_OWNER|role=STANDBY|control_status=READY|control_sid=206|sid=206|serial=1408|spid=89826|scheduler_running=1|action=MLE_GAME_INIT|pga_bytes=16929225|pga_max_bytes=30249625
PMLE_WORKER_SOAK_PROCESS|role=STANDBY|spid=89826|sample_epoch=1784798163|rss=604827648|pss=327009280|private_clean=1622016|private_dirty=267554816|anonymous=267554816
PMLE_WORKER_SOAK_OWNER|role=AUTHORITY|control_status=READY|control_sid=226|sid=226|serial=57038|spid=87503|scheduler_running=1|action=MLE_STEP|pga_bytes=19154385|pga_max_bytes=33002137
PMLE_WORKER_SOAK_PROCESS|role=AUTHORITY|spid=87503|sample_epoch=1784798194|rss=831156224|pss=379551744|private_clean=13942784|private_dirty=283402240|anonymous=283381760
PMLE_WORKER_SOAK_OWNER|role=STANDBY|control_status=READY|control_sid=206|sid=206|serial=1408|spid=89826|scheduler_running=1|action=MLE_GAME_INIT|pga_bytes=16929225|pga_max_bytes=30249625
PMLE_WORKER_SOAK_PROCESS|role=STANDBY|spid=89826|sample_epoch=1784798194|rss=606728192|pss=327204864|private_clean=1622016|private_dirty=267554816|anonymous=267554816
PMLE_WORKER_SOAK_OWNER|role=AUTHORITY|control_status=READY|control_sid=226|sid=226|serial=57038|spid=87503|scheduler_running=1|action=MLE_STEP|pga_bytes=19113097|pga_max_bytes=33002137
PMLE_WORKER_SOAK_PROCESS|role=AUTHORITY|spid=87503|sample_epoch=1784798225|rss=833298432|pss=380087296|private_clean=13942784|private_dirty=283897856|anonymous=283881472
PMLE_WORKER_SOAK_OWNER|role=STANDBY|control_status=READY|control_sid=206|sid=206|serial=1408|spid=89826|scheduler_running=1|action=MLE_GAME_INIT|pga_bytes=16929225|pga_max_bytes=30249625
PMLE_WORKER_SOAK_PROCESS|role=STANDBY|spid=89826|sample_epoch=1784798225|rss=608460800|pss=327353344|private_clean=1622016|private_dirty=267554816|anonymous=267554816
PMLE_WORKER_SOAK_OWNER|role=AUTHORITY|control_status=READY|control_sid=226|sid=226|serial=57038|spid=87503|scheduler_running=1|action=-|pga_bytes=18989065|pga_max_bytes=33002137
PMLE_WORKER_SOAK_PROCESS|role=AUTHORITY|spid=87503|sample_epoch=1784798256|rss=835899392|pss=380463104|private_clean=13930496|private_dirty=284016640|anonymous=284000256
PMLE_WORKER_SOAK_OWNER|role=STANDBY|control_status=READY|control_sid=206|sid=206|serial=1408|spid=89826|scheduler_running=1|action=MLE_GAME_INIT|pga_bytes=16929225|pga_max_bytes=30249625
PMLE_WORKER_SOAK_PROCESS|role=STANDBY|spid=89826|sample_epoch=1784798256|rss=609996800|pss=327492608|private_clean=1622016|private_dirty=267554816|anonymous=267554816
PMLE_WORKER_SOAK_OWNER|role=AUTHORITY|control_status=READY|control_sid=226|sid=226|serial=57038|spid=87503|scheduler_running=1|action=MLE_STEP|pga_bytes=19113097|pga_max_bytes=33002137
PMLE_WORKER_SOAK_PROCESS|role=AUTHORITY|spid=87503|sample_epoch=1784798287|rss=837529600|pss=380953600|private_clean=13930496|private_dirty=284037120|anonymous=284020736
PMLE_WORKER_SOAK_OWNER|role=STANDBY|control_status=READY|control_sid=206|sid=206|serial=1408|spid=89826|scheduler_running=1|action=MLE_GAME_INIT|pga_bytes=16929225|pga_max_bytes=30249625
PMLE_WORKER_SOAK_PROCESS|role=STANDBY|spid=89826|sample_epoch=1784798287|rss=611475456|pss=328056832|private_clean=1622016|private_dirty=267554816|anonymous=267554816
PMLE_WORKER_SOAK_OWNER|role=AUTHORITY|control_status=READY|control_sid=226|sid=226|serial=57038|spid=87503|scheduler_running=1|action=-|pga_bytes=30983761|pga_max_bytes=33002137
PMLE_WORKER_SOAK_PROCESS|role=AUTHORITY|spid=87503|sample_epoch=1784798318|rss=909688832|pss=424954880|private_clean=21471232|private_dirty=312987648|anonymous=312971264
PMLE_WORKER_SOAK_OWNER|role=STANDBY|control_status=READY|control_sid=206|sid=206|serial=1408|spid=89826|scheduler_running=1|action=MLE_GAME_INIT|pga_bytes=16929225|pga_max_bytes=30249625
PMLE_WORKER_SOAK_PROCESS|role=STANDBY|spid=89826|sample_epoch=1784798318|rss=613335040|pss=324048896|private_clean=1523712|private_dirty=267554816|anonymous=267554816
PMLE_WORKER_SOAK_OWNER|role=AUTHORITY|control_status=READY|control_sid=226|sid=226|serial=57038|spid=87503|scheduler_running=1|action=-|pga_bytes=30975489|pga_max_bytes=33002137
PMLE_WORKER_SOAK_PROCESS|role=AUTHORITY|spid=87503|sample_epoch=1784798349|rss=902168576|pss=408484864|private_clean=24104960|private_dirty=292409344|anonymous=292392960
PMLE_WORKER_SOAK_OWNER|role=STANDBY|control_status=READY|control_sid=206|sid=206|serial=1408|spid=89826|scheduler_running=1|action=MLE_GAME_INIT|pga_bytes=16929225|pga_max_bytes=30249625
PMLE_WORKER_SOAK_PROCESS|role=STANDBY|spid=89826|sample_epoch=1784798349|rss=615362560|pss=324097024|private_clean=1523712|private_dirty=267554816|anonymous=267554816
PMLE_WORKER_SOAK_OWNER|role=AUTHORITY|control_status=READY|control_sid=226|sid=226|serial=57038|spid=87503|scheduler_running=1|action=-|pga_bytes=19113457|pga_max_bytes=33002137
PMLE_WORKER_SOAK_PROCESS|role=AUTHORITY|spid=87503|sample_epoch=1784798380|rss=860962816|pss=383938560|private_clean=13930496|private_dirty=285356032|anonymous=285339648
PMLE_WORKER_SOAK_OWNER|role=STANDBY|control_status=READY|control_sid=206|sid=206|serial=1408|spid=89826|scheduler_running=1|action=MLE_GAME_INIT|pga_bytes=16929225|pga_max_bytes=30249625
PMLE_WORKER_SOAK_PROCESS|role=STANDBY|spid=89826|sample_epoch=1784798380|rss=617222144|pss=327959552|private_clean=1622016|private_dirty=267554816|anonymous=267554816
PMLE_WORKER_SOAK_OWNER|role=AUTHORITY|control_status=READY|control_sid=226|sid=226|serial=57038|spid=87503|scheduler_running=1|action=-|pga_bytes=18962081|pga_max_bytes=33002137
PMLE_WORKER_SOAK_PROCESS|role=AUTHORITY|spid=87503|sample_epoch=1784798411|rss=862806016|pss=385330176|private_clean=13930496|private_dirty=286150656|anonymous=286134272
PMLE_WORKER_SOAK_OWNER|role=STANDBY|control_status=READY|control_sid=206|sid=206|serial=1408|spid=89826|scheduler_running=1|action=MLE_GAME_INIT|pga_bytes=16929225|pga_max_bytes=30249625
PMLE_WORKER_SOAK_PROCESS|role=STANDBY|spid=89826|sample_epoch=1784798411|rss=618237952|pss=328546304|private_clean=1622016|private_dirty=267554816|anonymous=267554816
PMLE_WORKER_SOAK_OWNER|role=AUTHORITY|control_status=READY|control_sid=226|sid=226|serial=57038|spid=87503|scheduler_running=1|action=MLE_STEP|pga_bytes=19154385|pga_max_bytes=33002137
PMLE_WORKER_SOAK_PROCESS|role=AUTHORITY|spid=87503|sample_epoch=1784798443|rss=862961664|pss=384741376|private_clean=13938688|private_dirty=285478912|anonymous=285462528
PMLE_WORKER_SOAK_OWNER|role=STANDBY|control_status=READY|control_sid=206|sid=206|serial=1408|spid=89826|scheduler_running=1|action=MLE_GAME_INIT|pga_bytes=16929225|pga_max_bytes=30249625
PMLE_WORKER_SOAK_PROCESS|role=STANDBY|spid=89826|sample_epoch=1784798443|rss=620134400|pss=328637440|private_clean=1622016|private_dirty=267354112|anonymous=267354112
PMLE_WORKER_SOAK_OWNER|role=AUTHORITY|control_status=READY|control_sid=226|sid=226|serial=57038|spid=87503|scheduler_running=1|action=MLE_STEP|pga_bytes=19085753|pga_max_bytes=33002137
PMLE_WORKER_SOAK_PROCESS|role=AUTHORITY|spid=87503|sample_epoch=1784798474|rss=863760384|pss=382747648|private_clean=13885440|private_dirty=285343744|anonymous=285327360
PMLE_WORKER_SOAK_OWNER|role=STANDBY|control_status=READY|control_sid=206|sid=206|serial=1408|spid=89826|scheduler_running=1|action=MLE_GAME_INIT|pga_bytes=16929225|pga_max_bytes=30249625
PMLE_WORKER_SOAK_PROCESS|role=STANDBY|spid=89826|sample_epoch=1784798474|rss=621748224|pss=327429120|private_clean=1617920|private_dirty=267354112|anonymous=267354112
PMLE_WORKER_SOAK_OWNER|role=AUTHORITY|control_status=READY|control_sid=226|sid=226|serial=57038|spid=87503|scheduler_running=1|action=-|pga_bytes=19072529|pga_max_bytes=33002137
PMLE_WORKER_SOAK_PROCESS|role=AUTHORITY|spid=87503|sample_epoch=1784798505|rss=869621760|pss=387824640|private_clean=13873152|private_dirty=290967552|anonymous=290951168
PMLE_WORKER_SOAK_OWNER|role=STANDBY|control_status=READY|control_sid=206|sid=206|serial=1408|spid=89826|scheduler_running=1|action=MLE_GAME_INIT|pga_bytes=16929225|pga_max_bytes=30249625
PMLE_WORKER_SOAK_PROCESS|role=STANDBY|spid=89826|sample_epoch=1784798505|rss=623239168|pss=327176192|private_clean=1617920|private_dirty=267354112|anonymous=267354112
PMLE_WORKER_SOAK_OWNER|role=AUTHORITY|control_status=READY|control_sid=226|sid=226|serial=57038|spid=87503|scheduler_running=1|action=MLE_STEP|pga_bytes=19098145|pga_max_bytes=33002137
PMLE_WORKER_SOAK_PROCESS|role=AUTHORITY|spid=87503|sample_epoch=1784798536|rss=864444416|pss=382254080|private_clean=13864960|private_dirty=285487104|anonymous=285470720
PMLE_WORKER_SOAK_OWNER|role=STANDBY|control_status=READY|control_sid=206|sid=206|serial=1408|spid=89826|scheduler_running=1|action=MLE_GAME_INIT|pga_bytes=16929225|pga_max_bytes=30249625
PMLE_WORKER_SOAK_PROCESS|role=STANDBY|spid=89826|sample_epoch=1784798536|rss=624791552|pss=327313408|private_clean=1617920|private_dirty=267354112|anonymous=267354112
PMLE_WORKER_SOAK_OWNER|role=AUTHORITY|control_status=READY|control_sid=226|sid=226|serial=57038|spid=87503|scheduler_running=1|action=MLE_STEP|pga_bytes=19154385|pga_max_bytes=33002137
PMLE_WORKER_SOAK_PROCESS|role=AUTHORITY|spid=87503|sample_epoch=1784798567|rss=866390016|pss=383196160|private_clean=13873152|private_dirty=286494720|anonymous=286478336
PMLE_WORKER_SOAK_OWNER|role=STANDBY|control_status=READY|control_sid=206|sid=206|serial=1408|spid=89826|scheduler_running=1|action=MLE_GAME_INIT|pga_bytes=16929225|pga_max_bytes=30249625
PMLE_WORKER_SOAK_PROCESS|role=STANDBY|spid=89826|sample_epoch=1784798567|rss=626724864|pss=327476224|private_clean=1617920|private_dirty=267354112|anonymous=267354112
PMLE_WORKER_SOAK_OWNER|role=AUTHORITY|control_status=READY|control_sid=226|sid=226|serial=57038|spid=87503|scheduler_running=1|action=-|pga_bytes=19113457|pga_max_bytes=33002137
PMLE_WORKER_SOAK_PROCESS|role=AUTHORITY|spid=87503|sample_epoch=1784798598|rss=867016704|pss=383577088|private_clean=13873152|private_dirty=286973952|anonymous=286957568
PMLE_WORKER_SOAK_OWNER|role=STANDBY|control_status=READY|control_sid=206|sid=206|serial=1408|spid=89826|scheduler_running=1|action=MLE_GAME_INIT|pga_bytes=16929225|pga_max_bytes=30249625
PMLE_WORKER_SOAK_PROCESS|role=STANDBY|spid=89826|sample_epoch=1784798598|rss=628359168|pss=327626752|private_clean=1617920|private_dirty=267354112|anonymous=267354112
PMLE_WORKER_SOAK_OWNER|role=AUTHORITY|control_status=READY|control_sid=226|sid=226|serial=57038|spid=87503|scheduler_running=1|action=COMMIT|pga_bytes=18989065|pga_max_bytes=33002137
PMLE_WORKER_SOAK_PROCESS|role=AUTHORITY|spid=87503|sample_epoch=1784798630|rss=865910784|pss=382436352|private_clean=13873152|private_dirty=285822976|anonymous=285806592
PMLE_WORKER_SOAK_OWNER|role=STANDBY|control_status=READY|control_sid=206|sid=206|serial=1408|spid=89826|scheduler_running=1|action=MLE_GAME_INIT|pga_bytes=16929225|pga_max_bytes=30249625
PMLE_WORKER_SOAK_PROCESS|role=STANDBY|spid=89826|sample_epoch=1784798630|rss=629952512|pss=327803904|private_clean=1617920|private_dirty=267354112|anonymous=267354112
PMLE_WORKER_SOAK_OWNER|role=AUTHORITY|control_status=READY|control_sid=226|sid=226|serial=57038|spid=87503|scheduler_running=1|action=-|pga_bytes=19113457|pga_max_bytes=33002137
PMLE_WORKER_SOAK_PROCESS|role=AUTHORITY|spid=87503|sample_epoch=1784798661|rss=866869248|pss=383607808|private_clean=13885440|private_dirty=286703616|anonymous=286687232
PMLE_WORKER_SOAK_OWNER|role=STANDBY|control_status=READY|control_sid=206|sid=206|serial=1408|spid=89826|scheduler_running=1|action=MLE_GAME_INIT|pga_bytes=16929225|pga_max_bytes=30249625
PMLE_WORKER_SOAK_PROCESS|role=STANDBY|spid=89826|sample_epoch=1784798661|rss=631435264|pss=328278016|private_clean=1617920|private_dirty=267354112|anonymous=267354112
PMLE_WORKER_SOAK_OWNER|role=AUTHORITY|control_status=READY|control_sid=226|sid=226|serial=57038|spid=87503|scheduler_running=1|action=MLE_STEP|pga_bytes=19154385|pga_max_bytes=33002137
PMLE_WORKER_SOAK_PROCESS|role=AUTHORITY|spid=87503|sample_epoch=1784798692|rss=867098624|pss=383027200|private_clean=13885440|private_dirty=286621696|anonymous=286605312
PMLE_WORKER_SOAK_OWNER|role=STANDBY|control_status=READY|control_sid=206|sid=206|serial=1408|spid=89826|scheduler_running=1|action=MLE_GAME_INIT|pga_bytes=16929225|pga_max_bytes=30249625
PMLE_WORKER_SOAK_PROCESS|role=STANDBY|spid=89826|sample_epoch=1784798692|rss=632975360|pss=328058880|private_clean=1617920|private_dirty=267354112|anonymous=267354112
PMLE_WORKER_SOAK_OWNER|role=AUTHORITY|control_status=READY|control_sid=226|sid=226|serial=57038|spid=87503|scheduler_running=1|action=MLE_STEP|pga_bytes=19154385|pga_max_bytes=33002137
PMLE_WORKER_SOAK_PROCESS|role=AUTHORITY|spid=87503|sample_epoch=1784798723|rss=868454400|pss=383922176|private_clean=13885440|private_dirty=287547392|anonymous=287531008
PMLE_WORKER_SOAK_OWNER|role=STANDBY|control_status=READY|control_sid=206|sid=206|serial=1408|spid=89826|scheduler_running=1|action=MLE_GAME_INIT|pga_bytes=16929225|pga_max_bytes=30249625
PMLE_WORKER_SOAK_PROCESS|role=STANDBY|spid=89826|sample_epoch=1784798723|rss=634515456|pss=328199168|private_clean=1617920|private_dirty=267354112|anonymous=267354112
PMLE_WORKER_SOAK_OWNER|role=AUTHORITY|control_status=READY|control_sid=226|sid=226|serial=57038|spid=-|scheduler_running=1|action=-|pga_bytes=0|pga_max_bytes=0
PMLE_WORKER_SOAK_OWNER|role=STANDBY|control_status=READY|control_sid=206|sid=206|serial=1408|spid=89826|scheduler_running=1|action=MLE_GAME_INIT|pga_bytes=16929225|pga_max_bytes=30249625
PMLE_WORKER_SOAK_PROCESS|role=STANDBY|spid=89826|sample_epoch=1784798754|rss=636018688|pss=329880576|private_clean=1622016|private_dirty=267354112|anonymous=267354112
PMLE_WORKER_SOAK_OWNER|role=AUTHORITY|control_status=READY|control_sid=226|sid=226|serial=57038|spid=87503|scheduler_running=1|action=MLE_STEP|pga_bytes=19055969|pga_max_bytes=33002137
PMLE_WORKER_SOAK_PROCESS|role=AUTHORITY|spid=87503|sample_epoch=1784798785|rss=867729408|pss=384005120|private_clean=13930496|private_dirty=286470144|anonymous=286453760
PMLE_WORKER_SOAK_OWNER|role=STANDBY|control_status=READY|control_sid=206|sid=206|serial=1408|spid=89826|scheduler_running=1|action=MLE_GAME_INIT|pga_bytes=16929225|pga_max_bytes=30249625
PMLE_WORKER_SOAK_PROCESS|role=STANDBY|spid=89826|sample_epoch=1784798785|rss=637456384|pss=329518080|private_clean=1622016|private_dirty=267354112|anonymous=267354112
PMLE_WORKER_SOAK_OWNER|role=AUTHORITY|control_status=READY|control_sid=226|sid=226|serial=57038|spid=87503|scheduler_running=1|action=MLE_STEP|pga_bytes=19154385|pga_max_bytes=33002137
PMLE_WORKER_SOAK_PROCESS|role=AUTHORITY|spid=87503|sample_epoch=1784798816|rss=868237312|pss=384287744|private_clean=13942784|private_dirty=286879744|anonymous=286863360
PMLE_WORKER_SOAK_OWNER|role=STANDBY|control_status=READY|control_sid=206|sid=206|serial=1408|spid=89826|scheduler_running=1|action=MLE_GAME_INIT|pga_bytes=16929225|pga_max_bytes=30249625
PMLE_WORKER_SOAK_PROCESS|role=STANDBY|spid=89826|sample_epoch=1784798816|rss=638824448|pss=329614336|private_clean=1622016|private_dirty=267354112|anonymous=267354112
PMLE_WORKER_SOAK_OWNER|role=AUTHORITY|control_status=READY|control_sid=226|sid=226|serial=57038|spid=87503|scheduler_running=1|action=-|pga_bytes=18880225|pga_max_bytes=33002137
PMLE_WORKER_SOAK_PROCESS|role=AUTHORITY|spid=87503|sample_epoch=1784798847|rss=869134336|pss=385585152|private_clean=13942784|private_dirty=287711232|anonymous=287694848
PMLE_WORKER_SOAK_OWNER|role=STANDBY|control_status=READY|control_sid=206|sid=206|serial=1408|spid=89826|scheduler_running=1|action=MLE_GAME_INIT|pga_bytes=16929225|pga_max_bytes=30249625
PMLE_WORKER_SOAK_PROCESS|role=STANDBY|spid=89826|sample_epoch=1784798847|rss=640032768|pss=330200064|private_clean=1622016|private_dirty=267354112|anonymous=267354112
PMLE_WORKER_SOAK_OWNER|role=AUTHORITY|control_status=READY|control_sid=226|sid=226|serial=57038|spid=87503|scheduler_running=1|action=-|pga_bytes=19113457|pga_max_bytes=33002137
PMLE_WORKER_SOAK_PROCESS|role=AUTHORITY|spid=87503|sample_epoch=1784798878|rss=867622912|pss=382864384|private_clean=13942784|private_dirty=285491200|anonymous=285474816
PMLE_WORKER_SOAK_OWNER|role=STANDBY|control_status=READY|control_sid=206|sid=206|serial=1408|spid=89826|scheduler_running=1|action=MLE_GAME_INIT|pga_bytes=16929225|pga_max_bytes=30249625
PMLE_WORKER_SOAK_PROCESS|role=STANDBY|spid=89826|sample_epoch=1784798878|rss=641245184|pss=329810944|private_clean=1622016|private_dirty=267354112|anonymous=267354112
PMLE_WORKER_SOAK_OWNER|role=AUTHORITY|control_status=READY|control_sid=226|sid=226|serial=57038|spid=87503|scheduler_running=1|action=-|pga_bytes=19015041|pga_max_bytes=33002137
PMLE_WORKER_SOAK_PROCESS|role=AUTHORITY|spid=87503|sample_epoch=1784798909|rss=868777984|pss=383577088|private_clean=13942784|private_dirty=286429184|anonymous=286412800
PMLE_WORKER_SOAK_OWNER|role=STANDBY|control_status=READY|control_sid=206|sid=206|serial=1408|spid=89826|scheduler_running=1|action=MLE_GAME_INIT|pga_bytes=16929225|pga_max_bytes=30249625
PMLE_WORKER_SOAK_PROCESS|role=STANDBY|spid=89826|sample_epoch=1784798909|rss=642756608|pss=329850880|private_clean=1622016|private_dirty=267354112|anonymous=267354112
PMLE_WORKER_SOAK_OWNER|role=AUTHORITY|control_status=READY|control_sid=226|sid=226|serial=57038|spid=87503|scheduler_running=1|action=-|pga_bytes=19113457|pga_max_bytes=33002137
PMLE_WORKER_SOAK_PROCESS|role=AUTHORITY|spid=87503|sample_epoch=1784798940|rss=869363712|pss=383886336|private_clean=13942784|private_dirty=286801920|anonymous=286785536
PMLE_WORKER_SOAK_OWNER|role=STANDBY|control_status=READY|control_sid=206|sid=206|serial=1408|spid=89826|scheduler_running=1|action=MLE_GAME_INIT|pga_bytes=16929225|pga_max_bytes=30249625
PMLE_WORKER_SOAK_PROCESS|role=STANDBY|spid=89826|sample_epoch=1784798940|rss=644235264|pss=329979904|private_clean=1622016|private_dirty=267354112|anonymous=267354112
PMLE_WORKER_SOAK_OWNER|role=AUTHORITY|control_status=READY|control_sid=226|sid=226|serial=57038|spid=87503|scheduler_running=1|action=MLE_STEP|pga_bytes=19055969|pga_max_bytes=33002137
PMLE_WORKER_SOAK_PROCESS|role=AUTHORITY|spid=87503|sample_epoch=1784798971|rss=870256640|pss=385180672|private_clean=13942784|private_dirty=287596544|anonymous=287580160
PMLE_WORKER_SOAK_OWNER|role=STANDBY|control_status=READY|control_sid=206|sid=206|serial=1408|spid=89826|scheduler_running=1|action=MLE_GAME_INIT|pga_bytes=16929225|pga_max_bytes=30249625
PMLE_WORKER_SOAK_PROCESS|role=STANDBY|spid=89826|sample_epoch=1784798971|rss=645373952|pss=330594304|private_clean=1622016|private_dirty=267354112|anonymous=267354112
PMLE_WORKER_SOAK_OWNER|role=AUTHORITY|control_status=READY|control_sid=226|sid=226|serial=57038|spid=87503|scheduler_running=1|action=MLE_STEP|pga_bytes=19113097|pga_max_bytes=33002137
PMLE_WORKER_SOAK_PROCESS|role=AUTHORITY|spid=87503|sample_epoch=1784799002|rss=868954112|pss=383252480|private_clean=13930496|private_dirty=286248960|anonymous=286232576
PMLE_WORKER_SOAK_OWNER|role=STANDBY|control_status=READY|control_sid=206|sid=206|serial=1408|spid=89826|scheduler_running=1|action=MLE_GAME_INIT|pga_bytes=16929225|pga_max_bytes=30249625
PMLE_WORKER_SOAK_PROCESS|role=STANDBY|spid=89826|sample_epoch=1784799002|rss=646664192|pss=330222592|private_clean=1622016|private_dirty=267354112|anonymous=267354112
PMLE_WORKER_SOAK_OWNER|role=AUTHORITY|control_status=READY|control_sid=226|sid=226|serial=57038|spid=87503|scheduler_running=1|action=-|pga_bytes=18892257|pga_max_bytes=33002137
PMLE_WORKER_SOAK_PROCESS|role=AUTHORITY|spid=87503|sample_epoch=1784799033|rss=869826560|pss=384374784|private_clean=13930496|private_dirty=286838784|anonymous=286822400
PMLE_WORKER_SOAK_OWNER|role=STANDBY|control_status=READY|control_sid=206|sid=206|serial=1408|spid=89826|scheduler_running=1|action=MLE_GAME_INIT|pga_bytes=16929225|pga_max_bytes=30249625
PMLE_WORKER_SOAK_PROCESS|role=STANDBY|spid=89826|sample_epoch=1784799033|rss=648122368|pss=330865664|private_clean=1622016|private_dirty=267354112|anonymous=267354112
PMLE_WORKER_SOAK_OWNER|role=AUTHORITY|control_status=READY|control_sid=226|sid=226|serial=57038|spid=87503|scheduler_running=1|action=-|pga_bytes=19113457|pga_max_bytes=33002137
PMLE_WORKER_SOAK_PROCESS|role=AUTHORITY|spid=87503|sample_epoch=1784799064|rss=869183488|pss=382886912|private_clean=13914112|private_dirty=285917184|anonymous=285900800
PMLE_WORKER_SOAK_OWNER|role=STANDBY|control_status=READY|control_sid=206|sid=206|serial=1408|spid=89826|scheduler_running=1|action=MLE_GAME_INIT|pga_bytes=16929225|pga_max_bytes=30249625
PMLE_WORKER_SOAK_PROCESS|role=STANDBY|spid=89826|sample_epoch=1784799064|rss=649711616|pss=330525696|private_clean=1622016|private_dirty=267354112|anonymous=267354112
PMLE_WORKER_SOAK_OWNER|role=AUTHORITY|control_status=READY|control_sid=226|sid=226|serial=57038|spid=87503|scheduler_running=1|action=-|pga_bytes=18974113|pga_max_bytes=33002137
PMLE_WORKER_SOAK_PROCESS|role=AUTHORITY|spid=87503|sample_epoch=1784799096|rss=869756928|pss=383215616|private_clean=13914112|private_dirty=286375936|anonymous=286359552
PMLE_WORKER_SOAK_OWNER|role=STANDBY|control_status=READY|control_sid=206|sid=206|serial=1408|spid=89826|scheduler_running=1|action=MLE_GAME_INIT|pga_bytes=16929225|pga_max_bytes=30249625
PMLE_WORKER_SOAK_PROCESS|role=STANDBY|spid=89826|sample_epoch=1784799096|rss=650964992|pss=330607616|private_clean=1622016|private_dirty=267354112|anonymous=267354112
PMLE_WORKER_SOAK_OWNER|role=AUTHORITY|control_status=READY|control_sid=226|sid=226|serial=57038|spid=87503|scheduler_running=1|action=MLE_STEP|pga_bytes=19113457|pga_max_bytes=33002137
PMLE_WORKER_SOAK_PROCESS|role=AUTHORITY|spid=87503|sample_epoch=1784799127|rss=870240256|pss=383560704|private_clean=13914112|private_dirty=286781440|anonymous=286765056
PMLE_WORKER_SOAK_OWNER|role=STANDBY|control_status=READY|control_sid=206|sid=206|serial=1408|spid=89826|scheduler_running=1|action=MLE_GAME_INIT|pga_bytes=16929225|pga_max_bytes=30249625
PMLE_WORKER_SOAK_PROCESS|role=STANDBY|spid=89826|sample_epoch=1784799127|rss=652214272|pss=330712064|private_clean=1622016|private_dirty=267354112|anonymous=267354112
PMLE_WORKER_SOAK_OWNER|role=AUTHORITY|control_status=READY|control_sid=226|sid=226|serial=57038|spid=87503|scheduler_running=1|action=-|pga_bytes=19015041|pga_max_bytes=33002137
PMLE_WORKER_SOAK_PROCESS|role=AUTHORITY|spid=87503|sample_epoch=1784799158|rss=871100416|pss=384728064|private_clean=13914112|private_dirty=287518720|anonymous=287502336
PMLE_WORKER_SOAK_OWNER|role=STANDBY|control_status=READY|control_sid=206|sid=206|serial=1408|spid=89826|scheduler_running=1|action=MLE_GAME_INIT|pga_bytes=16929225|pga_max_bytes=30249625
PMLE_WORKER_SOAK_PROCESS|role=STANDBY|spid=89826|sample_epoch=1784799158|rss=653733888|pss=331330560|private_clean=1622016|private_dirty=267354112|anonymous=267354112
PMLE_WORKER_SOAK_OWNER|role=AUTHORITY|control_status=READY|control_sid=226|sid=226|serial=57038|spid=87503|scheduler_running=1|action=-|pga_bytes=19113457|pga_max_bytes=33002137
PMLE_WORKER_SOAK_PROCESS|role=AUTHORITY|spid=87503|sample_epoch=1784799189|rss=869941248|pss=382674944|private_clean=13914112|private_dirty=286019584|anonymous=286003200
PMLE_WORKER_SOAK_OWNER|role=STANDBY|control_status=READY|control_sid=206|sid=206|serial=1408|spid=89826|scheduler_running=1|action=MLE_GAME_INIT|pga_bytes=16929225|pga_max_bytes=30249625
PMLE_WORKER_SOAK_PROCESS|role=STANDBY|spid=89826|sample_epoch=1784799189|rss=655101952|pss=330954752|private_clean=1622016|private_dirty=267354112|anonymous=267354112
PMLE_WORKER_SOAK_OWNER|role=AUTHORITY|control_status=READY|control_sid=226|sid=226|serial=57038|spid=87503|scheduler_running=1|action=MLE_STEP|pga_bytes=18892257|pga_max_bytes=33002137
PMLE_WORKER_SOAK_PROCESS|role=AUTHORITY|spid=87503|sample_epoch=1784799220|rss=870252544|pss=383144960|private_clean=13914112|private_dirty=285982720|anonymous=285966336
PMLE_WORKER_SOAK_OWNER|role=STANDBY|control_status=READY|control_sid=206|sid=206|serial=1408|spid=89826|scheduler_running=1|action=MLE_GAME_INIT|pga_bytes=16929225|pga_max_bytes=30249625
PMLE_WORKER_SOAK_PROCESS|role=STANDBY|spid=89826|sample_epoch=1784799220|rss=656384000|pss=331544576|private_clean=1622016|private_dirty=267354112|anonymous=267354112
PMLE_WORKER_SOAK_OWNER|role=AUTHORITY|control_status=READY|control_sid=226|sid=226|serial=57038|spid=87503|scheduler_running=1|action=-|pga_bytes=19113457|pga_max_bytes=33002137
PMLE_WORKER_SOAK_PROCESS|role=AUTHORITY|spid=87503|sample_epoch=1784799251|rss=870907904|pss=383161344|private_clean=13914112|private_dirty=286535680|anonymous=286519296
PMLE_WORKER_SOAK_OWNER|role=STANDBY|control_status=READY|control_sid=206|sid=206|serial=1408|spid=89826|scheduler_running=1|action=MLE_GAME_INIT|pga_bytes=16929225|pga_max_bytes=30249625
PMLE_WORKER_SOAK_PROCESS|role=STANDBY|spid=89826|sample_epoch=1784799251|rss=657551360|pss=331161600|private_clean=1622016|private_dirty=267354112|anonymous=267354112
PMLE_WORKER_SOAK_OWNER|role=AUTHORITY|control_status=READY|control_sid=226|sid=226|serial=57038|spid=87503|scheduler_running=1|action=-|pga_bytes=19072529|pga_max_bytes=33002137
PMLE_WORKER_SOAK_PROCESS|role=AUTHORITY|spid=87503|sample_epoch=1784799282|rss=872247296|pss=384395264|private_clean=13914112|private_dirty=287825920|anonymous=287809536
PMLE_WORKER_SOAK_OWNER|role=STANDBY|control_status=READY|control_sid=206|sid=206|serial=1408|spid=89826|scheduler_running=1|action=MLE_GAME_INIT|pga_bytes=16929225|pga_max_bytes=30249625
PMLE_WORKER_SOAK_PROCESS|role=STANDBY|spid=89826|sample_epoch=1784799282|rss=658817024|pss=331275264|private_clean=1622016|private_dirty=267354112|anonymous=267354112
PMLE_WORKER_SOAK_OWNER|role=AUTHORITY|control_status=READY|control_sid=226|sid=226|serial=57038|spid=87503|scheduler_running=1|action=MLE_STEP|pga_bytes=19154385|pga_max_bytes=33002137
PMLE_WORKER_SOAK_PROCESS|role=AUTHORITY|spid=87503|sample_epoch=1784799314|rss=870150144|pss=382655488|private_clean=13914112|private_dirty=285683712|anonymous=285667328
PMLE_WORKER_SOAK_OWNER|role=STANDBY|control_status=READY|control_sid=206|sid=206|serial=1408|spid=89826|scheduler_running=1|action=MLE_GAME_INIT|pga_bytes=16929225|pga_max_bytes=30249625
PMLE_WORKER_SOAK_PROCESS|role=STANDBY|spid=89826|sample_epoch=1784799314|rss=660074496|pss=331852800|private_clean=1622016|private_dirty=267354112|anonymous=267354112
PMLE_WORKER_SOAK_OWNER|role=AUTHORITY|control_status=READY|control_sid=226|sid=226|serial=57038|spid=87503|scheduler_running=1|action=MLE_STEP|pga_bytes=19133777|pga_max_bytes=33002137
PMLE_WORKER_SOAK_PROCESS|role=AUTHORITY|spid=87503|sample_epoch=1784799345|rss=871444480|pss=383859712|private_clean=13914112|private_dirty=286945280|anonymous=286928896
PMLE_WORKER_SOAK_OWNER|role=STANDBY|control_status=READY|control_sid=206|sid=206|serial=1408|spid=89826|scheduler_running=1|action=MLE_GAME_INIT|pga_bytes=16929225|pga_max_bytes=30249625
PMLE_WORKER_SOAK_PROCESS|role=STANDBY|spid=89826|sample_epoch=1784799345|rss=661327872|pss=331959296|private_clean=1622016|private_dirty=267354112|anonymous=267354112
PMLE_WORKER_SOAK_OWNER|role=AUTHORITY|control_status=READY|control_sid=226|sid=226|serial=57038|spid=87503|scheduler_running=1|action=-|pga_bytes=19051921|pga_max_bytes=33002137
PMLE_WORKER_SOAK_PROCESS|role=AUTHORITY|spid=87503|sample_epoch=1784799376|rss=871944192|pss=382760960|private_clean=13893632|private_dirty=287293440|anonymous=287277056
PMLE_WORKER_SOAK_OWNER|role=STANDBY|control_status=READY|control_sid=206|sid=206|serial=1408|spid=89826|scheduler_running=1|action=MLE_GAME_INIT|pga_bytes=16929225|pga_max_bytes=30249625
PMLE_WORKER_SOAK_PROCESS|role=STANDBY|spid=89826|sample_epoch=1784799376|rss=662417408|pss=330792960|private_clean=1622016|private_dirty=267354112|anonymous=267354112
PMLE_WORKER_SOAK_OWNER|role=AUTHORITY|control_status=READY|control_sid=226|sid=226|serial=57038|spid=87503|scheduler_running=1|action=-|pga_bytes=19060497|pga_max_bytes=33002137
PMLE_WORKER_SOAK_PROCESS|role=AUTHORITY|spid=87503|sample_epoch=1784799407|rss=870461440|pss=380807168|private_clean=13893632|private_dirty=285773824|anonymous=285757440
PMLE_WORKER_SOAK_OWNER|role=STANDBY|control_status=READY|control_sid=206|sid=206|serial=1408|spid=89826|scheduler_running=1|action=MLE_GAME_INIT|pga_bytes=16929225|pga_max_bytes=30249625
PMLE_WORKER_SOAK_PROCESS|role=STANDBY|spid=89826|sample_epoch=1784799407|rss=663592960|pss=330488832|private_clean=1593344|private_dirty=267354112|anonymous=267354112
PMLE_WORKER_SOAK_OWNER|role=AUTHORITY|control_status=READY|control_sid=226|sid=226|serial=57038|spid=87503|scheduler_running=1|action=-|pga_bytes=19113457|pga_max_bytes=33002137
PMLE_WORKER_SOAK_PROCESS|role=AUTHORITY|spid=87503|sample_epoch=1784799439|rss=871239680|pss=382218240|private_clean=13893632|private_dirty=286531584|anonymous=286515200
PMLE_WORKER_SOAK_OWNER|role=STANDBY|control_status=READY|control_sid=206|sid=206|serial=1408|spid=89826|scheduler_running=1|action=MLE_GAME_INIT|pga_bytes=16929225|pga_max_bytes=30249625
PMLE_WORKER_SOAK_PROCESS|role=STANDBY|spid=89826|sample_epoch=1784799439|rss=664592384|pss=331120640|private_clean=1593344|private_dirty=267354112|anonymous=267354112
PMLE_WORKER_SOAK_OWNER|role=AUTHORITY|control_status=READY|control_sid=226|sid=226|serial=57038|spid=87503|scheduler_running=1|action=-|pga_bytes=19072529|pga_max_bytes=33002137
PMLE_WORKER_SOAK_PROCESS|role=AUTHORITY|spid=87503|sample_epoch=1784799470|rss=871157760|pss=382046208|private_clean=13893632|private_dirty=286437376|anonymous=286420992
PMLE_WORKER_SOAK_OWNER|role=STANDBY|control_status=READY|control_sid=206|sid=206|serial=1408|spid=89826|scheduler_running=1|action=MLE_GAME_INIT|pga_bytes=16929225|pga_max_bytes=30249625
PMLE_WORKER_SOAK_PROCESS|role=STANDBY|spid=89826|sample_epoch=1784799470|rss=665747456|pss=331202560|private_clean=1593344|private_dirty=267354112|anonymous=267354112
PASS P13.5-MULTIPLAYER-SOAK seconds=1800 warmupSeconds=300 tics=11471/11472-73597/73596 maxLag=15 maxReconnectSeconds=0 resyncs=0/0 frames=0 checkpoints=2 bytes=0 disconnectedNeutral=0 initialNeutral=22912 paint999Max=104.9/556.9,104.2/557.3 memory=19511616/19577152 java=0/0 gc=0/0
PMLE_WORKER_SOAK_MEMORY|FAIL|role=AUTHORITY|samples=58|warmup_excluded=1|spid_stable=1|margin=67108864|rss_base=736960512|rss_max=909688832|rss_end=871157760|pss_base=345929728|pss_max=429864960|pss_end=382046208|private_base=273694720|private_max=341495808|private_end=300331008|plateau_steps_8m=6
PMLE_WORKER_SOAK_MEMORY|PASS|role=STANDBY|samples=59|warmup_excluded=1|spid_stable=1|margin=67108864|rss_base=634671104|rss_max=665747456|rss_end=665747456|pss_base=364890112|pss_max=364890112|pss_end=331202560|private_base=304939008|private_max=304939008|private_end=268947456|plateau_steps_8m=1
