PMLE_HOST_QUIESCENCE|PASS|docker_builds=0|compiles=0|verifiers=0
PMLE_HIDDEN_JIT_SETTINGS|cell=default_async|settings=DEFAULT
PMLE_HIDDEN_JIT|DIAGNOSTIC_NOT_GATE|cell=default_async|iterations=1000000|samples=40
PMLE_HIDDEN_JIT_SAMPLE|cell=default_async|sample=1|elapsed_ms=577.136|ns_per_iteration=577.136|checksum=-1169756117
PMLE_HIDDEN_JIT_SAMPLE|cell=default_async|sample=2|elapsed_ms=366.030|ns_per_iteration=366.030|checksum=1974097907
PMLE_HIDDEN_JIT_SAMPLE|cell=default_async|sample=3|elapsed_ms=362.391|ns_per_iteration=362.391|checksum=1553740419
PMLE_HIDDEN_JIT_SAMPLE|cell=default_async|sample=4|elapsed_ms=355.779|ns_per_iteration=355.779|checksum=1184088597
PMLE_HIDDEN_JIT_SAMPLE|cell=default_async|sample=5|elapsed_ms=413.258|ns_per_iteration=413.258|checksum=82945372
PMLE_HIDDEN_JIT_SAMPLE|cell=default_async|sample=6|elapsed_ms=422.180|ns_per_iteration=422.180|checksum=-106250813
PMLE_HIDDEN_JIT_SAMPLE|cell=default_async|sample=7|elapsed_ms=370.249|ns_per_iteration=370.249|checksum=-2056991061
PMLE_HIDDEN_JIT_SAMPLE|cell=default_async|sample=8|elapsed_ms=371.392|ns_per_iteration=371.392|checksum=1331244620
PMLE_HIDDEN_JIT_SAMPLE|cell=default_async|sample=9|elapsed_ms=367.084|ns_per_iteration=367.084|checksum=-1136538474
PMLE_HIDDEN_JIT_SAMPLE|cell=default_async|sample=10|elapsed_ms=373.169|ns_per_iteration=373.169|checksum=1111523520
PMLE_HIDDEN_JIT_SAMPLE|cell=default_async|sample=11|elapsed_ms=375.716|ns_per_iteration=375.716|checksum=1624231957
PMLE_HIDDEN_JIT_SAMPLE|cell=default_async|sample=12|elapsed_ms=358.525|ns_per_iteration=358.525|checksum=-141253258
PMLE_HIDDEN_JIT_SAMPLE|cell=default_async|sample=13|elapsed_ms=370.152|ns_per_iteration=370.152|checksum=-334458853
PMLE_HIDDEN_JIT_SAMPLE|cell=default_async|sample=14|elapsed_ms=390.703|ns_per_iteration=390.703|checksum=-2076221668
PMLE_HIDDEN_JIT_SAMPLE|cell=default_async|sample=15|elapsed_ms=369.962|ns_per_iteration=369.962|checksum=1125616868
PMLE_HIDDEN_JIT_SAMPLE|cell=default_async|sample=16|elapsed_ms=353.673|ns_per_iteration=353.673|checksum=1707602329
PMLE_HIDDEN_JIT_SAMPLE|cell=default_async|sample=17|elapsed_ms=369.746|ns_per_iteration=369.746|checksum=1772693734
PMLE_HIDDEN_JIT_SAMPLE|cell=default_async|sample=18|elapsed_ms=375.324|ns_per_iteration=375.324|checksum=-1473965924
PMLE_HIDDEN_JIT_SAMPLE|cell=default_async|sample=19|elapsed_ms=366.769|ns_per_iteration=366.769|checksum=870250623
PMLE_HIDDEN_JIT_SAMPLE|cell=default_async|sample=20|elapsed_ms=397.830|ns_per_iteration=397.830|checksum=-2141209144
PMLE_HIDDEN_JIT_SAMPLE|cell=default_async|sample=21|elapsed_ms=430.130|ns_per_iteration=430.130|checksum=-162657825
PMLE_HIDDEN_JIT_SAMPLE|cell=default_async|sample=22|elapsed_ms=381.858|ns_per_iteration=381.858|checksum=972104858
PMLE_HIDDEN_JIT_SAMPLE|cell=default_async|sample=23|elapsed_ms=377.742|ns_per_iteration=377.742|checksum=2039866390
PMLE_HIDDEN_JIT_SAMPLE|cell=default_async|sample=24|elapsed_ms=362.245|ns_per_iteration=362.245|checksum=-1369466368
PMLE_HIDDEN_JIT_SAMPLE|cell=default_async|sample=25|elapsed_ms=357.944|ns_per_iteration=357.944|checksum=-1205140484
PMLE_HIDDEN_JIT_SAMPLE|cell=default_async|sample=26|elapsed_ms=263.552|ns_per_iteration=263.552|checksum=386062180
PMLE_HIDDEN_JIT_SAMPLE|cell=default_async|sample=27|elapsed_ms=363.134|ns_per_iteration=363.134|checksum=-1095296871
PMLE_HIDDEN_JIT_SAMPLE|cell=default_async|sample=28|elapsed_ms=369.413|ns_per_iteration=369.413|checksum=1429380760
PMLE_HIDDEN_JIT_SAMPLE|cell=default_async|sample=29|elapsed_ms=364.933|ns_per_iteration=364.933|checksum=171728362
PMLE_HIDDEN_JIT_SAMPLE|cell=default_async|sample=30|elapsed_ms=391.719|ns_per_iteration=391.719|checksum=-1305165505
PMLE_HIDDEN_JIT_SAMPLE|cell=default_async|sample=31|elapsed_ms=375.178|ns_per_iteration=375.178|checksum=-1978410103
PMLE_HIDDEN_JIT_SAMPLE|cell=default_async|sample=32|elapsed_ms=374.677|ns_per_iteration=374.677|checksum=2081874945
PMLE_HIDDEN_JIT_SAMPLE|cell=default_async|sample=33|elapsed_ms=383.927|ns_per_iteration=383.927|checksum=-1331346043
PMLE_HIDDEN_JIT_SAMPLE|cell=default_async|sample=34|elapsed_ms=376.495|ns_per_iteration=376.495|checksum=-1933474229
PMLE_HIDDEN_JIT_SAMPLE|cell=default_async|sample=35|elapsed_ms=450.934|ns_per_iteration=450.934|checksum=65734537
PMLE_HIDDEN_JIT_SAMPLE|cell=default_async|sample=36|elapsed_ms=373.592|ns_per_iteration=373.592|checksum=-2108120239
PMLE_HIDDEN_JIT_SAMPLE|cell=default_async|sample=37|elapsed_ms=375.870|ns_per_iteration=375.870|checksum=1143936018
PMLE_HIDDEN_JIT_SAMPLE|cell=default_async|sample=38|elapsed_ms=386.539|ns_per_iteration=386.539|checksum=-1031503857
PMLE_HIDDEN_JIT_SAMPLE|cell=default_async|sample=39|elapsed_ms=357.629|ns_per_iteration=357.629|checksum=2079472921
PMLE_HIDDEN_JIT_SAMPLE|cell=default_async|sample=40|elapsed_ms=372.867|ns_per_iteration=372.867|checksum=120034740
PMLE_HIDDEN_JIT|PASS|cell=default_async|terminal_samples=40|classification=DIAGNOSTIC_NOT_GATE
