[INFO] Error stacktraces are turned on.
[INFO] Scanning for projects...
[INFO] 
[INFO] -------------------< doomdb:mochadoom-wasm2js-spike >-------------------
[INFO] Building mochadoom-wasm2js-spike 1.0.0
[INFO]   from pom.xml
[INFO] --------------------------------[ jar ]---------------------------------
[INFO] 
[INFO] --- resources:3.3.1:resources (default-resources) @ mochadoom-wasm2js-spike ---
[INFO] skip non existing resourceDirectory /work/probes/mle/teavm-engine/wasm2js/src/main/resources
[INFO] 
[INFO] --- compiler:3.13.0:compile (default-compile) @ mochadoom-wasm2js-spike ---
[INFO] Nothing to compile - all classes are up to date.
[INFO] 
[INFO] --- resources:3.3.1:testResources (default-testResources) @ mochadoom-wasm2js-spike ---
[INFO] skip non existing resourceDirectory /work/probes/mle/teavm-engine/wasm2js/src/test/resources
[INFO] 
[INFO] --- compiler:3.13.0:testCompile (default-testCompile) @ mochadoom-wasm2js-spike ---
[INFO] No sources to compile
[INFO] 
[INFO] --- surefire:3.2.5:test (default-test) @ mochadoom-wasm2js-spike ---
[INFO] No tests to run.
[INFO] 
[INFO] --- jar:3.4.1:jar (default-jar) @ mochadoom-wasm2js-spike ---
[INFO] 
[INFO] --- org.teavm:teavm-maven-plugin:0.13.0:compile (default) @ mochadoom-wasm2js-spike ---
[INFO] Preparing classpath for TeaVM
[INFO] Using the following classpath for TeaVM: /root/.m2/repository/org/teavm/teavm-core/0.13.0/teavm-core-0.13.0.jar:/root/.m2/repository/org/teavm/teavm-metaprogramming-api/0.13.0/teavm-metaprogramming-api-0.13.0.jar:/root/.m2/repository/org/teavm/teavm-classlib/0.13.0/teavm-classlib-0.13.0.jar:/root/.m2/repository/org/teavm/teavm-platform/0.13.0/teavm-platform-0.13.0.jar:/root/.m2/repository/org/teavm/teavm-jso-apis/0.13.0/teavm-jso-apis-0.13.0.jar:/root/.m2/repository/org/teavm/teavm-jso/0.13.0/teavm-jso-0.13.0.jar:/root/.m2/repository/org/teavm/teavm-jso-impl/0.13.0/teavm-jso-impl-0.13.0.jar:/root/.m2/repository/org/teavm/teavm-metaprogramming-impl/0.13.0/teavm-metaprogramming-impl-0.13.0.jar:/root/.m2/repository/commons-io/commons-io/2.20.0/commons-io-2.20.0.jar:/root/.m2/repository/com/jcraft/jzlib/1.1.3/jzlib-1.1.3.jar:/root/.m2/repository/joda-time/joda-time/2.12.2/joda-time-2.12.2.jar:/root/.m2/repository/org/teavm/teavm-interop/0.13.0/teavm-interop-0.13.0.jar:/work/probes/mle/teavm-engine/wasm2js/target/mochadoom-wasm2js-simulation.jar:/work/probes/mle/teavm-engine/wasm2js/target/classes
[INFO] Running TeaVM
[INFO] ------------------------------------------------------------------------
[INFO] BUILD FAILURE
[INFO] ------------------------------------------------------------------------
[INFO] Total time:  13.469 s
[INFO] Finished at: 2026-07-24T04:07:55Z
[INFO] ------------------------------------------------------------------------
[ERROR] Failed to execute goal org.teavm:teavm-maven-plugin:0.13.0:compile (default) on project mochadoom-wasm2js-spike: Unexpected error occurred: Variable used before definition: @21 at $74 -> [Help 1]
org.apache.maven.lifecycle.LifecycleExecutionException: Failed to execute goal org.teavm:teavm-maven-plugin:0.13.0:compile (default) on project mochadoom-wasm2js-spike: Unexpected error occurred
    at org.apache.maven.lifecycle.internal.MojoExecutor.doExecute2 (MojoExecutor.java:333)
    at org.apache.maven.lifecycle.internal.MojoExecutor.doExecute (MojoExecutor.java:316)
    at org.apache.maven.lifecycle.internal.MojoExecutor.execute (MojoExecutor.java:212)
    at org.apache.maven.lifecycle.internal.MojoExecutor.execute (MojoExecutor.java:174)
    at org.apache.maven.lifecycle.internal.MojoExecutor.access$000 (MojoExecutor.java:75)
    at org.apache.maven.lifecycle.internal.MojoExecutor$1.run (MojoExecutor.java:162)
    at org.apache.maven.plugin.DefaultMojosExecutionStrategy.execute (DefaultMojosExecutionStrategy.java:39)
    at org.apache.maven.lifecycle.internal.MojoExecutor.execute (MojoExecutor.java:159)
    at org.apache.maven.lifecycle.internal.LifecycleModuleBuilder.buildProject (LifecycleModuleBuilder.java:105)
    at org.apache.maven.lifecycle.internal.LifecycleModuleBuilder.buildProject (LifecycleModuleBuilder.java:73)
    at org.apache.maven.lifecycle.internal.builder.singlethreaded.SingleThreadedBuilder.build (SingleThreadedBuilder.java:53)
    at org.apache.maven.lifecycle.internal.LifecycleStarter.execute (LifecycleStarter.java:118)
    at org.apache.maven.DefaultMaven.doExecute (DefaultMaven.java:261)
    at org.apache.maven.DefaultMaven.doExecute (DefaultMaven.java:173)
    at org.apache.maven.DefaultMaven.execute (DefaultMaven.java:101)
    at org.apache.maven.cli.MavenCli.execute (MavenCli.java:906)
    at org.apache.maven.cli.MavenCli.doMain (MavenCli.java:283)
    at org.apache.maven.cli.MavenCli.main (MavenCli.java:206)
    at jdk.internal.reflect.NativeMethodAccessorImpl.invoke0 (Native Method)
    at jdk.internal.reflect.NativeMethodAccessorImpl.invoke (NativeMethodAccessorImpl.java:77)
    at jdk.internal.reflect.DelegatingMethodAccessorImpl.invoke (DelegatingMethodAccessorImpl.java:43)
    at java.lang.reflect.Method.invoke (Method.java:569)
    at org.codehaus.plexus.classworlds.launcher.Launcher.launchEnhanced (Launcher.java:255)
    at org.codehaus.plexus.classworlds.launcher.Launcher.launch (Launcher.java:201)
    at org.codehaus.plexus.classworlds.launcher.Launcher.mainWithExitCode (Launcher.java:361)
    at org.codehaus.plexus.classworlds.launcher.Launcher.main (Launcher.java:314)
Caused by: org.apache.maven.plugin.MojoExecutionException: Unexpected error occurred
    at org.teavm.maven.TeaVMCompileMojo.executeWithBuilder (TeaVMCompileMojo.java:335)
    at org.teavm.maven.TeaVMCompileMojo.execute (TeaVMCompileMojo.java:278)
    at org.apache.maven.plugin.DefaultBuildPluginManager.executeMojo (DefaultBuildPluginManager.java:126)
    at org.apache.maven.lifecycle.internal.MojoExecutor.doExecute2 (MojoExecutor.java:328)
    at org.apache.maven.lifecycle.internal.MojoExecutor.doExecute (MojoExecutor.java:316)
    at org.apache.maven.lifecycle.internal.MojoExecutor.execute (MojoExecutor.java:212)
    at org.apache.maven.lifecycle.internal.MojoExecutor.execute (MojoExecutor.java:174)
    at org.apache.maven.lifecycle.internal.MojoExecutor.access$000 (MojoExecutor.java:75)
    at org.apache.maven.lifecycle.internal.MojoExecutor$1.run (MojoExecutor.java:162)
    at org.apache.maven.plugin.DefaultMojosExecutionStrategy.execute (DefaultMojosExecutionStrategy.java:39)
    at org.apache.maven.lifecycle.internal.MojoExecutor.execute (MojoExecutor.java:159)
    at org.apache.maven.lifecycle.internal.LifecycleModuleBuilder.buildProject (LifecycleModuleBuilder.java:105)
    at org.apache.maven.lifecycle.internal.LifecycleModuleBuilder.buildProject (LifecycleModuleBuilder.java:73)
    at org.apache.maven.lifecycle.internal.builder.singlethreaded.SingleThreadedBuilder.build (SingleThreadedBuilder.java:53)
    at org.apache.maven.lifecycle.internal.LifecycleStarter.execute (LifecycleStarter.java:118)
    at org.apache.maven.DefaultMaven.doExecute (DefaultMaven.java:261)
    at org.apache.maven.DefaultMaven.doExecute (DefaultMaven.java:173)
    at org.apache.maven.DefaultMaven.execute (DefaultMaven.java:101)
    at org.apache.maven.cli.MavenCli.execute (MavenCli.java:906)
    at org.apache.maven.cli.MavenCli.doMain (MavenCli.java:283)
    at org.apache.maven.cli.MavenCli.main (MavenCli.java:206)
    at jdk.internal.reflect.NativeMethodAccessorImpl.invoke0 (Native Method)
    at jdk.internal.reflect.NativeMethodAccessorImpl.invoke (NativeMethodAccessorImpl.java:77)
    at jdk.internal.reflect.DelegatingMethodAccessorImpl.invoke (DelegatingMethodAccessorImpl.java:43)
    at java.lang.reflect.Method.invoke (Method.java:569)
    at org.codehaus.plexus.classworlds.launcher.Launcher.launchEnhanced (Launcher.java:255)
    at org.codehaus.plexus.classworlds.launcher.Launcher.launch (Launcher.java:201)
    at org.codehaus.plexus.classworlds.launcher.Launcher.mainWithExitCode (Launcher.java:361)
    at org.codehaus.plexus.classworlds.launcher.Launcher.main (Launcher.java:314)
Caused by: java.lang.AssertionError: Variable used before definition: @21 at $74
    at org.teavm.model.util.PhiUpdater.use (PhiUpdater.java:582)
    at org.teavm.model.util.PhiUpdater$1.visit (PhiUpdater.java:626)
    at org.teavm.model.instructions.BinaryInstruction.acceptVisitor (BinaryInstruction.java:67)
    at org.teavm.model.util.PhiUpdater.renameVariables (PhiUpdater.java:326)
    at org.teavm.model.util.PhiUpdater.updatePhis (PhiUpdater.java:176)
    at org.teavm.model.util.PhiUpdater.updatePhis (PhiUpdater.java:122)
    at org.teavm.backend.lowlevel.transform.CoroutineTransformation.apply (CoroutineTransformation.java:129)
    at org.teavm.backend.wasm.WasmTarget.afterOptimizations (WasmTarget.java:470)
    at org.teavm.vm.TeaVM.optimizeMethodCacheMiss (TeaVM.java:797)
    at org.teavm.vm.TeaVM$PostProcessingClassHolderSource.lambda$get$2 (TeaVM.java:1054)
    at org.teavm.model.MethodHolder.getProgram (MethodHolder.java:155)
    at org.teavm.model.classes.VirtualTableBuilder.getMethodsUsedOnCallSites (VirtualTableBuilder.java:528)
    at org.teavm.backend.wasm.WasmTarget.createVirtualTableProvider (WasmTarget.java:1081)
    at org.teavm.backend.wasm.WasmTarget.emit (WasmTarget.java:483)
    at org.teavm.vm.TeaVM.build (TeaVM.java:470)
    at org.teavm.tooling.TeaVMTool.generate (TeaVMTool.java:540)
    at org.teavm.tooling.builder.InProcessBuildStrategy.build (InProcessBuildStrategy.java:328)
    at org.teavm.maven.TeaVMCompileMojo.executeWithBuilder (TeaVMCompileMojo.java:329)
    at org.teavm.maven.TeaVMCompileMojo.execute (TeaVMCompileMojo.java:278)
    at org.apache.maven.plugin.DefaultBuildPluginManager.executeMojo (DefaultBuildPluginManager.java:126)
    at org.apache.maven.lifecycle.internal.MojoExecutor.doExecute2 (MojoExecutor.java:328)
    at org.apache.maven.lifecycle.internal.MojoExecutor.doExecute (MojoExecutor.java:316)
    at org.apache.maven.lifecycle.internal.MojoExecutor.execute (MojoExecutor.java:212)
    at org.apache.maven.lifecycle.internal.MojoExecutor.execute (MojoExecutor.java:174)
    at org.apache.maven.lifecycle.internal.MojoExecutor.access$000 (MojoExecutor.java:75)
    at org.apache.maven.lifecycle.internal.MojoExecutor$1.run (MojoExecutor.java:162)
    at org.apache.maven.plugin.DefaultMojosExecutionStrategy.execute (DefaultMojosExecutionStrategy.java:39)
    at org.apache.maven.lifecycle.internal.MojoExecutor.execute (MojoExecutor.java:159)
    at org.apache.maven.lifecycle.internal.LifecycleModuleBuilder.buildProject (LifecycleModuleBuilder.java:105)
    at org.apache.maven.lifecycle.internal.LifecycleModuleBuilder.buildProject (LifecycleModuleBuilder.java:73)
    at org.apache.maven.lifecycle.internal.builder.singlethreaded.SingleThreadedBuilder.build (SingleThreadedBuilder.java:53)
    at org.apache.maven.lifecycle.internal.LifecycleStarter.execute (LifecycleStarter.java:118)
    at org.apache.maven.DefaultMaven.doExecute (DefaultMaven.java:261)
    at org.apache.maven.DefaultMaven.doExecute (DefaultMaven.java:173)
    at org.apache.maven.DefaultMaven.execute (DefaultMaven.java:101)
    at org.apache.maven.cli.MavenCli.execute (MavenCli.java:906)
    at org.apache.maven.cli.MavenCli.doMain (MavenCli.java:283)
    at org.apache.maven.cli.MavenCli.main (MavenCli.java:206)
    at jdk.internal.reflect.NativeMethodAccessorImpl.invoke0 (Native Method)
    at jdk.internal.reflect.NativeMethodAccessorImpl.invoke (NativeMethodAccessorImpl.java:77)
    at jdk.internal.reflect.DelegatingMethodAccessorImpl.invoke (DelegatingMethodAccessorImpl.java:43)
    at java.lang.reflect.Method.invoke (Method.java:569)
    at org.codehaus.plexus.classworlds.launcher.Launcher.launchEnhanced (Launcher.java:255)
    at org.codehaus.plexus.classworlds.launcher.Launcher.launch (Launcher.java:201)
    at org.codehaus.plexus.classworlds.launcher.Launcher.mainWithExitCode (Launcher.java:361)
    at org.codehaus.plexus.classworlds.launcher.Launcher.main (Launcher.java:314)
[ERROR] 
[ERROR] Re-run Maven using the -X switch to enable full debug logging.
[ERROR] 
[ERROR] For more information about the errors and possible solutions, please read the following articles:
[ERROR] [Help 1] http://cwiki.apache.org/confluence/display/MAVEN/MojoExecutionException
