6 command-line variables
M_LoadDefaults: Load system defaults.
M_Random: Using DelegateRandom.
-iwad specified. Will be used with priority

ITicker: Using nanosecond accuracy timer.
                            FreeDoom: Phase 1          v1.9                           
W_Init: Init WADfiles.
	added freedoom1.wad (zipped: false network: true)
VI_Init: set palettes.
Palette: 3584 colors
VI_Init: set colormaps.
Colormaps: 35
V_Init: allocate screens.
AM_Init: Init Automap colors - 
===========================================================================
       Copyright © 2001-2017 Contributors to the Freedoom project.
                            All rights reserved.
     See: https://github.com/freedoom/freedoom/blob/master/COPYING.adoc
===========================================================================
Tables.InitTables: Init trigonometric LUTs.
M_Init: Init miscellaneous info.
R_Init: Init DOOM refresh daemon - 
P_Init: Init Playloop state.
false NUKAGE1 NUKAGE3 8
false FWATER1 FWATER4 8
false SWATER1 SWATER4 8
false LAVA1 LAVA4 8
false BLOOD1 BLOOD3 8
false RROCK05 RROCK08 8
false SLIME01 SLIME04 8
false SLIME05 SLIME08 8
false SLIME09 SLIME12 8
I_Init: Setting up machine state.
D_CheckNetGame: Checking network game status.
startskill sk_medium  deathmatch: false  startmap: 1  startepisode: 1
player 1 of 1 (1 nodes)
S_Init: Setting up sound.
M_Random: Switching to DoomRandom (new instance)
P_GetNodesVersion: using normal BSP nodes
PMLE_NODE_COMMAND_STREAM|PASS|mode=DEATHMATCH|tics=5250|p50_ms=0.046|p95_ms=0.239|p99_ms=0.411|max_ms=6.306|throughput_tps=12948.753
PMLE_NODE_COMMAND_WINDOW|through_tic=100|tics=100|wall_ms=49.092|tps=2036.981|iwadBytes=28795076|frameBytes=64000|thinkers=247|mobjs=238|killMonsters=29|livingMonsters=29|awakeMonsters=9|movingMonsters=0|vertexes=1196|segs=2057|sectors=182|subsectors=682|nodes=681|lines=1175|sides=1829|blockmapInts=3764|blocklinks=864|rejectBytes=4141
PMLE_NODE_COMMAND_WINDOW|through_tic=200|tics=100|wall_ms=34.573|tps=2892.419|iwadBytes=28795076|frameBytes=64000|thinkers=254|mobjs=243|killMonsters=29|livingMonsters=28|awakeMonsters=20|movingMonsters=2|vertexes=1196|segs=2057|sectors=182|subsectors=682|nodes=681|lines=1175|sides=1829|blockmapInts=3764|blocklinks=864|rejectBytes=4141
PMLE_NODE_COMMAND_WINDOW|through_tic=300|tics=100|wall_ms=23.959|tps=4173.816|iwadBytes=28795076|frameBytes=64000|thinkers=253|mobjs=243|killMonsters=29|livingMonsters=28|awakeMonsters=20|movingMonsters=1|vertexes=1196|segs=2057|sectors=182|subsectors=682|nodes=681|lines=1175|sides=1829|blockmapInts=3764|blocklinks=864|rejectBytes=4141
PMLE_NODE_COMMAND_WINDOW|through_tic=400|tics=100|wall_ms=25.548|tps=3914.224|iwadBytes=28795076|frameBytes=64000|thinkers=250|mobjs=240|killMonsters=29|livingMonsters=28|awakeMonsters=20|movingMonsters=0|vertexes=1196|segs=2057|sectors=182|subsectors=682|nodes=681|lines=1175|sides=1829|blockmapInts=3764|blocklinks=864|rejectBytes=4141
PMLE_NODE_COMMAND_WINDOW|through_tic=500|tics=100|wall_ms=16.549|tps=6042.572|iwadBytes=28795076|frameBytes=64000|thinkers=248|mobjs=239|killMonsters=29|livingMonsters=28|awakeMonsters=20|movingMonsters=0|vertexes=1196|segs=2057|sectors=182|subsectors=682|nodes=681|lines=1175|sides=1829|blockmapInts=3764|blocklinks=864|rejectBytes=4141
PMLE_NODE_COMMAND_WINDOW|through_tic=600|tics=100|wall_ms=13.186|tps=7583.557|iwadBytes=28795076|frameBytes=64000|thinkers=247|mobjs=238|killMonsters=29|livingMonsters=28|awakeMonsters=20|movingMonsters=0|vertexes=1196|segs=2057|sectors=182|subsectors=682|nodes=681|lines=1175|sides=1829|blockmapInts=3764|blocklinks=864|rejectBytes=4141
PMLE_NODE_COMMAND_WINDOW|through_tic=700|tics=100|wall_ms=18.803|tps=5318.279|iwadBytes=28795076|frameBytes=64000|thinkers=249|mobjs=239|killMonsters=29|livingMonsters=28|awakeMonsters=20|movingMonsters=0|vertexes=1196|segs=2057|sectors=182|subsectors=682|nodes=681|lines=1175|sides=1829|blockmapInts=3764|blocklinks=864|rejectBytes=4141
PMLE_NODE_COMMAND_WINDOW|through_tic=800|tics=100|wall_ms=11.414|tps=8760.866|iwadBytes=28795076|frameBytes=64000|thinkers=240|mobjs=231|killMonsters=29|livingMonsters=28|awakeMonsters=20|movingMonsters=2|vertexes=1196|segs=2057|sectors=182|subsectors=682|nodes=681|lines=1175|sides=1829|blockmapInts=3764|blocklinks=864|rejectBytes=4141
PMLE_NODE_COMMAND_WINDOW|through_tic=900|tics=100|wall_ms=9.375|tps=10666.914|iwadBytes=28795076|frameBytes=64000|thinkers=241|mobjs=232|killMonsters=29|livingMonsters=27|awakeMonsters=19|movingMonsters=0|vertexes=1196|segs=2057|sectors=182|subsectors=682|nodes=681|lines=1175|sides=1829|blockmapInts=3764|blocklinks=864|rejectBytes=4141
PMLE_NODE_COMMAND_WINDOW|through_tic=1000|tics=100|wall_ms=10.854|tps=9213.192|iwadBytes=28795076|frameBytes=64000|thinkers=241|mobjs=231|killMonsters=29|livingMonsters=26|awakeMonsters=18|movingMonsters=0|vertexes=1196|segs=2057|sectors=182|subsectors=682|nodes=681|lines=1175|sides=1829|blockmapInts=3764|blocklinks=864|rejectBytes=4141
PMLE_NODE_COMMAND_WINDOW|through_tic=1100|tics=100|wall_ms=9.452|tps=10580.065|iwadBytes=28795076|frameBytes=64000|thinkers=238|mobjs=228|killMonsters=29|livingMonsters=24|awakeMonsters=18|movingMonsters=0|vertexes=1196|segs=2057|sectors=182|subsectors=682|nodes=681|lines=1175|sides=1829|blockmapInts=3764|blocklinks=864|rejectBytes=4141
PMLE_NODE_COMMAND_WINDOW|through_tic=1200|tics=100|wall_ms=7.337|tps=13630.011|iwadBytes=28795076|frameBytes=64000|thinkers=244|mobjs=234|killMonsters=29|livingMonsters=21|awakeMonsters=15|movingMonsters=0|vertexes=1196|segs=2057|sectors=182|subsectors=682|nodes=681|lines=1175|sides=1829|blockmapInts=3764|blocklinks=864|rejectBytes=4141
PMLE_NODE_COMMAND_WINDOW|through_tic=1300|tics=100|wall_ms=4.808|tps=20797.250|iwadBytes=28795076|frameBytes=64000|thinkers=237|mobjs=227|killMonsters=29|livingMonsters=21|awakeMonsters=15|movingMonsters=0|vertexes=1196|segs=2057|sectors=182|subsectors=682|nodes=681|lines=1175|sides=1829|blockmapInts=3764|blocklinks=864|rejectBytes=4141
PMLE_NODE_COMMAND_WINDOW|through_tic=1400|tics=100|wall_ms=3.719|tps=26886.433|iwadBytes=28795076|frameBytes=64000|thinkers=237|mobjs=227|killMonsters=29|livingMonsters=21|awakeMonsters=15|movingMonsters=0|vertexes=1196|segs=2057|sectors=182|subsectors=682|nodes=681|lines=1175|sides=1829|blockmapInts=3764|blocklinks=864|rejectBytes=4141
PMLE_NODE_COMMAND_WINDOW|through_tic=1500|tics=100|wall_ms=4.809|tps=20794.128|iwadBytes=28795076|frameBytes=64000|thinkers=235|mobjs=226|killMonsters=29|livingMonsters=21|awakeMonsters=15|movingMonsters=0|vertexes=1196|segs=2057|sectors=182|subsectors=682|nodes=681|lines=1175|sides=1829|blockmapInts=3764|blocklinks=864|rejectBytes=4141
PMLE_NODE_COMMAND_WINDOW|through_tic=1600|tics=100|wall_ms=5.328|tps=18767.719|iwadBytes=28795076|frameBytes=64000|thinkers=239|mobjs=229|killMonsters=29|livingMonsters=21|awakeMonsters=15|movingMonsters=0|vertexes=1196|segs=2057|sectors=182|subsectors=682|nodes=681|lines=1175|sides=1829|blockmapInts=3764|blocklinks=864|rejectBytes=4141
PMLE_NODE_COMMAND_WINDOW|through_tic=1700|tics=100|wall_ms=7.881|tps=12688.484|iwadBytes=28795076|frameBytes=64000|thinkers=239|mobjs=229|killMonsters=29|livingMonsters=19|awakeMonsters=17|movingMonsters=0|vertexes=1196|segs=2057|sectors=182|subsectors=682|nodes=681|lines=1175|sides=1829|blockmapInts=3764|blocklinks=864|rejectBytes=4141
PMLE_NODE_COMMAND_WINDOW|through_tic=1800|tics=100|wall_ms=4.927|tps=20295.746|iwadBytes=28795076|frameBytes=64000|thinkers=242|mobjs=232|killMonsters=29|livingMonsters=18|awakeMonsters=16|movingMonsters=1|vertexes=1196|segs=2057|sectors=182|subsectors=682|nodes=681|lines=1175|sides=1829|blockmapInts=3764|blocklinks=864|rejectBytes=4141
PMLE_NODE_COMMAND_WINDOW|through_tic=1900|tics=100|wall_ms=5.922|tps=16887.593|iwadBytes=28795076|frameBytes=64000|thinkers=235|mobjs=226|killMonsters=29|livingMonsters=18|awakeMonsters=16|movingMonsters=1|vertexes=1196|segs=2057|sectors=182|subsectors=682|nodes=681|lines=1175|sides=1829|blockmapInts=3764|blocklinks=864|rejectBytes=4141
PMLE_NODE_COMMAND_WINDOW|through_tic=2000|tics=100|wall_ms=5.328|tps=18767.303|iwadBytes=28795076|frameBytes=64000|thinkers=234|mobjs=225|killMonsters=29|livingMonsters=17|awakeMonsters=15|movingMonsters=0|vertexes=1196|segs=2057|sectors=182|subsectors=682|nodes=681|lines=1175|sides=1829|blockmapInts=3764|blocklinks=864|rejectBytes=4141
PMLE_NODE_COMMAND_WINDOW|through_tic=2100|tics=100|wall_ms=4.049|tps=24696.163|iwadBytes=28795076|frameBytes=64000|thinkers=234|mobjs=225|killMonsters=29|livingMonsters=17|awakeMonsters=15|movingMonsters=0|vertexes=1196|segs=2057|sectors=182|subsectors=682|nodes=681|lines=1175|sides=1829|blockmapInts=3764|blocklinks=864|rejectBytes=4141
PMLE_NODE_COMMAND_WINDOW|through_tic=2200|tics=100|wall_ms=4.200|tps=23810.646|iwadBytes=28795076|frameBytes=64000|thinkers=234|mobjs=225|killMonsters=29|livingMonsters=17|awakeMonsters=15|movingMonsters=0|vertexes=1196|segs=2057|sectors=182|subsectors=682|nodes=681|lines=1175|sides=1829|blockmapInts=3764|blocklinks=864|rejectBytes=4141
PMLE_NODE_COMMAND_WINDOW|through_tic=2300|tics=100|wall_ms=4.071|tps=24565.069|iwadBytes=28795076|frameBytes=64000|thinkers=234|mobjs=225|killMonsters=29|livingMonsters=17|awakeMonsters=15|movingMonsters=0|vertexes=1196|segs=2057|sectors=182|subsectors=682|nodes=681|lines=1175|sides=1829|blockmapInts=3764|blocklinks=864|rejectBytes=4141
PMLE_NODE_COMMAND_WINDOW|through_tic=2400|tics=100|wall_ms=6.560|tps=15244.574|iwadBytes=28795076|frameBytes=64000|thinkers=235|mobjs=225|killMonsters=29|livingMonsters=17|awakeMonsters=15|movingMonsters=0|vertexes=1196|segs=2057|sectors=182|subsectors=682|nodes=681|lines=1175|sides=1829|blockmapInts=3764|blocklinks=864|rejectBytes=4141
PMLE_NODE_COMMAND_WINDOW|through_tic=2500|tics=100|wall_ms=5.867|tps=17044.155|iwadBytes=28795076|frameBytes=64000|thinkers=237|mobjs=227|killMonsters=29|livingMonsters=17|awakeMonsters=15|movingMonsters=0|vertexes=1196|segs=2057|sectors=182|subsectors=682|nodes=681|lines=1175|sides=1829|blockmapInts=3764|blocklinks=864|rejectBytes=4141
PMLE_NODE_COMMAND_WINDOW|through_tic=2600|tics=100|wall_ms=5.663|tps=17657.743|iwadBytes=28795076|frameBytes=64000|thinkers=238|mobjs=228|killMonsters=29|livingMonsters=17|awakeMonsters=15|movingMonsters=0|vertexes=1196|segs=2057|sectors=182|subsectors=682|nodes=681|lines=1175|sides=1829|blockmapInts=3764|blocklinks=864|rejectBytes=4141
PMLE_NODE_COMMAND_WINDOW|through_tic=2700|tics=100|wall_ms=7.328|tps=13646.139|iwadBytes=28795076|frameBytes=64000|thinkers=236|mobjs=227|killMonsters=29|livingMonsters=17|awakeMonsters=15|movingMonsters=0|vertexes=1196|segs=2057|sectors=182|subsectors=682|nodes=681|lines=1175|sides=1829|blockmapInts=3764|blocklinks=864|rejectBytes=4141
PMLE_NODE_COMMAND_WINDOW|through_tic=2800|tics=100|wall_ms=5.715|tps=17497.672|iwadBytes=28795076|frameBytes=64000|thinkers=234|mobjs=225|killMonsters=29|livingMonsters=17|awakeMonsters=15|movingMonsters=0|vertexes=1196|segs=2057|sectors=182|subsectors=682|nodes=681|lines=1175|sides=1829|blockmapInts=3764|blocklinks=864|rejectBytes=4141
PMLE_NODE_COMMAND_WINDOW|through_tic=2900|tics=100|wall_ms=5.089|tps=19650.095|iwadBytes=28795076|frameBytes=64000|thinkers=234|mobjs=225|killMonsters=29|livingMonsters=17|awakeMonsters=15|movingMonsters=0|vertexes=1196|segs=2057|sectors=182|subsectors=682|nodes=681|lines=1175|sides=1829|blockmapInts=3764|blocklinks=864|rejectBytes=4141
PMLE_NODE_COMMAND_WINDOW|through_tic=3000|tics=100|wall_ms=5.384|tps=18574.866|iwadBytes=28795076|frameBytes=64000|thinkers=234|mobjs=225|killMonsters=29|livingMonsters=17|awakeMonsters=15|movingMonsters=0|vertexes=1196|segs=2057|sectors=182|subsectors=682|nodes=681|lines=1175|sides=1829|blockmapInts=3764|blocklinks=864|rejectBytes=4141
PMLE_NODE_COMMAND_WINDOW|through_tic=3100|tics=100|wall_ms=5.727|tps=17460.387|iwadBytes=28795076|frameBytes=64000|thinkers=234|mobjs=225|killMonsters=29|livingMonsters=17|awakeMonsters=15|movingMonsters=0|vertexes=1196|segs=2057|sectors=182|subsectors=682|nodes=681|lines=1175|sides=1829|blockmapInts=3764|blocklinks=864|rejectBytes=4141
PMLE_NODE_COMMAND_WINDOW|through_tic=3200|tics=100|wall_ms=6.247|tps=16007.640|iwadBytes=28795076|frameBytes=64000|thinkers=236|mobjs=226|killMonsters=29|livingMonsters=17|awakeMonsters=15|movingMonsters=0|vertexes=1196|segs=2057|sectors=182|subsectors=682|nodes=681|lines=1175|sides=1829|blockmapInts=3764|blocklinks=864|rejectBytes=4141
PMLE_NODE_COMMAND_WINDOW|through_tic=3300|tics=100|wall_ms=6.080|tps=16448.551|iwadBytes=28795076|frameBytes=64000|thinkers=236|mobjs=226|killMonsters=29|livingMonsters=17|awakeMonsters=15|movingMonsters=0|vertexes=1196|segs=2057|sectors=182|subsectors=682|nodes=681|lines=1175|sides=1829|blockmapInts=3764|blocklinks=864|rejectBytes=4141
PMLE_NODE_COMMAND_WINDOW|through_tic=3400|tics=100|wall_ms=4.283|tps=23346.676|iwadBytes=28795076|frameBytes=64000|thinkers=235|mobjs=225|killMonsters=29|livingMonsters=17|awakeMonsters=15|movingMonsters=0|vertexes=1196|segs=2057|sectors=182|subsectors=682|nodes=681|lines=1175|sides=1829|blockmapInts=3764|blocklinks=864|rejectBytes=4141
PMLE_NODE_COMMAND_WINDOW|through_tic=3500|tics=100|wall_ms=7.872|tps=12702.924|iwadBytes=28795076|frameBytes=64000|thinkers=240|mobjs=231|killMonsters=29|livingMonsters=17|awakeMonsters=15|movingMonsters=0|vertexes=1196|segs=2057|sectors=182|subsectors=682|nodes=681|lines=1175|sides=1829|blockmapInts=3764|blocklinks=864|rejectBytes=4141
PMLE_NODE_COMMAND_WINDOW|through_tic=3600|tics=100|wall_ms=5.817|tps=17190.111|iwadBytes=28795076|frameBytes=64000|thinkers=234|mobjs=225|killMonsters=29|livingMonsters=17|awakeMonsters=15|movingMonsters=0|vertexes=1196|segs=2057|sectors=182|subsectors=682|nodes=681|lines=1175|sides=1829|blockmapInts=3764|blocklinks=864|rejectBytes=4141
PMLE_NODE_COMMAND_WINDOW|through_tic=3700|tics=100|wall_ms=4.394|tps=22757.789|iwadBytes=28795076|frameBytes=64000|thinkers=234|mobjs=225|killMonsters=29|livingMonsters=17|awakeMonsters=15|movingMonsters=0|vertexes=1196|segs=2057|sectors=182|subsectors=682|nodes=681|lines=1175|sides=1829|blockmapInts=3764|blocklinks=864|rejectBytes=4141
PMLE_NODE_COMMAND_WINDOW|through_tic=3800|tics=100|wall_ms=4.104|tps=24366.080|iwadBytes=28795076|frameBytes=64000|thinkers=234|mobjs=225|killMonsters=29|livingMonsters=17|awakeMonsters=15|movingMonsters=0|vertexes=1196|segs=2057|sectors=182|subsectors=682|nodes=681|lines=1175|sides=1829|blockmapInts=3764|blocklinks=864|rejectBytes=4141
PMLE_NODE_COMMAND_WINDOW|through_tic=3900|tics=100|wall_ms=4.085|tps=24479.415|iwadBytes=28795076|frameBytes=64000|thinkers=235|mobjs=226|killMonsters=29|livingMonsters=17|awakeMonsters=15|movingMonsters=0|vertexes=1196|segs=2057|sectors=182|subsectors=682|nodes=681|lines=1175|sides=1829|blockmapInts=3764|blocklinks=864|rejectBytes=4141
PMLE_NODE_COMMAND_WINDOW|through_tic=4000|tics=100|wall_ms=4.218|tps=23708.059|iwadBytes=28795076|frameBytes=64000|thinkers=236|mobjs=227|killMonsters=29|livingMonsters=17|awakeMonsters=15|movingMonsters=0|vertexes=1196|segs=2057|sectors=182|subsectors=682|nodes=681|lines=1175|sides=1829|blockmapInts=3764|blocklinks=864|rejectBytes=4141
PMLE_NODE_COMMAND_WINDOW|through_tic=4100|tics=100|wall_ms=4.115|tps=24299.447|iwadBytes=28795076|frameBytes=64000|thinkers=236|mobjs=227|killMonsters=29|livingMonsters=17|awakeMonsters=15|movingMonsters=0|vertexes=1196|segs=2057|sectors=182|subsectors=682|nodes=681|lines=1175|sides=1829|blockmapInts=3764|blocklinks=864|rejectBytes=4141
PMLE_NODE_COMMAND_WINDOW|through_tic=4200|tics=100|wall_ms=2.556|tps=39122.039|iwadBytes=28795076|frameBytes=64000|thinkers=234|mobjs=225|killMonsters=29|livingMonsters=17|awakeMonsters=15|movingMonsters=0|vertexes=1196|segs=2057|sectors=182|subsectors=682|nodes=681|lines=1175|sides=1829|blockmapInts=3764|blocklinks=864|rejectBytes=4141
PMLE_NODE_COMMAND_WINDOW|through_tic=4300|tics=100|wall_ms=2.201|tps=45444.031|iwadBytes=28795076|frameBytes=64000|thinkers=234|mobjs=225|killMonsters=29|livingMonsters=17|awakeMonsters=15|movingMonsters=0|vertexes=1196|segs=2057|sectors=182|subsectors=682|nodes=681|lines=1175|sides=1829|blockmapInts=3764|blocklinks=864|rejectBytes=4141
PMLE_NODE_COMMAND_WINDOW|through_tic=4400|tics=100|wall_ms=2.426|tps=41223.735|iwadBytes=28795076|frameBytes=64000|thinkers=234|mobjs=225|killMonsters=29|livingMonsters=17|awakeMonsters=15|movingMonsters=0|vertexes=1196|segs=2057|sectors=182|subsectors=682|nodes=681|lines=1175|sides=1829|blockmapInts=3764|blocklinks=864|rejectBytes=4141
PMLE_NODE_COMMAND_WINDOW|through_tic=4500|tics=100|wall_ms=2.148|tps=46562.522|iwadBytes=28795076|frameBytes=64000|thinkers=234|mobjs=225|killMonsters=29|livingMonsters=17|awakeMonsters=15|movingMonsters=0|vertexes=1196|segs=2057|sectors=182|subsectors=682|nodes=681|lines=1175|sides=1829|blockmapInts=3764|blocklinks=864|rejectBytes=4141
PMLE_NODE_COMMAND_WINDOW|through_tic=4600|tics=100|wall_ms=2.183|tps=45803.275|iwadBytes=28795076|frameBytes=64000|thinkers=234|mobjs=225|killMonsters=29|livingMonsters=17|awakeMonsters=15|movingMonsters=0|vertexes=1196|segs=2057|sectors=182|subsectors=682|nodes=681|lines=1175|sides=1829|blockmapInts=3764|blocklinks=864|rejectBytes=4141
PMLE_NODE_COMMAND_WINDOW|through_tic=4700|tics=100|wall_ms=2.126|tps=47025.740|iwadBytes=28795076|frameBytes=64000|thinkers=234|mobjs=225|killMonsters=29|livingMonsters=17|awakeMonsters=15|movingMonsters=0|vertexes=1196|segs=2057|sectors=182|subsectors=682|nodes=681|lines=1175|sides=1829|blockmapInts=3764|blocklinks=864|rejectBytes=4141
PMLE_NODE_COMMAND_WINDOW|through_tic=4800|tics=100|wall_ms=2.139|tps=46759.847|iwadBytes=28795076|frameBytes=64000|thinkers=234|mobjs=225|killMonsters=29|livingMonsters=17|awakeMonsters=15|movingMonsters=0|vertexes=1196|segs=2057|sectors=182|subsectors=682|nodes=681|lines=1175|sides=1829|blockmapInts=3764|blocklinks=864|rejectBytes=4141
PMLE_NODE_COMMAND_WINDOW|through_tic=4900|tics=100|wall_ms=2.116|tps=47247.859|iwadBytes=28795076|frameBytes=64000|thinkers=234|mobjs=225|killMonsters=29|livingMonsters=17|awakeMonsters=15|movingMonsters=0|vertexes=1196|segs=2057|sectors=182|subsectors=682|nodes=681|lines=1175|sides=1829|blockmapInts=3764|blocklinks=864|rejectBytes=4141
PMLE_NODE_COMMAND_WINDOW|through_tic=5000|tics=100|wall_ms=2.130|tps=46950.605|iwadBytes=28795076|frameBytes=64000|thinkers=234|mobjs=225|killMonsters=29|livingMonsters=17|awakeMonsters=15|movingMonsters=0|vertexes=1196|segs=2057|sectors=182|subsectors=682|nodes=681|lines=1175|sides=1829|blockmapInts=3764|blocklinks=864|rejectBytes=4141
PMLE_NODE_COMMAND_WINDOW|through_tic=5100|tics=100|wall_ms=2.231|tps=44828.435|iwadBytes=28795076|frameBytes=64000|thinkers=234|mobjs=225|killMonsters=29|livingMonsters=17|awakeMonsters=15|movingMonsters=0|vertexes=1196|segs=2057|sectors=182|subsectors=682|nodes=681|lines=1175|sides=1829|blockmapInts=3764|blocklinks=864|rejectBytes=4141
PMLE_NODE_COMMAND_WINDOW|through_tic=5200|tics=100|wall_ms=2.090|tps=47856.324|iwadBytes=28795076|frameBytes=64000|thinkers=234|mobjs=225|killMonsters=29|livingMonsters=17|awakeMonsters=15|movingMonsters=0|vertexes=1196|segs=2057|sectors=182|subsectors=682|nodes=681|lines=1175|sides=1829|blockmapInts=3764|blocklinks=864|rejectBytes=4141
PMLE_NODE_COMMAND_WINDOW|through_tic=5250|tics=50|wall_ms=1.037|tps=48222.611|iwadBytes=28795076|frameBytes=64000|thinkers=234|mobjs=225|killMonsters=29|livingMonsters=17|awakeMonsters=15|movingMonsters=0|vertexes=1196|segs=2057|sectors=182|subsectors=682|nodes=681|lines=1175|sides=1829|blockmapInts=3764|blocklinks=864|rejectBytes=4141
PMLE_NODE_COMMAND_MEMORY|iwadBytes=28795076|frameBytes=64000|thinkers=234|mobjs=225|killMonsters=29|livingMonsters=17|awakeMonsters=15|movingMonsters=0|vertexes=1196|segs=2057|sectors=182|subsectors=682|nodes=681|lines=1175|sides=1829|blockmapInts=3764|blocklinks=864|rejectBytes=4141
