6 command-line variables
M_LoadDefaults: Load system defaults.
M_Random: Using DelegateRandom.
-iwad specified. Will be used with priority

ITicker: Using nanosecond accuracy timer.
                            FreeDoom: Phase 1          v1.9                           
W_Init: Init WADfiles.
	added freedoom1.wad (zipped: false network: true)
VI_Init: set palettes.
Palette: 3584 colors
VI_Init: set colormaps.
Colormaps: 35
V_Init: allocate screens.
AM_Init: Init Automap colors - 
===========================================================================
       Copyright © 2001-2017 Contributors to the Freedoom project.
                            All rights reserved.
     See: https://github.com/freedoom/freedoom/blob/master/COPYING.adoc
===========================================================================
Tables.InitTables: Init trigonometric LUTs.
M_Init: Init miscellaneous info.
R_Init: Init DOOM refresh daemon - 
P_Init: Init Playloop state.
false NUKAGE1 NUKAGE3 8
false FWATER1 FWATER4 8
false SWATER1 SWATER4 8
false LAVA1 LAVA4 8
false BLOOD1 BLOOD3 8
false RROCK05 RROCK08 8
false SLIME01 SLIME04 8
false SLIME05 SLIME08 8
false SLIME09 SLIME12 8
I_Init: Setting up machine state.
D_CheckNetGame: Checking network game status.
startskill sk_medium  deathmatch: false  startmap: 1  startepisode: 1
player 1 of 1 (1 nodes)
S_Init: Setting up sound.
M_Random: Switching to DoomRandom (new instance)
P_GetNodesVersion: using normal BSP nodes
PMLE_NODE_COMMAND_STREAM|PASS|mode=DEATHMATCH|tics=5250|p50_ms=0.040|p95_ms=0.256|p99_ms=0.455|max_ms=5.012|throughput_tps=13645.118
PMLE_NODE_COMMAND_WINDOW|through_tic=100|tics=100|wall_ms=46.679|tps=2142.284|iwadBytes=28795076|frameBytes=64000|thinkers=247|mobjs=238|killMonsters=29|livingMonsters=29|awakeMonsters=9|movingMonsters=0|vertexes=1196|segs=2057|sectors=182|subsectors=682|nodes=681|lines=1175|sides=1829|blockmapInts=3764|blocklinks=864|rejectBytes=4141
PMLE_NODE_COMMAND_WINDOW|through_tic=200|tics=100|wall_ms=35.328|tps=2830.635|iwadBytes=28795076|frameBytes=64000|thinkers=254|mobjs=243|killMonsters=29|livingMonsters=28|awakeMonsters=20|movingMonsters=2|vertexes=1196|segs=2057|sectors=182|subsectors=682|nodes=681|lines=1175|sides=1829|blockmapInts=3764|blocklinks=864|rejectBytes=4141
PMLE_NODE_COMMAND_WINDOW|through_tic=300|tics=100|wall_ms=25.851|tps=3868.342|iwadBytes=28795076|frameBytes=64000|thinkers=253|mobjs=243|killMonsters=29|livingMonsters=28|awakeMonsters=20|movingMonsters=1|vertexes=1196|segs=2057|sectors=182|subsectors=682|nodes=681|lines=1175|sides=1829|blockmapInts=3764|blocklinks=864|rejectBytes=4141
PMLE_NODE_COMMAND_WINDOW|through_tic=400|tics=100|wall_ms=29.910|tps=3343.419|iwadBytes=28795076|frameBytes=64000|thinkers=250|mobjs=240|killMonsters=29|livingMonsters=28|awakeMonsters=20|movingMonsters=0|vertexes=1196|segs=2057|sectors=182|subsectors=682|nodes=681|lines=1175|sides=1829|blockmapInts=3764|blocklinks=864|rejectBytes=4141
PMLE_NODE_COMMAND_WINDOW|through_tic=500|tics=100|wall_ms=19.584|tps=5106.246|iwadBytes=28795076|frameBytes=64000|thinkers=248|mobjs=239|killMonsters=29|livingMonsters=28|awakeMonsters=20|movingMonsters=0|vertexes=1196|segs=2057|sectors=182|subsectors=682|nodes=681|lines=1175|sides=1829|blockmapInts=3764|blocklinks=864|rejectBytes=4141
PMLE_NODE_COMMAND_WINDOW|through_tic=600|tics=100|wall_ms=15.123|tps=6612.561|iwadBytes=28795076|frameBytes=64000|thinkers=247|mobjs=238|killMonsters=29|livingMonsters=28|awakeMonsters=20|movingMonsters=0|vertexes=1196|segs=2057|sectors=182|subsectors=682|nodes=681|lines=1175|sides=1829|blockmapInts=3764|blocklinks=864|rejectBytes=4141
PMLE_NODE_COMMAND_WINDOW|through_tic=700|tics=100|wall_ms=19.201|tps=5207.980|iwadBytes=28795076|frameBytes=64000|thinkers=249|mobjs=239|killMonsters=29|livingMonsters=28|awakeMonsters=20|movingMonsters=0|vertexes=1196|segs=2057|sectors=182|subsectors=682|nodes=681|lines=1175|sides=1829|blockmapInts=3764|blocklinks=864|rejectBytes=4141
PMLE_NODE_COMMAND_WINDOW|through_tic=800|tics=100|wall_ms=11.207|tps=8922.725|iwadBytes=28795076|frameBytes=64000|thinkers=240|mobjs=231|killMonsters=29|livingMonsters=28|awakeMonsters=20|movingMonsters=2|vertexes=1196|segs=2057|sectors=182|subsectors=682|nodes=681|lines=1175|sides=1829|blockmapInts=3764|blocklinks=864|rejectBytes=4141
PMLE_NODE_COMMAND_WINDOW|through_tic=900|tics=100|wall_ms=9.320|tps=10729.203|iwadBytes=28795076|frameBytes=64000|thinkers=241|mobjs=232|killMonsters=29|livingMonsters=27|awakeMonsters=19|movingMonsters=0|vertexes=1196|segs=2057|sectors=182|subsectors=682|nodes=681|lines=1175|sides=1829|blockmapInts=3764|blocklinks=864|rejectBytes=4141
PMLE_NODE_COMMAND_WINDOW|through_tic=1000|tics=100|wall_ms=8.963|tps=11157.173|iwadBytes=28795076|frameBytes=64000|thinkers=241|mobjs=231|killMonsters=29|livingMonsters=26|awakeMonsters=18|movingMonsters=0|vertexes=1196|segs=2057|sectors=182|subsectors=682|nodes=681|lines=1175|sides=1829|blockmapInts=3764|blocklinks=864|rejectBytes=4141
PMLE_NODE_COMMAND_WINDOW|through_tic=1100|tics=100|wall_ms=8.767|tps=11406.206|iwadBytes=28795076|frameBytes=64000|thinkers=238|mobjs=228|killMonsters=29|livingMonsters=24|awakeMonsters=18|movingMonsters=0|vertexes=1196|segs=2057|sectors=182|subsectors=682|nodes=681|lines=1175|sides=1829|blockmapInts=3764|blocklinks=864|rejectBytes=4141
PMLE_NODE_COMMAND_WINDOW|through_tic=1200|tics=100|wall_ms=7.186|tps=13915.342|iwadBytes=28795076|frameBytes=64000|thinkers=244|mobjs=234|killMonsters=29|livingMonsters=21|awakeMonsters=15|movingMonsters=0|vertexes=1196|segs=2057|sectors=182|subsectors=682|nodes=681|lines=1175|sides=1829|blockmapInts=3764|blocklinks=864|rejectBytes=4141
PMLE_NODE_COMMAND_WINDOW|through_tic=1300|tics=100|wall_ms=4.039|tps=24761.295|iwadBytes=28795076|frameBytes=64000|thinkers=237|mobjs=227|killMonsters=29|livingMonsters=21|awakeMonsters=15|movingMonsters=0|vertexes=1196|segs=2057|sectors=182|subsectors=682|nodes=681|lines=1175|sides=1829|blockmapInts=3764|blocklinks=864|rejectBytes=4141
PMLE_NODE_COMMAND_WINDOW|through_tic=1400|tics=100|wall_ms=2.999|tps=33341.013|iwadBytes=28795076|frameBytes=64000|thinkers=237|mobjs=227|killMonsters=29|livingMonsters=21|awakeMonsters=15|movingMonsters=0|vertexes=1196|segs=2057|sectors=182|subsectors=682|nodes=681|lines=1175|sides=1829|blockmapInts=3764|blocklinks=864|rejectBytes=4141
PMLE_NODE_COMMAND_WINDOW|through_tic=1500|tics=100|wall_ms=4.588|tps=21794.868|iwadBytes=28795076|frameBytes=64000|thinkers=235|mobjs=226|killMonsters=29|livingMonsters=21|awakeMonsters=15|movingMonsters=0|vertexes=1196|segs=2057|sectors=182|subsectors=682|nodes=681|lines=1175|sides=1829|blockmapInts=3764|blocklinks=864|rejectBytes=4141
PMLE_NODE_COMMAND_WINDOW|through_tic=1600|tics=100|wall_ms=5.113|tps=19557.859|iwadBytes=28795076|frameBytes=64000|thinkers=239|mobjs=229|killMonsters=29|livingMonsters=21|awakeMonsters=15|movingMonsters=0|vertexes=1196|segs=2057|sectors=182|subsectors=682|nodes=681|lines=1175|sides=1829|blockmapInts=3764|blocklinks=864|rejectBytes=4141
PMLE_NODE_COMMAND_WINDOW|through_tic=1700|tics=100|wall_ms=7.580|tps=13193.133|iwadBytes=28795076|frameBytes=64000|thinkers=239|mobjs=229|killMonsters=29|livingMonsters=19|awakeMonsters=17|movingMonsters=0|vertexes=1196|segs=2057|sectors=182|subsectors=682|nodes=681|lines=1175|sides=1829|blockmapInts=3764|blocklinks=864|rejectBytes=4141
PMLE_NODE_COMMAND_WINDOW|through_tic=1800|tics=100|wall_ms=5.340|tps=18725.792|iwadBytes=28795076|frameBytes=64000|thinkers=242|mobjs=232|killMonsters=29|livingMonsters=18|awakeMonsters=16|movingMonsters=1|vertexes=1196|segs=2057|sectors=182|subsectors=682|nodes=681|lines=1175|sides=1829|blockmapInts=3764|blocklinks=864|rejectBytes=4141
PMLE_NODE_COMMAND_WINDOW|through_tic=1900|tics=100|wall_ms=5.885|tps=16991.158|iwadBytes=28795076|frameBytes=64000|thinkers=235|mobjs=226|killMonsters=29|livingMonsters=18|awakeMonsters=16|movingMonsters=1|vertexes=1196|segs=2057|sectors=182|subsectors=682|nodes=681|lines=1175|sides=1829|blockmapInts=3764|blocklinks=864|rejectBytes=4141
PMLE_NODE_COMMAND_WINDOW|through_tic=2000|tics=100|wall_ms=5.182|tps=19299.282|iwadBytes=28795076|frameBytes=64000|thinkers=234|mobjs=225|killMonsters=29|livingMonsters=17|awakeMonsters=15|movingMonsters=0|vertexes=1196|segs=2057|sectors=182|subsectors=682|nodes=681|lines=1175|sides=1829|blockmapInts=3764|blocklinks=864|rejectBytes=4141
PMLE_NODE_COMMAND_WINDOW|through_tic=2100|tics=100|wall_ms=4.342|tps=23029.021|iwadBytes=28795076|frameBytes=64000|thinkers=234|mobjs=225|killMonsters=29|livingMonsters=17|awakeMonsters=15|movingMonsters=0|vertexes=1196|segs=2057|sectors=182|subsectors=682|nodes=681|lines=1175|sides=1829|blockmapInts=3764|blocklinks=864|rejectBytes=4141
PMLE_NODE_COMMAND_WINDOW|through_tic=2200|tics=100|wall_ms=4.390|tps=22777.590|iwadBytes=28795076|frameBytes=64000|thinkers=234|mobjs=225|killMonsters=29|livingMonsters=17|awakeMonsters=15|movingMonsters=0|vertexes=1196|segs=2057|sectors=182|subsectors=682|nodes=681|lines=1175|sides=1829|blockmapInts=3764|blocklinks=864|rejectBytes=4141
PMLE_NODE_COMMAND_WINDOW|through_tic=2300|tics=100|wall_ms=4.347|tps=23003.117|iwadBytes=28795076|frameBytes=64000|thinkers=234|mobjs=225|killMonsters=29|livingMonsters=17|awakeMonsters=15|movingMonsters=0|vertexes=1196|segs=2057|sectors=182|subsectors=682|nodes=681|lines=1175|sides=1829|blockmapInts=3764|blocklinks=864|rejectBytes=4141
PMLE_NODE_COMMAND_WINDOW|through_tic=2400|tics=100|wall_ms=5.065|tps=19743.586|iwadBytes=28795076|frameBytes=64000|thinkers=235|mobjs=225|killMonsters=29|livingMonsters=17|awakeMonsters=15|movingMonsters=0|vertexes=1196|segs=2057|sectors=182|subsectors=682|nodes=681|lines=1175|sides=1829|blockmapInts=3764|blocklinks=864|rejectBytes=4141
PMLE_NODE_COMMAND_WINDOW|through_tic=2500|tics=100|wall_ms=5.008|tps=19969.148|iwadBytes=28795076|frameBytes=64000|thinkers=237|mobjs=227|killMonsters=29|livingMonsters=17|awakeMonsters=15|movingMonsters=0|vertexes=1196|segs=2057|sectors=182|subsectors=682|nodes=681|lines=1175|sides=1829|blockmapInts=3764|blocklinks=864|rejectBytes=4141
PMLE_NODE_COMMAND_WINDOW|through_tic=2600|tics=100|wall_ms=4.483|tps=22304.043|iwadBytes=28795076|frameBytes=64000|thinkers=238|mobjs=228|killMonsters=29|livingMonsters=17|awakeMonsters=15|movingMonsters=0|vertexes=1196|segs=2057|sectors=182|subsectors=682|nodes=681|lines=1175|sides=1829|blockmapInts=3764|blocklinks=864|rejectBytes=4141
PMLE_NODE_COMMAND_WINDOW|through_tic=2700|tics=100|wall_ms=6.165|tps=16219.979|iwadBytes=28795076|frameBytes=64000|thinkers=236|mobjs=227|killMonsters=29|livingMonsters=17|awakeMonsters=15|movingMonsters=0|vertexes=1196|segs=2057|sectors=182|subsectors=682|nodes=681|lines=1175|sides=1829|blockmapInts=3764|blocklinks=864|rejectBytes=4141
PMLE_NODE_COMMAND_WINDOW|through_tic=2800|tics=100|wall_ms=5.155|tps=19398.145|iwadBytes=28795076|frameBytes=64000|thinkers=234|mobjs=225|killMonsters=29|livingMonsters=17|awakeMonsters=15|movingMonsters=0|vertexes=1196|segs=2057|sectors=182|subsectors=682|nodes=681|lines=1175|sides=1829|blockmapInts=3764|blocklinks=864|rejectBytes=4141
PMLE_NODE_COMMAND_WINDOW|through_tic=2900|tics=100|wall_ms=4.503|tps=22209.375|iwadBytes=28795076|frameBytes=64000|thinkers=234|mobjs=225|killMonsters=29|livingMonsters=17|awakeMonsters=15|movingMonsters=0|vertexes=1196|segs=2057|sectors=182|subsectors=682|nodes=681|lines=1175|sides=1829|blockmapInts=3764|blocklinks=864|rejectBytes=4141
PMLE_NODE_COMMAND_WINDOW|through_tic=3000|tics=100|wall_ms=4.177|tps=23940.725|iwadBytes=28795076|frameBytes=64000|thinkers=234|mobjs=225|killMonsters=29|livingMonsters=17|awakeMonsters=15|movingMonsters=0|vertexes=1196|segs=2057|sectors=182|subsectors=682|nodes=681|lines=1175|sides=1829|blockmapInts=3764|blocklinks=864|rejectBytes=4141
PMLE_NODE_COMMAND_WINDOW|through_tic=3100|tics=100|wall_ms=4.368|tps=22893.715|iwadBytes=28795076|frameBytes=64000|thinkers=234|mobjs=225|killMonsters=29|livingMonsters=17|awakeMonsters=15|movingMonsters=0|vertexes=1196|segs=2057|sectors=182|subsectors=682|nodes=681|lines=1175|sides=1829|blockmapInts=3764|blocklinks=864|rejectBytes=4141
PMLE_NODE_COMMAND_WINDOW|through_tic=3200|tics=100|wall_ms=4.297|tps=23274.244|iwadBytes=28795076|frameBytes=64000|thinkers=236|mobjs=226|killMonsters=29|livingMonsters=17|awakeMonsters=15|movingMonsters=0|vertexes=1196|segs=2057|sectors=182|subsectors=682|nodes=681|lines=1175|sides=1829|blockmapInts=3764|blocklinks=864|rejectBytes=4141
PMLE_NODE_COMMAND_WINDOW|through_tic=3300|tics=100|wall_ms=4.790|tps=20877.045|iwadBytes=28795076|frameBytes=64000|thinkers=236|mobjs=226|killMonsters=29|livingMonsters=17|awakeMonsters=15|movingMonsters=0|vertexes=1196|segs=2057|sectors=182|subsectors=682|nodes=681|lines=1175|sides=1829|blockmapInts=3764|blocklinks=864|rejectBytes=4141
PMLE_NODE_COMMAND_WINDOW|through_tic=3400|tics=100|wall_ms=3.186|tps=31389.664|iwadBytes=28795076|frameBytes=64000|thinkers=235|mobjs=225|killMonsters=29|livingMonsters=17|awakeMonsters=15|movingMonsters=0|vertexes=1196|segs=2057|sectors=182|subsectors=682|nodes=681|lines=1175|sides=1829|blockmapInts=3764|blocklinks=864|rejectBytes=4141
PMLE_NODE_COMMAND_WINDOW|through_tic=3500|tics=100|wall_ms=5.854|tps=17083.551|iwadBytes=28795076|frameBytes=64000|thinkers=240|mobjs=231|killMonsters=29|livingMonsters=17|awakeMonsters=15|movingMonsters=0|vertexes=1196|segs=2057|sectors=182|subsectors=682|nodes=681|lines=1175|sides=1829|blockmapInts=3764|blocklinks=864|rejectBytes=4141
PMLE_NODE_COMMAND_WINDOW|through_tic=3600|tics=100|wall_ms=4.476|tps=22340.852|iwadBytes=28795076|frameBytes=64000|thinkers=234|mobjs=225|killMonsters=29|livingMonsters=17|awakeMonsters=15|movingMonsters=0|vertexes=1196|segs=2057|sectors=182|subsectors=682|nodes=681|lines=1175|sides=1829|blockmapInts=3764|blocklinks=864|rejectBytes=4141
PMLE_NODE_COMMAND_WINDOW|through_tic=3700|tics=100|wall_ms=3.583|tps=27911.318|iwadBytes=28795076|frameBytes=64000|thinkers=234|mobjs=225|killMonsters=29|livingMonsters=17|awakeMonsters=15|movingMonsters=0|vertexes=1196|segs=2057|sectors=182|subsectors=682|nodes=681|lines=1175|sides=1829|blockmapInts=3764|blocklinks=864|rejectBytes=4141
PMLE_NODE_COMMAND_WINDOW|through_tic=3800|tics=100|wall_ms=3.390|tps=29497.585|iwadBytes=28795076|frameBytes=64000|thinkers=234|mobjs=225|killMonsters=29|livingMonsters=17|awakeMonsters=15|movingMonsters=0|vertexes=1196|segs=2057|sectors=182|subsectors=682|nodes=681|lines=1175|sides=1829|blockmapInts=3764|blocklinks=864|rejectBytes=4141
PMLE_NODE_COMMAND_WINDOW|through_tic=3900|tics=100|wall_ms=3.700|tps=27030.446|iwadBytes=28795076|frameBytes=64000|thinkers=235|mobjs=226|killMonsters=29|livingMonsters=17|awakeMonsters=15|movingMonsters=0|vertexes=1196|segs=2057|sectors=182|subsectors=682|nodes=681|lines=1175|sides=1829|blockmapInts=3764|blocklinks=864|rejectBytes=4141
PMLE_NODE_COMMAND_WINDOW|through_tic=4000|tics=100|wall_ms=3.369|tps=29679.764|iwadBytes=28795076|frameBytes=64000|thinkers=236|mobjs=227|killMonsters=29|livingMonsters=17|awakeMonsters=15|movingMonsters=0|vertexes=1196|segs=2057|sectors=182|subsectors=682|nodes=681|lines=1175|sides=1829|blockmapInts=3764|blocklinks=864|rejectBytes=4141
PMLE_NODE_COMMAND_WINDOW|through_tic=4100|tics=100|wall_ms=3.271|tps=30575.308|iwadBytes=28795076|frameBytes=64000|thinkers=236|mobjs=227|killMonsters=29|livingMonsters=17|awakeMonsters=15|movingMonsters=0|vertexes=1196|segs=2057|sectors=182|subsectors=682|nodes=681|lines=1175|sides=1829|blockmapInts=3764|blocklinks=864|rejectBytes=4141
PMLE_NODE_COMMAND_WINDOW|through_tic=4200|tics=100|wall_ms=1.899|tps=52656.411|iwadBytes=28795076|frameBytes=64000|thinkers=234|mobjs=225|killMonsters=29|livingMonsters=17|awakeMonsters=15|movingMonsters=0|vertexes=1196|segs=2057|sectors=182|subsectors=682|nodes=681|lines=1175|sides=1829|blockmapInts=3764|blocklinks=864|rejectBytes=4141
PMLE_NODE_COMMAND_WINDOW|through_tic=4300|tics=100|wall_ms=1.576|tps=63452.864|iwadBytes=28795076|frameBytes=64000|thinkers=234|mobjs=225|killMonsters=29|livingMonsters=17|awakeMonsters=15|movingMonsters=0|vertexes=1196|segs=2057|sectors=182|subsectors=682|nodes=681|lines=1175|sides=1829|blockmapInts=3764|blocklinks=864|rejectBytes=4141
PMLE_NODE_COMMAND_WINDOW|through_tic=4400|tics=100|wall_ms=1.619|tps=61757.520|iwadBytes=28795076|frameBytes=64000|thinkers=234|mobjs=225|killMonsters=29|livingMonsters=17|awakeMonsters=15|movingMonsters=0|vertexes=1196|segs=2057|sectors=182|subsectors=682|nodes=681|lines=1175|sides=1829|blockmapInts=3764|blocklinks=864|rejectBytes=4141
PMLE_NODE_COMMAND_WINDOW|through_tic=4500|tics=100|wall_ms=1.526|tps=65522.384|iwadBytes=28795076|frameBytes=64000|thinkers=234|mobjs=225|killMonsters=29|livingMonsters=17|awakeMonsters=15|movingMonsters=0|vertexes=1196|segs=2057|sectors=182|subsectors=682|nodes=681|lines=1175|sides=1829|blockmapInts=3764|blocklinks=864|rejectBytes=4141
PMLE_NODE_COMMAND_WINDOW|through_tic=4600|tics=100|wall_ms=1.569|tps=63735.716|iwadBytes=28795076|frameBytes=64000|thinkers=234|mobjs=225|killMonsters=29|livingMonsters=17|awakeMonsters=15|movingMonsters=0|vertexes=1196|segs=2057|sectors=182|subsectors=682|nodes=681|lines=1175|sides=1829|blockmapInts=3764|blocklinks=864|rejectBytes=4141
PMLE_NODE_COMMAND_WINDOW|through_tic=4700|tics=100|wall_ms=1.597|tps=62613.448|iwadBytes=28795076|frameBytes=64000|thinkers=234|mobjs=225|killMonsters=29|livingMonsters=17|awakeMonsters=15|movingMonsters=0|vertexes=1196|segs=2057|sectors=182|subsectors=682|nodes=681|lines=1175|sides=1829|blockmapInts=3764|blocklinks=864|rejectBytes=4141
PMLE_NODE_COMMAND_WINDOW|through_tic=4800|tics=100|wall_ms=1.778|tps=56247.177|iwadBytes=28795076|frameBytes=64000|thinkers=234|mobjs=225|killMonsters=29|livingMonsters=17|awakeMonsters=15|movingMonsters=0|vertexes=1196|segs=2057|sectors=182|subsectors=682|nodes=681|lines=1175|sides=1829|blockmapInts=3764|blocklinks=864|rejectBytes=4141
PMLE_NODE_COMMAND_WINDOW|through_tic=4900|tics=100|wall_ms=1.559|tps=64134.014|iwadBytes=28795076|frameBytes=64000|thinkers=234|mobjs=225|killMonsters=29|livingMonsters=17|awakeMonsters=15|movingMonsters=0|vertexes=1196|segs=2057|sectors=182|subsectors=682|nodes=681|lines=1175|sides=1829|blockmapInts=3764|blocklinks=864|rejectBytes=4141
PMLE_NODE_COMMAND_WINDOW|through_tic=5000|tics=100|wall_ms=1.683|tps=59412.270|iwadBytes=28795076|frameBytes=64000|thinkers=234|mobjs=225|killMonsters=29|livingMonsters=17|awakeMonsters=15|movingMonsters=0|vertexes=1196|segs=2057|sectors=182|subsectors=682|nodes=681|lines=1175|sides=1829|blockmapInts=3764|blocklinks=864|rejectBytes=4141
PMLE_NODE_COMMAND_WINDOW|through_tic=5100|tics=100|wall_ms=1.529|tps=65404.662|iwadBytes=28795076|frameBytes=64000|thinkers=234|mobjs=225|killMonsters=29|livingMonsters=17|awakeMonsters=15|movingMonsters=0|vertexes=1196|segs=2057|sectors=182|subsectors=682|nodes=681|lines=1175|sides=1829|blockmapInts=3764|blocklinks=864|rejectBytes=4141
PMLE_NODE_COMMAND_WINDOW|through_tic=5200|tics=100|wall_ms=1.571|tps=63655.101|iwadBytes=28795076|frameBytes=64000|thinkers=234|mobjs=225|killMonsters=29|livingMonsters=17|awakeMonsters=15|movingMonsters=0|vertexes=1196|segs=2057|sectors=182|subsectors=682|nodes=681|lines=1175|sides=1829|blockmapInts=3764|blocklinks=864|rejectBytes=4141
PMLE_NODE_COMMAND_WINDOW|through_tic=5250|tics=50|wall_ms=0.770|tps=64972.867|iwadBytes=28795076|frameBytes=64000|thinkers=234|mobjs=225|killMonsters=29|livingMonsters=17|awakeMonsters=15|movingMonsters=0|vertexes=1196|segs=2057|sectors=182|subsectors=682|nodes=681|lines=1175|sides=1829|blockmapInts=3764|blocklinks=864|rejectBytes=4141
PMLE_NODE_COMMAND_MEMORY|iwadBytes=28795076|frameBytes=64000|thinkers=234|mobjs=225|killMonsters=29|livingMonsters=17|awakeMonsters=15|movingMonsters=0|vertexes=1196|segs=2057|sectors=182|subsectors=682|nodes=681|lines=1175|sides=1829|blockmapInts=3764|blocklinks=864|rejectBytes=4141
