PMLE_HOST_QUIESCENCE|PASS|docker_builds=0|compiles=0|verifiers=0
PMLE_WAN_MATRIX|BEGIN|duration=20|warmup=20|profiles_sha256=ced6d7f507b1240bc14d22435f950ba1a5df040cf88a73719b3d935ebbc9190a

Session altered.


Session altered.


Session altered.


Session altered.

PMLE_ENVIRONMENT|cpu_count=2|resource_plan=DEFAULT_PLAN|cpu_managed=ON|pdb_cpu_count=2|pdb_utilization_limit=50|pdb_running_sessions_limit=2|pdb_plan=DEFAULT_CDB_PLAN

Session altered.


Session altered.


Session altered.


Session altered.

PMLE_ARTIFACT|source_bytes=1167197|source_sha256=a942cd2dcbdc8fa523a51af27aefc778ea9fbbebfe93f0a03fe4856c6df6c8e2|table_bytes=180272|table_sha256=058cd0df9444131b356762a096fd422d5131ac3aea91163aee056e8ad4965b44
PMLE_WAN_TRANSPORT|long_poll=ON|hold_ms=500|ords_pool_sessions=6|pool_reserve=2|max_held_polls=4|resmgr_running_sessions=2|worker_reserve=1|max_concurrent_poll_returns=1|background_refocus=ON
PMLE_WAN_PROXY|READY|port=18050|upstream=http://127.0.0.1:8080|rtt_ms=50|jitter_ms=10|seed=351272
PMLE_WAN_PROFILE|BEGIN|name=rtt-50-jitter-10|rtt_ms=50|jitter_ms=10|seed=351272
PMLE_WAN_BACKGROUND|FAIL|diagnostic={"hidden":false,"hud":"browser checkpoint restore failed: state=restored|gametic=32|leveltime=32|randomIndex=93|gamestate=GS_LEVEL|episode=1|map=1|playerState=0|playerX=-27262976|playerY=16777216|playerZ=0|playerAngle=0|playerHealth=100|viewZ=2686976|armor=0|readyWeapon=wp_pistol|kills=0/29|items=0/50|secrets=0/4","hudError":true,"visibility":[{"at":8403.5,"state":"hidden","strategy":"suspend","frontierTic":168},{"at":9904.199999809265,"state":"hidden","strategy":"poll-lease-released","frontierTic":168}],"resyncs":[{"atCount":0,"tic":116}]}
node:internal/modules/run_main:107
    triggerUncaughtException(
    ^

page.waitForFunction: Timeout 60000ms exceeded.
    at /Users/bmarti44/doomdb/tests/verify-p13.5-multiplayer-soak.mjs:157:19 {
  log: [],
  name: 'TimeoutError'
}

Node.js v25.9.0
PMLE_WAN_MATRIX|VOIDED|reason=client_expected_wrong_restore_status_label|actual=state_restored_gametic_32
