PMLE_HOST_QUIESCENCE|PASS|docker_builds=0|compiles=0|verifiers=0
PMLE_WAN_MATRIX|BEGIN|duration=20|warmup=90|profiles_sha256=ced6d7f507b1240bc14d22435f950ba1a5df040cf88a73719b3d935ebbc9190a

Session altered.


Session altered.


Session altered.


Session altered.

PMLE_ENVIRONMENT|cpu_count=2|resource_plan=DEFAULT_PLAN|cpu_managed=ON|pdb_cpu_count=2|pdb_utilization_limit=50|pdb_running_sessions_limit=2|pdb_plan=DEFAULT_CDB_PLAN

Session altered.


Session altered.


Session altered.


Session altered.

PMLE_ARTIFACT|source_bytes=1167197|source_sha256=a942cd2dcbdc8fa523a51af27aefc778ea9fbbebfe93f0a03fe4856c6df6c8e2|table_bytes=180272|table_sha256=058cd0df9444131b356762a096fd422d5131ac3aea91163aee056e8ad4965b44
PMLE_WAN_TRANSPORT|long_poll=ON|hold_ms=500|ords_pool_sessions=6|pool_reserve=2|max_held_polls=4|resmgr_running_sessions=2|worker_reserve=1|max_concurrent_poll_returns=1|background_refocus=ON
PMLE_WAN_PROXY|READY|port=18050|upstream=http://127.0.0.1:8080|rtt_ms=50|jitter_ms=10|seed=351272
PMLE_WAN_PROFILE|BEGIN|name=rtt-50-jitter-10|rtt_ms=50|jitter_ms=10|seed=351272
PMLE_WAN_BACKGROUND|PASS|profile_rtt_ms=50|hidden_ms=12288.8|checkpoint_tic=1024|leases_after_2s=0|presentations_after_focus=40
PMLE_SOAK_BROWSER_DIAG|slot=0|presented=690|advanced=690|resyncs=0|last_resync_at=0
PMLE_WAN_LATENCY_DIAG|slot=0|{"samples":39,"totalP50Ms":391.19999980926514,"totalP90Ms":517.5,"totalP95Ms":575.0999994277954,"totalMaxMs":592.8000001907349,"queueAndPostP95Ms":117.19999980926514,"postRoundTripP95Ms":117,"acceptedToConfirmedP95Ms":312.5999994277954,"confirmedToPresentedP95Ms":259.5999994277954,"batchWallP95Ms":226,"batchHoldP95Ms":108,"batchCountP95":8,"presentationLagP50Tics":9,"presentationLagP95Tics":12,"presentationLagMaxTics":13,"worst":[{"queueAndPostMs":117.10000038146973,"roundTripMs":117,"acceptedToConfirmedMs":274.8999996185303,"confirmedToPresentedMs":200.80000019073486,"totalMs":592.8000001907349,"inputSequence":2,"effectiveTic":3870},{"queueAndPostMs":72.5,"roundTripMs":69.30000019073486,"acceptedToConfirmedMs":312.5999994277954,"confirmedToPresentedMs":190,"totalMs":575.0999994277954,"inputSequence":15,"effectiveTic":4099},{"queueAndPostMs":109.70000076293945,"roundTripMs":106.30000019073486,"acceptedToConfirmedMs":147.5,"confirmedToPresentedMs":270.0999994277954,"totalMs":527.3000001907349,"inputSequence":22,"effectiveTic":4217},{"queueAndPostMs":114.09999942779541,"roundTripMs":110.59999942779541,"acceptedToConfirmedMs":204.60000038146973,"confirmedToPresentedMs":198.80000019073486,"totalMs":517.5,"inputSequence":31,"effectiveTic":4374},{"queueAndPostMs":101.39999961853027,"roundTripMs":100.40000057220459,"acceptedToConfirmedMs":363.4000005722046,"confirmedToPresentedMs":42.89999961853027,"totalMs":507.69999980926514,"inputSequence":1,"effectiveTic":3852}]}
node:internal/modules/run_main:107
    triggerUncaughtException(
    ^

AssertionError [ERR_ASSERTION]: WAN player 0 input/presentation p95 575.1 > 460.0
    at file:///Users/bmarti44/doomdb/tests/verify-p13.5-multiplayer-soak.mjs:398:14
    at runNextTicks (node:internal/process/task_queues:65:5)
    at process.processImmediate (node:internal/timers:472:9) {
  generatedMessage: false,
  code: 'ERR_ASSERTION',
  actual: false,
  expected: true,
  operator: '==',
  diff: 'simple'
}

Node.js v25.9.0
