PMLE_WAN_PROXY|READY|port=18050|upstream=http://127.0.0.1:8080|rtt_ms=50|jitter_ms=10|seed=351272
PMLE_WAN_PROFILE|BEGIN|name=rtt-50-jitter-10|rtt_ms=50|jitter_ms=10|seed=351272
PMLE_WAN_BACKGROUND|PASS|profile_rtt_ms=50|hidden_ms=12226.6|checkpoint_tic=32|leases_after_2s=0|presentations_after_focus=40
PMLE_SOAK_BROWSER_DIAG|slot=0|presented=696|advanced=716|resyncs=1|last_resync_at=7
node:internal/modules/run_main:107
    triggerUncaughtException(
    ^

AssertionError [ERR_ASSERTION]: WAN player 0 input/presentation p95 499.3 > 374.3
    at file:///Users/bmarti44/doomdb/tests/verify-p13.5-multiplayer-soak.mjs:329:14
    at runNextTicks (node:internal/process/task_queues:65:5)
    at process.processImmediate (node:internal/timers:472:9) {
  generatedMessage: false,
  code: 'ERR_ASSERTION',
  actual: false,
  expected: true,
  operator: '==',
  diff: 'simple'
}

Node.js v25.9.0
PMLE_WAN_PROFILE|FAIL|reason=input_target_double_counted_confirmed_delivery_backlog|input_presentation_p95_ms=499.3|limit_ms=374.3
