PMLE_WAN_PROXY|READY|port=18050|upstream=http://127.0.0.1:8080|rtt_ms=50|jitter_ms=10|seed=351272
PMLE_WAN_PROFILE|BEGIN|name=rtt-50-jitter-10|rtt_ms=50|jitter_ms=10|seed=351272
PMLE_WAN_BACKGROUND|PASS|profile_rtt_ms=50|hidden_ms=12211.1|checkpoint_tic=32|leases_after_2s=0|presentations_after_focus=40
PMLE_SOAK_BROWSER_DIAG|slot=0|presented=718|advanced=718|resyncs=0|last_resync_at=0
PMLE_WAN_LATENCY_DIAG|slot=0|{"samples":40,"totalP50Ms":378.8999996185303,"totalP90Ms":422.4000005722046,"totalP95Ms":440.5,"totalMaxMs":468.5,"queueAndPostP95Ms":91.89999961853027,"postRoundTripP95Ms":88.40000057220459,"acceptedToConfirmedP95Ms":174.19999980926514,"confirmedToPresentedP95Ms":205,"batchWallP95Ms":164.60000038146973,"batchHoldP95Ms":91,"worst":[{"queueAndPostMs":73.69999980926514,"roundTripMs":71.40000057220459,"acceptedToConfirmedMs":159.30000019073486,"confirmedToPresentedMs":235.5,"totalMs":468.5,"inputSequence":17,"effectiveTic":3604},{"queueAndPostMs":75.39999961853027,"roundTripMs":69.69999980926514,"acceptedToConfirmedMs":95.90000057220459,"confirmedToPresentedMs":284.5999994277954,"totalMs":455.8999996185303,"inputSequence":40,"effectiveTic":4012},{"queueAndPostMs":81.40000057220459,"roundTripMs":76.80000019073486,"acceptedToConfirmedMs":156.79999923706055,"confirmedToPresentedMs":202.30000019073486,"totalMs":440.5,"inputSequence":37,"effectiveTic":3958},{"queueAndPostMs":73.80000019073486,"roundTripMs":72.40000057220459,"acceptedToConfirmedMs":158.5,"confirmedToPresentedMs":193.39999961853027,"totalMs":425.69999980926514,"inputSequence":14,"effectiveTic":3552},{"queueAndPostMs":59.30000019073486,"roundTripMs":55.89999961853027,"acceptedToConfirmedMs":205.39999961853027,"confirmedToPresentedMs":157.70000076293945,"totalMs":422.4000005722046,"inputSequence":4,"effectiveTic":3376}]}
node:internal/modules/run_main:107
    triggerUncaughtException(
    ^

AssertionError [ERR_ASSERTION]: WAN player 0 input/presentation p95 440.5 > 431.4
    at file:///Users/bmarti44/doomdb/tests/verify-p13.5-multiplayer-soak.mjs:391:14
    at runNextTicks (node:internal/process/task_queues:65:5)
    at process.processImmediate (node:internal/timers:472:9) {
  generatedMessage: false,
  code: 'ERR_ASSERTION',
  actual: false,
  expected: true,
  operator: '==',
  diff: 'simple'
}

Node.js v25.9.0
