PMLE_WAN_PROXY|READY|port=18050|upstream=http://127.0.0.1:8080|rtt_ms=50|jitter_ms=10|seed=351272
PMLE_WAN_PROFILE|BEGIN|name=rtt-50-jitter-10|rtt_ms=50|jitter_ms=10|seed=351272
PMLE_WAN_BACKGROUND|PASS|profile_rtt_ms=50|hidden_ms=12245.7|checkpoint_tic=32|leases_after_2s=0|presentations_after_focus=40
PMLE_SOAK_BROWSER_DIAG|slot=0|presented=695|advanced=711|resyncs=1|last_resync_at=7
node:internal/modules/run_main:107
    triggerUncaughtException(
    ^

AssertionError [ERR_ASSERTION]: WAN player 0 lead oscillated inside ten seconds
    at file:///Users/bmarti44/doomdb/tests/verify-p13.5-multiplayer-soak.mjs:295:18
    at runNextTicks (node:internal/process/task_queues:65:5)
    at process.processImmediate (node:internal/timers:472:9) {
  generatedMessage: false,
  code: 'ERR_ASSERTION',
  actual: false,
  expected: true,
  operator: '==',
  diff: 'simple'
}

Node.js v25.9.0

PMLE_WAN_DIAGNOSTIC|VOIDED|reason=lead_hysteresis_was_inferred_from_input_effective_observation_times_not_recorded_at_the_actual_policy_adjustment_site|action=emit_and_gate_explicit_lead_adjustment_events
