PMLE_HOST_QUIESCENCE|PASS|docker_builds=0|compiles=0|verifiers=0

Session altered.


Session altered.


Session altered.


Session altered.

PMLE_ENVIRONMENT|cpu_count=2|resource_plan=DEFAULT_PLAN|cpu_managed=ON|pdb_cpu_count=2|pdb_utilization_limit=50|pdb_running_sessions_limit=2|pdb_plan=DEFAULT_CDB_PLAN
PMLE_ARTIFACT|source_bytes=1162821|source_sha256=4cc6da908df03fbd7217aa0005c167dcf78451d14803ffa627b0360ae69c7094|table_bytes=180272|table_sha256=058cd0df9444131b356762a096fd422d5131ac3aea91163aee056e8ad4965b44
6 command-line variables
M_LoadDefaults: Load system defaults.
M_Random: Using DelegateRandom.
-iwad specified. Will be used with priority
	added freedoom1.wad (zipped: false network: true)
ITicker: Using nanosecond accuracy timer.
The Ultimate DOOM Startup v1.9
W_Init: Init WADfiles.
	added freedoom1.wad (zipped: false network: true)
VI_Init: set palettes.
Palette: 3584 colors
VI_Init: set colormaps.
Colormaps: 35
V_Init: allocate screens.
AM_Init: Init Automap colors -
===========================================================================
Commercial product - do not distribute!
Please report software piracy to the SPA: 1-800-388-PIR8
===========================================================================
Tables.InitTables: Init trigonometric LUTs.
M_Init: Init miscellaneous info.
R_Init: Init DOOM refresh daemon -
R_InitData
Init Texture and Flat Manager
InitTextures[................
InitFlats
InitSprites..............
InitColormaps		
R_InitPointToAngle
R_InitTables
R_InitPlanes
R_InitLightTables
R_InitSkyMap: 119
R_InitTranslationsTables
R_InitTranMap:
R_InitDrawingFunctions:
P_Init: Init Playloop state.
false NUKAGE1 NUKAGE3 8
false FWATER1 FWATER4 8
false SWATER1 SWATER4 8
false LAVA1 LAVA4 8
false BLOOD1 BLOOD3 8
false RROCK05 RROCK08 8
false SLIME01 SLIME04 8
false SLIME05 SLIME08 8
false SLIME09 SLIME12 8
I_Init: Setting up machine state.
D_CheckNetGame: Checking network game status.
startskill sk_medium  deathmatch: false  startmap: 1  startepisode: 1
player 1 of 1 (1 nodes)
S_Init: Setting up sound.
M_Random: Switching to DoomRandom (new instance)
P_GetNodesVersion: using normal BSP nodes
down
up
down
up
down
up
down
up
down
up
down
up
down
up
down
up
down
up
down
up
down
up
down
up
down
up
down
up
down
up
down
up
down
up
down
up
down
up
down
up
down
up
down
up
down
up
down
up
down
up
down
up
down
up
down
up
down
up
down
up
down
up
down
up
down
up
down
up
waiting
up
waiting
up
waiting
up
waiting
up
waiting
up
waiting
up
waiting
up
waiting
up
waiting
up
waiting
up
waiting
up
waiting
up
waiting
up
waiting
up
waiting
up
waiting
up
waiting
up
waiting
up
waiting
up
waiting
up
waiting
up
waiting
up
waiting
up
waiting
up
waiting
up
waiting
up
waiting
up
waiting
up
waiting
up
waiting
up
waiting
up
waiting
up
waiting
up
waiting
up
waiting
up
waiting
up
waiting
up
waiting
up
waiting
up
waiting
up
waiting
up
waiting
up
waiting
up
waiting
up
waiting
up
waiting
up
waiting
up
waiting
up
waiting
up
waiting
up
waiting
up
waiting
up
waiting
up
waiting
up
waiting
up
waiting
up
waiting
up
waiting
up
waiting
up
waiting
up
waiting
up
waiting
up
waiting
up
waiting
up
waiting
up
waiting
up
waiting
up
waiting
up
waiting
up
waiting
up
waiting
up
waiting
up
waiting
up
waiting
up
waiting
up
waiting
up
waiting
up
waiting
up
waiting
up
waiting
up
waiting
up
waiting
up
waiting
up
waiting
up
waiting
up
waiting
up
waiting
up
waiting
up
waiting
up
waiting
up
waiting
up
waiting
up
waiting
up
waiting
up
waiting
up
waiting
up
waiting
up
waiting
up
waiting
up
waiting
up
waiting
up
waiting
up
waiting
up
waiting
up
waiting
up
up
up
up
up
up
up
up
up
up
up
up
up
up
up
up
up
up
up
up
up
up
up
up
up
up
up
up
up
up
up
up
up
up
up
up
up
up
up
up
up
up
up
up
up
up
up
up
up
up
up
up
up
up
up
up
up
up
up
up
up
up
up
up
up
up
up
up
up
up
up
PMLE_TEAVM_COOP_DIFFERENTIAL|PASS|players=2|skill=1|tics=762|deep_every=1|vector_runs=188|fixture_sha256=12ceaf3e7a419ab92be370c44c2c049c1d93455cbb72934502af41e355765e61
