
Session altered.


Session altered.


Session altered.


Session altered.

PMLE_ENVIRONMENT|cpu_count=2|resource_plan=DEFAULT_PLAN|cpu_managed=ON|pdb_cpu_count=2|pdb_utilization_limit=50|pdb_running_sessions_limit=2|pdb_plan=DEFAULT_CDB_PLAN
PMLE_HOST_CONTEXT|phase=BEFORE|utc=2026-07-24T03:53:10Z|uname=Darwin macbookpro.lan 24.6.0 Darwin Kernel Version 24.6.0: Wed Nov  5 21:30:23 PST 2025; root:xnu-11417.140.69.705.2~1/RELEASE_X86_64 x86_64
PMLE_HOST_CONTEXT|phase=BEFORE|model=MacBookPro15,1|logical_cpu=12
PMLE_HOST_THERMAL|phase=BEFORE|Note: No thermal warning level has been recorded
PMLE_HOST_THERMAL|phase=BEFORE|Note: No performance warning level has been recorded
PMLE_HOST_THERMAL|phase=BEFORE|2026-07-23 23:53:10 -0400 CPU Power notify
PMLE_HOST_THERMAL|phase=BEFORE|	CPU_Scheduler_Limit 	= 100
PMLE_HOST_THERMAL|phase=BEFORE|	CPU_Available_CPUs 	= 12
PMLE_HOST_THERMAL|phase=BEFORE|	CPU_Speed_Limit 	= 100

Session altered.


Session altered.


Session altered.


Session altered.

6 command-line variables
M_LoadDefaults: Load system defaults.
M_Random: Using DelegateRandom.
-iwad specified. Will be used with priority
ITicker: Using nanosecond accuracy timer.
FreeDoom: Phase 1	   v1.9
W_Init: Init WADfiles.
	added freedoom1.wad (zipped: false network: true)
VI_Init: set palettes.
Palette: 3584 colors
VI_Init: set colormaps.
Colormaps: 35
V_Init: allocate screens.
AM_Init: Init Automap colors -
===========================================================================
Copyright © 2001-2017 Contributors to the Freedoom project.
All rights reserved.
See: https://github.com/freedoom/freedoom/blob/master/COPYING.adoc
===========================================================================
Tables.InitTables: Init trigonometric LUTs.
M_Init: Init miscellaneous info.
R_Init: Init DOOM refresh daemon -
P_Init: Init Playloop state.
false NUKAGE1 NUKAGE3 8
false FWATER1 FWATER4 8
false SWATER1 SWATER4 8
false LAVA1 LAVA4 8
false BLOOD1 BLOOD3 8
false RROCK05 RROCK08 8
false SLIME01 SLIME04 8
false SLIME05 SLIME08 8
false SLIME09 SLIME12 8
I_Init: Setting up machine state.
D_CheckNetGame: Checking network game status.
startskill sk_medium  deathmatch: false  startmap: 1  startepisode: 1
player 1 of 1 (1 nodes)
S_Init: Setting up sound.
M_Random: Switching to DoomRandom (new instance)
P_GetNodesVersion: using normal BSP nodes
PMLE_LIVE_REPLAY_INIT|stream=live-dm-2026-07-23|wall_ms=45157.766
PMLE_LIVE_REPLAY_TIC|tic=1|mle_ms=188.968
PMLE_LIVE_REPLAY_TIC|tic=2|mle_ms=170.646
PMLE_LIVE_REPLAY_TIC|tic=3|mle_ms=121.679
PMLE_LIVE_REPLAY_TIC|tic=4|mle_ms=142.405
PMLE_LIVE_REPLAY_TIC|tic=5|mle_ms=141.154
PMLE_LIVE_REPLAY_TIC|tic=6|mle_ms=157.193
PMLE_LIVE_REPLAY_TIC|tic=7|mle_ms=238.377
PMLE_LIVE_REPLAY_TIC|tic=8|mle_ms=164.835
PMLE_LIVE_REPLAY_TIC|tic=9|mle_ms=172.261
PMLE_LIVE_REPLAY_TIC|tic=10|mle_ms=259.501
PMLE_LIVE_REPLAY_TIC|tic=11|mle_ms=189.32
PMLE_LIVE_REPLAY_TIC|tic=12|mle_ms=169.382
PMLE_LIVE_REPLAY_TIC|tic=13|mle_ms=234.986
PMLE_LIVE_REPLAY_TIC|tic=14|mle_ms=197.653
PMLE_LIVE_REPLAY_TIC|tic=15|mle_ms=222.813
PMLE_LIVE_REPLAY_TIC|tic=16|mle_ms=269.309
PMLE_LIVE_REPLAY_TIC|tic=17|mle_ms=191.309
PMLE_LIVE_REPLAY_TIC|tic=18|mle_ms=217.312
PMLE_LIVE_REPLAY_TIC|tic=19|mle_ms=172.057
PMLE_LIVE_REPLAY_TIC|tic=20|mle_ms=174.642
PMLE_LIVE_REPLAY_TIC|tic=21|mle_ms=329.302
PMLE_LIVE_REPLAY_TIC|tic=22|mle_ms=266.287
PMLE_LIVE_REPLAY_TIC|tic=23|mle_ms=167.913
PMLE_LIVE_REPLAY_TIC|tic=24|mle_ms=202.318
PMLE_LIVE_REPLAY_TIC|tic=25|mle_ms=219.938
PMLE_LIVE_REPLAY_TIC|tic=26|mle_ms=202.177
PMLE_LIVE_REPLAY_TIC|tic=27|mle_ms=224.395
PMLE_LIVE_REPLAY_TIC|tic=28|mle_ms=238.716
PMLE_LIVE_REPLAY_TIC|tic=29|mle_ms=161.043
PMLE_LIVE_REPLAY_TIC|tic=30|mle_ms=205.069
PMLE_LIVE_REPLAY_TIC|tic=31|mle_ms=268.655
PMLE_LIVE_REPLAY_TIC|tic=32|mle_ms=172.748
PMLE_LIVE_REPLAY_TIC|tic=33|mle_ms=203.696
PMLE_LIVE_REPLAY_TIC|tic=34|mle_ms=247.898
PMLE_LIVE_REPLAY_TIC|tic=35|mle_ms=156.79
PMLE_LIVE_REPLAY_TIC|tic=36|mle_ms=208.707
PMLE_LIVE_REPLAY_TIC|tic=37|mle_ms=243.488
PMLE_LIVE_REPLAY_TIC|tic=38|mle_ms=160.324
PMLE_LIVE_REPLAY_TIC|tic=39|mle_ms=172.194
PMLE_LIVE_REPLAY_TIC|tic=40|mle_ms=318.943
PMLE_LIVE_REPLAY_TIC|tic=41|mle_ms=218.073
PMLE_LIVE_REPLAY_TIC|tic=42|mle_ms=169.154
PMLE_LIVE_REPLAY_TIC|tic=43|mle_ms=217.41
PMLE_LIVE_REPLAY_TIC|tic=44|mle_ms=207.274
PMLE_LIVE_REPLAY_TIC|tic=45|mle_ms=188.593
PMLE_LIVE_REPLAY_TIC|tic=46|mle_ms=270.71
PMLE_LIVE_REPLAY_TIC|tic=47|mle_ms=195.945
PMLE_LIVE_REPLAY_TIC|tic=48|mle_ms=229.085
PMLE_LIVE_REPLAY_TIC|tic=49|mle_ms=258.927
PMLE_LIVE_REPLAY_TIC|tic=50|mle_ms=183.513
PMLE_LIVE_REPLAY_TIC|tic=51|mle_ms=222.525
PMLE_LIVE_REPLAY_TIC|tic=52|mle_ms=192.619
PMLE_LIVE_REPLAY_TIC|tic=53|mle_ms=167.834
PMLE_LIVE_REPLAY_TIC|tic=54|mle_ms=226.219
PMLE_LIVE_REPLAY_TIC|tic=55|mle_ms=250.292
PMLE_LIVE_REPLAY_TIC|tic=56|mle_ms=171.276
PMLE_LIVE_REPLAY_TIC|tic=57|mle_ms=150.506
PMLE_LIVE_REPLAY_TIC|tic=58|mle_ms=249.247
PMLE_LIVE_REPLAY_TIC|tic=59|mle_ms=149.232
PMLE_LIVE_REPLAY_TIC|tic=60|mle_ms=413.35
PMLE_LIVE_REPLAY_TIC|tic=61|mle_ms=233.247
PMLE_LIVE_REPLAY_TIC|tic=62|mle_ms=184.607
PMLE_LIVE_REPLAY_TIC|tic=63|mle_ms=204.521
PMLE_LIVE_REPLAY_TIC|tic=64|mle_ms=316.039
PMLE_LIVE_REPLAY_TIC|tic=65|mle_ms=244.112
PMLE_LIVE_REPLAY_TIC|tic=66|mle_ms=258.958
PMLE_LIVE_REPLAY_TIC|tic=67|mle_ms=276.801
PMLE_LIVE_REPLAY_TIC|tic=68|mle_ms=177.422
PMLE_LIVE_REPLAY_TIC|tic=69|mle_ms=161.493
PMLE_LIVE_REPLAY_TIC|tic=70|mle_ms=211.323
PMLE_LIVE_REPLAY_TIC|tic=71|mle_ms=218.879
PMLE_LIVE_REPLAY_TIC|tic=72|mle_ms=226.518
PMLE_LIVE_REPLAY_TIC|tic=73|mle_ms=311.291
PMLE_LIVE_REPLAY_TIC|tic=74|mle_ms=178.423
PMLE_LIVE_REPLAY_TIC|tic=75|mle_ms=310.287
PMLE_LIVE_REPLAY_TIC|tic=76|mle_ms=266.999
PMLE_LIVE_REPLAY_TIC|tic=77|mle_ms=217.593
PMLE_LIVE_REPLAY_TIC|tic=78|mle_ms=175.996
PMLE_LIVE_REPLAY_TIC|tic=79|mle_ms=273.283
PMLE_LIVE_REPLAY_TIC|tic=80|mle_ms=193.663
PMLE_LIVE_REPLAY_TIC|tic=81|mle_ms=318.076
PMLE_LIVE_REPLAY_TIC|tic=82|mle_ms=312.337
PMLE_LIVE_REPLAY_TIC|tic=83|mle_ms=207.872
PMLE_LIVE_REPLAY_TIC|tic=84|mle_ms=231.414
PMLE_LIVE_REPLAY_TIC|tic=85|mle_ms=266.958
PMLE_LIVE_REPLAY_TIC|tic=86|mle_ms=168.576
PMLE_LIVE_REPLAY_TIC|tic=87|mle_ms=209.517
PMLE_LIVE_REPLAY_TIC|tic=88|mle_ms=277.314
PMLE_LIVE_REPLAY_TIC|tic=89|mle_ms=184.119
PMLE_LIVE_REPLAY_TIC|tic=90|mle_ms=116.969
PMLE_LIVE_REPLAY_TIC|tic=91|mle_ms=284.315
PMLE_LIVE_REPLAY_TIC|tic=92|mle_ms=224.333
PMLE_LIVE_REPLAY_TIC|tic=93|mle_ms=213.709
PMLE_LIVE_REPLAY_TIC|tic=94|mle_ms=302.155
PMLE_LIVE_REPLAY_TIC|tic=95|mle_ms=169.849
PMLE_LIVE_REPLAY_TIC|tic=96|mle_ms=237.557
PMLE_LIVE_REPLAY_TIC|tic=97|mle_ms=279.337
PMLE_LIVE_REPLAY_TIC|tic=98|mle_ms=221.891
PMLE_LIVE_REPLAY_TIC|tic=99|mle_ms=148.531
PMLE_LIVE_REPLAY_TIC|tic=100|mle_ms=234.035
PMLE_LIVE_REPLAY_TIC|tic=101|mle_ms=195.125
PMLE_LIVE_REPLAY_TIC|tic=102|mle_ms=218.577
PMLE_LIVE_REPLAY_TIC|tic=103|mle_ms=252.865
PMLE_LIVE_REPLAY_TIC|tic=104|mle_ms=141.614
PMLE_LIVE_REPLAY_TIC|tic=105|mle_ms=147.047
PMLE_LIVE_REPLAY_TIC|tic=106|mle_ms=276.516
PMLE_LIVE_REPLAY_TIC|tic=107|mle_ms=179.625
PMLE_LIVE_REPLAY_TIC|tic=108|mle_ms=216.28
PMLE_LIVE_REPLAY_TIC|tic=109|mle_ms=204.401
PMLE_LIVE_REPLAY_TIC|tic=110|mle_ms=172.537
PMLE_LIVE_REPLAY_TIC|tic=111|mle_ms=411.832
PMLE_LIVE_REPLAY_TIC|tic=112|mle_ms=271.213
PMLE_LIVE_REPLAY_TIC|tic=113|mle_ms=160.698
PMLE_LIVE_REPLAY_TIC|tic=114|mle_ms=242.051
PMLE_LIVE_REPLAY_TIC|tic=115|mle_ms=275.681
PMLE_LIVE_REPLAY_TIC|tic=116|mle_ms=220.385
PMLE_LIVE_REPLAY_TIC|tic=117|mle_ms=231.747
PMLE_LIVE_REPLAY_TIC|tic=118|mle_ms=330.073
PMLE_LIVE_REPLAY_TIC|tic=119|mle_ms=200.484
PMLE_LIVE_REPLAY_TIC|tic=120|mle_ms=215.009
PMLE_LIVE_REPLAY_TIC|tic=121|mle_ms=257.368
PMLE_LIVE_REPLAY_TIC|tic=122|mle_ms=162.31
PMLE_LIVE_REPLAY_TIC|tic=123|mle_ms=280.608
PMLE_LIVE_REPLAY_TIC|tic=124|mle_ms=320.423
PMLE_LIVE_REPLAY_TIC|tic=125|mle_ms=160.173
PMLE_LIVE_REPLAY_TIC|tic=126|mle_ms=200.42
PMLE_LIVE_REPLAY_TIC|tic=127|mle_ms=289.76
PMLE_LIVE_REPLAY_TIC|tic=128|mle_ms=206.021
PMLE_LIVE_REPLAY_TIC|tic=129|mle_ms=262.367
PMLE_LIVE_REPLAY_TIC|tic=130|mle_ms=365.771
PMLE_LIVE_REPLAY_TIC|tic=131|mle_ms=260.6
PMLE_LIVE_REPLAY_TIC|tic=132|mle_ms=208.692
PMLE_LIVE_REPLAY_TIC|tic=133|mle_ms=266.01
PMLE_LIVE_REPLAY_TIC|tic=134|mle_ms=327.407
PMLE_LIVE_REPLAY_TIC|tic=135|mle_ms=213.553
PMLE_LIVE_REPLAY_TIC|tic=136|mle_ms=261.754
PMLE_LIVE_REPLAY_TIC|tic=137|mle_ms=273.005
PMLE_LIVE_REPLAY_TIC|tic=138|mle_ms=238.828
PMLE_LIVE_REPLAY_TIC|tic=139|mle_ms=347.706
PMLE_LIVE_REPLAY_TIC|tic=140|mle_ms=247.502
PMLE_LIVE_REPLAY_TIC|tic=141|mle_ms=219.54
PMLE_LIVE_REPLAY_TIC|tic=142|mle_ms=252.026
PMLE_LIVE_REPLAY_TIC|tic=143|mle_ms=297.942
PMLE_LIVE_REPLAY_TIC|tic=144|mle_ms=212.413
PMLE_LIVE_REPLAY_TIC|tic=145|mle_ms=222.009
PMLE_LIVE_REPLAY_TIC|tic=146|mle_ms=262.21
PMLE_LIVE_REPLAY_TIC|tic=147|mle_ms=220.219
PMLE_LIVE_REPLAY_TIC|tic=148|mle_ms=234.931
PMLE_LIVE_REPLAY_TIC|tic=149|mle_ms=282.627
PMLE_LIVE_REPLAY_TIC|tic=150|mle_ms=240.193
PMLE_LIVE_REPLAY_TIC|tic=151|mle_ms=273.938
PMLE_LIVE_REPLAY_TIC|tic=152|mle_ms=226.363
PMLE_LIVE_REPLAY_TIC|tic=153|mle_ms=281.294
PMLE_LIVE_REPLAY_TIC|tic=154|mle_ms=280.792
PMLE_LIVE_REPLAY_TIC|tic=155|mle_ms=249.791
PMLE_LIVE_REPLAY_TIC|tic=156|mle_ms=244.07
PMLE_LIVE_REPLAY_TIC|tic=157|mle_ms=239.058
PMLE_LIVE_REPLAY_TIC|tic=158|mle_ms=230.536
PMLE_LIVE_REPLAY_TIC|tic=159|mle_ms=476.315
PMLE_LIVE_REPLAY_TIC|tic=160|mle_ms=253.304
PMLE_LIVE_REPLAY_TIC|tic=161|mle_ms=293.509
PMLE_LIVE_REPLAY_TIC|tic=162|mle_ms=286.503
PMLE_LIVE_REPLAY_TIC|tic=163|mle_ms=301.396
PMLE_LIVE_REPLAY_TIC|tic=164|mle_ms=199.544
PMLE_LIVE_REPLAY_TIC|tic=165|mle_ms=204.877
PMLE_LIVE_REPLAY_TIC|tic=166|mle_ms=327.294
PMLE_LIVE_REPLAY_TIC|tic=167|mle_ms=226.876
PMLE_LIVE_REPLAY_TIC|tic=168|mle_ms=302.472
PMLE_LIVE_REPLAY_TIC|tic=169|mle_ms=349.87
PMLE_LIVE_REPLAY_TIC|tic=170|mle_ms=206.612
PMLE_LIVE_REPLAY_TIC|tic=171|mle_ms=226.862
PMLE_LIVE_REPLAY_TIC|tic=172|mle_ms=444.634
PMLE_LIVE_REPLAY_TIC|tic=173|mle_ms=262.781
PMLE_LIVE_REPLAY_TIC|tic=174|mle_ms=261.411
PMLE_LIVE_REPLAY_TIC|tic=175|mle_ms=309.185
PMLE_LIVE_REPLAY_TIC|tic=176|mle_ms=317.448
PMLE_LIVE_REPLAY_TIC|tic=177|mle_ms=295.818
PMLE_LIVE_REPLAY_TIC|tic=178|mle_ms=382.874
PMLE_LIVE_REPLAY_TIC|tic=179|mle_ms=383.126
PMLE_LIVE_REPLAY_TIC|tic=180|mle_ms=299.571
PMLE_LIVE_REPLAY_TIC|tic=181|mle_ms=402.786
PMLE_LIVE_REPLAY_TIC|tic=182|mle_ms=378.122
PMLE_LIVE_REPLAY_TIC|tic=183|mle_ms=396.883
PMLE_LIVE_REPLAY_TIC|tic=184|mle_ms=396.335
PMLE_LIVE_REPLAY_TIC|tic=185|mle_ms=469.333
PMLE_LIVE_REPLAY_TIC|tic=186|mle_ms=373.374
PMLE_LIVE_REPLAY_TIC|tic=187|mle_ms=498.489
PMLE_LIVE_REPLAY_TIC|tic=188|mle_ms=342.432
PMLE_LIVE_REPLAY_TIC|tic=189|mle_ms=512.43
PMLE_LIVE_REPLAY_TIC|tic=190|mle_ms=317.288
PMLE_LIVE_REPLAY_TIC|tic=191|mle_ms=441.9
PMLE_LIVE_REPLAY_TIC|tic=192|mle_ms=353.7
PMLE_LIVE_REPLAY_TIC|tic=193|mle_ms=385.934
PMLE_LIVE_REPLAY_TIC|tic=194|mle_ms=395.564
PMLE_LIVE_REPLAY_TIC|tic=195|mle_ms=302.749
PMLE_LIVE_REPLAY_TIC|tic=196|mle_ms=335.78
PMLE_LIVE_REPLAY_TIC|tic=197|mle_ms=409.392
PMLE_LIVE_REPLAY_TIC|tic=198|mle_ms=339.621
PMLE_LIVE_REPLAY_TIC|tic=199|mle_ms=329.295
PMLE_LIVE_REPLAY_TIC|tic=200|mle_ms=354.95
PMLE_LIVE_REPLAY_TIC|tic=201|mle_ms=345.587
PMLE_LIVE_REPLAY_TIC|tic=202|mle_ms=358.269
PMLE_LIVE_REPLAY_TIC|tic=203|mle_ms=378.613
PMLE_LIVE_REPLAY_TIC|tic=204|mle_ms=255.944
PMLE_LIVE_REPLAY_TIC|tic=205|mle_ms=361.234
PMLE_LIVE_REPLAY_TIC|tic=206|mle_ms=525.021
PMLE_LIVE_REPLAY_TIC|tic=207|mle_ms=346.031
PMLE_LIVE_REPLAY_TIC|tic=208|mle_ms=555.963
PMLE_LIVE_REPLAY_TIC|tic=209|mle_ms=312.338
PMLE_LIVE_REPLAY_TIC|tic=210|mle_ms=445.262
PMLE_LIVE_REPLAY_TIC|tic=211|mle_ms=360.192
PMLE_LIVE_REPLAY_TIC|tic=212|mle_ms=385.821
PMLE_LIVE_REPLAY_TIC|tic=213|mle_ms=347.523
PMLE_LIVE_REPLAY_TIC|tic=214|mle_ms=315.934
PMLE_LIVE_REPLAY_TIC|tic=215|mle_ms=361.209
PMLE_LIVE_REPLAY_TIC|tic=216|mle_ms=308.674
PMLE_LIVE_REPLAY_TIC|tic=217|mle_ms=316.656
PMLE_LIVE_REPLAY_TIC|tic=218|mle_ms=337.051
PMLE_LIVE_REPLAY_TIC|tic=219|mle_ms=283.377
PMLE_LIVE_REPLAY_TIC|tic=220|mle_ms=338.919
PMLE_LIVE_REPLAY_TIC|tic=221|mle_ms=338.763
PMLE_LIVE_REPLAY_TIC|tic=222|mle_ms=352.162
PMLE_LIVE_REPLAY_TIC|tic=223|mle_ms=367.346
PMLE_LIVE_REPLAY_TIC|tic=224|mle_ms=339.79
PMLE_LIVE_REPLAY_TIC|tic=225|mle_ms=399.453
PMLE_LIVE_REPLAY_TIC|tic=226|mle_ms=246.043
PMLE_LIVE_REPLAY_TIC|tic=227|mle_ms=344.36
PMLE_LIVE_REPLAY_TIC|tic=228|mle_ms=292.335
PMLE_LIVE_REPLAY_TIC|tic=229|mle_ms=396.498
PMLE_LIVE_REPLAY_TIC|tic=230|mle_ms=450.395
PMLE_LIVE_REPLAY_TIC|tic=231|mle_ms=313.886
PMLE_LIVE_REPLAY_TIC|tic=232|mle_ms=251.431
PMLE_LIVE_REPLAY_TIC|tic=233|mle_ms=348.349
PMLE_LIVE_REPLAY_TIC|tic=234|mle_ms=288.404
PMLE_LIVE_REPLAY_TIC|tic=235|mle_ms=279.548
PMLE_LIVE_REPLAY_TIC|tic=236|mle_ms=389.696
PMLE_LIVE_REPLAY_TIC|tic=237|mle_ms=306.803
PMLE_LIVE_REPLAY_TIC|tic=238|mle_ms=361.337
PMLE_LIVE_REPLAY_TIC|tic=239|mle_ms=313.141
PMLE_LIVE_REPLAY_TIC|tic=240|mle_ms=204.876
PMLE_LIVE_REPLAY_TIC|tic=241|mle_ms=341.447
PMLE_LIVE_REPLAY_TIC|tic=242|mle_ms=229.517
PMLE_LIVE_REPLAY_TIC|tic=243|mle_ms=317.835
PMLE_LIVE_REPLAY_TIC|tic=244|mle_ms=459.626
PMLE_LIVE_REPLAY_TIC|tic=245|mle_ms=373.686
PMLE_LIVE_REPLAY_TIC|tic=246|mle_ms=249.146
PMLE_LIVE_REPLAY_TIC|tic=247|mle_ms=367.285
PMLE_LIVE_REPLAY_TIC|tic=248|mle_ms=278.269
PMLE_LIVE_REPLAY_TIC|tic=249|mle_ms=281.884
PMLE_LIVE_REPLAY_TIC|tic=250|mle_ms=313.306
PMLE_LIVE_REPLAY_TIC|tic=251|mle_ms=339.532
PMLE_LIVE_REPLAY_TIC|tic=252|mle_ms=209.341
PMLE_LIVE_REPLAY_TIC|tic=253|mle_ms=384.343
PMLE_LIVE_REPLAY_TIC|tic=254|mle_ms=287.923
PMLE_LIVE_REPLAY_TIC|tic=255|mle_ms=235.045
PMLE_LIVE_REPLAY_TIC|tic=256|mle_ms=348.429
PMLE_LIVE_REPLAY_TIC|tic=257|mle_ms=318.22
PMLE_LIVE_REPLAY_TIC|tic=258|mle_ms=197.349
PMLE_LIVE_REPLAY_TIC|tic=259|mle_ms=292.293
PMLE_LIVE_REPLAY_TIC|tic=260|mle_ms=280.17
PMLE_LIVE_REPLAY_TIC|tic=261|mle_ms=296.183
PMLE_LIVE_REPLAY_TIC|tic=262|mle_ms=286.852
PMLE_LIVE_REPLAY_TIC|tic=263|mle_ms=305.838
PMLE_LIVE_REPLAY_TIC|tic=264|mle_ms=338.236
PMLE_LIVE_REPLAY_TIC|tic=265|mle_ms=275.489
PMLE_LIVE_REPLAY_TIC|tic=266|mle_ms=304.982
PMLE_LIVE_REPLAY_TIC|tic=267|mle_ms=437.38
PMLE_LIVE_REPLAY_TIC|tic=268|mle_ms=328.72
PMLE_LIVE_REPLAY_TIC|tic=269|mle_ms=294.558
PMLE_LIVE_REPLAY_TIC|tic=270|mle_ms=243.046
PMLE_LIVE_REPLAY_TIC|tic=271|mle_ms=364.389
PMLE_LIVE_REPLAY_TIC|tic=272|mle_ms=322.095
PMLE_LIVE_REPLAY_TIC|tic=273|mle_ms=341.526
PMLE_LIVE_REPLAY_TIC|tic=274|mle_ms=311.479
PMLE_LIVE_REPLAY_TIC|tic=275|mle_ms=253.585
PMLE_LIVE_REPLAY_TIC|tic=276|mle_ms=267.804
PMLE_LIVE_REPLAY_TIC|tic=277|mle_ms=358.08
PMLE_LIVE_REPLAY_TIC|tic=278|mle_ms=252.019
PMLE_LIVE_REPLAY_TIC|tic=279|mle_ms=387.373
PMLE_LIVE_REPLAY_TIC|tic=280|mle_ms=302.147
PMLE_LIVE_REPLAY_TIC|tic=281|mle_ms=330.487
PMLE_LIVE_REPLAY_TIC|tic=282|mle_ms=250.807
PMLE_LIVE_REPLAY_TIC|tic=283|mle_ms=506.039
PMLE_LIVE_REPLAY_TIC|tic=284|mle_ms=266.75
PMLE_LIVE_REPLAY_TIC|tic=285|mle_ms=267.493
PMLE_LIVE_REPLAY_TIC|tic=286|mle_ms=402.341
PMLE_LIVE_REPLAY_TIC|tic=287|mle_ms=395.535
PMLE_LIVE_REPLAY_TIC|tic=288|mle_ms=279.39
PMLE_LIVE_REPLAY_TIC|tic=289|mle_ms=238.031
PMLE_LIVE_REPLAY_TIC|tic=290|mle_ms=300.948
PMLE_LIVE_REPLAY_TIC|tic=291|mle_ms=334.139
PMLE_LIVE_REPLAY_TIC|tic=292|mle_ms=314.033
PMLE_LIVE_REPLAY_TIC|tic=293|mle_ms=439.052
PMLE_LIVE_REPLAY_TIC|tic=294|mle_ms=343.192
PMLE_LIVE_REPLAY_TIC|tic=295|mle_ms=306.099
PMLE_LIVE_REPLAY_TIC|tic=296|mle_ms=243.745
PMLE_LIVE_REPLAY_TIC|tic=297|mle_ms=455.267
PMLE_LIVE_REPLAY_TIC|tic=298|mle_ms=303.068
PMLE_LIVE_REPLAY_TIC|tic=299|mle_ms=216.979
PMLE_LIVE_REPLAY_TIC|tic=300|mle_ms=297.65
PMLE_LIVE_REPLAY_TIC|tic=301|mle_ms=499.032
PMLE_LIVE_REPLAY_TIC|tic=302|mle_ms=225.749
PMLE_LIVE_REPLAY_TIC|tic=303|mle_ms=440.549
PMLE_LIVE_REPLAY_TIC|tic=304|mle_ms=267.105
PMLE_LIVE_REPLAY_TIC|tic=305|mle_ms=201.356
PMLE_LIVE_REPLAY_TIC|tic=306|mle_ms=296.752
PMLE_LIVE_REPLAY_TIC|tic=307|mle_ms=543.841
PMLE_LIVE_REPLAY_TIC|tic=308|mle_ms=230.715
PMLE_LIVE_REPLAY_TIC|tic=309|mle_ms=279.412
PMLE_LIVE_REPLAY_TIC|tic=310|mle_ms=345.352
PMLE_LIVE_REPLAY_TIC|tic=311|mle_ms=340.317
PMLE_LIVE_REPLAY_TIC|tic=312|mle_ms=215.951
PMLE_LIVE_REPLAY_TIC|tic=313|mle_ms=353.214
PMLE_LIVE_REPLAY_TIC|tic=314|mle_ms=308.699
PMLE_LIVE_REPLAY_TIC|tic=315|mle_ms=194.357
PMLE_LIVE_REPLAY_TIC|tic=316|mle_ms=455.28
PMLE_LIVE_REPLAY_TIC|tic=317|mle_ms=238.975
PMLE_LIVE_REPLAY_TIC|tic=318|mle_ms=196.416
PMLE_LIVE_REPLAY_TIC|tic=319|mle_ms=293.282
PMLE_LIVE_REPLAY_TIC|tic=320|mle_ms=363.752
PMLE_LIVE_REPLAY_TIC|tic=321|mle_ms=258.39
PMLE_LIVE_REPLAY_TIC|tic=322|mle_ms=382.13
PMLE_LIVE_REPLAY_TIC|tic=323|mle_ms=320.514
PMLE_LIVE_REPLAY_TIC|tic=324|mle_ms=280.369
PMLE_LIVE_REPLAY_TIC|tic=325|mle_ms=297.735
PMLE_LIVE_REPLAY_TIC|tic=326|mle_ms=358.044
PMLE_LIVE_REPLAY_TIC|tic=327|mle_ms=213.253
PMLE_LIVE_REPLAY_TIC|tic=328|mle_ms=293.682
PMLE_LIVE_REPLAY_TIC|tic=329|mle_ms=336.28
PMLE_LIVE_REPLAY_TIC|tic=330|mle_ms=260.596
PMLE_LIVE_REPLAY_TIC|tic=331|mle_ms=315.054
PMLE_LIVE_REPLAY_TIC|tic=332|mle_ms=278.61
PMLE_LIVE_REPLAY_TIC|tic=333|mle_ms=221.21
PMLE_LIVE_REPLAY_TIC|tic=334|mle_ms=371.489
PMLE_LIVE_REPLAY_TIC|tic=335|mle_ms=398.383
PMLE_LIVE_REPLAY_TIC|tic=336|mle_ms=272.77
PMLE_LIVE_REPLAY_TIC|tic=337|mle_ms=333.355
PMLE_LIVE_REPLAY_TIC|tic=338|mle_ms=276.496
PMLE_LIVE_REPLAY_TIC|tic=339|mle_ms=344.815
PMLE_LIVE_REPLAY_TIC|tic=340|mle_ms=376.744
PMLE_LIVE_REPLAY_TIC|tic=341|mle_ms=343.803
PMLE_LIVE_REPLAY_TIC|tic=342|mle_ms=284.527
PMLE_LIVE_REPLAY_TIC|tic=343|mle_ms=362.384
PMLE_LIVE_REPLAY_TIC|tic=344|mle_ms=271.955
PMLE_LIVE_REPLAY_TIC|tic=345|mle_ms=276.408
PMLE_LIVE_REPLAY_TIC|tic=346|mle_ms=403.762
PMLE_LIVE_REPLAY_TIC|tic=347|mle_ms=264.563
PMLE_LIVE_REPLAY_TIC|tic=348|mle_ms=271.675
PMLE_LIVE_REPLAY_TIC|tic=349|mle_ms=327.469
PMLE_LIVE_REPLAY_TIC|tic=350|mle_ms=487.461
PMLE_LIVE_REPLAY_TIC|tic=351|mle_ms=299.828
PMLE_LIVE_REPLAY_TIC|tic=352|mle_ms=238.136
PMLE_LIVE_REPLAY_TIC|tic=353|mle_ms=322.682
PMLE_LIVE_REPLAY_TIC|tic=354|mle_ms=239.702
PMLE_LIVE_REPLAY_TIC|tic=355|mle_ms=446.998
PMLE_LIVE_REPLAY_TIC|tic=356|mle_ms=256.25
PMLE_LIVE_REPLAY_TIC|tic=357|mle_ms=254.294
PMLE_LIVE_REPLAY_TIC|tic=358|mle_ms=405.367
PMLE_LIVE_REPLAY_TIC|tic=359|mle_ms=394.441
PMLE_LIVE_REPLAY_TIC|tic=360|mle_ms=237.736
PMLE_LIVE_REPLAY_TIC|tic=361|mle_ms=377.501
PMLE_LIVE_REPLAY_TIC|tic=362|mle_ms=270.929
PMLE_LIVE_REPLAY_TIC|tic=363|mle_ms=207.429
PMLE_LIVE_REPLAY_TIC|tic=364|mle_ms=323.283
PMLE_LIVE_REPLAY_TIC|tic=365|mle_ms=289.855
PMLE_LIVE_REPLAY_TIC|tic=366|mle_ms=236.763
PMLE_LIVE_REPLAY_TIC|tic=367|mle_ms=306.791
PMLE_LIVE_REPLAY_TIC|tic=368|mle_ms=292.873
PMLE_LIVE_REPLAY_TIC|tic=369|mle_ms=241.858
PMLE_LIVE_REPLAY_TIC|tic=370|mle_ms=285.718
PMLE_LIVE_REPLAY_TIC|tic=371|mle_ms=313.001
PMLE_LIVE_REPLAY_TIC|tic=372|mle_ms=212.171
PMLE_LIVE_REPLAY_TIC|tic=373|mle_ms=305.548
PMLE_LIVE_REPLAY_TIC|tic=374|mle_ms=502.45
PMLE_LIVE_REPLAY_TIC|tic=375|mle_ms=240.875
PMLE_LIVE_REPLAY_TIC|tic=376|mle_ms=326.609
PMLE_LIVE_REPLAY_TIC|tic=377|mle_ms=354.45
PMLE_LIVE_REPLAY_TIC|tic=378|mle_ms=346.995
PMLE_LIVE_REPLAY_TIC|tic=379|mle_ms=345.976
PMLE_LIVE_REPLAY_TIC|tic=380|mle_ms=322.296
PMLE_LIVE_REPLAY_TIC|tic=381|mle_ms=214.908
PMLE_LIVE_REPLAY_TIC|tic=382|mle_ms=364.179
PMLE_LIVE_REPLAY_TIC|tic=383|mle_ms=313.221
PMLE_LIVE_REPLAY_TIC|tic=384|mle_ms=259.261
PMLE_LIVE_REPLAY_TIC|tic=385|mle_ms=360.021
PMLE_LIVE_REPLAY_TIC|tic=386|mle_ms=396.152
PMLE_LIVE_REPLAY_TIC|tic=387|mle_ms=288.786
PMLE_LIVE_REPLAY_TIC|tic=388|mle_ms=439.793
PMLE_LIVE_REPLAY_TIC|tic=389|mle_ms=348.15
PMLE_LIVE_REPLAY_TIC|tic=390|mle_ms=290.334
PMLE_LIVE_REPLAY_TIC|tic=391|mle_ms=348.04
PMLE_LIVE_REPLAY_TIC|tic=392|mle_ms=397.403
PMLE_LIVE_REPLAY_TIC|tic=393|mle_ms=341.237
PMLE_LIVE_REPLAY_TIC|tic=394|mle_ms=345.568
PMLE_LIVE_REPLAY_TIC|tic=395|mle_ms=394.624
PMLE_LIVE_REPLAY_TIC|tic=396|mle_ms=325.417
PMLE_LIVE_REPLAY_TIC|tic=397|mle_ms=313.994
PMLE_LIVE_REPLAY_TIC|tic=398|mle_ms=442.976
PMLE_LIVE_REPLAY_TIC|tic=399|mle_ms=262.429
PMLE_LIVE_REPLAY_TIC|tic=400|mle_ms=289.601
PMLE_LIVE_REPLAY_TIC|tic=401|mle_ms=356.967
PMLE_LIVE_REPLAY_TIC|tic=402|mle_ms=399.118
PMLE_LIVE_REPLAY_TIC|tic=403|mle_ms=352.576
PMLE_LIVE_REPLAY_TIC|tic=404|mle_ms=355.637
PMLE_LIVE_REPLAY_TIC|tic=405|mle_ms=295.242
PMLE_LIVE_REPLAY_TIC|tic=406|mle_ms=487.805
PMLE_LIVE_REPLAY_TIC|tic=407|mle_ms=386.265
PMLE_LIVE_REPLAY_TIC|tic=408|mle_ms=297.698
PMLE_LIVE_REPLAY_TIC|tic=409|mle_ms=357.522
PMLE_LIVE_REPLAY_TIC|tic=410|mle_ms=410.552
PMLE_LIVE_REPLAY_TIC|tic=411|mle_ms=319.915
PMLE_LIVE_REPLAY_TIC|tic=412|mle_ms=359.87
PMLE_LIVE_REPLAY_TIC|tic=413|mle_ms=257.611
PMLE_LIVE_REPLAY_TIC|tic=414|mle_ms=239.637
PMLE_LIVE_REPLAY_TIC|tic=415|mle_ms=343.519
PMLE_LIVE_REPLAY_TIC|tic=416|mle_ms=444.623
PMLE_LIVE_REPLAY_TIC|tic=417|mle_ms=211.432
PMLE_LIVE_REPLAY_TIC|tic=418|mle_ms=383.071
PMLE_LIVE_REPLAY_TIC|tic=419|mle_ms=361.651
PMLE_LIVE_REPLAY_TIC|tic=420|mle_ms=254.681
PMLE_LIVE_REPLAY_TIC|tic=421|mle_ms=359.064
PMLE_LIVE_REPLAY_TIC|tic=422|mle_ms=382.123
PMLE_LIVE_REPLAY_TIC|tic=423|mle_ms=248.701
PMLE_LIVE_REPLAY_TIC|tic=424|mle_ms=377.996
PMLE_LIVE_REPLAY_TIC|tic=425|mle_ms=477.243
PMLE_LIVE_REPLAY_TIC|tic=426|mle_ms=326.565
PMLE_LIVE_REPLAY_TIC|tic=427|mle_ms=379.746
PMLE_LIVE_REPLAY_TIC|tic=428|mle_ms=344.726
PMLE_LIVE_REPLAY_TIC|tic=429|mle_ms=343.123
PMLE_LIVE_REPLAY_TIC|tic=430|mle_ms=389.175
PMLE_LIVE_REPLAY_TIC|tic=431|mle_ms=288.916
PMLE_LIVE_REPLAY_TIC|tic=432|mle_ms=242.626
PMLE_LIVE_REPLAY_TIC|tic=433|mle_ms=375.285
PMLE_LIVE_REPLAY_TIC|tic=434|mle_ms=385.122
PMLE_LIVE_REPLAY_TIC|tic=435|mle_ms=255.026
PMLE_LIVE_REPLAY_TIC|tic=436|mle_ms=401.12
PMLE_LIVE_REPLAY_TIC|tic=437|mle_ms=298.658
PMLE_LIVE_REPLAY_TIC|tic=438|mle_ms=306.768
PMLE_LIVE_REPLAY_TIC|tic=439|mle_ms=332.596
PMLE_LIVE_REPLAY_TIC|tic=440|mle_ms=339.791
PMLE_LIVE_REPLAY_TIC|tic=441|mle_ms=288.704
PMLE_LIVE_REPLAY_TIC|tic=442|mle_ms=329.017
PMLE_LIVE_REPLAY_TIC|tic=443|mle_ms=288.666
PMLE_LIVE_REPLAY_TIC|tic=444|mle_ms=189.823
PMLE_LIVE_REPLAY_TIC|tic=445|mle_ms=390.11
PMLE_LIVE_REPLAY_TIC|tic=446|mle_ms=376.422
PMLE_LIVE_REPLAY_TIC|tic=447|mle_ms=191.101
PMLE_LIVE_REPLAY_TIC|tic=448|mle_ms=241.294
PMLE_LIVE_REPLAY_TIC|tic=449|mle_ms=372.928
PMLE_LIVE_REPLAY_TIC|tic=450|mle_ms=250.074
PMLE_LIVE_REPLAY_TIC|tic=451|mle_ms=258.62
PMLE_LIVE_REPLAY_TIC|tic=452|mle_ms=327.269
PMLE_LIVE_REPLAY_TIC|tic=453|mle_ms=266.586
PMLE_LIVE_REPLAY_TIC|tic=454|mle_ms=327.948
PMLE_LIVE_REPLAY_TIC|tic=455|mle_ms=268.387
PMLE_LIVE_REPLAY_TIC|tic=456|mle_ms=277.393
PMLE_LIVE_REPLAY_TIC|tic=457|mle_ms=301.103
PMLE_LIVE_REPLAY_TIC|tic=458|mle_ms=365.194
PMLE_LIVE_REPLAY_TIC|tic=459|mle_ms=290.974
PMLE_LIVE_REPLAY_TIC|tic=460|mle_ms=335.271
PMLE_LIVE_REPLAY_TIC|tic=461|mle_ms=229.186
PMLE_LIVE_REPLAY_TIC|tic=462|mle_ms=271.967
PMLE_LIVE_REPLAY_TIC|tic=463|mle_ms=301.893
PMLE_LIVE_REPLAY_TIC|tic=464|mle_ms=285.846
PMLE_LIVE_REPLAY_TIC|tic=465|mle_ms=296.582
PMLE_LIVE_REPLAY_TIC|tic=466|mle_ms=354.819
PMLE_LIVE_REPLAY_TIC|tic=467|mle_ms=253.091
PMLE_LIVE_REPLAY_TIC|tic=468|mle_ms=203.285
PMLE_LIVE_REPLAY_TIC|tic=469|mle_ms=364.985
PMLE_LIVE_REPLAY_TIC|tic=470|mle_ms=332.302
PMLE_LIVE_REPLAY_TIC|tic=471|mle_ms=246.929
PMLE_LIVE_REPLAY_TIC|tic=472|mle_ms=289.072
PMLE_LIVE_REPLAY_TIC|tic=473|mle_ms=272.982
PMLE_LIVE_REPLAY_TIC|tic=474|mle_ms=431.974
PMLE_LIVE_REPLAY_TIC|tic=475|mle_ms=322.372
PMLE_LIVE_REPLAY_TIC|tic=476|mle_ms=365.105
PMLE_LIVE_REPLAY_TIC|tic=477|mle_ms=194.546
PMLE_LIVE_REPLAY_TIC|tic=478|mle_ms=316.7
PMLE_LIVE_REPLAY_TIC|tic=479|mle_ms=405.845
PMLE_LIVE_REPLAY_TIC|tic=480|mle_ms=231.523
PMLE_LIVE_REPLAY_TIC|tic=481|mle_ms=246.858
PMLE_LIVE_REPLAY_TIC|tic=482|mle_ms=265.943
PMLE_LIVE_REPLAY_TIC|tic=483|mle_ms=367.383
PMLE_LIVE_REPLAY_TIC|tic=484|mle_ms=255.709
PMLE_LIVE_REPLAY_TIC|tic=485|mle_ms=234.786
PMLE_LIVE_REPLAY_TIC|tic=486|mle_ms=304.882
PMLE_LIVE_REPLAY_TIC|tic=487|mle_ms=281.534
PMLE_LIVE_REPLAY_TIC|tic=488|mle_ms=199.734
PMLE_LIVE_REPLAY_TIC|tic=489|mle_ms=210.778
PMLE_LIVE_REPLAY_TIC|tic=490|mle_ms=340.767
PMLE_LIVE_REPLAY_TIC|tic=491|mle_ms=235.999
PMLE_LIVE_REPLAY_TIC|tic=492|mle_ms=206.774
PMLE_LIVE_REPLAY_TIC|tic=493|mle_ms=307.938
PMLE_LIVE_REPLAY_TIC|tic=494|mle_ms=322.963
PMLE_LIVE_REPLAY_TIC|tic=495|mle_ms=252.163
PMLE_LIVE_REPLAY_TIC|tic=496|mle_ms=353.128
PMLE_LIVE_REPLAY_TIC|tic=497|mle_ms=254.097
PMLE_LIVE_REPLAY_TIC|tic=498|mle_ms=387.815
PMLE_LIVE_REPLAY_TIC|tic=499|mle_ms=205.872
PMLE_LIVE_REPLAY_TIC|tic=500|mle_ms=287.876
PMLE_LIVE_REPLAY_TICKER|stream=live-dm-2026-07-23|tics=500|p50_ms=286.852|p95_ms
=439.052|p99_ms=502.45|max_ms=555.963|throughput_tps=3.425
PMLE_LIVE_REPLAY_WINDOW|through_tic=100|tics=100|wall_ms=21759.337|memory=iwadBy
tes=28795076|frameBytes=64000|thinkers=247|mobjs=238|killMonsters=29|livingMonst
ers=29|awakeMonsters=9|movingMonsters=0|vertexes=1196|segs=2057|sectors=182|subs
ectors=682|nodes=681|lines=1175|sides=1829|blockmapInts=3764|blocklinks=864|reje
ctBytes=4141
PMLE_LIVE_REPLAY_WINDOW|through_tic=200|tics=100|wall_ms=28538.445|memory=iwadBy
tes=28795076|frameBytes=64000|thinkers=254|mobjs=243|killMonsters=29|livingMonst
ers=28|awakeMonsters=20|movingMonsters=2|vertexes=1196|segs=2057|sectors=182|sub
sectors=682|nodes=681|lines=1175|sides=1829|blockmapInts=3764|blocklinks=864|rej
ectBytes=4141
PMLE_LIVE_REPLAY_WINDOW|through_tic=300|tics=100|wall_ms=32697.392|memory=iwadBy
tes=28795076|frameBytes=64000|thinkers=253|mobjs=243|killMonsters=29|livingMonst
ers=28|awakeMonsters=20|movingMonsters=1|vertexes=1196|segs=2057|sectors=182|sub
sectors=682|nodes=681|lines=1175|sides=1829|blockmapInts=3764|blocklinks=864|rej
ectBytes=4141
PMLE_LIVE_REPLAY_WINDOW|through_tic=400|tics=100|wall_ms=31714.982|memory=iwadBy
tes=28795076|frameBytes=64000|thinkers=250|mobjs=240|killMonsters=29|livingMonst
ers=28|awakeMonsters=20|movingMonsters=0|vertexes=1196|segs=2057|sectors=182|sub
sectors=682|nodes=681|lines=1175|sides=1829|blockmapInts=3764|blocklinks=864|rej
ectBytes=4141
PMLE_LIVE_REPLAY_WINDOW|through_tic=500|tics=100|wall_ms=31166.125|memory=iwadBy
tes=28795076|frameBytes=64000|thinkers=248|mobjs=239|killMonsters=29|livingMonst
ers=28|awakeMonsters=20|movingMonsters=0|vertexes=1196|segs=2057|sectors=182|sub
sectors=682|nodes=681|lines=1175|sides=1829|blockmapInts=3764|blocklinks=864|rej
ectBytes=4141
PMLE_LIVE_REPLAY_MEMORY|iwadBytes=28795076|frameBytes=64000|thinkers=248|mobjs=2
39|killMonsters=29|livingMonsters=28|awakeMonsters=20|movingMonsters=0|vertexes=
1196|segs=2057|sectors=182|subsectors=682|nodes=681|lines=1175|sides=1829|blockm
apInts=3764|blocklinks=864|rejectBytes=4141
P_GetNodesVersion: using normal BSP nodes
Max size 65990
PMLE_LIVE_REPLAY_WARM_PREFIX|after_full_tics=500|tics=500|p50_ms=287.127|p95_ms=
421.656|p99_ms=476.623|max_ms=527.185|throughput_tps=3.475
PMLE_HOST_CONTEXT|phase=AFTER|utc=2026-07-24T03:59:35Z
PMLE_HOST_THERMAL|phase=AFTER|Note: No thermal warning level has been recorded
PMLE_HOST_THERMAL|phase=AFTER|Note: No performance warning level has been recorded
PMLE_HOST_THERMAL|phase=AFTER|2026-07-23 23:59:35 -0400 CPU Power notify
PMLE_HOST_THERMAL|phase=AFTER|	CPU_Scheduler_Limit 	= 100
PMLE_HOST_THERMAL|phase=AFTER|	CPU_Available_CPUs 	= 12
PMLE_HOST_THERMAL|phase=AFTER|	CPU_Speed_Limit 	= 100
