6 command-line variables
M_LoadDefaults: Load system defaults.
M_Random: Using DelegateRandom.
-iwad specified. Will be used with priority

ITicker: Using nanosecond accuracy timer.
                            FreeDoom: Phase 1          v1.9                           
W_Init: Init WADfiles.
	added freedoom1.wad (zipped: false network: true)
VI_Init: set palettes.
Palette: 3584 colors
VI_Init: set colormaps.
Colormaps: 35
V_Init: allocate screens.
AM_Init: Init Automap colors - 
===========================================================================
       Copyright © 2001-2017 Contributors to the Freedoom project.
                            All rights reserved.
     See: https://github.com/freedoom/freedoom/blob/master/COPYING.adoc
===========================================================================
Tables.InitTables: Init trigonometric LUTs.
M_Init: Init miscellaneous info.
R_Init: Init DOOM refresh daemon - 
P_Init: Init Playloop state.
false NUKAGE1 NUKAGE3 8
false FWATER1 FWATER4 8
false SWATER1 SWATER4 8
false LAVA1 LAVA4 8
false BLOOD1 BLOOD3 8
false RROCK05 RROCK08 8
false SLIME01 SLIME04 8
false SLIME05 SLIME08 8
false SLIME09 SLIME12 8
I_Init: Setting up machine state.
D_CheckNetGame: Checking network game status.
startskill sk_medium  deathmatch: false  startmap: 1  startepisode: 1
player 1 of 1 (1 nodes)
S_Init: Setting up sound.
M_Random: Switching to DoomRandom (new instance)
P_GetNodesVersion: using normal BSP nodes
PMLE_NODE_COMMAND_STREAM|PASS|mode=DEATHMATCH|tics=5250|p50_ms=0.054|p95_ms=0.237|p99_ms=0.436|max_ms=5.282|throughput_tps=12038.996
PMLE_NODE_COMMAND_WINDOW|through_tic=100|tics=100|wall_ms=42.863|tps=2333.035|iwadBytes=28795076|frameBytes=64000|thinkers=247|mobjs=238|killMonsters=29|livingMonsters=29|awakeMonsters=9|movingMonsters=0|vertexes=1196|segs=2057|sectors=182|subsectors=682|nodes=681|lines=1175|sides=1829|blockmapInts=3764|blocklinks=864|rejectBytes=4141
PMLE_NODE_COMMAND_WINDOW|through_tic=200|tics=100|wall_ms=35.866|tps=2788.122|iwadBytes=28795076|frameBytes=64000|thinkers=254|mobjs=243|killMonsters=29|livingMonsters=28|awakeMonsters=20|movingMonsters=2|vertexes=1196|segs=2057|sectors=182|subsectors=682|nodes=681|lines=1175|sides=1829|blockmapInts=3764|blocklinks=864|rejectBytes=4141
PMLE_NODE_COMMAND_WINDOW|through_tic=300|tics=100|wall_ms=24.459|tps=4088.427|iwadBytes=28795076|frameBytes=64000|thinkers=253|mobjs=243|killMonsters=29|livingMonsters=28|awakeMonsters=20|movingMonsters=1|vertexes=1196|segs=2057|sectors=182|subsectors=682|nodes=681|lines=1175|sides=1829|blockmapInts=3764|blocklinks=864|rejectBytes=4141
PMLE_NODE_COMMAND_WINDOW|through_tic=400|tics=100|wall_ms=23.373|tps=4278.448|iwadBytes=28795076|frameBytes=64000|thinkers=250|mobjs=240|killMonsters=29|livingMonsters=28|awakeMonsters=20|movingMonsters=0|vertexes=1196|segs=2057|sectors=182|subsectors=682|nodes=681|lines=1175|sides=1829|blockmapInts=3764|blocklinks=864|rejectBytes=4141
PMLE_NODE_COMMAND_WINDOW|through_tic=500|tics=100|wall_ms=18.566|tps=5386.247|iwadBytes=28795076|frameBytes=64000|thinkers=248|mobjs=239|killMonsters=29|livingMonsters=28|awakeMonsters=20|movingMonsters=0|vertexes=1196|segs=2057|sectors=182|subsectors=682|nodes=681|lines=1175|sides=1829|blockmapInts=3764|blocklinks=864|rejectBytes=4141
PMLE_NODE_COMMAND_WINDOW|through_tic=600|tics=100|wall_ms=17.557|tps=5695.720|iwadBytes=28795076|frameBytes=64000|thinkers=247|mobjs=238|killMonsters=29|livingMonsters=28|awakeMonsters=20|movingMonsters=0|vertexes=1196|segs=2057|sectors=182|subsectors=682|nodes=681|lines=1175|sides=1829|blockmapInts=3764|blocklinks=864|rejectBytes=4141
PMLE_NODE_COMMAND_WINDOW|through_tic=700|tics=100|wall_ms=19.329|tps=5173.444|iwadBytes=28795076|frameBytes=64000|thinkers=249|mobjs=239|killMonsters=29|livingMonsters=28|awakeMonsters=20|movingMonsters=0|vertexes=1196|segs=2057|sectors=182|subsectors=682|nodes=681|lines=1175|sides=1829|blockmapInts=3764|blocklinks=864|rejectBytes=4141
PMLE_NODE_COMMAND_WINDOW|through_tic=800|tics=100|wall_ms=11.964|tps=8358.649|iwadBytes=28795076|frameBytes=64000|thinkers=240|mobjs=231|killMonsters=29|livingMonsters=28|awakeMonsters=20|movingMonsters=2|vertexes=1196|segs=2057|sectors=182|subsectors=682|nodes=681|lines=1175|sides=1829|blockmapInts=3764|blocklinks=864|rejectBytes=4141
PMLE_NODE_COMMAND_WINDOW|through_tic=900|tics=100|wall_ms=10.181|tps=9822.662|iwadBytes=28795076|frameBytes=64000|thinkers=241|mobjs=232|killMonsters=29|livingMonsters=27|awakeMonsters=19|movingMonsters=0|vertexes=1196|segs=2057|sectors=182|subsectors=682|nodes=681|lines=1175|sides=1829|blockmapInts=3764|blocklinks=864|rejectBytes=4141
PMLE_NODE_COMMAND_WINDOW|through_tic=1000|tics=100|wall_ms=10.959|tps=9124.762|iwadBytes=28795076|frameBytes=64000|thinkers=241|mobjs=231|killMonsters=29|livingMonsters=26|awakeMonsters=18|movingMonsters=0|vertexes=1196|segs=2057|sectors=182|subsectors=682|nodes=681|lines=1175|sides=1829|blockmapInts=3764|blocklinks=864|rejectBytes=4141
PMLE_NODE_COMMAND_WINDOW|through_tic=1100|tics=100|wall_ms=9.460|tps=10571.316|iwadBytes=28795076|frameBytes=64000|thinkers=238|mobjs=228|killMonsters=29|livingMonsters=24|awakeMonsters=18|movingMonsters=0|vertexes=1196|segs=2057|sectors=182|subsectors=682|nodes=681|lines=1175|sides=1829|blockmapInts=3764|blocklinks=864|rejectBytes=4141
PMLE_NODE_COMMAND_WINDOW|through_tic=1200|tics=100|wall_ms=8.397|tps=11908.712|iwadBytes=28795076|frameBytes=64000|thinkers=244|mobjs=234|killMonsters=29|livingMonsters=21|awakeMonsters=15|movingMonsters=0|vertexes=1196|segs=2057|sectors=182|subsectors=682|nodes=681|lines=1175|sides=1829|blockmapInts=3764|blocklinks=864|rejectBytes=4141
PMLE_NODE_COMMAND_WINDOW|through_tic=1300|tics=100|wall_ms=5.478|tps=18253.915|iwadBytes=28795076|frameBytes=64000|thinkers=237|mobjs=227|killMonsters=29|livingMonsters=21|awakeMonsters=15|movingMonsters=0|vertexes=1196|segs=2057|sectors=182|subsectors=682|nodes=681|lines=1175|sides=1829|blockmapInts=3764|blocklinks=864|rejectBytes=4141
PMLE_NODE_COMMAND_WINDOW|through_tic=1400|tics=100|wall_ms=4.227|tps=23659.282|iwadBytes=28795076|frameBytes=64000|thinkers=237|mobjs=227|killMonsters=29|livingMonsters=21|awakeMonsters=15|movingMonsters=0|vertexes=1196|segs=2057|sectors=182|subsectors=682|nodes=681|lines=1175|sides=1829|blockmapInts=3764|blocklinks=864|rejectBytes=4141
PMLE_NODE_COMMAND_WINDOW|through_tic=1500|tics=100|wall_ms=5.995|tps=16679.340|iwadBytes=28795076|frameBytes=64000|thinkers=235|mobjs=226|killMonsters=29|livingMonsters=21|awakeMonsters=15|movingMonsters=0|vertexes=1196|segs=2057|sectors=182|subsectors=682|nodes=681|lines=1175|sides=1829|blockmapInts=3764|blocklinks=864|rejectBytes=4141
PMLE_NODE_COMMAND_WINDOW|through_tic=1600|tics=100|wall_ms=6.572|tps=15215.103|iwadBytes=28795076|frameBytes=64000|thinkers=239|mobjs=229|killMonsters=29|livingMonsters=21|awakeMonsters=15|movingMonsters=0|vertexes=1196|segs=2057|sectors=182|subsectors=682|nodes=681|lines=1175|sides=1829|blockmapInts=3764|blocklinks=864|rejectBytes=4141
PMLE_NODE_COMMAND_WINDOW|through_tic=1700|tics=100|wall_ms=9.781|tps=10224.405|iwadBytes=28795076|frameBytes=64000|thinkers=239|mobjs=229|killMonsters=29|livingMonsters=19|awakeMonsters=17|movingMonsters=0|vertexes=1196|segs=2057|sectors=182|subsectors=682|nodes=681|lines=1175|sides=1829|blockmapInts=3764|blocklinks=864|rejectBytes=4141
PMLE_NODE_COMMAND_WINDOW|through_tic=1800|tics=100|wall_ms=6.926|tps=14438.736|iwadBytes=28795076|frameBytes=64000|thinkers=242|mobjs=232|killMonsters=29|livingMonsters=18|awakeMonsters=16|movingMonsters=1|vertexes=1196|segs=2057|sectors=182|subsectors=682|nodes=681|lines=1175|sides=1829|blockmapInts=3764|blocklinks=864|rejectBytes=4141
PMLE_NODE_COMMAND_WINDOW|through_tic=1900|tics=100|wall_ms=8.159|tps=12256.709|iwadBytes=28795076|frameBytes=64000|thinkers=235|mobjs=226|killMonsters=29|livingMonsters=18|awakeMonsters=16|movingMonsters=1|vertexes=1196|segs=2057|sectors=182|subsectors=682|nodes=681|lines=1175|sides=1829|blockmapInts=3764|blocklinks=864|rejectBytes=4141
PMLE_NODE_COMMAND_WINDOW|through_tic=2000|tics=100|wall_ms=6.805|tps=14695.332|iwadBytes=28795076|frameBytes=64000|thinkers=234|mobjs=225|killMonsters=29|livingMonsters=17|awakeMonsters=15|movingMonsters=0|vertexes=1196|segs=2057|sectors=182|subsectors=682|nodes=681|lines=1175|sides=1829|blockmapInts=3764|blocklinks=864|rejectBytes=4141
PMLE_NODE_COMMAND_WINDOW|through_tic=2100|tics=100|wall_ms=5.330|tps=18760.209|iwadBytes=28795076|frameBytes=64000|thinkers=234|mobjs=225|killMonsters=29|livingMonsters=17|awakeMonsters=15|movingMonsters=0|vertexes=1196|segs=2057|sectors=182|subsectors=682|nodes=681|lines=1175|sides=1829|blockmapInts=3764|blocklinks=864|rejectBytes=4141
PMLE_NODE_COMMAND_WINDOW|through_tic=2200|tics=100|wall_ms=5.738|tps=17427.836|iwadBytes=28795076|frameBytes=64000|thinkers=234|mobjs=225|killMonsters=29|livingMonsters=17|awakeMonsters=15|movingMonsters=0|vertexes=1196|segs=2057|sectors=182|subsectors=682|nodes=681|lines=1175|sides=1829|blockmapInts=3764|blocklinks=864|rejectBytes=4141
PMLE_NODE_COMMAND_WINDOW|through_tic=2300|tics=100|wall_ms=5.391|tps=18550.738|iwadBytes=28795076|frameBytes=64000|thinkers=234|mobjs=225|killMonsters=29|livingMonsters=17|awakeMonsters=15|movingMonsters=0|vertexes=1196|segs=2057|sectors=182|subsectors=682|nodes=681|lines=1175|sides=1829|blockmapInts=3764|blocklinks=864|rejectBytes=4141
PMLE_NODE_COMMAND_WINDOW|through_tic=2400|tics=100|wall_ms=6.455|tps=15492.143|iwadBytes=28795076|frameBytes=64000|thinkers=235|mobjs=225|killMonsters=29|livingMonsters=17|awakeMonsters=15|movingMonsters=0|vertexes=1196|segs=2057|sectors=182|subsectors=682|nodes=681|lines=1175|sides=1829|blockmapInts=3764|blocklinks=864|rejectBytes=4141
PMLE_NODE_COMMAND_WINDOW|through_tic=2500|tics=100|wall_ms=7.074|tps=14137.227|iwadBytes=28795076|frameBytes=64000|thinkers=237|mobjs=227|killMonsters=29|livingMonsters=17|awakeMonsters=15|movingMonsters=0|vertexes=1196|segs=2057|sectors=182|subsectors=682|nodes=681|lines=1175|sides=1829|blockmapInts=3764|blocklinks=864|rejectBytes=4141
PMLE_NODE_COMMAND_WINDOW|through_tic=2600|tics=100|wall_ms=5.799|tps=17245.390|iwadBytes=28795076|frameBytes=64000|thinkers=238|mobjs=228|killMonsters=29|livingMonsters=17|awakeMonsters=15|movingMonsters=0|vertexes=1196|segs=2057|sectors=182|subsectors=682|nodes=681|lines=1175|sides=1829|blockmapInts=3764|blocklinks=864|rejectBytes=4141
PMLE_NODE_COMMAND_WINDOW|through_tic=2700|tics=100|wall_ms=7.555|tps=13235.819|iwadBytes=28795076|frameBytes=64000|thinkers=236|mobjs=227|killMonsters=29|livingMonsters=17|awakeMonsters=15|movingMonsters=0|vertexes=1196|segs=2057|sectors=182|subsectors=682|nodes=681|lines=1175|sides=1829|blockmapInts=3764|blocklinks=864|rejectBytes=4141
PMLE_NODE_COMMAND_WINDOW|through_tic=2800|tics=100|wall_ms=6.528|tps=15319.031|iwadBytes=28795076|frameBytes=64000|thinkers=234|mobjs=225|killMonsters=29|livingMonsters=17|awakeMonsters=15|movingMonsters=0|vertexes=1196|segs=2057|sectors=182|subsectors=682|nodes=681|lines=1175|sides=1829|blockmapInts=3764|blocklinks=864|rejectBytes=4141
PMLE_NODE_COMMAND_WINDOW|through_tic=2900|tics=100|wall_ms=5.622|tps=17787.192|iwadBytes=28795076|frameBytes=64000|thinkers=234|mobjs=225|killMonsters=29|livingMonsters=17|awakeMonsters=15|movingMonsters=0|vertexes=1196|segs=2057|sectors=182|subsectors=682|nodes=681|lines=1175|sides=1829|blockmapInts=3764|blocklinks=864|rejectBytes=4141
PMLE_NODE_COMMAND_WINDOW|through_tic=3000|tics=100|wall_ms=6.120|tps=16340.045|iwadBytes=28795076|frameBytes=64000|thinkers=234|mobjs=225|killMonsters=29|livingMonsters=17|awakeMonsters=15|movingMonsters=0|vertexes=1196|segs=2057|sectors=182|subsectors=682|nodes=681|lines=1175|sides=1829|blockmapInts=3764|blocklinks=864|rejectBytes=4141
PMLE_NODE_COMMAND_WINDOW|through_tic=3100|tics=100|wall_ms=6.088|tps=16424.949|iwadBytes=28795076|frameBytes=64000|thinkers=234|mobjs=225|killMonsters=29|livingMonsters=17|awakeMonsters=15|movingMonsters=0|vertexes=1196|segs=2057|sectors=182|subsectors=682|nodes=681|lines=1175|sides=1829|blockmapInts=3764|blocklinks=864|rejectBytes=4141
PMLE_NODE_COMMAND_WINDOW|through_tic=3200|tics=100|wall_ms=6.313|tps=15841.562|iwadBytes=28795076|frameBytes=64000|thinkers=236|mobjs=226|killMonsters=29|livingMonsters=17|awakeMonsters=15|movingMonsters=0|vertexes=1196|segs=2057|sectors=182|subsectors=682|nodes=681|lines=1175|sides=1829|blockmapInts=3764|blocklinks=864|rejectBytes=4141
PMLE_NODE_COMMAND_WINDOW|through_tic=3300|tics=100|wall_ms=6.721|tps=14878.309|iwadBytes=28795076|frameBytes=64000|thinkers=236|mobjs=226|killMonsters=29|livingMonsters=17|awakeMonsters=15|movingMonsters=0|vertexes=1196|segs=2057|sectors=182|subsectors=682|nodes=681|lines=1175|sides=1829|blockmapInts=3764|blocklinks=864|rejectBytes=4141
PMLE_NODE_COMMAND_WINDOW|through_tic=3400|tics=100|wall_ms=4.441|tps=22519.672|iwadBytes=28795076|frameBytes=64000|thinkers=235|mobjs=225|killMonsters=29|livingMonsters=17|awakeMonsters=15|movingMonsters=0|vertexes=1196|segs=2057|sectors=182|subsectors=682|nodes=681|lines=1175|sides=1829|blockmapInts=3764|blocklinks=864|rejectBytes=4141
PMLE_NODE_COMMAND_WINDOW|through_tic=3500|tics=100|wall_ms=8.287|tps=12067.686|iwadBytes=28795076|frameBytes=64000|thinkers=240|mobjs=231|killMonsters=29|livingMonsters=17|awakeMonsters=15|movingMonsters=0|vertexes=1196|segs=2057|sectors=182|subsectors=682|nodes=681|lines=1175|sides=1829|blockmapInts=3764|blocklinks=864|rejectBytes=4141
PMLE_NODE_COMMAND_WINDOW|through_tic=3600|tics=100|wall_ms=5.722|tps=17475.765|iwadBytes=28795076|frameBytes=64000|thinkers=234|mobjs=225|killMonsters=29|livingMonsters=17|awakeMonsters=15|movingMonsters=0|vertexes=1196|segs=2057|sectors=182|subsectors=682|nodes=681|lines=1175|sides=1829|blockmapInts=3764|blocklinks=864|rejectBytes=4141
PMLE_NODE_COMMAND_WINDOW|through_tic=3700|tics=100|wall_ms=4.690|tps=21323.266|iwadBytes=28795076|frameBytes=64000|thinkers=234|mobjs=225|killMonsters=29|livingMonsters=17|awakeMonsters=15|movingMonsters=0|vertexes=1196|segs=2057|sectors=182|subsectors=682|nodes=681|lines=1175|sides=1829|blockmapInts=3764|blocklinks=864|rejectBytes=4141
PMLE_NODE_COMMAND_WINDOW|through_tic=3800|tics=100|wall_ms=4.727|tps=21155.295|iwadBytes=28795076|frameBytes=64000|thinkers=234|mobjs=225|killMonsters=29|livingMonsters=17|awakeMonsters=15|movingMonsters=0|vertexes=1196|segs=2057|sectors=182|subsectors=682|nodes=681|lines=1175|sides=1829|blockmapInts=3764|blocklinks=864|rejectBytes=4141
PMLE_NODE_COMMAND_WINDOW|through_tic=3900|tics=100|wall_ms=4.680|tps=21368.037|iwadBytes=28795076|frameBytes=64000|thinkers=235|mobjs=226|killMonsters=29|livingMonsters=17|awakeMonsters=15|movingMonsters=0|vertexes=1196|segs=2057|sectors=182|subsectors=682|nodes=681|lines=1175|sides=1829|blockmapInts=3764|blocklinks=864|rejectBytes=4141
PMLE_NODE_COMMAND_WINDOW|through_tic=4000|tics=100|wall_ms=5.609|tps=17827.158|iwadBytes=28795076|frameBytes=64000|thinkers=236|mobjs=227|killMonsters=29|livingMonsters=17|awakeMonsters=15|movingMonsters=0|vertexes=1196|segs=2057|sectors=182|subsectors=682|nodes=681|lines=1175|sides=1829|blockmapInts=3764|blocklinks=864|rejectBytes=4141
PMLE_NODE_COMMAND_WINDOW|through_tic=4100|tics=100|wall_ms=4.891|tps=20444.107|iwadBytes=28795076|frameBytes=64000|thinkers=236|mobjs=227|killMonsters=29|livingMonsters=17|awakeMonsters=15|movingMonsters=0|vertexes=1196|segs=2057|sectors=182|subsectors=682|nodes=681|lines=1175|sides=1829|blockmapInts=3764|blocklinks=864|rejectBytes=4141
PMLE_NODE_COMMAND_WINDOW|through_tic=4200|tics=100|wall_ms=3.178|tps=31462.460|iwadBytes=28795076|frameBytes=64000|thinkers=234|mobjs=225|killMonsters=29|livingMonsters=17|awakeMonsters=15|movingMonsters=0|vertexes=1196|segs=2057|sectors=182|subsectors=682|nodes=681|lines=1175|sides=1829|blockmapInts=3764|blocklinks=864|rejectBytes=4141
PMLE_NODE_COMMAND_WINDOW|through_tic=4300|tics=100|wall_ms=2.543|tps=39325.860|iwadBytes=28795076|frameBytes=64000|thinkers=234|mobjs=225|killMonsters=29|livingMonsters=17|awakeMonsters=15|movingMonsters=0|vertexes=1196|segs=2057|sectors=182|subsectors=682|nodes=681|lines=1175|sides=1829|blockmapInts=3764|blocklinks=864|rejectBytes=4141
PMLE_NODE_COMMAND_WINDOW|through_tic=4400|tics=100|wall_ms=2.603|tps=38424.252|iwadBytes=28795076|frameBytes=64000|thinkers=234|mobjs=225|killMonsters=29|livingMonsters=17|awakeMonsters=15|movingMonsters=0|vertexes=1196|segs=2057|sectors=182|subsectors=682|nodes=681|lines=1175|sides=1829|blockmapInts=3764|blocklinks=864|rejectBytes=4141
PMLE_NODE_COMMAND_WINDOW|through_tic=4500|tics=100|wall_ms=2.433|tps=41093.160|iwadBytes=28795076|frameBytes=64000|thinkers=234|mobjs=225|killMonsters=29|livingMonsters=17|awakeMonsters=15|movingMonsters=0|vertexes=1196|segs=2057|sectors=182|subsectors=682|nodes=681|lines=1175|sides=1829|blockmapInts=3764|blocklinks=864|rejectBytes=4141
PMLE_NODE_COMMAND_WINDOW|through_tic=4600|tics=100|wall_ms=2.431|tps=41135.065|iwadBytes=28795076|frameBytes=64000|thinkers=234|mobjs=225|killMonsters=29|livingMonsters=17|awakeMonsters=15|movingMonsters=0|vertexes=1196|segs=2057|sectors=182|subsectors=682|nodes=681|lines=1175|sides=1829|blockmapInts=3764|blocklinks=864|rejectBytes=4141
PMLE_NODE_COMMAND_WINDOW|through_tic=4700|tics=100|wall_ms=2.512|tps=39811.104|iwadBytes=28795076|frameBytes=64000|thinkers=234|mobjs=225|killMonsters=29|livingMonsters=17|awakeMonsters=15|movingMonsters=0|vertexes=1196|segs=2057|sectors=182|subsectors=682|nodes=681|lines=1175|sides=1829|blockmapInts=3764|blocklinks=864|rejectBytes=4141
PMLE_NODE_COMMAND_WINDOW|through_tic=4800|tics=100|wall_ms=2.389|tps=41859.780|iwadBytes=28795076|frameBytes=64000|thinkers=234|mobjs=225|killMonsters=29|livingMonsters=17|awakeMonsters=15|movingMonsters=0|vertexes=1196|segs=2057|sectors=182|subsectors=682|nodes=681|lines=1175|sides=1829|blockmapInts=3764|blocklinks=864|rejectBytes=4141
PMLE_NODE_COMMAND_WINDOW|through_tic=4900|tics=100|wall_ms=2.441|tps=40969.351|iwadBytes=28795076|frameBytes=64000|thinkers=234|mobjs=225|killMonsters=29|livingMonsters=17|awakeMonsters=15|movingMonsters=0|vertexes=1196|segs=2057|sectors=182|subsectors=682|nodes=681|lines=1175|sides=1829|blockmapInts=3764|blocklinks=864|rejectBytes=4141
PMLE_NODE_COMMAND_WINDOW|through_tic=5000|tics=100|wall_ms=2.427|tps=41198.022|iwadBytes=28795076|frameBytes=64000|thinkers=234|mobjs=225|killMonsters=29|livingMonsters=17|awakeMonsters=15|movingMonsters=0|vertexes=1196|segs=2057|sectors=182|subsectors=682|nodes=681|lines=1175|sides=1829|blockmapInts=3764|blocklinks=864|rejectBytes=4141
PMLE_NODE_COMMAND_WINDOW|through_tic=5100|tics=100|wall_ms=2.671|tps=37435.293|iwadBytes=28795076|frameBytes=64000|thinkers=234|mobjs=225|killMonsters=29|livingMonsters=17|awakeMonsters=15|movingMonsters=0|vertexes=1196|segs=2057|sectors=182|subsectors=682|nodes=681|lines=1175|sides=1829|blockmapInts=3764|blocklinks=864|rejectBytes=4141
PMLE_NODE_COMMAND_WINDOW|through_tic=5200|tics=100|wall_ms=2.448|tps=40848.789|iwadBytes=28795076|frameBytes=64000|thinkers=234|mobjs=225|killMonsters=29|livingMonsters=17|awakeMonsters=15|movingMonsters=0|vertexes=1196|segs=2057|sectors=182|subsectors=682|nodes=681|lines=1175|sides=1829|blockmapInts=3764|blocklinks=864|rejectBytes=4141
PMLE_NODE_COMMAND_WINDOW|through_tic=5250|tics=50|wall_ms=1.232|tps=40587.512|iwadBytes=28795076|frameBytes=64000|thinkers=234|mobjs=225|killMonsters=29|livingMonsters=17|awakeMonsters=15|movingMonsters=0|vertexes=1196|segs=2057|sectors=182|subsectors=682|nodes=681|lines=1175|sides=1829|blockmapInts=3764|blocklinks=864|rejectBytes=4141
PMLE_NODE_COMMAND_MEMORY|iwadBytes=28795076|frameBytes=64000|thinkers=234|mobjs=225|killMonsters=29|livingMonsters=17|awakeMonsters=15|movingMonsters=0|vertexes=1196|segs=2057|sectors=182|subsectors=682|nodes=681|lines=1175|sides=1829|blockmapInts=3764|blocklinks=864|rejectBytes=4141
